<?xml version="1.0" encoding="UTF-8"?>
<testsuite xmlns:xsi="http://www.w3.org/2001/XMLSchema-instance" xsi:noNamespaceSchemaLocation="https://maven.apache.org/surefire/maven-surefire-plugin/xsd/surefire-test-report.xsd" name="org.owasp.webwolf.mailbox.MailboxControllerTest" time="4.744" tests="3" errors="0" skipped="0" failures="0">
  <properties/>
  <testcase name="sendingMailShouldStoreIt" classname="org.owasp.webwolf.mailbox.MailboxControllerTest" time="0.217"/>
  <testcase name="userShouldBeAbleToReadOwnEmail" classname="org.owasp.webwolf.mailbox.MailboxControllerTest" time="0.617"/>
  <testcase name="differentUserShouldNotBeAbleToReadOwnEmail" classname="org.owasp.webwolf.mailbox.MailboxControllerTest" time="0.031"/>
</testsuite>