<?xml version="1.0" encoding="UTF-8"?>
<testsuite xmlns:xsi="http://www.w3.org/2001/XMLSchema-instance" xsi:noNamespaceSchemaLocation="https://maven.apache.org/surefire/maven-surefire-plugin/xsd/surefire-test-report.xsd" name="org.owasp.webwolf.user.UserServiceTest" time="0.176" tests="3" errors="0" skipped="0" failures="0">
  <properties/>
  <testcase name="testLoadUserByUsername" classname="org.owasp.webwolf.user.UserServiceTest" time="0.157"/>
  <testcase name="testAddUser" classname="org.owasp.webwolf.user.UserServiceTest" time="0.01"/>
  <testcase name="testLoadUserByUsername_NULL" classname="org.owasp.webwolf.user.UserServiceTest" time="0.001"/>
</testsuite>