<?xml version="1.0" encoding="UTF-8"?>
<testsuite xmlns:xsi="http://www.w3.org/2001/XMLSchema-instance" xsi:noNamespaceSchemaLocation="https://maven.apache.org/surefire/maven-surefire-plugin/xsd/surefire-test-report.xsd" name="org.owasp.webwolf.user.UserValidatorTest" time="0.007" tests="5" errors="0" skipped="0" failures="0">
  <properties/>
  <testcase name="testSupports" classname="org.owasp.webwolf.user.UserValidatorTest" time="0.002"/>
  <testcase name="testSupports_false" classname="org.owasp.webwolf.user.UserValidatorTest" time="0"/>
  <testcase name="registerExistingUserAgainShouldFail" classname="org.owasp.webwolf.user.UserValidatorTest" time="0.003"/>
  <testcase name="validUserFormShouldNotHaveErrors" classname="org.owasp.webwolf.user.UserValidatorTest" time="0.001"/>
  <testcase name="whenPasswordDoNotMatchShouldFail" classname="org.owasp.webwolf.user.UserValidatorTest" time="0"/>
</testsuite>