<?xml version="1.0" encoding="UTF-8"?>
<testsuite xmlns:xsi="http://www.w3.org/2001/XMLSchema-instance" xsi:noNamespaceSchemaLocation="https://maven.apache.org/surefire/maven-surefire-plugin/xsd/surefire-test-report.xsd" name="org.owasp.webwolf.mailbox.MailboxRepositoryTest" time="3.124" tests="2" errors="0" skipped="0" failures="0">
  <properties/>
  <testcase name="emailShouldBeSaved" classname="org.owasp.webwolf.mailbox.MailboxRepositoryTest" time="0.112"/>
  <testcase name="savedEmailShouldBeFoundByReceipient" classname="org.owasp.webwolf.mailbox.MailboxRepositoryTest" time="0.208"/>
</testsuite>