<?xml version="1.0" encoding="UTF-8"?>
<testsuite xmlns:xsi="http://www.w3.org/2001/XMLSchema-instance" xsi:noNamespaceSchemaLocation="https://maven.apache.org/surefire/maven-surefire-plugin/xsd/surefire-test-report.xsd" name="org.owasp.webgoat.csrf.CSRFFeedbackTest" time="13.584" tests="2" errors="0" skipped="0" failures="0">
  <properties/>
  <testcase name="csrfAttack" classname="org.owasp.webgoat.csrf.CSRFFeedbackTest" time="0.564"/>
  <testcase name="postingJsonMessageThroughWebGoatShouldWork" classname="org.owasp.webgoat.csrf.CSRFFeedbackTest" time="0.058"/>
</testsuite>