<?xml version="1.0" encoding="UTF-8"?>
<testsuite xmlns:xsi="http://www.w3.org/2001/XMLSchema-instance" xsi:noNamespaceSchemaLocation="https://maven.apache.org/surefire/maven-surefire-plugin/xsd/surefire-test-report.xsd" name="org.owasp.webgoat.sql_injection.introduction.SqlInjectionLesson2Test" time="0.036" tests="1" errors="0" skipped="0" failures="0">
  <properties/>
  <testcase name="solution" classname="org.owasp.webgoat.sql_injection.introduction.SqlInjectionLesson2Test" time="0.032"/>
</testsuite>