<?xml version="1.0" encoding="UTF-8"?>
<testsuite xmlns:xsi="http://www.w3.org/2001/XMLSchema-instance" xsi:noNamespaceSchemaLocation="https://maven.apache.org/surefire/maven-surefire-plugin/xsd/surefire-test-report.xsd" name="org.owasp.webgoat.sql_injection.introduction.SqlInjectionLesson5Test" time="0.089" tests="3" errors="0" skipped="0" failures="0">
  <properties/>
  <testcase name="grantSolutionWrong" classname="org.owasp.webgoat.sql_injection.introduction.SqlInjectionLesson5Test" time="0.031"/>
  <testcase name="grantSolutionWithSingleQuotes" classname="org.owasp.webgoat.sql_injection.introduction.SqlInjectionLesson5Test" time="0.029"/>
  <testcase name="grantSolution" classname="org.owasp.webgoat.sql_injection.introduction.SqlInjectionLesson5Test" time="0.021"/>
</testsuite>