<?xml version="1.0" encoding="UTF-8"?>
<testsuite xmlns:xsi="http://www.w3.org/2001/XMLSchema-instance" xsi:noNamespaceSchemaLocation="https://maven.apache.org/surefire/maven-surefire-plugin/xsd/surefire-test-report.xsd" name="org.owasp.webgoat.sql_injection.introduction.SqlInjectionLesson6bTest" time="0.081" tests="2" errors="0" skipped="0" failures="0">
  <properties/>
  <testcase name="submitCorrectPassword" classname="org.owasp.webgoat.sql_injection.introduction.SqlInjectionLesson6bTest" time="0.038"/>
  <testcase name="submitWrongPassword" classname="org.owasp.webgoat.sql_injection.introduction.SqlInjectionLesson6bTest" time="0.033"/>
</testsuite>