<?xml version="1.0" encoding="UTF-8"?>
<testsuite xmlns:xsi="http://www.w3.org/2001/XMLSchema-instance" xsi:noNamespaceSchemaLocation="https://maven.apache.org/surefire/maven-surefire-plugin/xsd/surefire-test-report.xsd" name="org.owasp.webgoat.sql_injection.introduction.SqlInjectionLesson5aTest" time="0.137" tests="4" errors="0" skipped="1" failures="0">
  <properties/>
  <testcase name="sqlInjection" classname="org.owasp.webgoat.sql_injection.introduction.SqlInjectionLesson5aTest" time="0.063"/>
  <testcase name="knownAccountShouldDisplayData" classname="org.owasp.webgoat.sql_injection.introduction.SqlInjectionLesson5aTest" time="0.036"/>
  <testcase name="sqlInjectionWrongShouldDisplayError" classname="org.owasp.webgoat.sql_injection.introduction.SqlInjectionLesson5aTest" time="0.026"/>
  <testcase name="unknownAccount" classname="org.owasp.webgoat.sql_injection.introduction.SqlInjectionLesson5aTest" time="0">
    <skipped/>
  </testcase>
</testsuite>