<?xml version="1.0" encoding="UTF-8"?>
<testsuite xmlns:xsi="http://www.w3.org/2001/XMLSchema-instance" xsi:noNamespaceSchemaLocation="https://maven.apache.org/surefire/maven-surefire-plugin/xsd/surefire-test-report.xsd" name="org.owasp.webgoat.deserialization.DeserializeTest" time="6.947" tests="5" errors="0" skipped="0" failures="0">
  <properties/>
  <testcase name="success" classname="org.owasp.webgoat.deserialization.DeserializeTest" time="6.727"/>
  <testcase name="wrongVersion" classname="org.owasp.webgoat.deserialization.DeserializeTest" time="0.019"/>
  <testcase name="expiredTask" classname="org.owasp.webgoat.deserialization.DeserializeTest" time="0.036"/>
  <testcase name="fail" classname="org.owasp.webgoat.deserialization.DeserializeTest" time="0.02"/>
  <testcase name="checkOtherObject" classname="org.owasp.webgoat.deserialization.DeserializeTest" time="0.02"/>
</testsuite>