<?xml version="1.0" encoding="UTF-8"?>
<testsuite xmlns:xsi="http://www.w3.org/2001/XMLSchema-instance" xsi:noNamespaceSchemaLocation="https://maven.apache.org/surefire/maven-surefire-plugin/xsd/surefire-test-report.xsd" name="org.owasp.webgoat.jwt.JWTSecretKeyEndpointTest" time="12.722" tests="5" errors="0" skipped="0" failures="0">
  <properties/>
  <testcase name="oneOfClaimIsMissingShouldNotSolveAssignment" classname="org.owasp.webgoat.jwt.JWTSecretKeyEndpointTest" time="0.722"/>
  <testcase name="incorrectToken" classname="org.owasp.webgoat.jwt.JWTSecretKeyEndpointTest" time="0.058"/>
  <testcase name="solveAssignmentWithLowercase" classname="org.owasp.webgoat.jwt.JWTSecretKeyEndpointTest" time="0.046"/>
  <testcase name="solveAssignment" classname="org.owasp.webgoat.jwt.JWTSecretKeyEndpointTest" time="0.034"/>
  <testcase name="incorrectUser" classname="org.owasp.webgoat.jwt.JWTSecretKeyEndpointTest" time="0.029"/>
</testsuite>