<?xml version="1.0" encoding="UTF-8"?>
<testsuite xmlns:xsi="http://www.w3.org/2001/XMLSchema-instance" xsi:noNamespaceSchemaLocation="https://maven.apache.org/surefire/maven-surefire-plugin/xsd/surefire-test-report.xsd" name="org.owasp.webgoat.missing_ac.MissingFunctionYourHashTest" time="1.795" tests="2" errors="0" skipped="0" failures="0">
  <properties/>
  <testcase name="HashDoesNotMatch" classname="org.owasp.webgoat.missing_ac.MissingFunctionYourHashTest" time="1.666"/>
  <testcase name="hashMatches" classname="org.owasp.webgoat.missing_ac.MissingFunctionYourHashTest" time="0.024"/>
</testsuite>