<?xml version="1.0" encoding="UTF-8"?>
<testsuite xmlns:xsi="http://www.w3.org/2001/XMLSchema-instance" xsi:noNamespaceSchemaLocation="https://maven.apache.org/surefire/maven-surefire-plugin/xsd/surefire-test-report.xsd" name="org.owasp.webgoat.path_traversal.ProfileUploadRemoveUserInputTest" time="0.075" tests="2" errors="0" skipped="0" failures="0">
  <properties/>
  <testcase name="solve" classname="org.owasp.webgoat.path_traversal.ProfileUploadRemoveUserInputTest" time="0.036"/>
  <testcase name="normalUpdate" classname="org.owasp.webgoat.path_traversal.ProfileUploadRemoveUserInputTest" time="0.031"/>
</testsuite>