<?xml version="1.0" encoding="UTF-8"?>
<testsuite xmlns:xsi="http://www.w3.org/2001/XMLSchema-instance" xsi:noNamespaceSchemaLocation="https://maven.apache.org/surefire/maven-surefire-plugin/xsd/surefire-test-report.xsd" name="org.owasp.webgoat.path_traversal.ProfileUploadTest" time="14.004" tests="4" errors="0" skipped="0" failures="0">
  <properties/>
  <testcase name="shouldNotOverrideExistingFile" classname="org.owasp.webgoat.path_traversal.ProfileUploadTest" time="0.696"/>
  <testcase name="solve" classname="org.owasp.webgoat.path_traversal.ProfileUploadTest" time="0.082"/>
  <testcase name="normalUpdate" classname="org.owasp.webgoat.path_traversal.ProfileUploadTest" time="0.031"/>
  <testcase name="attemptWithWrongDirectory" classname="org.owasp.webgoat.path_traversal.ProfileUploadTest" time="0.029"/>
</testsuite>