<?xml version="1.0" encoding="UTF-8"?>
<testsuite xmlns:xsi="http://www.w3.org/2001/XMLSchema-instance" xsi:noNamespaceSchemaLocation="https://maven.apache.org/surefire/maven-surefire-plugin/xsd/surefire-test-report.xsd" name="org.owasp.webgoat.WebDriverJUnit1Test" time="335.755" tests="1" errors="0" skipped="0" failures="1">
  <properties/>
  <testcase name="test" classname="org.owasp.webgoat.WebDriverJUnit1Test" time="335.745">
    <failure message="Multiple Failures (2 failures)&#10;	org.openqa.selenium.NoSuchSessionException: Tried to run command without establishing a connection&#10;Build info: version: &apos;3.14.0&apos;, revision: &apos;aacccce0&apos;, time: &apos;2018-08-02T20:19:58.91Z&apos;&#10;System info: host: &apos;kali&apos;, ip: &apos;127.0.1.1&apos;, os.name: &apos;Linux&apos;, os.arch: &apos;amd64&apos;, os.version: &apos;5.4.0-kali4-amd64&apos;, java.version: &apos;11.0.7-ea&apos;&#10;Driver info: org.openqa.selenium.firefox.FirefoxDriver&#10;Capabilities {acceptInsecureCerts: true, browserName: firefox, browserVersion: 68.7.0, javascriptEnabled: true, moz:accessibilityChecks: false, moz:buildID: 20200403171148, moz:geckodriverVersion: 0.26.0, moz:headless: false, moz:processID: 146710, moz:profile: /tmp/rust_mozprofilelDz8mv, moz:shutdownTimeout: 60000, moz:useNonSpecCompliantPointerOrigin: false, moz:webdriverClick: true, pageLoadStrategy: normal, platform: LINUX, platformName: LINUX, platformVersion: 5.4.0-kali4-amd64, rotatable: false, setWindowRect: true, strictFileInteractability: false, timeouts: {implicit: 0, pageLoad: 300000, script: 30000}, unhandledPromptBehavior: dismiss and notify}&#10;Session ID: bd93d6b1-e9c1-4012-a365-f8f5334e7ee5&#10;	org.openqa.selenium.NoSuchSessionException: Tried to run command without establishing a connection&#10;Build info: version: &apos;3.14.0&apos;, revision: &apos;aacccce0&apos;, time: &apos;2018-08-02T20:19:58.91Z&apos;&#10;System info: host: &apos;kali&apos;, ip: &apos;127.0.1.1&apos;, os.name: &apos;Linux&apos;, os.arch: &apos;amd64&apos;, os.version: &apos;5.4.0-kali4-amd64&apos;, java.version: &apos;11.0.7-ea&apos;&#10;Driver info: org.openqa.selenium.firefox.FirefoxDriver&#10;Capabilities {acceptInsecureCerts: true, browserName: firefox, browserVersion: 68.7.0, javascriptEnabled: true, moz:accessibilityChecks: false, moz:buildID: 20200403171148, moz:geckodriverVersion: 0.26.0, moz:headless: false, moz:processID: 146710, moz:profile: /tmp/rust_mozprofilelDz8mv, moz:shutdownTimeout: 60000, moz:useNonSpecCompliantPointerOrigin: false, moz:webdriverClick: true, pageLoadStrategy: normal, platform: LINUX, platformName: LINUX, platformVersion: 5.4.0-kali4-amd64, rotatable: false, setWindowRect: true, strictFileInteractability: false, timeouts: {implicit: 0, pageLoad: 300000, script: 30000}, unhandledPromptBehavior: dismiss and notify}&#10;Session ID: bd93d6b1-e9c1-4012-a365-f8f5334e7ee5" type="org.opentest4j.MultipleFailuresError">org.opentest4j.MultipleFailuresError: 
Multiple Failures (2 failures)
	org.openqa.selenium.NoSuchSessionException: Tried to run command without establishing a connection
Build info: version: '3.14.0', revision: 'aacccce0', time: '2018-08-02T20:19:58.91Z'
System info: host: 'kali', ip: '127.0.1.1', os.name: 'Linux', os.arch: 'amd64', os.version: '5.4.0-kali4-amd64', java.version: '11.0.7-ea'
Driver info: org.openqa.selenium.firefox.FirefoxDriver
Capabilities {acceptInsecureCerts: true, browserName: firefox, browserVersion: 68.7.0, javascriptEnabled: true, moz:accessibilityChecks: false, moz:buildID: 20200403171148, moz:geckodriverVersion: 0.26.0, moz:headless: false, moz:processID: 146710, moz:profile: /tmp/rust_mozprofilelDz8mv, moz:shutdownTimeout: 60000, moz:useNonSpecCompliantPointerOrigin: false, moz:webdriverClick: true, pageLoadStrategy: normal, platform: LINUX, platformName: LINUX, platformVersion: 5.4.0-kali4-amd64, rotatable: false, setWindowRect: true, strictFileInteractability: false, timeouts: {implicit: 0, pageLoad: 300000, script: 30000}, unhandledPromptBehavior: dismiss and notify}
Session ID: bd93d6b1-e9c1-4012-a365-f8f5334e7ee5
	org.openqa.selenium.NoSuchSessionException: Tried to run command without establishing a connection
Build info: version: '3.14.0', revision: 'aacccce0', time: '2018-08-02T20:19:58.91Z'
System info: host: 'kali', ip: '127.0.1.1', os.name: 'Linux', os.arch: 'amd64', os.version: '5.4.0-kali4-amd64', java.version: '11.0.7-ea'
Driver info: org.openqa.selenium.firefox.FirefoxDriver
Capabilities {acceptInsecureCerts: true, browserName: firefox, browserVersion: 68.7.0, javascriptEnabled: true, moz:accessibilityChecks: false, moz:buildID: 20200403171148, moz:geckodriverVersion: 0.26.0, moz:headless: false, moz:processID: 146710, moz:profile: /tmp/rust_mozprofilelDz8mv, moz:shutdownTimeout: 60000, moz:useNonSpecCompliantPointerOrigin: false, moz:webdriverClick: true, pageLoadStrategy: normal, platform: LINUX, platformName: LINUX, platformVersion: 5.4.0-kali4-amd64, rotatable: false, setWindowRect: true, strictFileInteractability: false, timeouts: {implicit: 0, pageLoad: 300000, script: 30000}, unhandledPromptBehavior: dismiss and notify}
Session ID: bd93d6b1-e9c1-4012-a365-f8f5334e7ee5
</failure>
    <system-out><![CDATA[[[FirefoxDriver: firefox on LINUX (bd93d6b1-e9c1-4012-a365-f8f5334e7ee5)] -> xpath: //input[@type='SUBMIT']] Not interactable
[[FirefoxDriver: firefox on LINUX (bd93d6b1-e9c1-4012-a365-f8f5334e7ee5)] -> xpath: //input[@type='SUBMIT']] Not interactable
[[FirefoxDriver: firefox on LINUX (bd93d6b1-e9c1-4012-a365-f8f5334e7ee5)] -> xpath: //input[@type='SUBMIT']] Not interactable
[[FirefoxDriver: firefox on LINUX (bd93d6b1-e9c1-4012-a365-f8f5334e7ee5)] -> xpath: //input[@type='SUBMIT']] Not interactable
[[FirefoxDriver: firefox on LINUX (bd93d6b1-e9c1-4012-a365-f8f5334e7ee5)] -> xpath: //input[@type='SUBMIT']] Not interactable
[[FirefoxDriver: firefox on LINUX (bd93d6b1-e9c1-4012-a365-f8f5334e7ee5)] -> xpath: //input[@type='SUBMIT']] Not interactable
[[FirefoxDriver: firefox on LINUX (bd93d6b1-e9c1-4012-a365-f8f5334e7ee5)] -> xpath: //input[@type='SUBMIT']] Not interactable
[[FirefoxDriver: firefox on LINUX (bd93d6b1-e9c1-4012-a365-f8f5334e7ee5)] -> xpath: //input[@type='SUBMIT']] Not interactable
[[FirefoxDriver: firefox on LINUX (bd93d6b1-e9c1-4012-a365-f8f5334e7ee5)] -> xpath: //input[@type='SUBMIT']] Not interactable
[[FirefoxDriver: firefox on LINUX (bd93d6b1-e9c1-4012-a365-f8f5334e7ee5)] -> xpath: //input[@type='SUBMIT']] Not interactable
[[FirefoxDriver: firefox on LINUX (bd93d6b1-e9c1-4012-a365-f8f5334e7ee5)] -> xpath: //input[@type='SUBMIT']] Not interactable
[[FirefoxDriver: firefox on LINUX (bd93d6b1-e9c1-4012-a365-f8f5334e7ee5)] -> xpath: //input[@type='SUBMIT']] Not interactable
[[FirefoxDriver: firefox on LINUX (bd93d6b1-e9c1-4012-a365-f8f5334e7ee5)] -> xpath: //*/input[@type='TEXT']] Not interactable
[[FirefoxDriver: firefox on LINUX (bd93d6b1-e9c1-4012-a365-f8f5334e7ee5)] -> xpath: //*/input[@type='TEXT']] Not interactable
[[FirefoxDriver: firefox on LINUX (bd93d6b1-e9c1-4012-a365-f8f5334e7ee5)] -> xpath: //*/input[@type='TEXT']] Not interactable
[[FirefoxDriver: firefox on LINUX (bd93d6b1-e9c1-4012-a365-f8f5334e7ee5)] -> xpath: //input[@type='SUBMIT']] Not interactable
[[FirefoxDriver: firefox on LINUX (bd93d6b1-e9c1-4012-a365-f8f5334e7ee5)] -> xpath: //input[@type='SUBMIT']] Not interactable
[[FirefoxDriver: firefox on LINUX (bd93d6b1-e9c1-4012-a365-f8f5334e7ee5)] -> xpath: //input[@type='SUBMIT']] Not interactable
[[FirefoxDriver: firefox on LINUX (bd93d6b1-e9c1-4012-a365-f8f5334e7ee5)] -> xpath: //input[@type='SUBMIT']] Not interactable
[[FirefoxDriver: firefox on LINUX (bd93d6b1-e9c1-4012-a365-f8f5334e7ee5)] -> xpath: //input[@type='SUBMIT']] Not interactable
[[FirefoxDriver: firefox on LINUX (bd93d6b1-e9c1-4012-a365-f8f5334e7ee5)] -> xpath: //input[@type='SUBMIT']] Not interactable
[[FirefoxDriver: firefox on LINUX (bd93d6b1-e9c1-4012-a365-f8f5334e7ee5)] -> xpath: //input[@type='SUBMIT']] Not interactable
[[FirefoxDriver: firefox on LINUX (bd93d6b1-e9c1-4012-a365-f8f5334e7ee5)] -> xpath: //input[@type='SUBMIT']] Not interactable
[[FirefoxDriver: firefox on LINUX (bd93d6b1-e9c1-4012-a365-f8f5334e7ee5)] -> xpath: //*/input[@type='TEXT']] Not interactable
[[FirefoxDriver: firefox on LINUX (bd93d6b1-e9c1-4012-a365-f8f5334e7ee5)] -> xpath: //*/input[@type='TEXT']] Not interactable
[[FirefoxDriver: firefox on LINUX (bd93d6b1-e9c1-4012-a365-f8f5334e7ee5)] -> xpath: //*/input[@type='TEXT']] Not interactable
[[FirefoxDriver: firefox on LINUX (bd93d6b1-e9c1-4012-a365-f8f5334e7ee5)] -> xpath: //input[@type='SUBMIT']] Not interactable
[[FirefoxDriver: firefox on LINUX (bd93d6b1-e9c1-4012-a365-f8f5334e7ee5)] -> xpath: //input[@type='SUBMIT']] Not interactable
[[FirefoxDriver: firefox on LINUX (bd93d6b1-e9c1-4012-a365-f8f5334e7ee5)] -> xpath: //input[@type='SUBMIT']] Not interactable
[[FirefoxDriver: firefox on LINUX (bd93d6b1-e9c1-4012-a365-f8f5334e7ee5)] -> xpath: //input[@type='SUBMIT']] Not interactable
[[FirefoxDriver: firefox on LINUX (bd93d6b1-e9c1-4012-a365-f8f5334e7ee5)] -> xpath: //input[@type='SUBMIT']] Not interactable
[[FirefoxDriver: firefox on LINUX (bd93d6b1-e9c1-4012-a365-f8f5334e7ee5)] -> xpath: //input[@type='SUBMIT']] Not interactable
[[FirefoxDriver: firefox on LINUX (bd93d6b1-e9c1-4012-a365-f8f5334e7ee5)] -> xpath: //input[@type='SUBMIT']] Not interactable
[[FirefoxDriver: firefox on LINUX (bd93d6b1-e9c1-4012-a365-f8f5334e7ee5)] -> xpath: //input[@type='SUBMIT']] Not interactable
[[FirefoxDriver: firefox on LINUX (bd93d6b1-e9c1-4012-a365-f8f5334e7ee5)] -> xpath: //*/input[@type='TEXT']] Not interactable
[[FirefoxDriver: firefox on LINUX (bd93d6b1-e9c1-4012-a365-f8f5334e7ee5)] -> xpath: //*/input[@type='TEXT']] Not interactable
[[FirefoxDriver: firefox on LINUX (bd93d6b1-e9c1-4012-a365-f8f5334e7ee5)] -> xpath: //*/input[@type='TEXT']] Not interactable
[[FirefoxDriver: firefox on LINUX (bd93d6b1-e9c1-4012-a365-f8f5334e7ee5)] -> xpath: //input[@type='SUBMIT']] Not interactable
[[FirefoxDriver: firefox on LINUX (bd93d6b1-e9c1-4012-a365-f8f5334e7ee5)] -> xpath: //input[@type='SUBMIT']] Not interactable
[[FirefoxDriver: firefox on LINUX (bd93d6b1-e9c1-4012-a365-f8f5334e7ee5)] -> xpath: //input[@type='SUBMIT']] Not interactable
[[FirefoxDriver: firefox on LINUX (bd93d6b1-e9c1-4012-a365-f8f5334e7ee5)] -> xpath: //input[@type='SUBMIT']] Not interactable
[[FirefoxDriver: firefox on LINUX (bd93d6b1-e9c1-4012-a365-f8f5334e7ee5)] -> xpath: //input[@type='SUBMIT']] Not interactable
[[FirefoxDriver: firefox on LINUX (bd93d6b1-e9c1-4012-a365-f8f5334e7ee5)] -> xpath: //input[@type='SUBMIT']] Not interactable
[[FirefoxDriver: firefox on LINUX (bd93d6b1-e9c1-4012-a365-f8f5334e7ee5)] -> xpath: //input[@type='SUBMIT']] Not interactable
[[FirefoxDriver: firefox on LINUX (bd93d6b1-e9c1-4012-a365-f8f5334e7ee5)] -> xpath: //input[@type='SUBMIT']] Not interactable
[[FirefoxDriver: firefox on LINUX (bd93d6b1-e9c1-4012-a365-f8f5334e7ee5)] -> xpath: //*/input[@type='TEXT']] Not interactable
[[FirefoxDriver: firefox on LINUX (bd93d6b1-e9c1-4012-a365-f8f5334e7ee5)] -> xpath: //*/input[@type='TEXT']] Not interactable
[[FirefoxDriver: firefox on LINUX (bd93d6b1-e9c1-4012-a365-f8f5334e7ee5)] -> xpath: //*/input[@type='TEXT']] Not interactable
[[FirefoxDriver: firefox on LINUX (bd93d6b1-e9c1-4012-a365-f8f5334e7ee5)] -> xpath: //input[@type='SUBMIT']] Not interactable
[[FirefoxDriver: firefox on LINUX (bd93d6b1-e9c1-4012-a365-f8f5334e7ee5)] -> xpath: //input[@type='SUBMIT']] Not interactable
[[FirefoxDriver: firefox on LINUX (bd93d6b1-e9c1-4012-a365-f8f5334e7ee5)] -> xpath: //input[@type='SUBMIT']] Not interactable
[[FirefoxDriver: firefox on LINUX (bd93d6b1-e9c1-4012-a365-f8f5334e7ee5)] -> xpath: //input[@type='SUBMIT']] Not interactable
[[FirefoxDriver: firefox on LINUX (bd93d6b1-e9c1-4012-a365-f8f5334e7ee5)] -> xpath: //input[@type='SUBMIT']] Not interactable
[[FirefoxDriver: firefox on LINUX (bd93d6b1-e9c1-4012-a365-f8f5334e7ee5)] -> xpath: //input[@type='SUBMIT']] Not interactable
[[FirefoxDriver: firefox on LINUX (bd93d6b1-e9c1-4012-a365-f8f5334e7ee5)] -> xpath: //input[@type='SUBMIT']] Not interactable
[[FirefoxDriver: firefox on LINUX (bd93d6b1-e9c1-4012-a365-f8f5334e7ee5)] -> xpath: //input[@type='SUBMIT']] Not interactable
[[FirefoxDriver: firefox on LINUX (bd93d6b1-e9c1-4012-a365-f8f5334e7ee5)] -> xpath: //*/input[@type='TEXT']] Not interactable
[[FirefoxDriver: firefox on LINUX (bd93d6b1-e9c1-4012-a365-f8f5334e7ee5)] -> xpath: //*/input[@type='TEXT']] Not interactable
[[FirefoxDriver: firefox on LINUX (bd93d6b1-e9c1-4012-a365-f8f5334e7ee5)] -> xpath: //*/input[@type='TEXT']] Not interactable
[[FirefoxDriver: firefox on LINUX (bd93d6b1-e9c1-4012-a365-f8f5334e7ee5)] -> xpath: //input[@type='SUBMIT']] Not interactable
[[FirefoxDriver: firefox on LINUX (bd93d6b1-e9c1-4012-a365-f8f5334e7ee5)] -> xpath: //input[@type='SUBMIT']] Not interactable
[[FirefoxDriver: firefox on LINUX (bd93d6b1-e9c1-4012-a365-f8f5334e7ee5)] -> xpath: //input[@type='SUBMIT']] Not interactable
[[FirefoxDriver: firefox on LINUX (bd93d6b1-e9c1-4012-a365-f8f5334e7ee5)] -> xpath: //input[@type='SUBMIT']] Not interactable
[[FirefoxDriver: firefox on LINUX (bd93d6b1-e9c1-4012-a365-f8f5334e7ee5)] -> xpath: //input[@type='SUBMIT']] Not interactable
[[FirefoxDriver: firefox on LINUX (bd93d6b1-e9c1-4012-a365-f8f5334e7ee5)] -> xpath: //input[@type='SUBMIT']] Not interactable
[[FirefoxDriver: firefox on LINUX (bd93d6b1-e9c1-4012-a365-f8f5334e7ee5)] -> xpath: //input[@type='SUBMIT']] Not interactable
[[FirefoxDriver: firefox on LINUX (bd93d6b1-e9c1-4012-a365-f8f5334e7ee5)] -> xpath: //input[@type='SUBMIT']] Not interactable
[[FirefoxDriver: firefox on LINUX (bd93d6b1-e9c1-4012-a365-f8f5334e7ee5)] -> xpath: //*/input[@type='TEXT']] Not interactable
[[FirefoxDriver: firefox on LINUX (bd93d6b1-e9c1-4012-a365-f8f5334e7ee5)] -> xpath: //*/input[@type='TEXT']] Not interactable
[[FirefoxDriver: firefox on LINUX (bd93d6b1-e9c1-4012-a365-f8f5334e7ee5)] -> xpath: //*/input[@type='TEXT']] Not interactable
[[FirefoxDriver: firefox on LINUX (bd93d6b1-e9c1-4012-a365-f8f5334e7ee5)] -> xpath: //input[@type='SUBMIT']] Not interactable
[[FirefoxDriver: firefox on LINUX (bd93d6b1-e9c1-4012-a365-f8f5334e7ee5)] -> xpath: //input[@type='SUBMIT']] Not interactable
[[FirefoxDriver: firefox on LINUX (bd93d6b1-e9c1-4012-a365-f8f5334e7ee5)] -> xpath: //input[@type='SUBMIT']] Not interactable
[[FirefoxDriver: firefox on LINUX (bd93d6b1-e9c1-4012-a365-f8f5334e7ee5)] -> xpath: //input[@type='SUBMIT']] Not interactable
[[FirefoxDriver: firefox on LINUX (bd93d6b1-e9c1-4012-a365-f8f5334e7ee5)] -> xpath: //input[@type='SUBMIT']] Not interactable
[[FirefoxDriver: firefox on LINUX (bd93d6b1-e9c1-4012-a365-f8f5334e7ee5)] -> xpath: //input[@type='SUBMIT']] Not interactable
[[FirefoxDriver: firefox on LINUX (bd93d6b1-e9c1-4012-a365-f8f5334e7ee5)] -> xpath: //input[@type='SUBMIT']] Not interactable
[[FirefoxDriver: firefox on LINUX (bd93d6b1-e9c1-4012-a365-f8f5334e7ee5)] -> xpath: //input[@type='SUBMIT']] Not interactable
[[FirefoxDriver: firefox on LINUX (bd93d6b1-e9c1-4012-a365-f8f5334e7ee5)] -> xpath: //*/input[@type='TEXT']] Not interactable
[[FirefoxDriver: firefox on LINUX (bd93d6b1-e9c1-4012-a365-f8f5334e7ee5)] -> xpath: //*/input[@type='TEXT']] Not interactable
[[FirefoxDriver: firefox on LINUX (bd93d6b1-e9c1-4012-a365-f8f5334e7ee5)] -> xpath: //*/input[@type='TEXT']] Not interactable
[[FirefoxDriver: firefox on LINUX (bd93d6b1-e9c1-4012-a365-f8f5334e7ee5)] -> xpath: //input[@type='SUBMIT']] Not interactable
[[FirefoxDriver: firefox on LINUX (bd93d6b1-e9c1-4012-a365-f8f5334e7ee5)] -> xpath: //input[@type='SUBMIT']] Not interactable
[[FirefoxDriver: firefox on LINUX (bd93d6b1-e9c1-4012-a365-f8f5334e7ee5)] -> xpath: //input[@type='SUBMIT']] Not interactable
[[FirefoxDriver: firefox on LINUX (bd93d6b1-e9c1-4012-a365-f8f5334e7ee5)] -> xpath: //input[@type='SUBMIT']] Not interactable
[[FirefoxDriver: firefox on LINUX (bd93d6b1-e9c1-4012-a365-f8f5334e7ee5)] -> xpath: //input[@type='SUBMIT']] Not interactable
[[FirefoxDriver: firefox on LINUX (bd93d6b1-e9c1-4012-a365-f8f5334e7ee5)] -> xpath: //input[@type='SUBMIT']] Not interactable
[[FirefoxDriver: firefox on LINUX (bd93d6b1-e9c1-4012-a365-f8f5334e7ee5)] -> xpath: //input[@type='SUBMIT']] Not interactable
[[FirefoxDriver: firefox on LINUX (bd93d6b1-e9c1-4012-a365-f8f5334e7ee5)] -> xpath: //input[@type='SUBMIT']] Not interactable
[[FirefoxDriver: firefox on LINUX (bd93d6b1-e9c1-4012-a365-f8f5334e7ee5)] -> xpath: //*/input[@type='TEXT']] Not interactable
[[FirefoxDriver: firefox on LINUX (bd93d6b1-e9c1-4012-a365-f8f5334e7ee5)] -> xpath: //*/input[@type='TEXT']] Not interactable
[[FirefoxDriver: firefox on LINUX (bd93d6b1-e9c1-4012-a365-f8f5334e7ee5)] -> xpath: //*/input[@type='TEXT']] Not interactable
[[FirefoxDriver: firefox on LINUX (bd93d6b1-e9c1-4012-a365-f8f5334e7ee5)] -> xpath: //input[@type='SUBMIT']] Not interactable
[[FirefoxDriver: firefox on LINUX (bd93d6b1-e9c1-4012-a365-f8f5334e7ee5)] -> xpath: //input[@type='SUBMIT']] Not interactable
[[FirefoxDriver: firefox on LINUX (bd93d6b1-e9c1-4012-a365-f8f5334e7ee5)] -> xpath: //input[@type='SUBMIT']] Not interactable
[[FirefoxDriver: firefox on LINUX (bd93d6b1-e9c1-4012-a365-f8f5334e7ee5)] -> xpath: //input[@type='SUBMIT']] Not interactable
[[FirefoxDriver: firefox on LINUX (bd93d6b1-e9c1-4012-a365-f8f5334e7ee5)] -> xpath: //input[@type='SUBMIT']] Not interactable
[[FirefoxDriver: firefox on LINUX (bd93d6b1-e9c1-4012-a365-f8f5334e7ee5)] -> xpath: //input[@type='SUBMIT']] Not interactable
[[FirefoxDriver: firefox on LINUX (bd93d6b1-e9c1-4012-a365-f8f5334e7ee5)] -> xpath: //input[@type='SUBMIT']] Not interactable
[[FirefoxDriver: firefox on LINUX (bd93d6b1-e9c1-4012-a365-f8f5334e7ee5)] -> xpath: //input[@type='SUBMIT']] Not interactable
[[FirefoxDriver: firefox on LINUX (bd93d6b1-e9c1-4012-a365-f8f5334e7ee5)] -> xpath: //*/input[@type='TEXT']] Not interactable
[[FirefoxDriver: firefox on LINUX (bd93d6b1-e9c1-4012-a365-f8f5334e7ee5)] -> xpath: //*/input[@type='TEXT']] Not interactable
[[FirefoxDriver: firefox on LINUX (bd93d6b1-e9c1-4012-a365-f8f5334e7ee5)] -> xpath: //*/input[@type='TEXT']] Not interactable
[[FirefoxDriver: firefox on LINUX (bd93d6b1-e9c1-4012-a365-f8f5334e7ee5)] -> xpath: //input[@type='SUBMIT']] Not interactable
[[FirefoxDriver: firefox on LINUX (bd93d6b1-e9c1-4012-a365-f8f5334e7ee5)] -> xpath: //input[@type='SUBMIT']] Not interactable
[[FirefoxDriver: firefox on LINUX (bd93d6b1-e9c1-4012-a365-f8f5334e7ee5)] -> xpath: //input[@type='SUBMIT']] Not interactable
[[FirefoxDriver: firefox on LINUX (bd93d6b1-e9c1-4012-a365-f8f5334e7ee5)] -> xpath: //input[@type='SUBMIT']] Not interactable
[[FirefoxDriver: firefox on LINUX (bd93d6b1-e9c1-4012-a365-f8f5334e7ee5)] -> xpath: //input[@type='SUBMIT']] Not interactable
[[FirefoxDriver: firefox on LINUX (bd93d6b1-e9c1-4012-a365-f8f5334e7ee5)] -> xpath: //input[@type='SUBMIT']] Not interactable
[[FirefoxDriver: firefox on LINUX (bd93d6b1-e9c1-4012-a365-f8f5334e7ee5)] -> xpath: //input[@type='SUBMIT']] Not interactable
[[FirefoxDriver: firefox on LINUX (bd93d6b1-e9c1-4012-a365-f8f5334e7ee5)] -> xpath: //input[@type='SUBMIT']] Not interactable
[[FirefoxDriver: firefox on LINUX (bd93d6b1-e9c1-4012-a365-f8f5334e7ee5)] -> xpath: //*/input[@type='TEXT']] Not interactable
[[FirefoxDriver: firefox on LINUX (bd93d6b1-e9c1-4012-a365-f8f5334e7ee5)] -> xpath: //*/input[@type='TEXT']] Not interactable
[[FirefoxDriver: firefox on LINUX (bd93d6b1-e9c1-4012-a365-f8f5334e7ee5)] -> xpath: //*/input[@type='TEXT']] Not interactable
[[FirefoxDriver: firefox on LINUX (bd93d6b1-e9c1-4012-a365-f8f5334e7ee5)] -> xpath: //input[@type='SUBMIT']] Not interactable
[[FirefoxDriver: firefox on LINUX (bd93d6b1-e9c1-4012-a365-f8f5334e7ee5)] -> xpath: //input[@type='SUBMIT']] Not interactable
[[FirefoxDriver: firefox on LINUX (bd93d6b1-e9c1-4012-a365-f8f5334e7ee5)] -> xpath: //input[@type='SUBMIT']] Not interactable
[[FirefoxDriver: firefox on LINUX (bd93d6b1-e9c1-4012-a365-f8f5334e7ee5)] -> xpath: //input[@type='SUBMIT']] Not interactable
[[FirefoxDriver: firefox on LINUX (bd93d6b1-e9c1-4012-a365-f8f5334e7ee5)] -> xpath: //input[@type='SUBMIT']] Not interactable
[[FirefoxDriver: firefox on LINUX (bd93d6b1-e9c1-4012-a365-f8f5334e7ee5)] -> xpath: //input[@type='SUBMIT']] Not interactable
[[FirefoxDriver: firefox on LINUX (bd93d6b1-e9c1-4012-a365-f8f5334e7ee5)] -> xpath: //input[@type='SUBMIT']] Not interactable
[[FirefoxDriver: firefox on LINUX (bd93d6b1-e9c1-4012-a365-f8f5334e7ee5)] -> xpath: //input[@type='SUBMIT']] Not interactable
[[FirefoxDriver: firefox on LINUX (bd93d6b1-e9c1-4012-a365-f8f5334e7ee5)] -> xpath: //*/input[@type='TEXT']] Not interactable
[[FirefoxDriver: firefox on LINUX (bd93d6b1-e9c1-4012-a365-f8f5334e7ee5)] -> xpath: //*/input[@type='TEXT']] Not interactable
[[FirefoxDriver: firefox on LINUX (bd93d6b1-e9c1-4012-a365-f8f5334e7ee5)] -> xpath: //*/input[@type='TEXT']] Not interactable
[[FirefoxDriver: firefox on LINUX (bd93d6b1-e9c1-4012-a365-f8f5334e7ee5)] -> xpath: //input[@type='SUBMIT']] Not interactable
[[FirefoxDriver: firefox on LINUX (bd93d6b1-e9c1-4012-a365-f8f5334e7ee5)] -> xpath: //input[@type='SUBMIT']] Not interactable
[[FirefoxDriver: firefox on LINUX (bd93d6b1-e9c1-4012-a365-f8f5334e7ee5)] -> xpath: //input[@type='SUBMIT']] Not interactable
[[FirefoxDriver: firefox on LINUX (bd93d6b1-e9c1-4012-a365-f8f5334e7ee5)] -> xpath: //input[@type='SUBMIT']] Not interactable
[[FirefoxDriver: firefox on LINUX (bd93d6b1-e9c1-4012-a365-f8f5334e7ee5)] -> xpath: //input[@type='SUBMIT']] Not interactable
[[FirefoxDriver: firefox on LINUX (bd93d6b1-e9c1-4012-a365-f8f5334e7ee5)] -> xpath: //input[@type='SUBMIT']] Not interactable
[[FirefoxDriver: firefox on LINUX (bd93d6b1-e9c1-4012-a365-f8f5334e7ee5)] -> xpath: //input[@type='SUBMIT']] Not interactable
[[FirefoxDriver: firefox on LINUX (bd93d6b1-e9c1-4012-a365-f8f5334e7ee5)] -> xpath: //input[@type='SUBMIT']] Not interactable
[[FirefoxDriver: firefox on LINUX (bd93d6b1-e9c1-4012-a365-f8f5334e7ee5)] -> xpath: //*/input[@type='TEXT']] Not interactable
[[FirefoxDriver: firefox on LINUX (bd93d6b1-e9c1-4012-a365-f8f5334e7ee5)] -> xpath: //*/input[@type='TEXT']] Not interactable
[[FirefoxDriver: firefox on LINUX (bd93d6b1-e9c1-4012-a365-f8f5334e7ee5)] -> xpath: //*/input[@type='TEXT']] Not interactable
[[FirefoxDriver: firefox on LINUX (bd93d6b1-e9c1-4012-a365-f8f5334e7ee5)] -> xpath: //input[@type='SUBMIT']] Not interactable
[[FirefoxDriver: firefox on LINUX (bd93d6b1-e9c1-4012-a365-f8f5334e7ee5)] -> xpath: //input[@type='SUBMIT']] Not interactable
[[FirefoxDriver: firefox on LINUX (bd93d6b1-e9c1-4012-a365-f8f5334e7ee5)] -> xpath: //input[@type='SUBMIT']] Not interactable
[[FirefoxDriver: firefox on LINUX (bd93d6b1-e9c1-4012-a365-f8f5334e7ee5)] -> xpath: //input[@type='SUBMIT']] Not interactable
[[FirefoxDriver: firefox on LINUX (bd93d6b1-e9c1-4012-a365-f8f5334e7ee5)] -> xpath: //input[@type='SUBMIT']] Not interactable
[[FirefoxDriver: firefox on LINUX (bd93d6b1-e9c1-4012-a365-f8f5334e7ee5)] -> xpath: //input[@type='SUBMIT']] Not interactable
[[FirefoxDriver: firefox on LINUX (bd93d6b1-e9c1-4012-a365-f8f5334e7ee5)] -> xpath: //input[@type='SUBMIT']] Not interactable
[[FirefoxDriver: firefox on LINUX (bd93d6b1-e9c1-4012-a365-f8f5334e7ee5)] -> xpath: //input[@type='SUBMIT']] Not interactable
[[FirefoxDriver: firefox on LINUX (bd93d6b1-e9c1-4012-a365-f8f5334e7ee5)] -> xpath: //input[@type='SUBMIT']] Not interactable
[[FirefoxDriver: firefox on LINUX (bd93d6b1-e9c1-4012-a365-f8f5334e7ee5)] -> xpath: //*/input[@type='TEXT']] Not interactable
[[FirefoxDriver: firefox on LINUX (bd93d6b1-e9c1-4012-a365-f8f5334e7ee5)] -> xpath: //*/input[@type='TEXT']] Not interactable
[[FirefoxDriver: firefox on LINUX (bd93d6b1-e9c1-4012-a365-f8f5334e7ee5)] -> xpath: //*/input[@type='TEXT']] Not interactable
[[FirefoxDriver: firefox on LINUX (bd93d6b1-e9c1-4012-a365-f8f5334e7ee5)] -> xpath: //input[@type='SUBMIT']] Not interactable
[[FirefoxDriver: firefox on LINUX (bd93d6b1-e9c1-4012-a365-f8f5334e7ee5)] -> xpath: //input[@type='SUBMIT']] Not interactable
[[FirefoxDriver: firefox on LINUX (bd93d6b1-e9c1-4012-a365-f8f5334e7ee5)] -> xpath: //input[@type='SUBMIT']] Not interactable
[[FirefoxDriver: firefox on LINUX (bd93d6b1-e9c1-4012-a365-f8f5334e7ee5)] -> xpath: //input[@type='SUBMIT']] Not interactable
[[FirefoxDriver: firefox on LINUX (bd93d6b1-e9c1-4012-a365-f8f5334e7ee5)] -> xpath: //input[@type='SUBMIT']] Not interactable
[[FirefoxDriver: firefox on LINUX (bd93d6b1-e9c1-4012-a365-f8f5334e7ee5)] -> xpath: //input[@type='SUBMIT']] Not interactable
[[FirefoxDriver: firefox on LINUX (bd93d6b1-e9c1-4012-a365-f8f5334e7ee5)] -> xpath: //input[@type='SUBMIT']] Not interactable
[[FirefoxDriver: firefox on LINUX (bd93d6b1-e9c1-4012-a365-f8f5334e7ee5)] -> xpath: //input[@type='SUBMIT']] Not interactable
[[FirefoxDriver: firefox on LINUX (bd93d6b1-e9c1-4012-a365-f8f5334e7ee5)] -> xpath: //*/input[@type='TEXT']] Not interactable
[[FirefoxDriver: firefox on LINUX (bd93d6b1-e9c1-4012-a365-f8f5334e7ee5)] -> xpath: //*/input[@type='TEXT']] Not interactable
[[FirefoxDriver: firefox on LINUX (bd93d6b1-e9c1-4012-a365-f8f5334e7ee5)] -> xpath: //*/input[@type='TEXT']] Not interactable
[[FirefoxDriver: firefox on LINUX (bd93d6b1-e9c1-4012-a365-f8f5334e7ee5)] -> xpath: //input[@type='SUBMIT']] Not interactable
[[FirefoxDriver: firefox on LINUX (bd93d6b1-e9c1-4012-a365-f8f5334e7ee5)] -> xpath: //input[@type='SUBMIT']] Not interactable
[[FirefoxDriver: firefox on LINUX (bd93d6b1-e9c1-4012-a365-f8f5334e7ee5)] -> xpath: //input[@type='SUBMIT']] Not interactable
[[FirefoxDriver: firefox on LINUX (bd93d6b1-e9c1-4012-a365-f8f5334e7ee5)] -> xpath: //input[@type='SUBMIT']] Not interactable
[[FirefoxDriver: firefox on LINUX (bd93d6b1-e9c1-4012-a365-f8f5334e7ee5)] -> xpath: //input[@type='SUBMIT']] Not interactable
[[FirefoxDriver: firefox on LINUX (bd93d6b1-e9c1-4012-a365-f8f5334e7ee5)] -> xpath: //input[@type='SUBMIT']] Not interactable
[[FirefoxDriver: firefox on LINUX (bd93d6b1-e9c1-4012-a365-f8f5334e7ee5)] -> xpath: //input[@type='SUBMIT']] Not interactable
[[FirefoxDriver: firefox on LINUX (bd93d6b1-e9c1-4012-a365-f8f5334e7ee5)] -> xpath: //input[@type='SUBMIT']] Not interactable
[[FirefoxDriver: firefox on LINUX (bd93d6b1-e9c1-4012-a365-f8f5334e7ee5)] -> xpath: //*/input[@type='TEXT']] Not interactable
[[FirefoxDriver: firefox on LINUX (bd93d6b1-e9c1-4012-a365-f8f5334e7ee5)] -> xpath: //*/input[@type='TEXT']] Not interactable
[[FirefoxDriver: firefox on LINUX (bd93d6b1-e9c1-4012-a365-f8f5334e7ee5)] -> xpath: //*/input[@type='TEXT']] Not interactable
[[FirefoxDriver: firefox on LINUX (bd93d6b1-e9c1-4012-a365-f8f5334e7ee5)] -> xpath: //input[@type='SUBMIT']] Not interactable
[[FirefoxDriver: firefox on LINUX (bd93d6b1-e9c1-4012-a365-f8f5334e7ee5)] -> xpath: //input[@type='SUBMIT']] Not interactable
[[FirefoxDriver: firefox on LINUX (bd93d6b1-e9c1-4012-a365-f8f5334e7ee5)] -> xpath: //input[@type='SUBMIT']] Not interactable
[[FirefoxDriver: firefox on LINUX (bd93d6b1-e9c1-4012-a365-f8f5334e7ee5)] -> xpath: //input[@type='SUBMIT']] Not interactable
[[FirefoxDriver: firefox on LINUX (bd93d6b1-e9c1-4012-a365-f8f5334e7ee5)] -> xpath: //input[@type='SUBMIT']] Not interactable
[[FirefoxDriver: firefox on LINUX (bd93d6b1-e9c1-4012-a365-f8f5334e7ee5)] -> xpath: //input[@type='SUBMIT']] Not interactable
[[FirefoxDriver: firefox on LINUX (bd93d6b1-e9c1-4012-a365-f8f5334e7ee5)] -> xpath: //input[@type='SUBMIT']] Not interactable
[[FirefoxDriver: firefox on LINUX (bd93d6b1-e9c1-4012-a365-f8f5334e7ee5)] -> xpath: //input[@type='SUBMIT']] Not interactable
[[FirefoxDriver: firefox on LINUX (bd93d6b1-e9c1-4012-a365-f8f5334e7ee5)] -> xpath: //*/input[@type='TEXT']] Not interactable
[[FirefoxDriver: firefox on LINUX (bd93d6b1-e9c1-4012-a365-f8f5334e7ee5)] -> xpath: //*/input[@type='TEXT']] Not interactable
[[FirefoxDriver: firefox on LINUX (bd93d6b1-e9c1-4012-a365-f8f5334e7ee5)] -> xpath: //*/input[@type='TEXT']] Not interactable
[[FirefoxDriver: firefox on LINUX (bd93d6b1-e9c1-4012-a365-f8f5334e7ee5)] -> xpath: //input[@type='SUBMIT']] Not interactable
[[FirefoxDriver: firefox on LINUX (bd93d6b1-e9c1-4012-a365-f8f5334e7ee5)] -> xpath: //input[@type='SUBMIT']] Not interactable
[[FirefoxDriver: firefox on LINUX (bd93d6b1-e9c1-4012-a365-f8f5334e7ee5)] -> xpath: //input[@type='SUBMIT']] Not interactable
[[FirefoxDriver: firefox on LINUX (bd93d6b1-e9c1-4012-a365-f8f5334e7ee5)] -> xpath: //input[@type='SUBMIT']] Not interactable
[[FirefoxDriver: firefox on LINUX (bd93d6b1-e9c1-4012-a365-f8f5334e7ee5)] -> xpath: //input[@type='SUBMIT']] Not interactable
[[FirefoxDriver: firefox on LINUX (bd93d6b1-e9c1-4012-a365-f8f5334e7ee5)] -> xpath: //input[@type='SUBMIT']] Not interactable
[[FirefoxDriver: firefox on LINUX (bd93d6b1-e9c1-4012-a365-f8f5334e7ee5)] -> xpath: //input[@type='SUBMIT']] Not interactable
[[FirefoxDriver: firefox on LINUX (bd93d6b1-e9c1-4012-a365-f8f5334e7ee5)] -> xpath: //input[@type='SUBMIT']] Not interactable
[[FirefoxDriver: firefox on LINUX (bd93d6b1-e9c1-4012-a365-f8f5334e7ee5)] -> xpath: //*/input[@type='TEXT']] Not interactable
[[FirefoxDriver: firefox on LINUX (bd93d6b1-e9c1-4012-a365-f8f5334e7ee5)] -> xpath: //*/input[@type='TEXT']] Not interactable
[[FirefoxDriver: firefox on LINUX (bd93d6b1-e9c1-4012-a365-f8f5334e7ee5)] -> xpath: //*/input[@type='TEXT']] Not interactable
[[FirefoxDriver: firefox on LINUX (bd93d6b1-e9c1-4012-a365-f8f5334e7ee5)] -> xpath: //input[@type='SUBMIT']] Not interactable
[[FirefoxDriver: firefox on LINUX (bd93d6b1-e9c1-4012-a365-f8f5334e7ee5)] -> xpath: //input[@type='SUBMIT']] Not interactable
[[FirefoxDriver: firefox on LINUX (bd93d6b1-e9c1-4012-a365-f8f5334e7ee5)] -> xpath: //input[@type='SUBMIT']] Not interactable
[[FirefoxDriver: firefox on LINUX (bd93d6b1-e9c1-4012-a365-f8f5334e7ee5)] -> xpath: //input[@type='SUBMIT']] Not interactable
[[FirefoxDriver: firefox on LINUX (bd93d6b1-e9c1-4012-a365-f8f5334e7ee5)] -> xpath: //input[@type='SUBMIT']] Not interactable
[[FirefoxDriver: firefox on LINUX (bd93d6b1-e9c1-4012-a365-f8f5334e7ee5)] -> xpath: //input[@type='SUBMIT']] Not interactable
[[FirefoxDriver: firefox on LINUX (bd93d6b1-e9c1-4012-a365-f8f5334e7ee5)] -> xpath: //input[@type='SUBMIT']] Not interactable
[[FirefoxDriver: firefox on LINUX (bd93d6b1-e9c1-4012-a365-f8f5334e7ee5)] -> xpath: //input[@type='SUBMIT']] Not interactable
[[FirefoxDriver: firefox on LINUX (bd93d6b1-e9c1-4012-a365-f8f5334e7ee5)] -> xpath: //*/input[@type='TEXT']] Not interactable
[[FirefoxDriver: firefox on LINUX (bd93d6b1-e9c1-4012-a365-f8f5334e7ee5)] -> xpath: //*/input[@type='TEXT']] Not interactable
[[FirefoxDriver: firefox on LINUX (bd93d6b1-e9c1-4012-a365-f8f5334e7ee5)] -> xpath: //*/input[@type='TEXT']] Not interactable
[[FirefoxDriver: firefox on LINUX (bd93d6b1-e9c1-4012-a365-f8f5334e7ee5)] -> xpath: //input[@type='SUBMIT']] Not interactable
[[FirefoxDriver: firefox on LINUX (bd93d6b1-e9c1-4012-a365-f8f5334e7ee5)] -> xpath: //input[@type='SUBMIT']] Not interactable
[[FirefoxDriver: firefox on LINUX (bd93d6b1-e9c1-4012-a365-f8f5334e7ee5)] -> xpath: //input[@type='SUBMIT']] Not interactable
[[FirefoxDriver: firefox on LINUX (bd93d6b1-e9c1-4012-a365-f8f5334e7ee5)] -> xpath: //input[@type='SUBMIT']] Not interactable
[[FirefoxDriver: firefox on LINUX (bd93d6b1-e9c1-4012-a365-f8f5334e7ee5)] -> xpath: //input[@type='SUBMIT']] Not interactable
[[FirefoxDriver: firefox on LINUX (bd93d6b1-e9c1-4012-a365-f8f5334e7ee5)] -> xpath: //input[@type='SUBMIT']] Not interactable
[[FirefoxDriver: firefox on LINUX (bd93d6b1-e9c1-4012-a365-f8f5334e7ee5)] -> xpath: //input[@type='SUBMIT']] Not interactable
[[FirefoxDriver: firefox on LINUX (bd93d6b1-e9c1-4012-a365-f8f5334e7ee5)] -> xpath: //input[@type='SUBMIT']] Not interactable
[[FirefoxDriver: firefox on LINUX (bd93d6b1-e9c1-4012-a365-f8f5334e7ee5)] -> xpath: //*/input[@type='TEXT']] Not interactable
[[FirefoxDriver: firefox on LINUX (bd93d6b1-e9c1-4012-a365-f8f5334e7ee5)] -> xpath: //*/input[@type='TEXT']] Not interactable
[[FirefoxDriver: firefox on LINUX (bd93d6b1-e9c1-4012-a365-f8f5334e7ee5)] -> xpath: //*/input[@type='TEXT']] Not interactable
[[FirefoxDriver: firefox on LINUX (bd93d6b1-e9c1-4012-a365-f8f5334e7ee5)] -> xpath: //input[@type='SUBMIT']] Not interactable
[[FirefoxDriver: firefox on LINUX (bd93d6b1-e9c1-4012-a365-f8f5334e7ee5)] -> xpath: //input[@type='SUBMIT']] Not interactable
[[FirefoxDriver: firefox on LINUX (bd93d6b1-e9c1-4012-a365-f8f5334e7ee5)] -> xpath: //input[@type='SUBMIT']] Not interactable
[[FirefoxDriver: firefox on LINUX (bd93d6b1-e9c1-4012-a365-f8f5334e7ee5)] -> xpath: //input[@type='SUBMIT']] Not interactable
[[FirefoxDriver: firefox on LINUX (bd93d6b1-e9c1-4012-a365-f8f5334e7ee5)] -> xpath: //input[@type='SUBMIT']] Not interactable
[[FirefoxDriver: firefox on LINUX (bd93d6b1-e9c1-4012-a365-f8f5334e7ee5)] -> xpath: //input[@type='SUBMIT']] Not interactable
[[FirefoxDriver: firefox on LINUX (bd93d6b1-e9c1-4012-a365-f8f5334e7ee5)] -> xpath: //input[@type='SUBMIT']] Not interactable
[[FirefoxDriver: firefox on LINUX (bd93d6b1-e9c1-4012-a365-f8f5334e7ee5)] -> xpath: //input[@type='SUBMIT']] Not interactable
[[FirefoxDriver: firefox on LINUX (bd93d6b1-e9c1-4012-a365-f8f5334e7ee5)] -> xpath: //*/input[@type='TEXT']] Not interactable
[[FirefoxDriver: firefox on LINUX (bd93d6b1-e9c1-4012-a365-f8f5334e7ee5)] -> xpath: //*/input[@type='TEXT']] Not interactable
[[FirefoxDriver: firefox on LINUX (bd93d6b1-e9c1-4012-a365-f8f5334e7ee5)] -> xpath: //*/input[@type='TEXT']] Not interactable
[[FirefoxDriver: firefox on LINUX (bd93d6b1-e9c1-4012-a365-f8f5334e7ee5)] -> xpath: //input[@type='SUBMIT']] Not interactable
[[FirefoxDriver: firefox on LINUX (bd93d6b1-e9c1-4012-a365-f8f5334e7ee5)] -> xpath: //input[@type='SUBMIT']] Not interactable
[[FirefoxDriver: firefox on LINUX (bd93d6b1-e9c1-4012-a365-f8f5334e7ee5)] -> xpath: //input[@type='SUBMIT']] Not interactable
[[FirefoxDriver: firefox on LINUX (bd93d6b1-e9c1-4012-a365-f8f5334e7ee5)] -> xpath: //input[@type='SUBMIT']] Not interactable
[[FirefoxDriver: firefox on LINUX (bd93d6b1-e9c1-4012-a365-f8f5334e7ee5)] -> xpath: //input[@type='SUBMIT']] Not interactable
[[FirefoxDriver: firefox on LINUX (bd93d6b1-e9c1-4012-a365-f8f5334e7ee5)] -> xpath: //input[@type='SUBMIT']] Not interactable
[[FirefoxDriver: firefox on LINUX (bd93d6b1-e9c1-4012-a365-f8f5334e7ee5)] -> xpath: //input[@type='SUBMIT']] Not interactable
[[FirefoxDriver: firefox on LINUX (bd93d6b1-e9c1-4012-a365-f8f5334e7ee5)] -> xpath: //input[@type='SUBMIT']] Not interactable
[[FirefoxDriver: firefox on LINUX (bd93d6b1-e9c1-4012-a365-f8f5334e7ee5)] -> xpath: //*/input[@type='TEXT']] Not interactable
[[FirefoxDriver: firefox on LINUX (bd93d6b1-e9c1-4012-a365-f8f5334e7ee5)] -> xpath: //*/input[@type='TEXT']] Not interactable
[[FirefoxDriver: firefox on LINUX (bd93d6b1-e9c1-4012-a365-f8f5334e7ee5)] -> xpath: //*/input[@type='TEXT']] Not interactable
[[FirefoxDriver: firefox on LINUX (bd93d6b1-e9c1-4012-a365-f8f5334e7ee5)] -> xpath: //input[@type='SUBMIT']] Not interactable
[[FirefoxDriver: firefox on LINUX (bd93d6b1-e9c1-4012-a365-f8f5334e7ee5)] -> xpath: //input[@type='SUBMIT']] Not interactable
[[FirefoxDriver: firefox on LINUX (bd93d6b1-e9c1-4012-a365-f8f5334e7ee5)] -> xpath: //input[@type='SUBMIT']] Not interactable
[[FirefoxDriver: firefox on LINUX (bd93d6b1-e9c1-4012-a365-f8f5334e7ee5)] -> xpath: //input[@type='SUBMIT']] Not interactable
[[FirefoxDriver: firefox on LINUX (bd93d6b1-e9c1-4012-a365-f8f5334e7ee5)] -> xpath: //input[@type='SUBMIT']] Not interactable
[[FirefoxDriver: firefox on LINUX (bd93d6b1-e9c1-4012-a365-f8f5334e7ee5)] -> xpath: //input[@type='SUBMIT']] Not interactable
[[FirefoxDriver: firefox on LINUX (bd93d6b1-e9c1-4012-a365-f8f5334e7ee5)] -> xpath: //input[@type='SUBMIT']] Not interactable
[[FirefoxDriver: firefox on LINUX (bd93d6b1-e9c1-4012-a365-f8f5334e7ee5)] -> xpath: //input[@type='SUBMIT']] Not interactable
[[FirefoxDriver: firefox on LINUX (bd93d6b1-e9c1-4012-a365-f8f5334e7ee5)] -> xpath: //*/input[@type='TEXT']] Not interactable
[[FirefoxDriver: firefox on LINUX (bd93d6b1-e9c1-4012-a365-f8f5334e7ee5)] -> xpath: //*/input[@type='TEXT']] Not interactable
[[FirefoxDriver: firefox on LINUX (bd93d6b1-e9c1-4012-a365-f8f5334e7ee5)] -> xpath: //*/input[@type='TEXT']] Not interactable
[[FirefoxDriver: firefox on LINUX (bd93d6b1-e9c1-4012-a365-f8f5334e7ee5)] -> xpath: //input[@type='SUBMIT']] Not interactable
[[FirefoxDriver: firefox on LINUX (bd93d6b1-e9c1-4012-a365-f8f5334e7ee5)] -> xpath: //input[@type='SUBMIT']] Not interactable
[[FirefoxDriver: firefox on LINUX (bd93d6b1-e9c1-4012-a365-f8f5334e7ee5)] -> xpath: //input[@type='SUBMIT']] Not interactable
[[FirefoxDriver: firefox on LINUX (bd93d6b1-e9c1-4012-a365-f8f5334e7ee5)] -> xpath: //input[@type='SUBMIT']] Not interactable
[[FirefoxDriver: firefox on LINUX (bd93d6b1-e9c1-4012-a365-f8f5334e7ee5)] -> xpath: //input[@type='SUBMIT']] Not interactable
[[FirefoxDriver: firefox on LINUX (bd93d6b1-e9c1-4012-a365-f8f5334e7ee5)] -> xpath: //input[@type='SUBMIT']] Not interactable
[[FirefoxDriver: firefox on LINUX (bd93d6b1-e9c1-4012-a365-f8f5334e7ee5)] -> xpath: //input[@type='SUBMIT']] Not interactable
[[FirefoxDriver: firefox on LINUX (bd93d6b1-e9c1-4012-a365-f8f5334e7ee5)] -> xpath: //input[@type='SUBMIT']] Not interactable
[[FirefoxDriver: firefox on LINUX (bd93d6b1-e9c1-4012-a365-f8f5334e7ee5)] -> xpath: //*/input[@type='TEXT']] Not interactable
[[FirefoxDriver: firefox on LINUX (bd93d6b1-e9c1-4012-a365-f8f5334e7ee5)] -> xpath: //*/input[@type='TEXT']] Not interactable
[[FirefoxDriver: firefox on LINUX (bd93d6b1-e9c1-4012-a365-f8f5334e7ee5)] -> xpath: //*/input[@type='TEXT']] Not interactable
[[FirefoxDriver: firefox on LINUX (bd93d6b1-e9c1-4012-a365-f8f5334e7ee5)] -> xpath: //input[@type='SUBMIT']] Not interactable
[[FirefoxDriver: firefox on LINUX (bd93d6b1-e9c1-4012-a365-f8f5334e7ee5)] -> xpath: //input[@type='SUBMIT']] Not interactable
[[FirefoxDriver: firefox on LINUX (bd93d6b1-e9c1-4012-a365-f8f5334e7ee5)] -> xpath: //input[@type='SUBMIT']] Not interactable
[[FirefoxDriver: firefox on LINUX (bd93d6b1-e9c1-4012-a365-f8f5334e7ee5)] -> xpath: //input[@type='SUBMIT']] Not interactable
[[FirefoxDriver: firefox on LINUX (bd93d6b1-e9c1-4012-a365-f8f5334e7ee5)] -> xpath: //input[@type='SUBMIT']] Not interactable
[[FirefoxDriver: firefox on LINUX (bd93d6b1-e9c1-4012-a365-f8f5334e7ee5)] -> xpath: //input[@type='SUBMIT']] Not interactable
[[FirefoxDriver: firefox on LINUX (bd93d6b1-e9c1-4012-a365-f8f5334e7ee5)] -> xpath: //input[@type='SUBMIT']] Not interactable
[[FirefoxDriver: firefox on LINUX (bd93d6b1-e9c1-4012-a365-f8f5334e7ee5)] -> xpath: //input[@type='SUBMIT']] Not interactable
[[FirefoxDriver: firefox on LINUX (bd93d6b1-e9c1-4012-a365-f8f5334e7ee5)] -> xpath: //*/input[@type='TEXT']] Not interactable
[[FirefoxDriver: firefox on LINUX (bd93d6b1-e9c1-4012-a365-f8f5334e7ee5)] -> xpath: //*/input[@type='TEXT']] Not interactable
[[FirefoxDriver: firefox on LINUX (bd93d6b1-e9c1-4012-a365-f8f5334e7ee5)] -> xpath: //*/input[@type='TEXT']] Not interactable
[[FirefoxDriver: firefox on LINUX (bd93d6b1-e9c1-4012-a365-f8f5334e7ee5)] -> xpath: //input[@type='SUBMIT']] Not interactable
[[FirefoxDriver: firefox on LINUX (bd93d6b1-e9c1-4012-a365-f8f5334e7ee5)] -> xpath: //input[@type='SUBMIT']] Not interactable
[[FirefoxDriver: firefox on LINUX (bd93d6b1-e9c1-4012-a365-f8f5334e7ee5)] -> xpath: //input[@type='SUBMIT']] Not interactable
[[FirefoxDriver: firefox on LINUX (bd93d6b1-e9c1-4012-a365-f8f5334e7ee5)] -> xpath: //input[@type='SUBMIT']] Not interactable
[[FirefoxDriver: firefox on LINUX (bd93d6b1-e9c1-4012-a365-f8f5334e7ee5)] -> xpath: //input[@type='SUBMIT']] Not interactable
[[FirefoxDriver: firefox on LINUX (bd93d6b1-e9c1-4012-a365-f8f5334e7ee5)] -> xpath: //input[@type='SUBMIT']] Not interactable
[[FirefoxDriver: firefox on LINUX (bd93d6b1-e9c1-4012-a365-f8f5334e7ee5)] -> xpath: //input[@type='SUBMIT']] Not interactable
[[FirefoxDriver: firefox on LINUX (bd93d6b1-e9c1-4012-a365-f8f5334e7ee5)] -> xpath: //input[@type='SUBMIT']] Not interactable
[[FirefoxDriver: firefox on LINUX (bd93d6b1-e9c1-4012-a365-f8f5334e7ee5)] -> xpath: //*/input[@type='TEXT']] Not interactable
[[FirefoxDriver: firefox on LINUX (bd93d6b1-e9c1-4012-a365-f8f5334e7ee5)] -> xpath: //*/input[@type='TEXT']] Not interactable
[[FirefoxDriver: firefox on LINUX (bd93d6b1-e9c1-4012-a365-f8f5334e7ee5)] -> xpath: //*/input[@type='TEXT']] Not interactable
[[FirefoxDriver: firefox on LINUX (bd93d6b1-e9c1-4012-a365-f8f5334e7ee5)] -> xpath: //input[@type='SUBMIT']] Not interactable
[[FirefoxDriver: firefox on LINUX (bd93d6b1-e9c1-4012-a365-f8f5334e7ee5)] -> xpath: //input[@type='SUBMIT']] Not interactable
[[FirefoxDriver: firefox on LINUX (bd93d6b1-e9c1-4012-a365-f8f5334e7ee5)] -> xpath: //input[@type='SUBMIT']] Not interactable
[[FirefoxDriver: firefox on LINUX (bd93d6b1-e9c1-4012-a365-f8f5334e7ee5)] -> xpath: //input[@type='SUBMIT']] Not interactable
[[FirefoxDriver: firefox on LINUX (bd93d6b1-e9c1-4012-a365-f8f5334e7ee5)] -> xpath: //input[@type='SUBMIT']] Not interactable
[[FirefoxDriver: firefox on LINUX (bd93d6b1-e9c1-4012-a365-f8f5334e7ee5)] -> xpath: //input[@type='SUBMIT']] Not interactable
[[FirefoxDriver: firefox on LINUX (bd93d6b1-e9c1-4012-a365-f8f5334e7ee5)] -> xpath: //input[@type='SUBMIT']] Not interactable
[[FirefoxDriver: firefox on LINUX (bd93d6b1-e9c1-4012-a365-f8f5334e7ee5)] -> xpath: //input[@type='SUBMIT']] Not interactable
[[FirefoxDriver: firefox on LINUX (bd93d6b1-e9c1-4012-a365-f8f5334e7ee5)] -> xpath: //*/input[@type='TEXT']] Not interactable
[[FirefoxDriver: firefox on LINUX (bd93d6b1-e9c1-4012-a365-f8f5334e7ee5)] -> xpath: //*/input[@type='TEXT']] Not interactable
[[FirefoxDriver: firefox on LINUX (bd93d6b1-e9c1-4012-a365-f8f5334e7ee5)] -> xpath: //*/input[@type='TEXT']] Not interactable
[[FirefoxDriver: firefox on LINUX (bd93d6b1-e9c1-4012-a365-f8f5334e7ee5)] -> xpath: //input[@type='SUBMIT']] Not interactable
[[FirefoxDriver: firefox on LINUX (bd93d6b1-e9c1-4012-a365-f8f5334e7ee5)] -> xpath: //input[@type='SUBMIT']] Not interactable
[[FirefoxDriver: firefox on LINUX (bd93d6b1-e9c1-4012-a365-f8f5334e7ee5)] -> xpath: //input[@type='SUBMIT']] Not interactable
[[FirefoxDriver: firefox on LINUX (bd93d6b1-e9c1-4012-a365-f8f5334e7ee5)] -> xpath: //input[@type='SUBMIT']] Not interactable
[[FirefoxDriver: firefox on LINUX (bd93d6b1-e9c1-4012-a365-f8f5334e7ee5)] -> xpath: //input[@type='SUBMIT']] Not interactable
[[FirefoxDriver: firefox on LINUX (bd93d6b1-e9c1-4012-a365-f8f5334e7ee5)] -> xpath: //input[@type='SUBMIT']] Not interactable
[[FirefoxDriver: firefox on LINUX (bd93d6b1-e9c1-4012-a365-f8f5334e7ee5)] -> xpath: //input[@type='SUBMIT']] Not interactable
[[FirefoxDriver: firefox on LINUX (bd93d6b1-e9c1-4012-a365-f8f5334e7ee5)] -> xpath: //input[@type='SUBMIT']] Not interactable
[[FirefoxDriver: firefox on LINUX (bd93d6b1-e9c1-4012-a365-f8f5334e7ee5)] -> xpath: //*/input[@type='TEXT']] Not interactable
[[FirefoxDriver: firefox on LINUX (bd93d6b1-e9c1-4012-a365-f8f5334e7ee5)] -> xpath: //*/input[@type='TEXT']] Not interactable
[[FirefoxDriver: firefox on LINUX (bd93d6b1-e9c1-4012-a365-f8f5334e7ee5)] -> xpath: //*/input[@type='TEXT']] Not interactable
[[FirefoxDriver: firefox on LINUX (bd93d6b1-e9c1-4012-a365-f8f5334e7ee5)] -> xpath: //input[@type='SUBMIT']] Not interactable
[[FirefoxDriver: firefox on LINUX (bd93d6b1-e9c1-4012-a365-f8f5334e7ee5)] -> xpath: //input[@type='SUBMIT']] Not interactable
[[FirefoxDriver: firefox on LINUX (bd93d6b1-e9c1-4012-a365-f8f5334e7ee5)] -> xpath: //input[@type='SUBMIT']] Not interactable
[[FirefoxDriver: firefox on LINUX (bd93d6b1-e9c1-4012-a365-f8f5334e7ee5)] -> xpath: //input[@type='SUBMIT']] Not interactable
[[FirefoxDriver: firefox on LINUX (bd93d6b1-e9c1-4012-a365-f8f5334e7ee5)] -> xpath: //input[@type='SUBMIT']] Not interactable
[[FirefoxDriver: firefox on LINUX (bd93d6b1-e9c1-4012-a365-f8f5334e7ee5)] -> xpath: //input[@type='SUBMIT']] Not interactable
[[FirefoxDriver: firefox on LINUX (bd93d6b1-e9c1-4012-a365-f8f5334e7ee5)] -> xpath: //input[@type='SUBMIT']] Not interactable
[[FirefoxDriver: firefox on LINUX (bd93d6b1-e9c1-4012-a365-f8f5334e7ee5)] -> xpath: //input[@type='SUBMIT']] Not interactable
[[FirefoxDriver: firefox on LINUX (bd93d6b1-e9c1-4012-a365-f8f5334e7ee5)] -> xpath: //*/input[@type='TEXT']] Not interactable
[[FirefoxDriver: firefox on LINUX (bd93d6b1-e9c1-4012-a365-f8f5334e7ee5)] -> xpath: //*/input[@type='TEXT']] Not interactable
[[FirefoxDriver: firefox on LINUX (bd93d6b1-e9c1-4012-a365-f8f5334e7ee5)] -> xpath: //*/input[@type='TEXT']] Not interactable
[[FirefoxDriver: firefox on LINUX (bd93d6b1-e9c1-4012-a365-f8f5334e7ee5)] -> xpath: //input[@type='SUBMIT']] Not interactable
[[FirefoxDriver: firefox on LINUX (bd93d6b1-e9c1-4012-a365-f8f5334e7ee5)] -> xpath: //input[@type='SUBMIT']] Not interactable
[[FirefoxDriver: firefox on LINUX (bd93d6b1-e9c1-4012-a365-f8f5334e7ee5)] -> xpath: //input[@type='SUBMIT']] Not interactable
[[FirefoxDriver: firefox on LINUX (bd93d6b1-e9c1-4012-a365-f8f5334e7ee5)] -> xpath: //input[@type='SUBMIT']] Not interactable
[[FirefoxDriver: firefox on LINUX (bd93d6b1-e9c1-4012-a365-f8f5334e7ee5)] -> xpath: //input[@type='SUBMIT']] Not interactable
[[FirefoxDriver: firefox on LINUX (bd93d6b1-e9c1-4012-a365-f8f5334e7ee5)] -> xpath: //input[@type='SUBMIT']] Not interactable
[[FirefoxDriver: firefox on LINUX (bd93d6b1-e9c1-4012-a365-f8f5334e7ee5)] -> xpath: //input[@type='SUBMIT']] Not interactable
[[FirefoxDriver: firefox on LINUX (bd93d6b1-e9c1-4012-a365-f8f5334e7ee5)] -> xpath: //input[@type='SUBMIT']] Not interactable
[[FirefoxDriver: firefox on LINUX (bd93d6b1-e9c1-4012-a365-f8f5334e7ee5)] -> xpath: //*/input[@type='TEXT']] Not interactable
[[FirefoxDriver: firefox on LINUX (bd93d6b1-e9c1-4012-a365-f8f5334e7ee5)] -> xpath: //*/input[@type='TEXT']] Not interactable
[[FirefoxDriver: firefox on LINUX (bd93d6b1-e9c1-4012-a365-f8f5334e7ee5)] -> xpath: //*/input[@type='TEXT']] Not interactable
[[FirefoxDriver: firefox on LINUX (bd93d6b1-e9c1-4012-a365-f8f5334e7ee5)] -> xpath: //input[@type='SUBMIT']] Not interactable
[[FirefoxDriver: firefox on LINUX (bd93d6b1-e9c1-4012-a365-f8f5334e7ee5)] -> xpath: //input[@type='SUBMIT']] Not interactable
[[FirefoxDriver: firefox on LINUX (bd93d6b1-e9c1-4012-a365-f8f5334e7ee5)] -> xpath: //input[@type='SUBMIT']] Not interactable
[[FirefoxDriver: firefox on LINUX (bd93d6b1-e9c1-4012-a365-f8f5334e7ee5)] -> xpath: //input[@type='SUBMIT']] Not interactable
[[FirefoxDriver: firefox on LINUX (bd93d6b1-e9c1-4012-a365-f8f5334e7ee5)] -> xpath: //input[@type='SUBMIT']] Not interactable
[[FirefoxDriver: firefox on LINUX (bd93d6b1-e9c1-4012-a365-f8f5334e7ee5)] -> xpath: //input[@type='SUBMIT']] Not interactable
[[FirefoxDriver: firefox on LINUX (bd93d6b1-e9c1-4012-a365-f8f5334e7ee5)] -> xpath: //input[@type='SUBMIT']] Not interactable
[[FirefoxDriver: firefox on LINUX (bd93d6b1-e9c1-4012-a365-f8f5334e7ee5)] -> xpath: //input[@type='SUBMIT']] Not interactable
[[FirefoxDriver: firefox on LINUX (bd93d6b1-e9c1-4012-a365-f8f5334e7ee5)] -> xpath: //*/input[@type='TEXT']] Not interactable
[[FirefoxDriver: firefox on LINUX (bd93d6b1-e9c1-4012-a365-f8f5334e7ee5)] -> xpath: //*/input[@type='TEXT']] Not interactable
[[FirefoxDriver: firefox on LINUX (bd93d6b1-e9c1-4012-a365-f8f5334e7ee5)] -> xpath: //*/input[@type='TEXT']] Not interactable
[[FirefoxDriver: firefox on LINUX (bd93d6b1-e9c1-4012-a365-f8f5334e7ee5)] -> xpath: //input[@type='SUBMIT']] Not interactable
[[FirefoxDriver: firefox on LINUX (bd93d6b1-e9c1-4012-a365-f8f5334e7ee5)] -> xpath: //input[@type='SUBMIT']] Not interactable
[[FirefoxDriver: firefox on LINUX (bd93d6b1-e9c1-4012-a365-f8f5334e7ee5)] -> xpath: //input[@type='SUBMIT']] Not interactable
[[FirefoxDriver: firefox on LINUX (bd93d6b1-e9c1-4012-a365-f8f5334e7ee5)] -> xpath: //input[@type='SUBMIT']] Not interactable
[[FirefoxDriver: firefox on LINUX (bd93d6b1-e9c1-4012-a365-f8f5334e7ee5)] -> xpath: //input[@type='SUBMIT']] Not interactable
[[FirefoxDriver: firefox on LINUX (bd93d6b1-e9c1-4012-a365-f8f5334e7ee5)] -> xpath: //input[@type='SUBMIT']] Not interactable
[[FirefoxDriver: firefox on LINUX (bd93d6b1-e9c1-4012-a365-f8f5334e7ee5)] -> xpath: //input[@type='SUBMIT']] Not interactable
[[FirefoxDriver: firefox on LINUX (bd93d6b1-e9c1-4012-a365-f8f5334e7ee5)] -> xpath: //input[@type='SUBMIT']] Not interactable
[[FirefoxDriver: firefox on LINUX (bd93d6b1-e9c1-4012-a365-f8f5334e7ee5)] -> xpath: //*/input[@type='TEXT']] Not interactable
[[FirefoxDriver: firefox on LINUX (bd93d6b1-e9c1-4012-a365-f8f5334e7ee5)] -> xpath: //*/input[@type='TEXT']] Not interactable
[[FirefoxDriver: firefox on LINUX (bd93d6b1-e9c1-4012-a365-f8f5334e7ee5)] -> xpath: //*/input[@type='TEXT']] Not interactable
[[FirefoxDriver: firefox on LINUX (bd93d6b1-e9c1-4012-a365-f8f5334e7ee5)] -> xpath: //input[@type='SUBMIT']] Not interactable
[[FirefoxDriver: firefox on LINUX (bd93d6b1-e9c1-4012-a365-f8f5334e7ee5)] -> xpath: //input[@type='SUBMIT']] Not interactable
[[FirefoxDriver: firefox on LINUX (bd93d6b1-e9c1-4012-a365-f8f5334e7ee5)] -> xpath: //input[@type='SUBMIT']] Not interactable
[[FirefoxDriver: firefox on LINUX (bd93d6b1-e9c1-4012-a365-f8f5334e7ee5)] -> xpath: //input[@type='SUBMIT']] Not interactable
[[FirefoxDriver: firefox on LINUX (bd93d6b1-e9c1-4012-a365-f8f5334e7ee5)] -> xpath: //input[@type='SUBMIT']] Not interactable
[[FirefoxDriver: firefox on LINUX (bd93d6b1-e9c1-4012-a365-f8f5334e7ee5)] -> xpath: //input[@type='SUBMIT']] Not interactable
[[FirefoxDriver: firefox on LINUX (bd93d6b1-e9c1-4012-a365-f8f5334e7ee5)] -> xpath: //input[@type='SUBMIT']] Not interactable
[[FirefoxDriver: firefox on LINUX (bd93d6b1-e9c1-4012-a365-f8f5334e7ee5)] -> xpath: //input[@type='SUBMIT']] Not interactable
[[FirefoxDriver: firefox on LINUX (bd93d6b1-e9c1-4012-a365-f8f5334e7ee5)] -> xpath: //*/input[@type='TEXT']] Not interactable
[[FirefoxDriver: firefox on LINUX (bd93d6b1-e9c1-4012-a365-f8f5334e7ee5)] -> xpath: //*/input[@type='TEXT']] Not interactable
[[FirefoxDriver: firefox on LINUX (bd93d6b1-e9c1-4012-a365-f8f5334e7ee5)] -> xpath: //*/input[@type='TEXT']] Not interactable
[[FirefoxDriver: firefox on LINUX (bd93d6b1-e9c1-4012-a365-f8f5334e7ee5)] -> xpath: //input[@type='SUBMIT']] Not interactable
[[FirefoxDriver: firefox on LINUX (bd93d6b1-e9c1-4012-a365-f8f5334e7ee5)] -> xpath: //input[@type='SUBMIT']] Not interactable
[[FirefoxDriver: firefox on LINUX (bd93d6b1-e9c1-4012-a365-f8f5334e7ee5)] -> xpath: //input[@type='SUBMIT']] Not interactable
[[FirefoxDriver: firefox on LINUX (bd93d6b1-e9c1-4012-a365-f8f5334e7ee5)] -> xpath: //input[@type='SUBMIT']] Not interactable
[[FirefoxDriver: firefox on LINUX (bd93d6b1-e9c1-4012-a365-f8f5334e7ee5)] -> xpath: //input[@type='SUBMIT']] Not interactable
[[FirefoxDriver: firefox on LINUX (bd93d6b1-e9c1-4012-a365-f8f5334e7ee5)] -> xpath: //input[@type='SUBMIT']] Not interactable
[[FirefoxDriver: firefox on LINUX (bd93d6b1-e9c1-4012-a365-f8f5334e7ee5)] -> xpath: //input[@type='SUBMIT']] Not interactable
[[FirefoxDriver: firefox on LINUX (bd93d6b1-e9c1-4012-a365-f8f5334e7ee5)] -> xpath: //input[@type='SUBMIT']] Not interactable
[[FirefoxDriver: firefox on LINUX (bd93d6b1-e9c1-4012-a365-f8f5334e7ee5)] -> xpath: //*/input[@type='TEXT']] Not interactable
[[FirefoxDriver: firefox on LINUX (bd93d6b1-e9c1-4012-a365-f8f5334e7ee5)] -> xpath: //*/input[@type='TEXT']] Not interactable
[[FirefoxDriver: firefox on LINUX (bd93d6b1-e9c1-4012-a365-f8f5334e7ee5)] -> xpath: //*/input[@type='TEXT']] Not interactable
[[FirefoxDriver: firefox on LINUX (bd93d6b1-e9c1-4012-a365-f8f5334e7ee5)] -> xpath: //input[@type='SUBMIT']] Not interactable
[[FirefoxDriver: firefox on LINUX (bd93d6b1-e9c1-4012-a365-f8f5334e7ee5)] -> xpath: //input[@type='SUBMIT']] Not interactable
[[FirefoxDriver: firefox on LINUX (bd93d6b1-e9c1-4012-a365-f8f5334e7ee5)] -> xpath: //input[@type='SUBMIT']] Not interactable
[[FirefoxDriver: firefox on LINUX (bd93d6b1-e9c1-4012-a365-f8f5334e7ee5)] -> xpath: //input[@type='SUBMIT']] Not interactable
[[FirefoxDriver: firefox on LINUX (bd93d6b1-e9c1-4012-a365-f8f5334e7ee5)] -> xpath: //input[@type='SUBMIT']] Not interactable
[[FirefoxDriver: firefox on LINUX (bd93d6b1-e9c1-4012-a365-f8f5334e7ee5)] -> xpath: //input[@type='SUBMIT']] Not interactable
[[FirefoxDriver: firefox on LINUX (bd93d6b1-e9c1-4012-a365-f8f5334e7ee5)] -> xpath: //input[@type='SUBMIT']] Not interactable
[[FirefoxDriver: firefox on LINUX (bd93d6b1-e9c1-4012-a365-f8f5334e7ee5)] -> xpath: //input[@type='SUBMIT']] Not interactable
[[FirefoxDriver: firefox on LINUX (bd93d6b1-e9c1-4012-a365-f8f5334e7ee5)] -> xpath: //*/input[@type='TEXT']] Not interactable
[[FirefoxDriver: firefox on LINUX (bd93d6b1-e9c1-4012-a365-f8f5334e7ee5)] -> xpath: //*/input[@type='TEXT']] Not interactable
[[FirefoxDriver: firefox on LINUX (bd93d6b1-e9c1-4012-a365-f8f5334e7ee5)] -> xpath: //*/input[@type='TEXT']] Not interactable
[[FirefoxDriver: firefox on LINUX (bd93d6b1-e9c1-4012-a365-f8f5334e7ee5)] -> xpath: //input[@type='SUBMIT']] Not interactable
[[FirefoxDriver: firefox on LINUX (bd93d6b1-e9c1-4012-a365-f8f5334e7ee5)] -> xpath: //input[@type='SUBMIT']] Not interactable
[[FirefoxDriver: firefox on LINUX (bd93d6b1-e9c1-4012-a365-f8f5334e7ee5)] -> xpath: //input[@type='SUBMIT']] Not interactable
[[FirefoxDriver: firefox on LINUX (bd93d6b1-e9c1-4012-a365-f8f5334e7ee5)] -> xpath: //input[@type='SUBMIT']] Not interactable
[[FirefoxDriver: firefox on LINUX (bd93d6b1-e9c1-4012-a365-f8f5334e7ee5)] -> xpath: //input[@type='SUBMIT']] Not interactable
[[FirefoxDriver: firefox on LINUX (bd93d6b1-e9c1-4012-a365-f8f5334e7ee5)] -> xpath: //input[@type='SUBMIT']] Not interactable
[[FirefoxDriver: firefox on LINUX (bd93d6b1-e9c1-4012-a365-f8f5334e7ee5)] -> xpath: //input[@type='SUBMIT']] Not interactable
[[FirefoxDriver: firefox on LINUX (bd93d6b1-e9c1-4012-a365-f8f5334e7ee5)] -> xpath: //input[@type='SUBMIT']] Not interactable
[[FirefoxDriver: firefox on LINUX (bd93d6b1-e9c1-4012-a365-f8f5334e7ee5)] -> xpath: //*/input[@type='TEXT']] Not interactable
[[FirefoxDriver: firefox on LINUX (bd93d6b1-e9c1-4012-a365-f8f5334e7ee5)] -> xpath: //*/input[@type='TEXT']] Not interactable
[[FirefoxDriver: firefox on LINUX (bd93d6b1-e9c1-4012-a365-f8f5334e7ee5)] -> xpath: //*/input[@type='TEXT']] Not interactable
[[FirefoxDriver: firefox on LINUX (bd93d6b1-e9c1-4012-a365-f8f5334e7ee5)] -> xpath: //input[@type='SUBMIT']] Not interactable
[[FirefoxDriver: firefox on LINUX (bd93d6b1-e9c1-4012-a365-f8f5334e7ee5)] -> xpath: //input[@type='SUBMIT']] Not interactable
[[FirefoxDriver: firefox on LINUX (bd93d6b1-e9c1-4012-a365-f8f5334e7ee5)] -> xpath: //input[@type='SUBMIT']] Not interactable
[[FirefoxDriver: firefox on LINUX (bd93d6b1-e9c1-4012-a365-f8f5334e7ee5)] -> xpath: //input[@type='SUBMIT']] Not interactable
[[FirefoxDriver: firefox on LINUX (bd93d6b1-e9c1-4012-a365-f8f5334e7ee5)] -> xpath: //input[@type='SUBMIT']] Not interactable
[[FirefoxDriver: firefox on LINUX (bd93d6b1-e9c1-4012-a365-f8f5334e7ee5)] -> xpath: //input[@type='SUBMIT']] Not interactable
[[FirefoxDriver: firefox on LINUX (bd93d6b1-e9c1-4012-a365-f8f5334e7ee5)] -> xpath: //input[@type='SUBMIT']] Not interactable
[[FirefoxDriver: firefox on LINUX (bd93d6b1-e9c1-4012-a365-f8f5334e7ee5)] -> xpath: //input[@type='SUBMIT']] Not interactable
[[FirefoxDriver: firefox on LINUX (bd93d6b1-e9c1-4012-a365-f8f5334e7ee5)] -> xpath: //*/input[@type='TEXT']] Not interactable
[[FirefoxDriver: firefox on LINUX (bd93d6b1-e9c1-4012-a365-f8f5334e7ee5)] -> xpath: //*/input[@type='TEXT']] Not interactable
[[FirefoxDriver: firefox on LINUX (bd93d6b1-e9c1-4012-a365-f8f5334e7ee5)] -> xpath: //*/input[@type='TEXT']] Not interactable
[[FirefoxDriver: firefox on LINUX (bd93d6b1-e9c1-4012-a365-f8f5334e7ee5)] -> xpath: //input[@type='SUBMIT']] Not interactable
[[FirefoxDriver: firefox on LINUX (bd93d6b1-e9c1-4012-a365-f8f5334e7ee5)] -> xpath: //input[@type='SUBMIT']] Not interactable
[[FirefoxDriver: firefox on LINUX (bd93d6b1-e9c1-4012-a365-f8f5334e7ee5)] -> xpath: //input[@type='SUBMIT']] Not interactable
[[FirefoxDriver: firefox on LINUX (bd93d6b1-e9c1-4012-a365-f8f5334e7ee5)] -> xpath: //input[@type='SUBMIT']] Not interactable
[[FirefoxDriver: firefox on LINUX (bd93d6b1-e9c1-4012-a365-f8f5334e7ee5)] -> xpath: //input[@type='SUBMIT']] Not interactable
[[FirefoxDriver: firefox on LINUX (bd93d6b1-e9c1-4012-a365-f8f5334e7ee5)] -> xpath: //input[@type='SUBMIT']] Not interactable
[[FirefoxDriver: firefox on LINUX (bd93d6b1-e9c1-4012-a365-f8f5334e7ee5)] -> xpath: //input[@type='SUBMIT']] Not interactable
[[FirefoxDriver: firefox on LINUX (bd93d6b1-e9c1-4012-a365-f8f5334e7ee5)] -> xpath: //input[@type='SUBMIT']] Not interactable
[[FirefoxDriver: firefox on LINUX (bd93d6b1-e9c1-4012-a365-f8f5334e7ee5)] -> xpath: //*/input[@type='TEXT']] Not interactable
[[FirefoxDriver: firefox on LINUX (bd93d6b1-e9c1-4012-a365-f8f5334e7ee5)] -> xpath: //*/input[@type='TEXT']] Not interactable
[[FirefoxDriver: firefox on LINUX (bd93d6b1-e9c1-4012-a365-f8f5334e7ee5)] -> xpath: //*/input[@type='TEXT']] Not interactable
[[FirefoxDriver: firefox on LINUX (bd93d6b1-e9c1-4012-a365-f8f5334e7ee5)] -> xpath: //input[@type='SUBMIT']] Not interactable
[[FirefoxDriver: firefox on LINUX (bd93d6b1-e9c1-4012-a365-f8f5334e7ee5)] -> xpath: //input[@type='SUBMIT']] Not interactable
[[FirefoxDriver: firefox on LINUX (bd93d6b1-e9c1-4012-a365-f8f5334e7ee5)] -> xpath: //input[@type='SUBMIT']] Not interactable
[[FirefoxDriver: firefox on LINUX (bd93d6b1-e9c1-4012-a365-f8f5334e7ee5)] -> xpath: //input[@type='SUBMIT']] Not interactable
[[FirefoxDriver: firefox on LINUX (bd93d6b1-e9c1-4012-a365-f8f5334e7ee5)] -> xpath: //input[@type='SUBMIT']] Not interactable
[[FirefoxDriver: firefox on LINUX (bd93d6b1-e9c1-4012-a365-f8f5334e7ee5)] -> xpath: //input[@type='SUBMIT']] Not interactable
[[FirefoxDriver: firefox on LINUX (bd93d6b1-e9c1-4012-a365-f8f5334e7ee5)] -> xpath: //input[@type='SUBMIT']] Not interactable
[[FirefoxDriver: firefox on LINUX (bd93d6b1-e9c1-4012-a365-f8f5334e7ee5)] -> xpath: //input[@type='SUBMIT']] Not interactable
[[FirefoxDriver: firefox on LINUX (bd93d6b1-e9c1-4012-a365-f8f5334e7ee5)] -> xpath: //*/input[@type='TEXT']] Not interactable
[[FirefoxDriver: firefox on LINUX (bd93d6b1-e9c1-4012-a365-f8f5334e7ee5)] -> xpath: //*/input[@type='TEXT']] Not interactable
[[FirefoxDriver: firefox on LINUX (bd93d6b1-e9c1-4012-a365-f8f5334e7ee5)] -> xpath: //*/input[@type='TEXT']] Not interactable
[[FirefoxDriver: firefox on LINUX (bd93d6b1-e9c1-4012-a365-f8f5334e7ee5)] -> xpath: //input[@type='SUBMIT']] Not interactable
[[FirefoxDriver: firefox on LINUX (bd93d6b1-e9c1-4012-a365-f8f5334e7ee5)] -> xpath: //input[@type='SUBMIT']] Not interactable
[[FirefoxDriver: firefox on LINUX (bd93d6b1-e9c1-4012-a365-f8f5334e7ee5)] -> xpath: //input[@type='SUBMIT']] Not interactable
[[FirefoxDriver: firefox on LINUX (bd93d6b1-e9c1-4012-a365-f8f5334e7ee5)] -> xpath: //input[@type='SUBMIT']] Not interactable
[[FirefoxDriver: firefox on LINUX (bd93d6b1-e9c1-4012-a365-f8f5334e7ee5)] -> xpath: //input[@type='SUBMIT']] Not interactable
[[FirefoxDriver: firefox on LINUX (bd93d6b1-e9c1-4012-a365-f8f5334e7ee5)] -> xpath: //input[@type='SUBMIT']] Not interactable
[[FirefoxDriver: firefox on LINUX (bd93d6b1-e9c1-4012-a365-f8f5334e7ee5)] -> xpath: //input[@type='SUBMIT']] Not interactable
[[FirefoxDriver: firefox on LINUX (bd93d6b1-e9c1-4012-a365-f8f5334e7ee5)] -> xpath: //input[@type='SUBMIT']] Not interactable
[[FirefoxDriver: firefox on LINUX (bd93d6b1-e9c1-4012-a365-f8f5334e7ee5)] -> xpath: //*/input[@type='TEXT']] Not interactable
[[FirefoxDriver: firefox on LINUX (bd93d6b1-e9c1-4012-a365-f8f5334e7ee5)] -> xpath: //*/input[@type='TEXT']] Not interactable
[[FirefoxDriver: firefox on LINUX (bd93d6b1-e9c1-4012-a365-f8f5334e7ee5)] -> xpath: //*/input[@type='TEXT']] Not interactable
[[FirefoxDriver: firefox on LINUX (bd93d6b1-e9c1-4012-a365-f8f5334e7ee5)] -> xpath: //input[@type='SUBMIT']] Not interactable
[[FirefoxDriver: firefox on LINUX (bd93d6b1-e9c1-4012-a365-f8f5334e7ee5)] -> xpath: //input[@type='SUBMIT']] Not interactable
[[FirefoxDriver: firefox on LINUX (bd93d6b1-e9c1-4012-a365-f8f5334e7ee5)] -> xpath: //input[@type='SUBMIT']] Not interactable
[[FirefoxDriver: firefox on LINUX (bd93d6b1-e9c1-4012-a365-f8f5334e7ee5)] -> xpath: //input[@type='SUBMIT']] Not interactable
[[FirefoxDriver: firefox on LINUX (bd93d6b1-e9c1-4012-a365-f8f5334e7ee5)] -> xpath: //input[@type='SUBMIT']] Not interactable
[[FirefoxDriver: firefox on LINUX (bd93d6b1-e9c1-4012-a365-f8f5334e7ee5)] -> xpath: //input[@type='SUBMIT']] Not interactable
[[FirefoxDriver: firefox on LINUX (bd93d6b1-e9c1-4012-a365-f8f5334e7ee5)] -> xpath: //input[@type='SUBMIT']] Not interactable
[[FirefoxDriver: firefox on LINUX (bd93d6b1-e9c1-4012-a365-f8f5334e7ee5)] -> xpath: //input[@type='SUBMIT']] Not interactable
[[FirefoxDriver: firefox on LINUX (bd93d6b1-e9c1-4012-a365-f8f5334e7ee5)] -> xpath: //*/input[@type='TEXT']] Not interactable
[[FirefoxDriver: firefox on LINUX (bd93d6b1-e9c1-4012-a365-f8f5334e7ee5)] -> xpath: //*/input[@type='TEXT']] Not interactable
[[FirefoxDriver: firefox on LINUX (bd93d6b1-e9c1-4012-a365-f8f5334e7ee5)] -> xpath: //*/input[@type='TEXT']] Not interactable
[[FirefoxDriver: firefox on LINUX (bd93d6b1-e9c1-4012-a365-f8f5334e7ee5)] -> xpath: //input[@type='SUBMIT']] Not interactable
[[FirefoxDriver: firefox on LINUX (bd93d6b1-e9c1-4012-a365-f8f5334e7ee5)] -> xpath: //input[@type='SUBMIT']] Not interactable
[[FirefoxDriver: firefox on LINUX (bd93d6b1-e9c1-4012-a365-f8f5334e7ee5)] -> xpath: //input[@type='SUBMIT']] Not interactable
[[FirefoxDriver: firefox on LINUX (bd93d6b1-e9c1-4012-a365-f8f5334e7ee5)] -> xpath: //input[@type='SUBMIT']] Not interactable
[[FirefoxDriver: firefox on LINUX (bd93d6b1-e9c1-4012-a365-f8f5334e7ee5)] -> xpath: //input[@type='SUBMIT']] Not interactable
[[FirefoxDriver: firefox on LINUX (bd93d6b1-e9c1-4012-a365-f8f5334e7ee5)] -> xpath: //input[@type='SUBMIT']] Not interactable
[[FirefoxDriver: firefox on LINUX (bd93d6b1-e9c1-4012-a365-f8f5334e7ee5)] -> xpath: //input[@type='SUBMIT']] Not interactable
[[FirefoxDriver: firefox on LINUX (bd93d6b1-e9c1-4012-a365-f8f5334e7ee5)] -> xpath: //input[@type='SUBMIT']] Not interactable
[[FirefoxDriver: firefox on LINUX (bd93d6b1-e9c1-4012-a365-f8f5334e7ee5)] -> xpath: //*/input[@type='TEXT']] Not interactable
[[FirefoxDriver: firefox on LINUX (bd93d6b1-e9c1-4012-a365-f8f5334e7ee5)] -> xpath: //*/input[@type='TEXT']] Not interactable
[[FirefoxDriver: firefox on LINUX (bd93d6b1-e9c1-4012-a365-f8f5334e7ee5)] -> xpath: //*/input[@type='TEXT']] Not interactable
[[FirefoxDriver: firefox on LINUX (bd93d6b1-e9c1-4012-a365-f8f5334e7ee5)] -> xpath: //input[@type='SUBMIT']] Not interactable
[[FirefoxDriver: firefox on LINUX (bd93d6b1-e9c1-4012-a365-f8f5334e7ee5)] -> xpath: //input[@type='SUBMIT']] Not interactable
[[FirefoxDriver: firefox on LINUX (bd93d6b1-e9c1-4012-a365-f8f5334e7ee5)] -> xpath: //input[@type='SUBMIT']] Not interactable
[[FirefoxDriver: firefox on LINUX (bd93d6b1-e9c1-4012-a365-f8f5334e7ee5)] -> xpath: //input[@type='SUBMIT']] Not interactable
[[FirefoxDriver: firefox on LINUX (bd93d6b1-e9c1-4012-a365-f8f5334e7ee5)] -> xpath: //input[@type='SUBMIT']] Not interactable
[[FirefoxDriver: firefox on LINUX (bd93d6b1-e9c1-4012-a365-f8f5334e7ee5)] -> xpath: //input[@type='SUBMIT']] Not interactable
[[FirefoxDriver: firefox on LINUX (bd93d6b1-e9c1-4012-a365-f8f5334e7ee5)] -> xpath: //input[@type='SUBMIT']] Not interactable
[[FirefoxDriver: firefox on LINUX (bd93d6b1-e9c1-4012-a365-f8f5334e7ee5)] -> xpath: //input[@type='SUBMIT']] Not interactable
[[FirefoxDriver: firefox on LINUX (bd93d6b1-e9c1-4012-a365-f8f5334e7ee5)] -> xpath: //*/input[@type='TEXT']] Not interactable
[[FirefoxDriver: firefox on LINUX (bd93d6b1-e9c1-4012-a365-f8f5334e7ee5)] -> xpath: //*/input[@type='TEXT']] Not interactable
[[FirefoxDriver: firefox on LINUX (bd93d6b1-e9c1-4012-a365-f8f5334e7ee5)] -> xpath: //*/input[@type='TEXT']] Not interactable
[[FirefoxDriver: firefox on LINUX (bd93d6b1-e9c1-4012-a365-f8f5334e7ee5)] -> xpath: //input[@type='SUBMIT']] Not interactable
[[FirefoxDriver: firefox on LINUX (bd93d6b1-e9c1-4012-a365-f8f5334e7ee5)] -> xpath: //input[@type='SUBMIT']] Not interactable
[[FirefoxDriver: firefox on LINUX (bd93d6b1-e9c1-4012-a365-f8f5334e7ee5)] -> xpath: //input[@type='SUBMIT']] Not interactable
[[FirefoxDriver: firefox on LINUX (bd93d6b1-e9c1-4012-a365-f8f5334e7ee5)] -> xpath: //input[@type='SUBMIT']] Not interactable
[[FirefoxDriver: firefox on LINUX (bd93d6b1-e9c1-4012-a365-f8f5334e7ee5)] -> xpath: //input[@type='SUBMIT']] Not interactable
[[FirefoxDriver: firefox on LINUX (bd93d6b1-e9c1-4012-a365-f8f5334e7ee5)] -> xpath: //input[@type='SUBMIT']] Not interactable
[[FirefoxDriver: firefox on LINUX (bd93d6b1-e9c1-4012-a365-f8f5334e7ee5)] -> xpath: //input[@type='SUBMIT']] Not interactable
[[FirefoxDriver: firefox on LINUX (bd93d6b1-e9c1-4012-a365-f8f5334e7ee5)] -> xpath: //input[@type='SUBMIT']] Not interactable
[[FirefoxDriver: firefox on LINUX (bd93d6b1-e9c1-4012-a365-f8f5334e7ee5)] -> xpath: //*/input[@type='TEXT']] Not interactable
[[FirefoxDriver: firefox on LINUX (bd93d6b1-e9c1-4012-a365-f8f5334e7ee5)] -> xpath: //*/input[@type='TEXT']] Not interactable
[[FirefoxDriver: firefox on LINUX (bd93d6b1-e9c1-4012-a365-f8f5334e7ee5)] -> xpath: //*/input[@type='TEXT']] Not interactable
[[FirefoxDriver: firefox on LINUX (bd93d6b1-e9c1-4012-a365-f8f5334e7ee5)] -> xpath: //input[@type='SUBMIT']] Not interactable
[[FirefoxDriver: firefox on LINUX (bd93d6b1-e9c1-4012-a365-f8f5334e7ee5)] -> xpath: //input[@type='SUBMIT']] Not interactable
[[FirefoxDriver: firefox on LINUX (bd93d6b1-e9c1-4012-a365-f8f5334e7ee5)] -> xpath: //input[@type='SUBMIT']] Not interactable
[[FirefoxDriver: firefox on LINUX (bd93d6b1-e9c1-4012-a365-f8f5334e7ee5)] -> xpath: //input[@type='SUBMIT']] Not interactable
[[FirefoxDriver: firefox on LINUX (bd93d6b1-e9c1-4012-a365-f8f5334e7ee5)] -> xpath: //input[@type='SUBMIT']] Not interactable
[[FirefoxDriver: firefox on LINUX (bd93d6b1-e9c1-4012-a365-f8f5334e7ee5)] -> xpath: //input[@type='SUBMIT']] Not interactable
[[FirefoxDriver: firefox on LINUX (bd93d6b1-e9c1-4012-a365-f8f5334e7ee5)] -> xpath: //input[@type='SUBMIT']] Not interactable
[[FirefoxDriver: firefox on LINUX (bd93d6b1-e9c1-4012-a365-f8f5334e7ee5)] -> xpath: //input[@type='SUBMIT']] Not interactable
[[FirefoxDriver: firefox on LINUX (bd93d6b1-e9c1-4012-a365-f8f5334e7ee5)] -> xpath: //*/input[@type='TEXT']] Not interactable
[[FirefoxDriver: firefox on LINUX (bd93d6b1-e9c1-4012-a365-f8f5334e7ee5)] -> xpath: //*/input[@type='TEXT']] Not interactable
[[FirefoxDriver: firefox on LINUX (bd93d6b1-e9c1-4012-a365-f8f5334e7ee5)] -> xpath: //*/input[@type='TEXT']] Not interactable
[[FirefoxDriver: firefox on LINUX (bd93d6b1-e9c1-4012-a365-f8f5334e7ee5)] -> xpath: //input[@type='SUBMIT']] Not interactable
[[FirefoxDriver: firefox on LINUX (bd93d6b1-e9c1-4012-a365-f8f5334e7ee5)] -> xpath: //input[@type='SUBMIT']] Not interactable
[[FirefoxDriver: firefox on LINUX (bd93d6b1-e9c1-4012-a365-f8f5334e7ee5)] -> xpath: //input[@type='SUBMIT']] Not interactable
[[FirefoxDriver: firefox on LINUX (bd93d6b1-e9c1-4012-a365-f8f5334e7ee5)] -> xpath: //input[@type='SUBMIT']] Not interactable
[[FirefoxDriver: firefox on LINUX (bd93d6b1-e9c1-4012-a365-f8f5334e7ee5)] -> xpath: //input[@type='SUBMIT']] Not interactable
[[FirefoxDriver: firefox on LINUX (bd93d6b1-e9c1-4012-a365-f8f5334e7ee5)] -> xpath: //input[@type='SUBMIT']] Not interactable
[[FirefoxDriver: firefox on LINUX (bd93d6b1-e9c1-4012-a365-f8f5334e7ee5)] -> xpath: //input[@type='SUBMIT']] Not interactable
[[FirefoxDriver: firefox on LINUX (bd93d6b1-e9c1-4012-a365-f8f5334e7ee5)] -> xpath: //input[@type='SUBMIT']] Not interactable
[[FirefoxDriver: firefox on LINUX (bd93d6b1-e9c1-4012-a365-f8f5334e7ee5)] -> xpath: //*/input[@type='TEXT']] Not interactable
[[FirefoxDriver: firefox on LINUX (bd93d6b1-e9c1-4012-a365-f8f5334e7ee5)] -> xpath: //*/input[@type='TEXT']] Not interactable
[[FirefoxDriver: firefox on LINUX (bd93d6b1-e9c1-4012-a365-f8f5334e7ee5)] -> xpath: //*/input[@type='TEXT']] Not interactable
[[FirefoxDriver: firefox on LINUX (bd93d6b1-e9c1-4012-a365-f8f5334e7ee5)] -> xpath: //input[@type='SUBMIT']] Not interactable
[[FirefoxDriver: firefox on LINUX (bd93d6b1-e9c1-4012-a365-f8f5334e7ee5)] -> xpath: //input[@type='SUBMIT']] Not interactable
[[FirefoxDriver: firefox on LINUX (bd93d6b1-e9c1-4012-a365-f8f5334e7ee5)] -> xpath: //input[@type='SUBMIT']] Not interactable
[[FirefoxDriver: firefox on LINUX (bd93d6b1-e9c1-4012-a365-f8f5334e7ee5)] -> xpath: //input[@type='SUBMIT']] Not interactable
[[FirefoxDriver: firefox on LINUX (bd93d6b1-e9c1-4012-a365-f8f5334e7ee5)] -> xpath: //input[@type='SUBMIT']] Not interactable
[[FirefoxDriver: firefox on LINUX (bd93d6b1-e9c1-4012-a365-f8f5334e7ee5)] -> xpath: //input[@type='SUBMIT']] Not interactable
[[FirefoxDriver: firefox on LINUX (bd93d6b1-e9c1-4012-a365-f8f5334e7ee5)] -> xpath: //input[@type='SUBMIT']] Not interactable
[[FirefoxDriver: firefox on LINUX (bd93d6b1-e9c1-4012-a365-f8f5334e7ee5)] -> xpath: //input[@type='SUBMIT']] Not interactable
[[FirefoxDriver: firefox on LINUX (bd93d6b1-e9c1-4012-a365-f8f5334e7ee5)] -> xpath: //*/input[@type='TEXT']] Not interactable
[[FirefoxDriver: firefox on LINUX (bd93d6b1-e9c1-4012-a365-f8f5334e7ee5)] -> xpath: //*/input[@type='TEXT']] Not interactable
[[FirefoxDriver: firefox on LINUX (bd93d6b1-e9c1-4012-a365-f8f5334e7ee5)] -> xpath: //*/input[@type='TEXT']] Not interactable
[[FirefoxDriver: firefox on LINUX (bd93d6b1-e9c1-4012-a365-f8f5334e7ee5)] -> xpath: //input[@type='SUBMIT']] Not interactable
[[FirefoxDriver: firefox on LINUX (bd93d6b1-e9c1-4012-a365-f8f5334e7ee5)] -> xpath: //input[@type='SUBMIT']] Not interactable
[[FirefoxDriver: firefox on LINUX (bd93d6b1-e9c1-4012-a365-f8f5334e7ee5)] -> xpath: //input[@type='SUBMIT']] Not interactable
[[FirefoxDriver: firefox on LINUX (bd93d6b1-e9c1-4012-a365-f8f5334e7ee5)] -> xpath: //input[@type='SUBMIT']] Not interactable
[[FirefoxDriver: firefox on LINUX (bd93d6b1-e9c1-4012-a365-f8f5334e7ee5)] -> xpath: //input[@type='SUBMIT']] Not interactable
[[FirefoxDriver: firefox on LINUX (bd93d6b1-e9c1-4012-a365-f8f5334e7ee5)] -> xpath: //input[@type='SUBMIT']] Not interactable
[[FirefoxDriver: firefox on LINUX (bd93d6b1-e9c1-4012-a365-f8f5334e7ee5)] -> xpath: //input[@type='SUBMIT']] Not interactable
[[FirefoxDriver: firefox on LINUX (bd93d6b1-e9c1-4012-a365-f8f5334e7ee5)] -> xpath: //input[@type='SUBMIT']] Not interactable
[[FirefoxDriver: firefox on LINUX (bd93d6b1-e9c1-4012-a365-f8f5334e7ee5)] -> xpath: //*/input[@type='TEXT']] Not interactable
[[FirefoxDriver: firefox on LINUX (bd93d6b1-e9c1-4012-a365-f8f5334e7ee5)] -> xpath: //*/input[@type='TEXT']] Not interactable
[[FirefoxDriver: firefox on LINUX (bd93d6b1-e9c1-4012-a365-f8f5334e7ee5)] -> xpath: //*/input[@type='TEXT']] Not interactable
[[FirefoxDriver: firefox on LINUX (bd93d6b1-e9c1-4012-a365-f8f5334e7ee5)] -> xpath: //input[@type='SUBMIT']] Not interactable
[[FirefoxDriver: firefox on LINUX (bd93d6b1-e9c1-4012-a365-f8f5334e7ee5)] -> xpath: //input[@type='SUBMIT']] Not interactable
[[FirefoxDriver: firefox on LINUX (bd93d6b1-e9c1-4012-a365-f8f5334e7ee5)] -> xpath: //input[@type='SUBMIT']] Not interactable
[[FirefoxDriver: firefox on LINUX (bd93d6b1-e9c1-4012-a365-f8f5334e7ee5)] -> xpath: //input[@type='SUBMIT']] Not interactable
[[FirefoxDriver: firefox on LINUX (bd93d6b1-e9c1-4012-a365-f8f5334e7ee5)] -> xpath: //input[@type='SUBMIT']] Not interactable
[[FirefoxDriver: firefox on LINUX (bd93d6b1-e9c1-4012-a365-f8f5334e7ee5)] -> xpath: //input[@type='SUBMIT']] Not interactable
[[FirefoxDriver: firefox on LINUX (bd93d6b1-e9c1-4012-a365-f8f5334e7ee5)] -> xpath: //input[@type='SUBMIT']] Not interactable
[[FirefoxDriver: firefox on LINUX (bd93d6b1-e9c1-4012-a365-f8f5334e7ee5)] -> xpath: //input[@type='SUBMIT']] Not interactable
[[FirefoxDriver: firefox on LINUX (bd93d6b1-e9c1-4012-a365-f8f5334e7ee5)] -> xpath: //*/input[@type='TEXT']] Not interactable
[[FirefoxDriver: firefox on LINUX (bd93d6b1-e9c1-4012-a365-f8f5334e7ee5)] -> xpath: //*/input[@type='TEXT']] Not interactable
[[FirefoxDriver: firefox on LINUX (bd93d6b1-e9c1-4012-a365-f8f5334e7ee5)] -> xpath: //*/input[@type='TEXT']] Not interactable
[[FirefoxDriver: firefox on LINUX (bd93d6b1-e9c1-4012-a365-f8f5334e7ee5)] -> xpath: //input[@type='SUBMIT']] Not interactable
[[FirefoxDriver: firefox on LINUX (bd93d6b1-e9c1-4012-a365-f8f5334e7ee5)] -> xpath: //input[@type='SUBMIT']] Not interactable
[[FirefoxDriver: firefox on LINUX (bd93d6b1-e9c1-4012-a365-f8f5334e7ee5)] -> xpath: //input[@type='SUBMIT']] Not interactable
[[FirefoxDriver: firefox on LINUX (bd93d6b1-e9c1-4012-a365-f8f5334e7ee5)] -> xpath: //input[@type='SUBMIT']] Not interactable
[[FirefoxDriver: firefox on LINUX (bd93d6b1-e9c1-4012-a365-f8f5334e7ee5)] -> xpath: //input[@type='SUBMIT']] Not interactable
[[FirefoxDriver: firefox on LINUX (bd93d6b1-e9c1-4012-a365-f8f5334e7ee5)] -> xpath: //input[@type='SUBMIT']] Not interactable
[[FirefoxDriver: firefox on LINUX (bd93d6b1-e9c1-4012-a365-f8f5334e7ee5)] -> xpath: //input[@type='SUBMIT']] Not interactable
[[FirefoxDriver: firefox on LINUX (bd93d6b1-e9c1-4012-a365-f8f5334e7ee5)] -> xpath: //input[@type='SUBMIT']] Not interactable
[[FirefoxDriver: firefox on LINUX (bd93d6b1-e9c1-4012-a365-f8f5334e7ee5)] -> xpath: //*/input[@type='TEXT']] Not interactable
[[FirefoxDriver: firefox on LINUX (bd93d6b1-e9c1-4012-a365-f8f5334e7ee5)] -> xpath: //*/input[@type='TEXT']] Not interactable
[[FirefoxDriver: firefox on LINUX (bd93d6b1-e9c1-4012-a365-f8f5334e7ee5)] -> xpath: //*/input[@type='TEXT']] Not interactable
[[FirefoxDriver: firefox on LINUX (bd93d6b1-e9c1-4012-a365-f8f5334e7ee5)] -> xpath: //input[@type='SUBMIT']] Not interactable
[[FirefoxDriver: firefox on LINUX (bd93d6b1-e9c1-4012-a365-f8f5334e7ee5)] -> xpath: //input[@type='SUBMIT']] Not interactable
[[FirefoxDriver: firefox on LINUX (bd93d6b1-e9c1-4012-a365-f8f5334e7ee5)] -> xpath: //input[@type='SUBMIT']] Not interactable
[[FirefoxDriver: firefox on LINUX (bd93d6b1-e9c1-4012-a365-f8f5334e7ee5)] -> xpath: //input[@type='SUBMIT']] Not interactable
[[FirefoxDriver: firefox on LINUX (bd93d6b1-e9c1-4012-a365-f8f5334e7ee5)] -> xpath: //input[@type='SUBMIT']] Not interactable
[[FirefoxDriver: firefox on LINUX (bd93d6b1-e9c1-4012-a365-f8f5334e7ee5)] -> xpath: //input[@type='SUBMIT']] Not interactable
[[FirefoxDriver: firefox on LINUX (bd93d6b1-e9c1-4012-a365-f8f5334e7ee5)] -> xpath: //input[@type='SUBMIT']] Not interactable
[[FirefoxDriver: firefox on LINUX (bd93d6b1-e9c1-4012-a365-f8f5334e7ee5)] -> xpath: //input[@type='SUBMIT']] Not interactable
[[FirefoxDriver: firefox on LINUX (bd93d6b1-e9c1-4012-a365-f8f5334e7ee5)] -> xpath: //*/input[@type='TEXT']] Not interactable
[[FirefoxDriver: firefox on LINUX (bd93d6b1-e9c1-4012-a365-f8f5334e7ee5)] -> xpath: //*/input[@type='TEXT']] Not interactable
[[FirefoxDriver: firefox on LINUX (bd93d6b1-e9c1-4012-a365-f8f5334e7ee5)] -> xpath: //*/input[@type='TEXT']] Not interactable
[[FirefoxDriver: firefox on LINUX (bd93d6b1-e9c1-4012-a365-f8f5334e7ee5)] -> xpath: //input[@type='SUBMIT']] Not interactable
[[FirefoxDriver: firefox on LINUX (bd93d6b1-e9c1-4012-a365-f8f5334e7ee5)] -> xpath: //input[@type='SUBMIT']] Not interactable
[[FirefoxDriver: firefox on LINUX (bd93d6b1-e9c1-4012-a365-f8f5334e7ee5)] -> xpath: //input[@type='SUBMIT']] Not interactable
[[FirefoxDriver: firefox on LINUX (bd93d6b1-e9c1-4012-a365-f8f5334e7ee5)] -> xpath: //input[@type='SUBMIT']] Not interactable
[[FirefoxDriver: firefox on LINUX (bd93d6b1-e9c1-4012-a365-f8f5334e7ee5)] -> xpath: //input[@type='SUBMIT']] Not interactable
[[FirefoxDriver: firefox on LINUX (bd93d6b1-e9c1-4012-a365-f8f5334e7ee5)] -> xpath: //input[@type='SUBMIT']] Not interactable
[[FirefoxDriver: firefox on LINUX (bd93d6b1-e9c1-4012-a365-f8f5334e7ee5)] -> xpath: //input[@type='SUBMIT']] Not interactable
[[FirefoxDriver: firefox on LINUX (bd93d6b1-e9c1-4012-a365-f8f5334e7ee5)] -> xpath: //input[@type='SUBMIT']] Not interactable
[[FirefoxDriver: firefox on LINUX (bd93d6b1-e9c1-4012-a365-f8f5334e7ee5)] -> xpath: //*/input[@type='TEXT']] Not interactable
[[FirefoxDriver: firefox on LINUX (bd93d6b1-e9c1-4012-a365-f8f5334e7ee5)] -> xpath: //*/input[@type='TEXT']] Not interactable
[[FirefoxDriver: firefox on LINUX (bd93d6b1-e9c1-4012-a365-f8f5334e7ee5)] -> xpath: //*/input[@type='TEXT']] Not interactable
[[FirefoxDriver: firefox on LINUX (bd93d6b1-e9c1-4012-a365-f8f5334e7ee5)] -> xpath: //input[@type='SUBMIT']] Not interactable
[[FirefoxDriver: firefox on LINUX (bd93d6b1-e9c1-4012-a365-f8f5334e7ee5)] -> xpath: //input[@type='SUBMIT']] Not interactable
[[FirefoxDriver: firefox on LINUX (bd93d6b1-e9c1-4012-a365-f8f5334e7ee5)] -> xpath: //input[@type='SUBMIT']] Not interactable
[[FirefoxDriver: firefox on LINUX (bd93d6b1-e9c1-4012-a365-f8f5334e7ee5)] -> xpath: //input[@type='SUBMIT']] Not interactable
[[FirefoxDriver: firefox on LINUX (bd93d6b1-e9c1-4012-a365-f8f5334e7ee5)] -> xpath: //input[@type='SUBMIT']] Not interactable
[[FirefoxDriver: firefox on LINUX (bd93d6b1-e9c1-4012-a365-f8f5334e7ee5)] -> xpath: //input[@type='SUBMIT']] Not interactable
[[FirefoxDriver: firefox on LINUX (bd93d6b1-e9c1-4012-a365-f8f5334e7ee5)] -> xpath: //input[@type='SUBMIT']] Not interactable
[[FirefoxDriver: firefox on LINUX (bd93d6b1-e9c1-4012-a365-f8f5334e7ee5)] -> xpath: //input[@type='SUBMIT']] Not interactable
[[FirefoxDriver: firefox on LINUX (bd93d6b1-e9c1-4012-a365-f8f5334e7ee5)] -> xpath: //*/input[@type='TEXT']] Not interactable
[[FirefoxDriver: firefox on LINUX (bd93d6b1-e9c1-4012-a365-f8f5334e7ee5)] -> xpath: //*/input[@type='TEXT']] Not interactable
[[FirefoxDriver: firefox on LINUX (bd93d6b1-e9c1-4012-a365-f8f5334e7ee5)] -> xpath: //*/input[@type='TEXT']] Not interactable
[[FirefoxDriver: firefox on LINUX (bd93d6b1-e9c1-4012-a365-f8f5334e7ee5)] -> xpath: //input[@type='SUBMIT']] Not interactable
[[FirefoxDriver: firefox on LINUX (bd93d6b1-e9c1-4012-a365-f8f5334e7ee5)] -> xpath: //input[@type='SUBMIT']] Not interactable
[[FirefoxDriver: firefox on LINUX (bd93d6b1-e9c1-4012-a365-f8f5334e7ee5)] -> xpath: //input[@type='SUBMIT']] Not interactable
[[FirefoxDriver: firefox on LINUX (bd93d6b1-e9c1-4012-a365-f8f5334e7ee5)] -> xpath: //input[@type='SUBMIT']] Not interactable
[[FirefoxDriver: firefox on LINUX (bd93d6b1-e9c1-4012-a365-f8f5334e7ee5)] -> xpath: //input[@type='SUBMIT']] Not interactable
[[FirefoxDriver: firefox on LINUX (bd93d6b1-e9c1-4012-a365-f8f5334e7ee5)] -> xpath: //input[@type='SUBMIT']] Not interactable
[[FirefoxDriver: firefox on LINUX (bd93d6b1-e9c1-4012-a365-f8f5334e7ee5)] -> xpath: //input[@type='SUBMIT']] Not interactable
[[FirefoxDriver: firefox on LINUX (bd93d6b1-e9c1-4012-a365-f8f5334e7ee5)] -> xpath: //input[@type='SUBMIT']] Not interactable
[[FirefoxDriver: firefox on LINUX (bd93d6b1-e9c1-4012-a365-f8f5334e7ee5)] -> xpath: //*/input[@type='TEXT']] Not interactable
[[FirefoxDriver: firefox on LINUX (bd93d6b1-e9c1-4012-a365-f8f5334e7ee5)] -> xpath: //*/input[@type='TEXT']] Not interactable
[[FirefoxDriver: firefox on LINUX (bd93d6b1-e9c1-4012-a365-f8f5334e7ee5)] -> xpath: //*/input[@type='TEXT']] Not interactable
[[FirefoxDriver: firefox on LINUX (bd93d6b1-e9c1-4012-a365-f8f5334e7ee5)] -> xpath: //input[@type='SUBMIT']] Not interactable
[[FirefoxDriver: firefox on LINUX (bd93d6b1-e9c1-4012-a365-f8f5334e7ee5)] -> xpath: //input[@type='SUBMIT']] Not interactable
[[FirefoxDriver: firefox on LINUX (bd93d6b1-e9c1-4012-a365-f8f5334e7ee5)] -> xpath: //input[@type='SUBMIT']] Not interactable
[[FirefoxDriver: firefox on LINUX (bd93d6b1-e9c1-4012-a365-f8f5334e7ee5)] -> xpath: //input[@type='SUBMIT']] Not interactable
[[FirefoxDriver: firefox on LINUX (bd93d6b1-e9c1-4012-a365-f8f5334e7ee5)] -> xpath: //input[@type='SUBMIT']] Not interactable
[[FirefoxDriver: firefox on LINUX (bd93d6b1-e9c1-4012-a365-f8f5334e7ee5)] -> xpath: //input[@type='SUBMIT']] Not interactable
[[FirefoxDriver: firefox on LINUX (bd93d6b1-e9c1-4012-a365-f8f5334e7ee5)] -> xpath: //input[@type='SUBMIT']] Not interactable
[[FirefoxDriver: firefox on LINUX (bd93d6b1-e9c1-4012-a365-f8f5334e7ee5)] -> xpath: //input[@type='SUBMIT']] Not interactable
[[FirefoxDriver: firefox on LINUX (bd93d6b1-e9c1-4012-a365-f8f5334e7ee5)] -> xpath: //*/input[@type='TEXT']] Not interactable
[[FirefoxDriver: firefox on LINUX (bd93d6b1-e9c1-4012-a365-f8f5334e7ee5)] -> xpath: //*/input[@type='TEXT']] Not interactable
[[FirefoxDriver: firefox on LINUX (bd93d6b1-e9c1-4012-a365-f8f5334e7ee5)] -> xpath: //*/input[@type='TEXT']] Not interactable
[[FirefoxDriver: firefox on LINUX (bd93d6b1-e9c1-4012-a365-f8f5334e7ee5)] -> xpath: //input[@type='SUBMIT']] Not interactable
[[FirefoxDriver: firefox on LINUX (bd93d6b1-e9c1-4012-a365-f8f5334e7ee5)] -> xpath: //input[@type='SUBMIT']] Not interactable
[[FirefoxDriver: firefox on LINUX (bd93d6b1-e9c1-4012-a365-f8f5334e7ee5)] -> xpath: //input[@type='SUBMIT']] Not interactable
[[FirefoxDriver: firefox on LINUX (bd93d6b1-e9c1-4012-a365-f8f5334e7ee5)] -> xpath: //input[@type='SUBMIT']] Not interactable
[[FirefoxDriver: firefox on LINUX (bd93d6b1-e9c1-4012-a365-f8f5334e7ee5)] -> xpath: //input[@type='SUBMIT']] Not interactable
[[FirefoxDriver: firefox on LINUX (bd93d6b1-e9c1-4012-a365-f8f5334e7ee5)] -> xpath: //input[@type='SUBMIT']] Not interactable
[[FirefoxDriver: firefox on LINUX (bd93d6b1-e9c1-4012-a365-f8f5334e7ee5)] -> xpath: //input[@type='SUBMIT']] Not interactable
[[FirefoxDriver: firefox on LINUX (bd93d6b1-e9c1-4012-a365-f8f5334e7ee5)] -> xpath: //input[@type='SUBMIT']] Not interactable
[[FirefoxDriver: firefox on LINUX (bd93d6b1-e9c1-4012-a365-f8f5334e7ee5)] -> xpath: //*/input[@type='TEXT']] Not interactable
[[FirefoxDriver: firefox on LINUX (bd93d6b1-e9c1-4012-a365-f8f5334e7ee5)] -> xpath: //*/input[@type='TEXT']] Not interactable
[[FirefoxDriver: firefox on LINUX (bd93d6b1-e9c1-4012-a365-f8f5334e7ee5)] -> xpath: //*/input[@type='TEXT']] Not interactable
[[FirefoxDriver: firefox on LINUX (bd93d6b1-e9c1-4012-a365-f8f5334e7ee5)] -> xpath: //input[@type='SUBMIT']] Not interactable
[[FirefoxDriver: firefox on LINUX (bd93d6b1-e9c1-4012-a365-f8f5334e7ee5)] -> xpath: //input[@type='SUBMIT']] Not interactable
[[FirefoxDriver: firefox on LINUX (bd93d6b1-e9c1-4012-a365-f8f5334e7ee5)] -> xpath: //input[@type='SUBMIT']] Not interactable
[[FirefoxDriver: firefox on LINUX (bd93d6b1-e9c1-4012-a365-f8f5334e7ee5)] -> xpath: //input[@type='SUBMIT']] Not interactable
[[FirefoxDriver: firefox on LINUX (bd93d6b1-e9c1-4012-a365-f8f5334e7ee5)] -> xpath: //input[@type='SUBMIT']] Not interactable
[[FirefoxDriver: firefox on LINUX (bd93d6b1-e9c1-4012-a365-f8f5334e7ee5)] -> xpath: //input[@type='SUBMIT']] Not interactable
[[FirefoxDriver: firefox on LINUX (bd93d6b1-e9c1-4012-a365-f8f5334e7ee5)] -> xpath: //input[@type='SUBMIT']] Not interactable
[[FirefoxDriver: firefox on LINUX (bd93d6b1-e9c1-4012-a365-f8f5334e7ee5)] -> xpath: //input[@type='SUBMIT']] Not interactable
[[FirefoxDriver: firefox on LINUX (bd93d6b1-e9c1-4012-a365-f8f5334e7ee5)] -> xpath: //*/input[@type='TEXT']] Not interactable
[[FirefoxDriver: firefox on LINUX (bd93d6b1-e9c1-4012-a365-f8f5334e7ee5)] -> xpath: //*/input[@type='TEXT']] Not interactable
[[FirefoxDriver: firefox on LINUX (bd93d6b1-e9c1-4012-a365-f8f5334e7ee5)] -> xpath: //*/input[@type='TEXT']] Not interactable
[[FirefoxDriver: firefox on LINUX (bd93d6b1-e9c1-4012-a365-f8f5334e7ee5)] -> xpath: //input[@type='SUBMIT']] Not interactable
[[FirefoxDriver: firefox on LINUX (bd93d6b1-e9c1-4012-a365-f8f5334e7ee5)] -> xpath: //input[@type='SUBMIT']] Not interactable
[[FirefoxDriver: firefox on LINUX (bd93d6b1-e9c1-4012-a365-f8f5334e7ee5)] -> xpath: //input[@type='SUBMIT']] Not interactable
[[FirefoxDriver: firefox on LINUX (bd93d6b1-e9c1-4012-a365-f8f5334e7ee5)] -> xpath: //input[@type='SUBMIT']] Not interactable
[[FirefoxDriver: firefox on LINUX (bd93d6b1-e9c1-4012-a365-f8f5334e7ee5)] -> xpath: //input[@type='SUBMIT']] Not interactable
[[FirefoxDriver: firefox on LINUX (bd93d6b1-e9c1-4012-a365-f8f5334e7ee5)] -> xpath: //input[@type='SUBMIT']] Not interactable
[[FirefoxDriver: firefox on LINUX (bd93d6b1-e9c1-4012-a365-f8f5334e7ee5)] -> xpath: //input[@type='SUBMIT']] Not interactable
[[FirefoxDriver: firefox on LINUX (bd93d6b1-e9c1-4012-a365-f8f5334e7ee5)] -> xpath: //input[@type='SUBMIT']] Not interactable
[[FirefoxDriver: firefox on LINUX (bd93d6b1-e9c1-4012-a365-f8f5334e7ee5)] -> xpath: //*/input[@type='TEXT']] Not interactable
[[FirefoxDriver: firefox on LINUX (bd93d6b1-e9c1-4012-a365-f8f5334e7ee5)] -> xpath: //*/input[@type='TEXT']] Not interactable
[[FirefoxDriver: firefox on LINUX (bd93d6b1-e9c1-4012-a365-f8f5334e7ee5)] -> xpath: //*/input[@type='TEXT']] Not interactable
[[FirefoxDriver: firefox on LINUX (bd93d6b1-e9c1-4012-a365-f8f5334e7ee5)] -> xpath: //input[@type='SUBMIT']] Not interactable
[[FirefoxDriver: firefox on LINUX (bd93d6b1-e9c1-4012-a365-f8f5334e7ee5)] -> xpath: //input[@type='SUBMIT']] Not interactable
[[FirefoxDriver: firefox on LINUX (bd93d6b1-e9c1-4012-a365-f8f5334e7ee5)] -> xpath: //input[@type='SUBMIT']] Not interactable
[[FirefoxDriver: firefox on LINUX (bd93d6b1-e9c1-4012-a365-f8f5334e7ee5)] -> xpath: //input[@type='SUBMIT']] Not interactable
[[FirefoxDriver: firefox on LINUX (bd93d6b1-e9c1-4012-a365-f8f5334e7ee5)] -> xpath: //input[@type='SUBMIT']] Not interactable
[[FirefoxDriver: firefox on LINUX (bd93d6b1-e9c1-4012-a365-f8f5334e7ee5)] -> xpath: //input[@type='SUBMIT']] Not interactable
[[FirefoxDriver: firefox on LINUX (bd93d6b1-e9c1-4012-a365-f8f5334e7ee5)] -> xpath: //input[@type='SUBMIT']] Not interactable
[[FirefoxDriver: firefox on LINUX (bd93d6b1-e9c1-4012-a365-f8f5334e7ee5)] -> xpath: //input[@type='SUBMIT']] Not interactable
[[FirefoxDriver: firefox on LINUX (bd93d6b1-e9c1-4012-a365-f8f5334e7ee5)] -> xpath: //*/input[@type='TEXT']] Not interactable
[[FirefoxDriver: firefox on LINUX (bd93d6b1-e9c1-4012-a365-f8f5334e7ee5)] -> xpath: //*/input[@type='TEXT']] Not interactable
[[FirefoxDriver: firefox on LINUX (bd93d6b1-e9c1-4012-a365-f8f5334e7ee5)] -> xpath: //*/input[@type='TEXT']] Not interactable
[[FirefoxDriver: firefox on LINUX (bd93d6b1-e9c1-4012-a365-f8f5334e7ee5)] -> xpath: //input[@type='SUBMIT']] Not interactable
[[FirefoxDriver: firefox on LINUX (bd93d6b1-e9c1-4012-a365-f8f5334e7ee5)] -> xpath: //input[@type='SUBMIT']] Not interactable
[[FirefoxDriver: firefox on LINUX (bd93d6b1-e9c1-4012-a365-f8f5334e7ee5)] -> xpath: //input[@type='SUBMIT']] Not interactable
[[FirefoxDriver: firefox on LINUX (bd93d6b1-e9c1-4012-a365-f8f5334e7ee5)] -> xpath: //input[@type='SUBMIT']] Not interactable
[[FirefoxDriver: firefox on LINUX (bd93d6b1-e9c1-4012-a365-f8f5334e7ee5)] -> xpath: //input[@type='SUBMIT']] Not interactable
[[FirefoxDriver: firefox on LINUX (bd93d6b1-e9c1-4012-a365-f8f5334e7ee5)] -> xpath: //input[@type='SUBMIT']] Not interactable
[[FirefoxDriver: firefox on LINUX (bd93d6b1-e9c1-4012-a365-f8f5334e7ee5)] -> xpath: //input[@type='SUBMIT']] Not interactable
[[FirefoxDriver: firefox on LINUX (bd93d6b1-e9c1-4012-a365-f8f5334e7ee5)] -> xpath: //input[@type='SUBMIT']] Not interactable
[[FirefoxDriver: firefox on LINUX (bd93d6b1-e9c1-4012-a365-f8f5334e7ee5)] -> xpath: //*/input[@type='TEXT']] Not interactable
[[FirefoxDriver: firefox on LINUX (bd93d6b1-e9c1-4012-a365-f8f5334e7ee5)] -> xpath: //*/input[@type='TEXT']] Not interactable
[[FirefoxDriver: firefox on LINUX (bd93d6b1-e9c1-4012-a365-f8f5334e7ee5)] -> xpath: //*/input[@type='TEXT']] Not interactable
[[FirefoxDriver: firefox on LINUX (bd93d6b1-e9c1-4012-a365-f8f5334e7ee5)] -> xpath: //input[@type='SUBMIT']] Not interactable
[[FirefoxDriver: firefox on LINUX (bd93d6b1-e9c1-4012-a365-f8f5334e7ee5)] -> xpath: //input[@type='SUBMIT']] Not interactable
[[FirefoxDriver: firefox on LINUX (bd93d6b1-e9c1-4012-a365-f8f5334e7ee5)] -> xpath: //input[@type='SUBMIT']] Not interactable
[[FirefoxDriver: firefox on LINUX (bd93d6b1-e9c1-4012-a365-f8f5334e7ee5)] -> xpath: //input[@type='SUBMIT']] Not interactable
[[FirefoxDriver: firefox on LINUX (bd93d6b1-e9c1-4012-a365-f8f5334e7ee5)] -> xpath: //input[@type='SUBMIT']] Not interactable
[[FirefoxDriver: firefox on LINUX (bd93d6b1-e9c1-4012-a365-f8f5334e7ee5)] -> xpath: //input[@type='SUBMIT']] Not interactable
[[FirefoxDriver: firefox on LINUX (bd93d6b1-e9c1-4012-a365-f8f5334e7ee5)] -> xpath: //input[@type='SUBMIT']] Not interactable
[[FirefoxDriver: firefox on LINUX (bd93d6b1-e9c1-4012-a365-f8f5334e7ee5)] -> xpath: //input[@type='SUBMIT']] Not interactable
[[FirefoxDriver: firefox on LINUX (bd93d6b1-e9c1-4012-a365-f8f5334e7ee5)] -> xpath: //*/input[@type='TEXT']] Not interactable
[[FirefoxDriver: firefox on LINUX (bd93d6b1-e9c1-4012-a365-f8f5334e7ee5)] -> xpath: //*/input[@type='TEXT']] Not interactable
[[FirefoxDriver: firefox on LINUX (bd93d6b1-e9c1-4012-a365-f8f5334e7ee5)] -> xpath: //*/input[@type='TEXT']] Not interactable
[[FirefoxDriver: firefox on LINUX (bd93d6b1-e9c1-4012-a365-f8f5334e7ee5)] -> xpath: //input[@type='SUBMIT']] Not interactable
[[FirefoxDriver: firefox on LINUX (bd93d6b1-e9c1-4012-a365-f8f5334e7ee5)] -> xpath: //input[@type='SUBMIT']] Not interactable
[[FirefoxDriver: firefox on LINUX (bd93d6b1-e9c1-4012-a365-f8f5334e7ee5)] -> xpath: //input[@type='SUBMIT']] Not interactable
[[FirefoxDriver: firefox on LINUX (bd93d6b1-e9c1-4012-a365-f8f5334e7ee5)] -> xpath: //input[@type='SUBMIT']] Not interactable
[[FirefoxDriver: firefox on LINUX (bd93d6b1-e9c1-4012-a365-f8f5334e7ee5)] -> xpath: //input[@type='SUBMIT']] Not interactable
[[FirefoxDriver: firefox on LINUX (bd93d6b1-e9c1-4012-a365-f8f5334e7ee5)] -> xpath: //input[@type='SUBMIT']] Not interactable
[[FirefoxDriver: firefox on LINUX (bd93d6b1-e9c1-4012-a365-f8f5334e7ee5)] -> xpath: //input[@type='SUBMIT']] Not interactable
[[FirefoxDriver: firefox on LINUX (bd93d6b1-e9c1-4012-a365-f8f5334e7ee5)] -> xpath: //input[@type='SUBMIT']] Not interactable
[[FirefoxDriver: firefox on LINUX (bd93d6b1-e9c1-4012-a365-f8f5334e7ee5)] -> xpath: //*/input[@type='TEXT']] Not interactable
[[FirefoxDriver: firefox on LINUX (bd93d6b1-e9c1-4012-a365-f8f5334e7ee5)] -> xpath: //*/input[@type='TEXT']] Not interactable
[[FirefoxDriver: firefox on LINUX (bd93d6b1-e9c1-4012-a365-f8f5334e7ee5)] -> xpath: //*/input[@type='TEXT']] Not interactable
[[FirefoxDriver: firefox on LINUX (bd93d6b1-e9c1-4012-a365-f8f5334e7ee5)] -> xpath: //input[@type='SUBMIT']] Not interactable
[[FirefoxDriver: firefox on LINUX (bd93d6b1-e9c1-4012-a365-f8f5334e7ee5)] -> xpath: //input[@type='SUBMIT']] Not interactable
[[FirefoxDriver: firefox on LINUX (bd93d6b1-e9c1-4012-a365-f8f5334e7ee5)] -> xpath: //input[@type='SUBMIT']] Not interactable
[[FirefoxDriver: firefox on LINUX (bd93d6b1-e9c1-4012-a365-f8f5334e7ee5)] -> xpath: //input[@type='SUBMIT']] Not interactable
[[FirefoxDriver: firefox on LINUX (bd93d6b1-e9c1-4012-a365-f8f5334e7ee5)] -> xpath: //input[@type='SUBMIT']] Not interactable
[[FirefoxDriver: firefox on LINUX (bd93d6b1-e9c1-4012-a365-f8f5334e7ee5)] -> xpath: //input[@type='SUBMIT']] Not interactable
[[FirefoxDriver: firefox on LINUX (bd93d6b1-e9c1-4012-a365-f8f5334e7ee5)] -> xpath: //input[@type='SUBMIT']] Not interactable
[[FirefoxDriver: firefox on LINUX (bd93d6b1-e9c1-4012-a365-f8f5334e7ee5)] -> xpath: //input[@type='SUBMIT']] Not interactable
[[FirefoxDriver: firefox on LINUX (bd93d6b1-e9c1-4012-a365-f8f5334e7ee5)] -> xpath: //*/input[@type='TEXT']] Not interactable
[[FirefoxDriver: firefox on LINUX (bd93d6b1-e9c1-4012-a365-f8f5334e7ee5)] -> xpath: //*/input[@type='TEXT']] Not interactable
[[FirefoxDriver: firefox on LINUX (bd93d6b1-e9c1-4012-a365-f8f5334e7ee5)] -> xpath: //*/input[@type='TEXT']] Not interactable
[[FirefoxDriver: firefox on LINUX (bd93d6b1-e9c1-4012-a365-f8f5334e7ee5)] -> xpath: //input[@type='SUBMIT']] Not interactable
[[FirefoxDriver: firefox on LINUX (bd93d6b1-e9c1-4012-a365-f8f5334e7ee5)] -> xpath: //input[@type='SUBMIT']] Not interactable
[[FirefoxDriver: firefox on LINUX (bd93d6b1-e9c1-4012-a365-f8f5334e7ee5)] -> xpath: //input[@type='SUBMIT']] Not interactable
[[FirefoxDriver: firefox on LINUX (bd93d6b1-e9c1-4012-a365-f8f5334e7ee5)] -> xpath: //input[@type='SUBMIT']] Not interactable
[[FirefoxDriver: firefox on LINUX (bd93d6b1-e9c1-4012-a365-f8f5334e7ee5)] -> xpath: //input[@type='SUBMIT']] Not interactable
[[FirefoxDriver: firefox on LINUX (bd93d6b1-e9c1-4012-a365-f8f5334e7ee5)] -> xpath: //input[@type='SUBMIT']] Not interactable
[[FirefoxDriver: firefox on LINUX (bd93d6b1-e9c1-4012-a365-f8f5334e7ee5)] -> xpath: //input[@type='SUBMIT']] Not interactable
[[FirefoxDriver: firefox on LINUX (bd93d6b1-e9c1-4012-a365-f8f5334e7ee5)] -> xpath: //input[@type='SUBMIT']] Not interactable
[[FirefoxDriver: firefox on LINUX (bd93d6b1-e9c1-4012-a365-f8f5334e7ee5)] -> xpath: //*/input[@type='TEXT']] Not interactable
[[FirefoxDriver: firefox on LINUX (bd93d6b1-e9c1-4012-a365-f8f5334e7ee5)] -> xpath: //*/input[@type='TEXT']] Not interactable
[[FirefoxDriver: firefox on LINUX (bd93d6b1-e9c1-4012-a365-f8f5334e7ee5)] -> xpath: //*/input[@type='TEXT']] Not interactable
[[FirefoxDriver: firefox on LINUX (bd93d6b1-e9c1-4012-a365-f8f5334e7ee5)] -> xpath: //input[@type='SUBMIT']] Not interactable
[[FirefoxDriver: firefox on LINUX (bd93d6b1-e9c1-4012-a365-f8f5334e7ee5)] -> xpath: //input[@type='SUBMIT']] Not interactable
[[FirefoxDriver: firefox on LINUX (bd93d6b1-e9c1-4012-a365-f8f5334e7ee5)] -> xpath: //input[@type='SUBMIT']] Not interactable
[[FirefoxDriver: firefox on LINUX (bd93d6b1-e9c1-4012-a365-f8f5334e7ee5)] -> xpath: //input[@type='SUBMIT']] Not interactable
[[FirefoxDriver: firefox on LINUX (bd93d6b1-e9c1-4012-a365-f8f5334e7ee5)] -> xpath: //input[@type='SUBMIT']] Not interactable
[[FirefoxDriver: firefox on LINUX (bd93d6b1-e9c1-4012-a365-f8f5334e7ee5)] -> xpath: //input[@type='SUBMIT']] Not interactable
[[FirefoxDriver: firefox on LINUX (bd93d6b1-e9c1-4012-a365-f8f5334e7ee5)] -> xpath: //input[@type='SUBMIT']] Not interactable
[[FirefoxDriver: firefox on LINUX (bd93d6b1-e9c1-4012-a365-f8f5334e7ee5)] -> xpath: //input[@type='SUBMIT']] Not interactable
[[FirefoxDriver: firefox on LINUX (bd93d6b1-e9c1-4012-a365-f8f5334e7ee5)] -> xpath: //*/input[@type='TEXT']] Not interactable
[[FirefoxDriver: firefox on LINUX (bd93d6b1-e9c1-4012-a365-f8f5334e7ee5)] -> xpath: //*/input[@type='TEXT']] Not interactable
[[FirefoxDriver: firefox on LINUX (bd93d6b1-e9c1-4012-a365-f8f5334e7ee5)] -> xpath: //*/input[@type='TEXT']] Not interactable
[[FirefoxDriver: firefox on LINUX (bd93d6b1-e9c1-4012-a365-f8f5334e7ee5)] -> xpath: //input[@type='SUBMIT']] Not interactable
[[FirefoxDriver: firefox on LINUX (bd93d6b1-e9c1-4012-a365-f8f5334e7ee5)] -> xpath: //input[@type='SUBMIT']] Not interactable
[[FirefoxDriver: firefox on LINUX (bd93d6b1-e9c1-4012-a365-f8f5334e7ee5)] -> xpath: //input[@type='SUBMIT']] Not interactable
[[FirefoxDriver: firefox on LINUX (bd93d6b1-e9c1-4012-a365-f8f5334e7ee5)] -> xpath: //input[@type='SUBMIT']] Not interactable
[[FirefoxDriver: firefox on LINUX (bd93d6b1-e9c1-4012-a365-f8f5334e7ee5)] -> xpath: //input[@type='SUBMIT']] Not interactable
[[FirefoxDriver: firefox on LINUX (bd93d6b1-e9c1-4012-a365-f8f5334e7ee5)] -> xpath: //input[@type='SUBMIT']] Not interactable
[[FirefoxDriver: firefox on LINUX (bd93d6b1-e9c1-4012-a365-f8f5334e7ee5)] -> xpath: //input[@type='SUBMIT']] Not interactable
[[FirefoxDriver: firefox on LINUX (bd93d6b1-e9c1-4012-a365-f8f5334e7ee5)] -> xpath: //input[@type='SUBMIT']] Not interactable
[[FirefoxDriver: firefox on LINUX (bd93d6b1-e9c1-4012-a365-f8f5334e7ee5)] -> xpath: //*/input[@type='TEXT']] Not interactable
[[FirefoxDriver: firefox on LINUX (bd93d6b1-e9c1-4012-a365-f8f5334e7ee5)] -> xpath: //*/input[@type='TEXT']] Not interactable
[[FirefoxDriver: firefox on LINUX (bd93d6b1-e9c1-4012-a365-f8f5334e7ee5)] -> xpath: //*/input[@type='TEXT']] Not interactable
[[FirefoxDriver: firefox on LINUX (bd93d6b1-e9c1-4012-a365-f8f5334e7ee5)] -> xpath: //input[@type='SUBMIT']] Not interactable
[[FirefoxDriver: firefox on LINUX (bd93d6b1-e9c1-4012-a365-f8f5334e7ee5)] -> xpath: //input[@type='SUBMIT']] Not interactable
[[FirefoxDriver: firefox on LINUX (bd93d6b1-e9c1-4012-a365-f8f5334e7ee5)] -> xpath: //input[@type='SUBMIT']] Not interactable
[[FirefoxDriver: firefox on LINUX (bd93d6b1-e9c1-4012-a365-f8f5334e7ee5)] -> xpath: //input[@type='SUBMIT']] Not interactable
[[FirefoxDriver: firefox on LINUX (bd93d6b1-e9c1-4012-a365-f8f5334e7ee5)] -> xpath: //input[@type='SUBMIT']] Not interactable
[[FirefoxDriver: firefox on LINUX (bd93d6b1-e9c1-4012-a365-f8f5334e7ee5)] -> xpath: //input[@type='SUBMIT']] Not interactable
[[FirefoxDriver: firefox on LINUX (bd93d6b1-e9c1-4012-a365-f8f5334e7ee5)] -> xpath: //input[@type='SUBMIT']] Not interactable
[[FirefoxDriver: firefox on LINUX (bd93d6b1-e9c1-4012-a365-f8f5334e7ee5)] -> xpath: //input[@type='SUBMIT']] Not interactable
[[FirefoxDriver: firefox on LINUX (bd93d6b1-e9c1-4012-a365-f8f5334e7ee5)] -> xpath: //*/input[@type='TEXT']] Not interactable
[[FirefoxDriver: firefox on LINUX (bd93d6b1-e9c1-4012-a365-f8f5334e7ee5)] -> xpath: //*/input[@type='TEXT']] Not interactable
[[FirefoxDriver: firefox on LINUX (bd93d6b1-e9c1-4012-a365-f8f5334e7ee5)] -> xpath: //*/input[@type='TEXT']] Not interactable
[[FirefoxDriver: firefox on LINUX (bd93d6b1-e9c1-4012-a365-f8f5334e7ee5)] -> xpath: //input[@type='SUBMIT']] Not interactable
[[FirefoxDriver: firefox on LINUX (bd93d6b1-e9c1-4012-a365-f8f5334e7ee5)] -> xpath: //input[@type='SUBMIT']] Not interactable
[[FirefoxDriver: firefox on LINUX (bd93d6b1-e9c1-4012-a365-f8f5334e7ee5)] -> xpath: //input[@type='SUBMIT']] Not interactable
[[FirefoxDriver: firefox on LINUX (bd93d6b1-e9c1-4012-a365-f8f5334e7ee5)] -> xpath: //input[@type='SUBMIT']] Not interactable
[[FirefoxDriver: firefox on LINUX (bd93d6b1-e9c1-4012-a365-f8f5334e7ee5)] -> xpath: //input[@type='SUBMIT']] Not interactable
[[FirefoxDriver: firefox on LINUX (bd93d6b1-e9c1-4012-a365-f8f5334e7ee5)] -> xpath: //input[@type='SUBMIT']] Not interactable
[[FirefoxDriver: firefox on LINUX (bd93d6b1-e9c1-4012-a365-f8f5334e7ee5)] -> xpath: //input[@type='SUBMIT']] Not interactable
[[FirefoxDriver: firefox on LINUX (bd93d6b1-e9c1-4012-a365-f8f5334e7ee5)] -> xpath: //input[@type='SUBMIT']] Not interactable
[[FirefoxDriver: firefox on LINUX (bd93d6b1-e9c1-4012-a365-f8f5334e7ee5)] -> xpath: //*/input[@type='TEXT']] Not interactable
[[FirefoxDriver: firefox on LINUX (bd93d6b1-e9c1-4012-a365-f8f5334e7ee5)] -> xpath: //*/input[@type='TEXT']] Not interactable
[[FirefoxDriver: firefox on LINUX (bd93d6b1-e9c1-4012-a365-f8f5334e7ee5)] -> xpath: //*/input[@type='TEXT']] Not interactable
[[FirefoxDriver: firefox on LINUX (bd93d6b1-e9c1-4012-a365-f8f5334e7ee5)] -> xpath: //input[@type='SUBMIT']] Not interactable
[[FirefoxDriver: firefox on LINUX (bd93d6b1-e9c1-4012-a365-f8f5334e7ee5)] -> xpath: //input[@type='SUBMIT']] Not interactable
[[FirefoxDriver: firefox on LINUX (bd93d6b1-e9c1-4012-a365-f8f5334e7ee5)] -> xpath: //input[@type='SUBMIT']] Not interactable
[[FirefoxDriver: firefox on LINUX (bd93d6b1-e9c1-4012-a365-f8f5334e7ee5)] -> xpath: //input[@type='SUBMIT']] Not interactable
[[FirefoxDriver: firefox on LINUX (bd93d6b1-e9c1-4012-a365-f8f5334e7ee5)] -> xpath: //input[@type='SUBMIT']] Not interactable
[[FirefoxDriver: firefox on LINUX (bd93d6b1-e9c1-4012-a365-f8f5334e7ee5)] -> xpath: //input[@type='SUBMIT']] Not interactable
[[FirefoxDriver: firefox on LINUX (bd93d6b1-e9c1-4012-a365-f8f5334e7ee5)] -> xpath: //input[@type='SUBMIT']] Not interactable
[[FirefoxDriver: firefox on LINUX (bd93d6b1-e9c1-4012-a365-f8f5334e7ee5)] -> xpath: //input[@type='SUBMIT']] Not interactable
[[FirefoxDriver: firefox on LINUX (bd93d6b1-e9c1-4012-a365-f8f5334e7ee5)] -> xpath: //*/input[@type='TEXT']] Not interactable
[[FirefoxDriver: firefox on LINUX (bd93d6b1-e9c1-4012-a365-f8f5334e7ee5)] -> xpath: //*/input[@type='TEXT']] Not interactable
[[FirefoxDriver: firefox on LINUX (bd93d6b1-e9c1-4012-a365-f8f5334e7ee5)] -> xpath: //*/input[@type='TEXT']] Not interactable
[[FirefoxDriver: firefox on LINUX (bd93d6b1-e9c1-4012-a365-f8f5334e7ee5)] -> xpath: //input[@type='SUBMIT']] Not interactable
[[FirefoxDriver: firefox on LINUX (bd93d6b1-e9c1-4012-a365-f8f5334e7ee5)] -> xpath: //input[@type='SUBMIT']] Not interactable
[[FirefoxDriver: firefox on LINUX (bd93d6b1-e9c1-4012-a365-f8f5334e7ee5)] -> xpath: //input[@type='SUBMIT']] Not interactable
[[FirefoxDriver: firefox on LINUX (bd93d6b1-e9c1-4012-a365-f8f5334e7ee5)] -> xpath: //input[@type='SUBMIT']] Not interactable
[[FirefoxDriver: firefox on LINUX (bd93d6b1-e9c1-4012-a365-f8f5334e7ee5)] -> xpath: //input[@type='SUBMIT']] Not interactable
[[FirefoxDriver: firefox on LINUX (bd93d6b1-e9c1-4012-a365-f8f5334e7ee5)] -> xpath: //input[@type='SUBMIT']] Not interactable
[[FirefoxDriver: firefox on LINUX (bd93d6b1-e9c1-4012-a365-f8f5334e7ee5)] -> xpath: //input[@type='SUBMIT']] Not interactable
[[FirefoxDriver: firefox on LINUX (bd93d6b1-e9c1-4012-a365-f8f5334e7ee5)] -> xpath: //input[@type='SUBMIT']] Not interactable
[[FirefoxDriver: firefox on LINUX (bd93d6b1-e9c1-4012-a365-f8f5334e7ee5)] -> xpath: //*/input[@type='TEXT']] Not interactable
[[FirefoxDriver: firefox on LINUX (bd93d6b1-e9c1-4012-a365-f8f5334e7ee5)] -> xpath: //*/input[@type='TEXT']] Not interactable
[[FirefoxDriver: firefox on LINUX (bd93d6b1-e9c1-4012-a365-f8f5334e7ee5)] -> xpath: //*/input[@type='TEXT']] Not interactable
[[FirefoxDriver: firefox on LINUX (bd93d6b1-e9c1-4012-a365-f8f5334e7ee5)] -> xpath: //input[@type='SUBMIT']] Not interactable
[[FirefoxDriver: firefox on LINUX (bd93d6b1-e9c1-4012-a365-f8f5334e7ee5)] -> xpath: //input[@type='SUBMIT']] Not interactable
[[FirefoxDriver: firefox on LINUX (bd93d6b1-e9c1-4012-a365-f8f5334e7ee5)] -> xpath: //input[@type='SUBMIT']] Not interactable
[[FirefoxDriver: firefox on LINUX (bd93d6b1-e9c1-4012-a365-f8f5334e7ee5)] -> xpath: //input[@type='SUBMIT']] Not interactable
[[FirefoxDriver: firefox on LINUX (bd93d6b1-e9c1-4012-a365-f8f5334e7ee5)] -> xpath: //input[@type='SUBMIT']] Not interactable
[[FirefoxDriver: firefox on LINUX (bd93d6b1-e9c1-4012-a365-f8f5334e7ee5)] -> xpath: //input[@type='SUBMIT']] Not interactable
[[FirefoxDriver: firefox on LINUX (bd93d6b1-e9c1-4012-a365-f8f5334e7ee5)] -> xpath: //input[@type='SUBMIT']] Not interactable
[[FirefoxDriver: firefox on LINUX (bd93d6b1-e9c1-4012-a365-f8f5334e7ee5)] -> xpath: //input[@type='SUBMIT']] Not interactable
[[FirefoxDriver: firefox on LINUX (bd93d6b1-e9c1-4012-a365-f8f5334e7ee5)] -> xpath: //*/input[@type='TEXT']] Not interactable
[[FirefoxDriver: firefox on LINUX (bd93d6b1-e9c1-4012-a365-f8f5334e7ee5)] -> xpath: //*/input[@type='TEXT']] Not interactable
[[FirefoxDriver: firefox on LINUX (bd93d6b1-e9c1-4012-a365-f8f5334e7ee5)] -> xpath: //*/input[@type='TEXT']] Not interactable
[[FirefoxDriver: firefox on LINUX (bd93d6b1-e9c1-4012-a365-f8f5334e7ee5)] -> xpath: //input[@type='SUBMIT']] Not interactable
[[FirefoxDriver: firefox on LINUX (bd93d6b1-e9c1-4012-a365-f8f5334e7ee5)] -> xpath: //input[@type='SUBMIT']] Not interactable
[[FirefoxDriver: firefox on LINUX (bd93d6b1-e9c1-4012-a365-f8f5334e7ee5)] -> xpath: //input[@type='SUBMIT']] Not interactable
[[FirefoxDriver: firefox on LINUX (bd93d6b1-e9c1-4012-a365-f8f5334e7ee5)] -> xpath: //input[@type='SUBMIT']] Not interactable
[[FirefoxDriver: firefox on LINUX (bd93d6b1-e9c1-4012-a365-f8f5334e7ee5)] -> xpath: //input[@type='SUBMIT']] Not interactable
[[FirefoxDriver: firefox on LINUX (bd93d6b1-e9c1-4012-a365-f8f5334e7ee5)] -> xpath: //input[@type='SUBMIT']] Not interactable
[[FirefoxDriver: firefox on LINUX (bd93d6b1-e9c1-4012-a365-f8f5334e7ee5)] -> xpath: //input[@type='SUBMIT']] Not interactable
[[FirefoxDriver: firefox on LINUX (bd93d6b1-e9c1-4012-a365-f8f5334e7ee5)] -> xpath: //input[@type='SUBMIT']] Not interactable
[[FirefoxDriver: firefox on LINUX (bd93d6b1-e9c1-4012-a365-f8f5334e7ee5)] -> xpath: //*/input[@type='TEXT']] Not interactable
[[FirefoxDriver: firefox on LINUX (bd93d6b1-e9c1-4012-a365-f8f5334e7ee5)] -> xpath: //*/input[@type='TEXT']] Not interactable
[[FirefoxDriver: firefox on LINUX (bd93d6b1-e9c1-4012-a365-f8f5334e7ee5)] -> xpath: //*/input[@type='TEXT']] Not interactable
[[FirefoxDriver: firefox on LINUX (bd93d6b1-e9c1-4012-a365-f8f5334e7ee5)] -> xpath: //input[@type='SUBMIT']] Not interactable
[[FirefoxDriver: firefox on LINUX (bd93d6b1-e9c1-4012-a365-f8f5334e7ee5)] -> xpath: //input[@type='SUBMIT']] Not interactable
[[FirefoxDriver: firefox on LINUX (bd93d6b1-e9c1-4012-a365-f8f5334e7ee5)] -> xpath: //input[@type='SUBMIT']] Not interactable
[[FirefoxDriver: firefox on LINUX (bd93d6b1-e9c1-4012-a365-f8f5334e7ee5)] -> xpath: //input[@type='SUBMIT']] Not interactable
[[FirefoxDriver: firefox on LINUX (bd93d6b1-e9c1-4012-a365-f8f5334e7ee5)] -> xpath: //input[@type='SUBMIT']] Not interactable
[[FirefoxDriver: firefox on LINUX (bd93d6b1-e9c1-4012-a365-f8f5334e7ee5)] -> xpath: //input[@type='SUBMIT']] Not interactable
[[FirefoxDriver: firefox on LINUX (bd93d6b1-e9c1-4012-a365-f8f5334e7ee5)] -> xpath: //input[@type='SUBMIT']] Not interactable
[[FirefoxDriver: firefox on LINUX (bd93d6b1-e9c1-4012-a365-f8f5334e7ee5)] -> xpath: //input[@type='SUBMIT']] Not interactable
[[FirefoxDriver: firefox on LINUX (bd93d6b1-e9c1-4012-a365-f8f5334e7ee5)] -> xpath: //*/input[@type='TEXT']] Not interactable
[[FirefoxDriver: firefox on LINUX (bd93d6b1-e9c1-4012-a365-f8f5334e7ee5)] -> xpath: //*/input[@type='TEXT']] Not interactable
[[FirefoxDriver: firefox on LINUX (bd93d6b1-e9c1-4012-a365-f8f5334e7ee5)] -> xpath: //*/input[@type='TEXT']] Not interactable
[[FirefoxDriver: firefox on LINUX (bd93d6b1-e9c1-4012-a365-f8f5334e7ee5)] -> xpath: //input[@type='SUBMIT']] Not interactable
[[FirefoxDriver: firefox on LINUX (bd93d6b1-e9c1-4012-a365-f8f5334e7ee5)] -> xpath: //input[@type='SUBMIT']] Not interactable
[[FirefoxDriver: firefox on LINUX (bd93d6b1-e9c1-4012-a365-f8f5334e7ee5)] -> xpath: //input[@type='SUBMIT']] Not interactable
[[FirefoxDriver: firefox on LINUX (bd93d6b1-e9c1-4012-a365-f8f5334e7ee5)] -> xpath: //input[@type='SUBMIT']] Not interactable
[[FirefoxDriver: firefox on LINUX (bd93d6b1-e9c1-4012-a365-f8f5334e7ee5)] -> xpath: //input[@type='SUBMIT']] Not interactable
[[FirefoxDriver: firefox on LINUX (bd93d6b1-e9c1-4012-a365-f8f5334e7ee5)] -> xpath: //input[@type='SUBMIT']] Not interactable
[[FirefoxDriver: firefox on LINUX (bd93d6b1-e9c1-4012-a365-f8f5334e7ee5)] -> xpath: //input[@type='SUBMIT']] Not interactable
[[FirefoxDriver: firefox on LINUX (bd93d6b1-e9c1-4012-a365-f8f5334e7ee5)] -> xpath: //input[@type='SUBMIT']] Not interactable
[[FirefoxDriver: firefox on LINUX (bd93d6b1-e9c1-4012-a365-f8f5334e7ee5)] -> xpath: //*/input[@type='TEXT']] Not interactable
[[FirefoxDriver: firefox on LINUX (bd93d6b1-e9c1-4012-a365-f8f5334e7ee5)] -> xpath: //*/input[@type='TEXT']] Not interactable
[[FirefoxDriver: firefox on LINUX (bd93d6b1-e9c1-4012-a365-f8f5334e7ee5)] -> xpath: //*/input[@type='TEXT']] Not interactable
[[FirefoxDriver: firefox on LINUX (bd93d6b1-e9c1-4012-a365-f8f5334e7ee5)] -> xpath: //input[@type='SUBMIT']] Not interactable
[[FirefoxDriver: firefox on LINUX (bd93d6b1-e9c1-4012-a365-f8f5334e7ee5)] -> xpath: //input[@type='SUBMIT']] Not interactable
[[FirefoxDriver: firefox on LINUX (bd93d6b1-e9c1-4012-a365-f8f5334e7ee5)] -> xpath: //input[@type='SUBMIT']] Not interactable
[[FirefoxDriver: firefox on LINUX (bd93d6b1-e9c1-4012-a365-f8f5334e7ee5)] -> xpath: //input[@type='SUBMIT']] Not interactable
[[FirefoxDriver: firefox on LINUX (bd93d6b1-e9c1-4012-a365-f8f5334e7ee5)] -> xpath: //input[@type='SUBMIT']] Not interactable
[[FirefoxDriver: firefox on LINUX (bd93d6b1-e9c1-4012-a365-f8f5334e7ee5)] -> xpath: //input[@type='SUBMIT']] Not interactable
[[FirefoxDriver: firefox on LINUX (bd93d6b1-e9c1-4012-a365-f8f5334e7ee5)] -> xpath: //input[@type='SUBMIT']] Not interactable
[[FirefoxDriver: firefox on LINUX (bd93d6b1-e9c1-4012-a365-f8f5334e7ee5)] -> xpath: //input[@type='SUBMIT']] Not interactable
[[FirefoxDriver: firefox on LINUX (bd93d6b1-e9c1-4012-a365-f8f5334e7ee5)] -> xpath: //*/input[@type='TEXT']] Not interactable
[[FirefoxDriver: firefox on LINUX (bd93d6b1-e9c1-4012-a365-f8f5334e7ee5)] -> xpath: //*/input[@type='TEXT']] Not interactable
[[FirefoxDriver: firefox on LINUX (bd93d6b1-e9c1-4012-a365-f8f5334e7ee5)] -> xpath: //*/input[@type='TEXT']] Not interactable
[[FirefoxDriver: firefox on LINUX (bd93d6b1-e9c1-4012-a365-f8f5334e7ee5)] -> xpath: //input[@type='SUBMIT']] Not interactable
[[FirefoxDriver: firefox on LINUX (bd93d6b1-e9c1-4012-a365-f8f5334e7ee5)] -> xpath: //input[@type='SUBMIT']] Not interactable
[[FirefoxDriver: firefox on LINUX (bd93d6b1-e9c1-4012-a365-f8f5334e7ee5)] -> xpath: //input[@type='SUBMIT']] Not interactable
[[FirefoxDriver: firefox on LINUX (bd93d6b1-e9c1-4012-a365-f8f5334e7ee5)] -> xpath: //input[@type='SUBMIT']] Not interactable
[[FirefoxDriver: firefox on LINUX (bd93d6b1-e9c1-4012-a365-f8f5334e7ee5)] -> xpath: //input[@type='SUBMIT']] Not interactable
[[FirefoxDriver: firefox on LINUX (bd93d6b1-e9c1-4012-a365-f8f5334e7ee5)] -> xpath: //input[@type='SUBMIT']] Not interactable
[[FirefoxDriver: firefox on LINUX (bd93d6b1-e9c1-4012-a365-f8f5334e7ee5)] -> xpath: //input[@type='SUBMIT']] Not interactable
[[FirefoxDriver: firefox on LINUX (bd93d6b1-e9c1-4012-a365-f8f5334e7ee5)] -> xpath: //input[@type='SUBMIT']] Not interactable
[[FirefoxDriver: firefox on LINUX (bd93d6b1-e9c1-4012-a365-f8f5334e7ee5)] -> xpath: //*/input[@type='TEXT']] Not interactable
[[FirefoxDriver: firefox on LINUX (bd93d6b1-e9c1-4012-a365-f8f5334e7ee5)] -> xpath: //*/input[@type='TEXT']] Not interactable
[[FirefoxDriver: firefox on LINUX (bd93d6b1-e9c1-4012-a365-f8f5334e7ee5)] -> xpath: //*/input[@type='TEXT']] Not interactable
[[FirefoxDriver: firefox on LINUX (bd93d6b1-e9c1-4012-a365-f8f5334e7ee5)] -> xpath: //input[@type='SUBMIT']] Not interactable
[[FirefoxDriver: firefox on LINUX (bd93d6b1-e9c1-4012-a365-f8f5334e7ee5)] -> xpath: //input[@type='SUBMIT']] Not interactable
[[FirefoxDriver: firefox on LINUX (bd93d6b1-e9c1-4012-a365-f8f5334e7ee5)] -> xpath: //input[@type='SUBMIT']] Not interactable
[[FirefoxDriver: firefox on LINUX (bd93d6b1-e9c1-4012-a365-f8f5334e7ee5)] -> xpath: //input[@type='SUBMIT']] Not interactable
[[FirefoxDriver: firefox on LINUX (bd93d6b1-e9c1-4012-a365-f8f5334e7ee5)] -> xpath: //input[@type='SUBMIT']] Not interactable
[[FirefoxDriver: firefox on LINUX (bd93d6b1-e9c1-4012-a365-f8f5334e7ee5)] -> xpath: //input[@type='SUBMIT']] Not interactable
[[FirefoxDriver: firefox on LINUX (bd93d6b1-e9c1-4012-a365-f8f5334e7ee5)] -> xpath: //input[@type='SUBMIT']] Not interactable
[[FirefoxDriver: firefox on LINUX (bd93d6b1-e9c1-4012-a365-f8f5334e7ee5)] -> xpath: //input[@type='SUBMIT']] Not interactable
[[FirefoxDriver: firefox on LINUX (bd93d6b1-e9c1-4012-a365-f8f5334e7ee5)] -> xpath: //*/input[@type='TEXT']] Not interactable
[[FirefoxDriver: firefox on LINUX (bd93d6b1-e9c1-4012-a365-f8f5334e7ee5)] -> xpath: //*/input[@type='TEXT']] Not interactable
[[FirefoxDriver: firefox on LINUX (bd93d6b1-e9c1-4012-a365-f8f5334e7ee5)] -> xpath: //*/input[@type='TEXT']] Not interactable
[[FirefoxDriver: firefox on LINUX (bd93d6b1-e9c1-4012-a365-f8f5334e7ee5)] -> xpath: //input[@type='SUBMIT']] Not interactable
[[FirefoxDriver: firefox on LINUX (bd93d6b1-e9c1-4012-a365-f8f5334e7ee5)] -> xpath: //input[@type='SUBMIT']] Not interactable
[[FirefoxDriver: firefox on LINUX (bd93d6b1-e9c1-4012-a365-f8f5334e7ee5)] -> xpath: //input[@type='SUBMIT']] Not interactable
[[FirefoxDriver: firefox on LINUX (bd93d6b1-e9c1-4012-a365-f8f5334e7ee5)] -> xpath: //input[@type='SUBMIT']] Not interactable
[[FirefoxDriver: firefox on LINUX (bd93d6b1-e9c1-4012-a365-f8f5334e7ee5)] -> xpath: //input[@type='SUBMIT']] Not interactable
[[FirefoxDriver: firefox on LINUX (bd93d6b1-e9c1-4012-a365-f8f5334e7ee5)] -> xpath: //input[@type='SUBMIT']] Not interactable
[[FirefoxDriver: firefox on LINUX (bd93d6b1-e9c1-4012-a365-f8f5334e7ee5)] -> xpath: //input[@type='SUBMIT']] Not interactable
[[FirefoxDriver: firefox on LINUX (bd93d6b1-e9c1-4012-a365-f8f5334e7ee5)] -> xpath: //input[@type='SUBMIT']] Not interactable
[[FirefoxDriver: firefox on LINUX (bd93d6b1-e9c1-4012-a365-f8f5334e7ee5)] -> xpath: //*/input[@type='TEXT']] Not interactable
[[FirefoxDriver: firefox on LINUX (bd93d6b1-e9c1-4012-a365-f8f5334e7ee5)] -> xpath: //*/input[@type='TEXT']] Not interactable
[[FirefoxDriver: firefox on LINUX (bd93d6b1-e9c1-4012-a365-f8f5334e7ee5)] -> xpath: //*/input[@type='TEXT']] Not interactable
[[FirefoxDriver: firefox on LINUX (bd93d6b1-e9c1-4012-a365-f8f5334e7ee5)] -> xpath: //input[@type='SUBMIT']] Not interactable
[[FirefoxDriver: firefox on LINUX (bd93d6b1-e9c1-4012-a365-f8f5334e7ee5)] -> xpath: //input[@type='SUBMIT']] Not interactable
[[FirefoxDriver: firefox on LINUX (bd93d6b1-e9c1-4012-a365-f8f5334e7ee5)] -> xpath: //input[@type='SUBMIT']] Not interactable
[[FirefoxDriver: firefox on LINUX (bd93d6b1-e9c1-4012-a365-f8f5334e7ee5)] -> xpath: //input[@type='SUBMIT']] Not interactable
[[FirefoxDriver: firefox on LINUX (bd93d6b1-e9c1-4012-a365-f8f5334e7ee5)] -> xpath: //input[@type='SUBMIT']] Not interactable
[[FirefoxDriver: firefox on LINUX (bd93d6b1-e9c1-4012-a365-f8f5334e7ee5)] -> xpath: //input[@type='SUBMIT']] Not interactable
[[FirefoxDriver: firefox on LINUX (bd93d6b1-e9c1-4012-a365-f8f5334e7ee5)] -> xpath: //input[@type='SUBMIT']] Not interactable
[[FirefoxDriver: firefox on LINUX (bd93d6b1-e9c1-4012-a365-f8f5334e7ee5)] -> xpath: //input[@type='SUBMIT']] Not interactable
[[FirefoxDriver: firefox on LINUX (bd93d6b1-e9c1-4012-a365-f8f5334e7ee5)] -> xpath: //*/input[@type='TEXT']] Not interactable
[[FirefoxDriver: firefox on LINUX (bd93d6b1-e9c1-4012-a365-f8f5334e7ee5)] -> xpath: //*/input[@type='TEXT']] Not interactable
[[FirefoxDriver: firefox on LINUX (bd93d6b1-e9c1-4012-a365-f8f5334e7ee5)] -> xpath: //*/input[@type='TEXT']] Not interactable
[[FirefoxDriver: firefox on LINUX (bd93d6b1-e9c1-4012-a365-f8f5334e7ee5)] -> xpath: //input[@type='SUBMIT']] Not interactable
[[FirefoxDriver: firefox on LINUX (bd93d6b1-e9c1-4012-a365-f8f5334e7ee5)] -> xpath: //input[@type='SUBMIT']] Not interactable
[[FirefoxDriver: firefox on LINUX (bd93d6b1-e9c1-4012-a365-f8f5334e7ee5)] -> xpath: //input[@type='SUBMIT']] Not interactable
[[FirefoxDriver: firefox on LINUX (bd93d6b1-e9c1-4012-a365-f8f5334e7ee5)] -> xpath: //input[@type='SUBMIT']] Not interactable
[[FirefoxDriver: firefox on LINUX (bd93d6b1-e9c1-4012-a365-f8f5334e7ee5)] -> xpath: //input[@type='SUBMIT']] Not interactable
[[FirefoxDriver: firefox on LINUX (bd93d6b1-e9c1-4012-a365-f8f5334e7ee5)] -> xpath: //input[@type='SUBMIT']] Not interactable
[[FirefoxDriver: firefox on LINUX (bd93d6b1-e9c1-4012-a365-f8f5334e7ee5)] -> xpath: //input[@type='SUBMIT']] Not interactable
[[FirefoxDriver: firefox on LINUX (bd93d6b1-e9c1-4012-a365-f8f5334e7ee5)] -> xpath: //input[@type='SUBMIT']] Not interactable
[[FirefoxDriver: firefox on LINUX (bd93d6b1-e9c1-4012-a365-f8f5334e7ee5)] -> xpath: //*/input[@type='TEXT']] Not interactable
[[FirefoxDriver: firefox on LINUX (bd93d6b1-e9c1-4012-a365-f8f5334e7ee5)] -> xpath: //*/input[@type='TEXT']] Not interactable
[[FirefoxDriver: firefox on LINUX (bd93d6b1-e9c1-4012-a365-f8f5334e7ee5)] -> xpath: //*/input[@type='TEXT']] Not interactable
[[FirefoxDriver: firefox on LINUX (bd93d6b1-e9c1-4012-a365-f8f5334e7ee5)] -> xpath: //input[@type='SUBMIT']] Not interactable
[[FirefoxDriver: firefox on LINUX (bd93d6b1-e9c1-4012-a365-f8f5334e7ee5)] -> xpath: //input[@type='SUBMIT']] Not interactable
[[FirefoxDriver: firefox on LINUX (bd93d6b1-e9c1-4012-a365-f8f5334e7ee5)] -> xpath: //input[@type='SUBMIT']] Not interactable
[[FirefoxDriver: firefox on LINUX (bd93d6b1-e9c1-4012-a365-f8f5334e7ee5)] -> xpath: //input[@type='SUBMIT']] Not interactable
[[FirefoxDriver: firefox on LINUX (bd93d6b1-e9c1-4012-a365-f8f5334e7ee5)] -> xpath: //input[@type='SUBMIT']] Not interactable
[[FirefoxDriver: firefox on LINUX (bd93d6b1-e9c1-4012-a365-f8f5334e7ee5)] -> xpath: //input[@type='SUBMIT']] Not interactable
[[FirefoxDriver: firefox on LINUX (bd93d6b1-e9c1-4012-a365-f8f5334e7ee5)] -> xpath: //input[@type='SUBMIT']] Not interactable
[[FirefoxDriver: firefox on LINUX (bd93d6b1-e9c1-4012-a365-f8f5334e7ee5)] -> xpath: //input[@type='SUBMIT']] Not interactable
[[FirefoxDriver: firefox on LINUX (bd93d6b1-e9c1-4012-a365-f8f5334e7ee5)] -> xpath: //*/input[@type='TEXT']] Not interactable
[[FirefoxDriver: firefox on LINUX (bd93d6b1-e9c1-4012-a365-f8f5334e7ee5)] -> xpath: //*/input[@type='TEXT']] Not interactable
[[FirefoxDriver: firefox on LINUX (bd93d6b1-e9c1-4012-a365-f8f5334e7ee5)] -> xpath: //*/input[@type='TEXT']] Not interactable
[[FirefoxDriver: firefox on LINUX (bd93d6b1-e9c1-4012-a365-f8f5334e7ee5)] -> xpath: //input[@type='SUBMIT']] Not interactable
[[FirefoxDriver: firefox on LINUX (bd93d6b1-e9c1-4012-a365-f8f5334e7ee5)] -> xpath: //input[@type='SUBMIT']] Not interactable
[[FirefoxDriver: firefox on LINUX (bd93d6b1-e9c1-4012-a365-f8f5334e7ee5)] -> xpath: //input[@type='SUBMIT']] Not interactable
[[FirefoxDriver: firefox on LINUX (bd93d6b1-e9c1-4012-a365-f8f5334e7ee5)] -> xpath: //input[@type='SUBMIT']] Not interactable
[[FirefoxDriver: firefox on LINUX (bd93d6b1-e9c1-4012-a365-f8f5334e7ee5)] -> xpath: //input[@type='SUBMIT']] Not interactable
[[FirefoxDriver: firefox on LINUX (bd93d6b1-e9c1-4012-a365-f8f5334e7ee5)] -> xpath: //input[@type='SUBMIT']] Not interactable
[[FirefoxDriver: firefox on LINUX (bd93d6b1-e9c1-4012-a365-f8f5334e7ee5)] -> xpath: //input[@type='SUBMIT']] Not interactable
[[FirefoxDriver: firefox on LINUX (bd93d6b1-e9c1-4012-a365-f8f5334e7ee5)] -> xpath: //input[@type='SUBMIT']] Not interactable
[[FirefoxDriver: firefox on LINUX (bd93d6b1-e9c1-4012-a365-f8f5334e7ee5)] -> xpath: //*/input[@type='TEXT']] Not interactable
[[FirefoxDriver: firefox on LINUX (bd93d6b1-e9c1-4012-a365-f8f5334e7ee5)] -> xpath: //*/input[@type='TEXT']] Not interactable
[[FirefoxDriver: firefox on LINUX (bd93d6b1-e9c1-4012-a365-f8f5334e7ee5)] -> xpath: //*/input[@type='TEXT']] Not interactable
[[FirefoxDriver: firefox on LINUX (bd93d6b1-e9c1-4012-a365-f8f5334e7ee5)] -> xpath: //input[@type='SUBMIT']] Not interactable
[[FirefoxDriver: firefox on LINUX (bd93d6b1-e9c1-4012-a365-f8f5334e7ee5)] -> xpath: //input[@type='SUBMIT']] Not interactable
[[FirefoxDriver: firefox on LINUX (bd93d6b1-e9c1-4012-a365-f8f5334e7ee5)] -> xpath: //input[@type='SUBMIT']] Not interactable
[[FirefoxDriver: firefox on LINUX (bd93d6b1-e9c1-4012-a365-f8f5334e7ee5)] -> xpath: //input[@type='SUBMIT']] Not interactable
[[FirefoxDriver: firefox on LINUX (bd93d6b1-e9c1-4012-a365-f8f5334e7ee5)] -> xpath: //input[@type='SUBMIT']] Not interactable
[[FirefoxDriver: firefox on LINUX (bd93d6b1-e9c1-4012-a365-f8f5334e7ee5)] -> xpath: //input[@type='SUBMIT']] Not interactable
[[FirefoxDriver: firefox on LINUX (bd93d6b1-e9c1-4012-a365-f8f5334e7ee5)] -> xpath: //input[@type='SUBMIT']] Not interactable
[[FirefoxDriver: firefox on LINUX (bd93d6b1-e9c1-4012-a365-f8f5334e7ee5)] -> xpath: //input[@type='SUBMIT']] Not interactable
[[FirefoxDriver: firefox on LINUX (bd93d6b1-e9c1-4012-a365-f8f5334e7ee5)] -> xpath: //*/input[@type='TEXT']] Not interactable
[[FirefoxDriver: firefox on LINUX (bd93d6b1-e9c1-4012-a365-f8f5334e7ee5)] -> xpath: //*/input[@type='TEXT']] Not interactable
[[FirefoxDriver: firefox on LINUX (bd93d6b1-e9c1-4012-a365-f8f5334e7ee5)] -> xpath: //*/input[@type='TEXT']] Not interactable
[[FirefoxDriver: firefox on LINUX (bd93d6b1-e9c1-4012-a365-f8f5334e7ee5)] -> xpath: //input[@type='SUBMIT']] Not interactable
[[FirefoxDriver: firefox on LINUX (bd93d6b1-e9c1-4012-a365-f8f5334e7ee5)] -> xpath: //input[@type='SUBMIT']] Not interactable
[[FirefoxDriver: firefox on LINUX (bd93d6b1-e9c1-4012-a365-f8f5334e7ee5)] -> xpath: //input[@type='SUBMIT']] Not interactable
[[FirefoxDriver: firefox on LINUX (bd93d6b1-e9c1-4012-a365-f8f5334e7ee5)] -> xpath: //input[@type='SUBMIT']] Not interactable
[[FirefoxDriver: firefox on LINUX (bd93d6b1-e9c1-4012-a365-f8f5334e7ee5)] -> xpath: //input[@type='SUBMIT']] Not interactable
[[FirefoxDriver: firefox on LINUX (bd93d6b1-e9c1-4012-a365-f8f5334e7ee5)] -> xpath: //input[@type='SUBMIT']] Not interactable
[[FirefoxDriver: firefox on LINUX (bd93d6b1-e9c1-4012-a365-f8f5334e7ee5)] -> xpath: //input[@type='SUBMIT']] Not interactable
[[FirefoxDriver: firefox on LINUX (bd93d6b1-e9c1-4012-a365-f8f5334e7ee5)] -> xpath: //input[@type='SUBMIT']] Not interactable
[[FirefoxDriver: firefox on LINUX (bd93d6b1-e9c1-4012-a365-f8f5334e7ee5)] -> xpath: //*/input[@type='TEXT']] Not interactable
[[FirefoxDriver: firefox on LINUX (bd93d6b1-e9c1-4012-a365-f8f5334e7ee5)] -> xpath: //*/input[@type='TEXT']] Not interactable
[[FirefoxDriver: firefox on LINUX (bd93d6b1-e9c1-4012-a365-f8f5334e7ee5)] -> xpath: //*/input[@type='TEXT']] Not interactable
[[FirefoxDriver: firefox on LINUX (bd93d6b1-e9c1-4012-a365-f8f5334e7ee5)] -> xpath: //input[@type='SUBMIT']] Not interactable
[[FirefoxDriver: firefox on LINUX (bd93d6b1-e9c1-4012-a365-f8f5334e7ee5)] -> xpath: //input[@type='SUBMIT']] Not interactable
[[FirefoxDriver: firefox on LINUX (bd93d6b1-e9c1-4012-a365-f8f5334e7ee5)] -> xpath: //input[@type='SUBMIT']] Not interactable
[[FirefoxDriver: firefox on LINUX (bd93d6b1-e9c1-4012-a365-f8f5334e7ee5)] -> xpath: //input[@type='SUBMIT']] Not interactable
[[FirefoxDriver: firefox on LINUX (bd93d6b1-e9c1-4012-a365-f8f5334e7ee5)] -> xpath: //input[@type='SUBMIT']] Not interactable
[[FirefoxDriver: firefox on LINUX (bd93d6b1-e9c1-4012-a365-f8f5334e7ee5)] -> xpath: //input[@type='SUBMIT']] Not interactable
[[FirefoxDriver: firefox on LINUX (bd93d6b1-e9c1-4012-a365-f8f5334e7ee5)] -> xpath: //input[@type='SUBMIT']] Not interactable
[[FirefoxDriver: firefox on LINUX (bd93d6b1-e9c1-4012-a365-f8f5334e7ee5)] -> xpath: //input[@type='SUBMIT']] Not interactable
[[FirefoxDriver: firefox on LINUX (bd93d6b1-e9c1-4012-a365-f8f5334e7ee5)] -> xpath: //*/input[@type='TEXT']] Not interactable
[[FirefoxDriver: firefox on LINUX (bd93d6b1-e9c1-4012-a365-f8f5334e7ee5)] -> xpath: //*/input[@type='TEXT']] Not interactable
[[FirefoxDriver: firefox on LINUX (bd93d6b1-e9c1-4012-a365-f8f5334e7ee5)] -> xpath: //*/input[@type='TEXT']] Not interactable
[[FirefoxDriver: firefox on LINUX (bd93d6b1-e9c1-4012-a365-f8f5334e7ee5)] -> xpath: //input[@type='SUBMIT']] Not interactable
[[FirefoxDriver: firefox on LINUX (bd93d6b1-e9c1-4012-a365-f8f5334e7ee5)] -> xpath: //input[@type='SUBMIT']] Not interactable
[[FirefoxDriver: firefox on LINUX (bd93d6b1-e9c1-4012-a365-f8f5334e7ee5)] -> xpath: //input[@type='SUBMIT']] Not interactable
[[FirefoxDriver: firefox on LINUX (bd93d6b1-e9c1-4012-a365-f8f5334e7ee5)] -> xpath: //input[@type='SUBMIT']] Not interactable
[[FirefoxDriver: firefox on LINUX (bd93d6b1-e9c1-4012-a365-f8f5334e7ee5)] -> xpath: //input[@type='SUBMIT']] Not interactable
[[FirefoxDriver: firefox on LINUX (bd93d6b1-e9c1-4012-a365-f8f5334e7ee5)] -> xpath: //input[@type='SUBMIT']] Not interactable
[[FirefoxDriver: firefox on LINUX (bd93d6b1-e9c1-4012-a365-f8f5334e7ee5)] -> xpath: //input[@type='SUBMIT']] Not interactable
[[FirefoxDriver: firefox on LINUX (bd93d6b1-e9c1-4012-a365-f8f5334e7ee5)] -> xpath: //input[@type='SUBMIT']] Not interactable
[[FirefoxDriver: firefox on LINUX (bd93d6b1-e9c1-4012-a365-f8f5334e7ee5)] -> xpath: //*/input[@type='TEXT']] Not interactable
[[FirefoxDriver: firefox on LINUX (bd93d6b1-e9c1-4012-a365-f8f5334e7ee5)] -> xpath: //*/input[@type='TEXT']] Not interactable
[[FirefoxDriver: firefox on LINUX (bd93d6b1-e9c1-4012-a365-f8f5334e7ee5)] -> xpath: //*/input[@type='TEXT']] Not interactable
[[FirefoxDriver: firefox on LINUX (bd93d6b1-e9c1-4012-a365-f8f5334e7ee5)] -> xpath: //input[@type='SUBMIT']] Not interactable
[[FirefoxDriver: firefox on LINUX (bd93d6b1-e9c1-4012-a365-f8f5334e7ee5)] -> xpath: //input[@type='SUBMIT']] Not interactable
[[FirefoxDriver: firefox on LINUX (bd93d6b1-e9c1-4012-a365-f8f5334e7ee5)] -> xpath: //input[@type='SUBMIT']] Not interactable
[[FirefoxDriver: firefox on LINUX (bd93d6b1-e9c1-4012-a365-f8f5334e7ee5)] -> xpath: //input[@type='SUBMIT']] Not interactable
[[FirefoxDriver: firefox on LINUX (bd93d6b1-e9c1-4012-a365-f8f5334e7ee5)] -> xpath: //input[@type='SUBMIT']] Not interactable
[[FirefoxDriver: firefox on LINUX (bd93d6b1-e9c1-4012-a365-f8f5334e7ee5)] -> xpath: //input[@type='SUBMIT']] Not interactable
[[FirefoxDriver: firefox on LINUX (bd93d6b1-e9c1-4012-a365-f8f5334e7ee5)] -> xpath: //input[@type='SUBMIT']] Not interactable
[[FirefoxDriver: firefox on LINUX (bd93d6b1-e9c1-4012-a365-f8f5334e7ee5)] -> xpath: //input[@type='SUBMIT']] Not interactable
[[FirefoxDriver: firefox on LINUX (bd93d6b1-e9c1-4012-a365-f8f5334e7ee5)] -> xpath: //*/input[@type='TEXT']] Not interactable
[[FirefoxDriver: firefox on LINUX (bd93d6b1-e9c1-4012-a365-f8f5334e7ee5)] -> xpath: //*/input[@type='TEXT']] Not interactable
[[FirefoxDriver: firefox on LINUX (bd93d6b1-e9c1-4012-a365-f8f5334e7ee5)] -> xpath: //*/input[@type='TEXT']] Not interactable
[[FirefoxDriver: firefox on LINUX (bd93d6b1-e9c1-4012-a365-f8f5334e7ee5)] -> xpath: //input[@type='SUBMIT']] Not interactable
[[FirefoxDriver: firefox on LINUX (bd93d6b1-e9c1-4012-a365-f8f5334e7ee5)] -> xpath: //input[@type='SUBMIT']] Not interactable
[[FirefoxDriver: firefox on LINUX (bd93d6b1-e9c1-4012-a365-f8f5334e7ee5)] -> xpath: //input[@type='SUBMIT']] Not interactable
[[FirefoxDriver: firefox on LINUX (bd93d6b1-e9c1-4012-a365-f8f5334e7ee5)] -> xpath: //input[@type='SUBMIT']] Not interactable
[[FirefoxDriver: firefox on LINUX (bd93d6b1-e9c1-4012-a365-f8f5334e7ee5)] -> xpath: //input[@type='SUBMIT']] Not interactable
[[FirefoxDriver: firefox on LINUX (bd93d6b1-e9c1-4012-a365-f8f5334e7ee5)] -> xpath: //input[@type='SUBMIT']] Not interactable
[[FirefoxDriver: firefox on LINUX (bd93d6b1-e9c1-4012-a365-f8f5334e7ee5)] -> xpath: //input[@type='SUBMIT']] Not interactable
[[FirefoxDriver: firefox on LINUX (bd93d6b1-e9c1-4012-a365-f8f5334e7ee5)] -> xpath: //input[@type='SUBMIT']] Not interactable
[[FirefoxDriver: firefox on LINUX (bd93d6b1-e9c1-4012-a365-f8f5334e7ee5)] -> xpath: //*/input[@type='TEXT']] Not interactable
[[FirefoxDriver: firefox on LINUX (bd93d6b1-e9c1-4012-a365-f8f5334e7ee5)] -> xpath: //*/input[@type='TEXT']] Not interactable
[[FirefoxDriver: firefox on LINUX (bd93d6b1-e9c1-4012-a365-f8f5334e7ee5)] -> xpath: //*/input[@type='TEXT']] Not interactable
[[FirefoxDriver: firefox on LINUX (bd93d6b1-e9c1-4012-a365-f8f5334e7ee5)] -> xpath: //input[@type='SUBMIT']] Not interactable
[[FirefoxDriver: firefox on LINUX (bd93d6b1-e9c1-4012-a365-f8f5334e7ee5)] -> xpath: //input[@type='SUBMIT']] Not interactable
[[FirefoxDriver: firefox on LINUX (bd93d6b1-e9c1-4012-a365-f8f5334e7ee5)] -> xpath: //input[@type='SUBMIT']] Not interactable
[[FirefoxDriver: firefox on LINUX (bd93d6b1-e9c1-4012-a365-f8f5334e7ee5)] -> xpath: //input[@type='SUBMIT']] Not interactable
[[FirefoxDriver: firefox on LINUX (bd93d6b1-e9c1-4012-a365-f8f5334e7ee5)] -> xpath: //input[@type='SUBMIT']] Not interactable
[[FirefoxDriver: firefox on LINUX (bd93d6b1-e9c1-4012-a365-f8f5334e7ee5)] -> xpath: //input[@type='SUBMIT']] Not interactable
[[FirefoxDriver: firefox on LINUX (bd93d6b1-e9c1-4012-a365-f8f5334e7ee5)] -> xpath: //input[@type='SUBMIT']] Not interactable
[[FirefoxDriver: firefox on LINUX (bd93d6b1-e9c1-4012-a365-f8f5334e7ee5)] -> xpath: //input[@type='SUBMIT']] Not interactable
[[FirefoxDriver: firefox on LINUX (bd93d6b1-e9c1-4012-a365-f8f5334e7ee5)] -> xpath: //*/input[@type='TEXT']] Not interactable
[[FirefoxDriver: firefox on LINUX (bd93d6b1-e9c1-4012-a365-f8f5334e7ee5)] -> xpath: //*/input[@type='TEXT']] Not interactable
[[FirefoxDriver: firefox on LINUX (bd93d6b1-e9c1-4012-a365-f8f5334e7ee5)] -> xpath: //*/input[@type='TEXT']] Not interactable
[[FirefoxDriver: firefox on LINUX (bd93d6b1-e9c1-4012-a365-f8f5334e7ee5)] -> xpath: //input[@type='SUBMIT']] Not interactable
[[FirefoxDriver: firefox on LINUX (bd93d6b1-e9c1-4012-a365-f8f5334e7ee5)] -> xpath: //input[@type='SUBMIT']] Not interactable
[[FirefoxDriver: firefox on LINUX (bd93d6b1-e9c1-4012-a365-f8f5334e7ee5)] -> xpath: //input[@type='SUBMIT']] Not interactable
[[FirefoxDriver: firefox on LINUX (bd93d6b1-e9c1-4012-a365-f8f5334e7ee5)] -> xpath: //input[@type='SUBMIT']] Not interactable
[[FirefoxDriver: firefox on LINUX (bd93d6b1-e9c1-4012-a365-f8f5334e7ee5)] -> xpath: //input[@type='SUBMIT']] Not interactable
[[FirefoxDriver: firefox on LINUX (bd93d6b1-e9c1-4012-a365-f8f5334e7ee5)] -> xpath: //input[@type='SUBMIT']] Not interactable
[[FirefoxDriver: firefox on LINUX (bd93d6b1-e9c1-4012-a365-f8f5334e7ee5)] -> xpath: //input[@type='SUBMIT']] Not interactable
[[FirefoxDriver: firefox on LINUX (bd93d6b1-e9c1-4012-a365-f8f5334e7ee5)] -> xpath: //input[@type='SUBMIT']] Not interactable
[[FirefoxDriver: firefox on LINUX (bd93d6b1-e9c1-4012-a365-f8f5334e7ee5)] -> xpath: //*/input[@type='TEXT']] Not interactable
[[FirefoxDriver: firefox on LINUX (bd93d6b1-e9c1-4012-a365-f8f5334e7ee5)] -> xpath: //*/input[@type='TEXT']] Not interactable
[[FirefoxDriver: firefox on LINUX (bd93d6b1-e9c1-4012-a365-f8f5334e7ee5)] -> xpath: //*/input[@type='TEXT']] Not interactable
[[FirefoxDriver: firefox on LINUX (bd93d6b1-e9c1-4012-a365-f8f5334e7ee5)] -> xpath: //input[@type='SUBMIT']] Not interactable
[[FirefoxDriver: firefox on LINUX (bd93d6b1-e9c1-4012-a365-f8f5334e7ee5)] -> xpath: //input[@type='SUBMIT']] Not interactable
[[FirefoxDriver: firefox on LINUX (bd93d6b1-e9c1-4012-a365-f8f5334e7ee5)] -> xpath: //input[@type='SUBMIT']] Not interactable
[[FirefoxDriver: firefox on LINUX (bd93d6b1-e9c1-4012-a365-f8f5334e7ee5)] -> xpath: //input[@type='SUBMIT']] Not interactable
[[FirefoxDriver: firefox on LINUX (bd93d6b1-e9c1-4012-a365-f8f5334e7ee5)] -> xpath: //input[@type='SUBMIT']] Not interactable
[[FirefoxDriver: firefox on LINUX (bd93d6b1-e9c1-4012-a365-f8f5334e7ee5)] -> xpath: //input[@type='SUBMIT']] Not interactable
[[FirefoxDriver: firefox on LINUX (bd93d6b1-e9c1-4012-a365-f8f5334e7ee5)] -> xpath: //input[@type='SUBMIT']] Not interactable
[[FirefoxDriver: firefox on LINUX (bd93d6b1-e9c1-4012-a365-f8f5334e7ee5)] -> xpath: //input[@type='SUBMIT']] Not interactable
[[FirefoxDriver: firefox on LINUX (bd93d6b1-e9c1-4012-a365-f8f5334e7ee5)] -> xpath: //*/input[@type='TEXT']] Not interactable
[[FirefoxDriver: firefox on LINUX (bd93d6b1-e9c1-4012-a365-f8f5334e7ee5)] -> xpath: //*/input[@type='TEXT']] Not interactable
[[FirefoxDriver: firefox on LINUX (bd93d6b1-e9c1-4012-a365-f8f5334e7ee5)] -> xpath: //*/input[@type='TEXT']] Not interactable
[[FirefoxDriver: firefox on LINUX (bd93d6b1-e9c1-4012-a365-f8f5334e7ee5)] -> xpath: //input[@type='SUBMIT']] Not interactable
[[FirefoxDriver: firefox on LINUX (bd93d6b1-e9c1-4012-a365-f8f5334e7ee5)] -> xpath: //input[@type='SUBMIT']] Not interactable
[[FirefoxDriver: firefox on LINUX (bd93d6b1-e9c1-4012-a365-f8f5334e7ee5)] -> xpath: //input[@type='SUBMIT']] Not interactable
[[FirefoxDriver: firefox on LINUX (bd93d6b1-e9c1-4012-a365-f8f5334e7ee5)] -> xpath: //input[@type='SUBMIT']] Not interactable
[[FirefoxDriver: firefox on LINUX (bd93d6b1-e9c1-4012-a365-f8f5334e7ee5)] -> xpath: //input[@type='SUBMIT']] Not interactable
[[FirefoxDriver: firefox on LINUX (bd93d6b1-e9c1-4012-a365-f8f5334e7ee5)] -> xpath: //input[@type='SUBMIT']] Not interactable
[[FirefoxDriver: firefox on LINUX (bd93d6b1-e9c1-4012-a365-f8f5334e7ee5)] -> xpath: //input[@type='SUBMIT']] Not interactable
[[FirefoxDriver: firefox on LINUX (bd93d6b1-e9c1-4012-a365-f8f5334e7ee5)] -> xpath: //input[@type='SUBMIT']] Not interactable
[[FirefoxDriver: firefox on LINUX (bd93d6b1-e9c1-4012-a365-f8f5334e7ee5)] -> xpath: //*/input[@type='TEXT']] Not interactable
[[FirefoxDriver: firefox on LINUX (bd93d6b1-e9c1-4012-a365-f8f5334e7ee5)] -> xpath: //*/input[@type='TEXT']] Not interactable
[[FirefoxDriver: firefox on LINUX (bd93d6b1-e9c1-4012-a365-f8f5334e7ee5)] -> xpath: //*/input[@type='TEXT']] Not interactable
[[FirefoxDriver: firefox on LINUX (bd93d6b1-e9c1-4012-a365-f8f5334e7ee5)] -> xpath: //input[@type='SUBMIT']] Not interactable
[[FirefoxDriver: firefox on LINUX (bd93d6b1-e9c1-4012-a365-f8f5334e7ee5)] -> xpath: //input[@type='SUBMIT']] Not interactable
[[FirefoxDriver: firefox on LINUX (bd93d6b1-e9c1-4012-a365-f8f5334e7ee5)] -> xpath: //input[@type='SUBMIT']] Not interactable
[[FirefoxDriver: firefox on LINUX (bd93d6b1-e9c1-4012-a365-f8f5334e7ee5)] -> xpath: //input[@type='SUBMIT']] Not interactable
[[FirefoxDriver: firefox on LINUX (bd93d6b1-e9c1-4012-a365-f8f5334e7ee5)] -> xpath: //input[@type='SUBMIT']] Not interactable
[[FirefoxDriver: firefox on LINUX (bd93d6b1-e9c1-4012-a365-f8f5334e7ee5)] -> xpath: //input[@type='SUBMIT']] Not interactable
[[FirefoxDriver: firefox on LINUX (bd93d6b1-e9c1-4012-a365-f8f5334e7ee5)] -> xpath: //input[@type='SUBMIT']] Not interactable
[[FirefoxDriver: firefox on LINUX (bd93d6b1-e9c1-4012-a365-f8f5334e7ee5)] -> xpath: //input[@type='SUBMIT']] Not interactable
[[FirefoxDriver: firefox on LINUX (bd93d6b1-e9c1-4012-a365-f8f5334e7ee5)] -> xpath: //*/input[@type='TEXT']] Not interactable
[[FirefoxDriver: firefox on LINUX (bd93d6b1-e9c1-4012-a365-f8f5334e7ee5)] -> xpath: //*/input[@type='TEXT']] Not interactable
[[FirefoxDriver: firefox on LINUX (bd93d6b1-e9c1-4012-a365-f8f5334e7ee5)] -> xpath: //*/input[@type='TEXT']] Not interactable
[[FirefoxDriver: firefox on LINUX (bd93d6b1-e9c1-4012-a365-f8f5334e7ee5)] -> xpath: //input[@type='SUBMIT']] Not interactable
[[FirefoxDriver: firefox on LINUX (bd93d6b1-e9c1-4012-a365-f8f5334e7ee5)] -> xpath: //input[@type='SUBMIT']] Not interactable
[[FirefoxDriver: firefox on LINUX (bd93d6b1-e9c1-4012-a365-f8f5334e7ee5)] -> xpath: //input[@type='SUBMIT']] Not interactable
[[FirefoxDriver: firefox on LINUX (bd93d6b1-e9c1-4012-a365-f8f5334e7ee5)] -> xpath: //input[@type='SUBMIT']] Not interactable
[[FirefoxDriver: firefox on LINUX (bd93d6b1-e9c1-4012-a365-f8f5334e7ee5)] -> xpath: //input[@type='SUBMIT']] Not interactable
[[FirefoxDriver: firefox on LINUX (bd93d6b1-e9c1-4012-a365-f8f5334e7ee5)] -> xpath: //input[@type='SUBMIT']] Not interactable
[[FirefoxDriver: firefox on LINUX (bd93d6b1-e9c1-4012-a365-f8f5334e7ee5)] -> xpath: //input[@type='SUBMIT']] Not interactable
[[FirefoxDriver: firefox on LINUX (bd93d6b1-e9c1-4012-a365-f8f5334e7ee5)] -> xpath: //input[@type='SUBMIT']] Not interactable
[[FirefoxDriver: firefox on LINUX (bd93d6b1-e9c1-4012-a365-f8f5334e7ee5)] -> xpath: //*/input[@type='TEXT']] Not interactable
[[FirefoxDriver: firefox on LINUX (bd93d6b1-e9c1-4012-a365-f8f5334e7ee5)] -> xpath: //*/input[@type='TEXT']] Not interactable
[[FirefoxDriver: firefox on LINUX (bd93d6b1-e9c1-4012-a365-f8f5334e7ee5)] -> xpath: //*/input[@type='TEXT']] Not interactable
[[FirefoxDriver: firefox on LINUX (bd93d6b1-e9c1-4012-a365-f8f5334e7ee5)] -> xpath: //input[@type='SUBMIT']] Not interactable
[[FirefoxDriver: firefox on LINUX (bd93d6b1-e9c1-4012-a365-f8f5334e7ee5)] -> xpath: //input[@type='SUBMIT']] Not interactable
[[FirefoxDriver: firefox on LINUX (bd93d6b1-e9c1-4012-a365-f8f5334e7ee5)] -> xpath: //input[@type='SUBMIT']] Not interactable
[[FirefoxDriver: firefox on LINUX (bd93d6b1-e9c1-4012-a365-f8f5334e7ee5)] -> xpath: //input[@type='SUBMIT']] Not interactable
[[FirefoxDriver: firefox on LINUX (bd93d6b1-e9c1-4012-a365-f8f5334e7ee5)] -> xpath: //input[@type='SUBMIT']] Not interactable
[[FirefoxDriver: firefox on LINUX (bd93d6b1-e9c1-4012-a365-f8f5334e7ee5)] -> xpath: //input[@type='SUBMIT']] Not interactable
[[FirefoxDriver: firefox on LINUX (bd93d6b1-e9c1-4012-a365-f8f5334e7ee5)] -> xpath: //input[@type='SUBMIT']] Not interactable
[[FirefoxDriver: firefox on LINUX (bd93d6b1-e9c1-4012-a365-f8f5334e7ee5)] -> xpath: //input[@type='SUBMIT']] Not interactable
[[FirefoxDriver: firefox on LINUX (bd93d6b1-e9c1-4012-a365-f8f5334e7ee5)] -> xpath: //*/input[@type='TEXT']] Not interactable
[[FirefoxDriver: firefox on LINUX (bd93d6b1-e9c1-4012-a365-f8f5334e7ee5)] -> xpath: //*/input[@type='TEXT']] Not interactable
[[FirefoxDriver: firefox on LINUX (bd93d6b1-e9c1-4012-a365-f8f5334e7ee5)] -> xpath: //*/input[@type='TEXT']] Not interactable
[[FirefoxDriver: firefox on LINUX (bd93d6b1-e9c1-4012-a365-f8f5334e7ee5)] -> xpath: //input[@type='SUBMIT']] Not interactable
[[FirefoxDriver: firefox on LINUX (bd93d6b1-e9c1-4012-a365-f8f5334e7ee5)] -> xpath: //input[@type='SUBMIT']] Not interactable
[[FirefoxDriver: firefox on LINUX (bd93d6b1-e9c1-4012-a365-f8f5334e7ee5)] -> xpath: //input[@type='SUBMIT']] Not interactable
[[FirefoxDriver: firefox on LINUX (bd93d6b1-e9c1-4012-a365-f8f5334e7ee5)] -> xpath: //input[@type='SUBMIT']] Not interactable
[[FirefoxDriver: firefox on LINUX (bd93d6b1-e9c1-4012-a365-f8f5334e7ee5)] -> xpath: //input[@type='SUBMIT']] Not interactable
[[FirefoxDriver: firefox on LINUX (bd93d6b1-e9c1-4012-a365-f8f5334e7ee5)] -> xpath: //input[@type='SUBMIT']] Not interactable
[[FirefoxDriver: firefox on LINUX (bd93d6b1-e9c1-4012-a365-f8f5334e7ee5)] -> xpath: //input[@type='SUBMIT']] Not interactable
[[FirefoxDriver: firefox on LINUX (bd93d6b1-e9c1-4012-a365-f8f5334e7ee5)] -> xpath: //input[@type='SUBMIT']] Not interactable
[[FirefoxDriver: firefox on LINUX (bd93d6b1-e9c1-4012-a365-f8f5334e7ee5)] -> xpath: //*/input[@type='TEXT']] Not interactable
[[FirefoxDriver: firefox on LINUX (bd93d6b1-e9c1-4012-a365-f8f5334e7ee5)] -> xpath: //*/input[@type='TEXT']] Not interactable
[[FirefoxDriver: firefox on LINUX (bd93d6b1-e9c1-4012-a365-f8f5334e7ee5)] -> xpath: //*/input[@type='TEXT']] Not interactable
[[FirefoxDriver: firefox on LINUX (bd93d6b1-e9c1-4012-a365-f8f5334e7ee5)] -> xpath: //input[@type='SUBMIT']] Not interactable
[[FirefoxDriver: firefox on LINUX (bd93d6b1-e9c1-4012-a365-f8f5334e7ee5)] -> xpath: //input[@type='SUBMIT']] Not interactable
[[FirefoxDriver: firefox on LINUX (bd93d6b1-e9c1-4012-a365-f8f5334e7ee5)] -> xpath: //input[@type='SUBMIT']] Not interactable
[[FirefoxDriver: firefox on LINUX (bd93d6b1-e9c1-4012-a365-f8f5334e7ee5)] -> xpath: //input[@type='SUBMIT']] Not interactable
[[FirefoxDriver: firefox on LINUX (bd93d6b1-e9c1-4012-a365-f8f5334e7ee5)] -> xpath: //input[@type='SUBMIT']] Not interactable
[[FirefoxDriver: firefox on LINUX (bd93d6b1-e9c1-4012-a365-f8f5334e7ee5)] -> xpath: //input[@type='SUBMIT']] Not interactable
[[FirefoxDriver: firefox on LINUX (bd93d6b1-e9c1-4012-a365-f8f5334e7ee5)] -> xpath: //input[@type='SUBMIT']] Not interactable
[[FirefoxDriver: firefox on LINUX (bd93d6b1-e9c1-4012-a365-f8f5334e7ee5)] -> xpath: //input[@type='SUBMIT']] Not interactable
[[FirefoxDriver: firefox on LINUX (bd93d6b1-e9c1-4012-a365-f8f5334e7ee5)] -> xpath: //*/input[@type='TEXT']] Not interactable
[[FirefoxDriver: firefox on LINUX (bd93d6b1-e9c1-4012-a365-f8f5334e7ee5)] -> xpath: //*/input[@type='TEXT']] Not interactable
[[FirefoxDriver: firefox on LINUX (bd93d6b1-e9c1-4012-a365-f8f5334e7ee5)] -> xpath: //*/input[@type='TEXT']] Not interactable
[[FirefoxDriver: firefox on LINUX (bd93d6b1-e9c1-4012-a365-f8f5334e7ee5)] -> xpath: //input[@type='SUBMIT']] Not interactable
[[FirefoxDriver: firefox on LINUX (bd93d6b1-e9c1-4012-a365-f8f5334e7ee5)] -> xpath: //input[@type='SUBMIT']] Not interactable
[[FirefoxDriver: firefox on LINUX (bd93d6b1-e9c1-4012-a365-f8f5334e7ee5)] -> xpath: //input[@type='SUBMIT']] Not interactable
[[FirefoxDriver: firefox on LINUX (bd93d6b1-e9c1-4012-a365-f8f5334e7ee5)] -> xpath: //input[@type='SUBMIT']] Not interactable
[[FirefoxDriver: firefox on LINUX (bd93d6b1-e9c1-4012-a365-f8f5334e7ee5)] -> xpath: //input[@type='SUBMIT']] Not interactable
[[FirefoxDriver: firefox on LINUX (bd93d6b1-e9c1-4012-a365-f8f5334e7ee5)] -> xpath: //input[@type='SUBMIT']] Not interactable
[[FirefoxDriver: firefox on LINUX (bd93d6b1-e9c1-4012-a365-f8f5334e7ee5)] -> xpath: //input[@type='SUBMIT']] Not interactable
[[FirefoxDriver: firefox on LINUX (bd93d6b1-e9c1-4012-a365-f8f5334e7ee5)] -> xpath: //input[@type='SUBMIT']] Not interactable
[[FirefoxDriver: firefox on LINUX (bd93d6b1-e9c1-4012-a365-f8f5334e7ee5)] -> xpath: //*/input[@type='TEXT']] Not interactable
[[FirefoxDriver: firefox on LINUX (bd93d6b1-e9c1-4012-a365-f8f5334e7ee5)] -> xpath: //*/input[@type='TEXT']] Not interactable
[[FirefoxDriver: firefox on LINUX (bd93d6b1-e9c1-4012-a365-f8f5334e7ee5)] -> xpath: //*/input[@type='TEXT']] Not interactable
[[FirefoxDriver: firefox on LINUX (bd93d6b1-e9c1-4012-a365-f8f5334e7ee5)] -> xpath: //input[@type='SUBMIT']] Not interactable
[[FirefoxDriver: firefox on LINUX (bd93d6b1-e9c1-4012-a365-f8f5334e7ee5)] -> xpath: //input[@type='SUBMIT']] Not interactable
[[FirefoxDriver: firefox on LINUX (bd93d6b1-e9c1-4012-a365-f8f5334e7ee5)] -> xpath: //input[@type='SUBMIT']] Not interactable
[[FirefoxDriver: firefox on LINUX (bd93d6b1-e9c1-4012-a365-f8f5334e7ee5)] -> xpath: //input[@type='SUBMIT']] Not interactable
[[FirefoxDriver: firefox on LINUX (bd93d6b1-e9c1-4012-a365-f8f5334e7ee5)] -> xpath: //input[@type='SUBMIT']] Not interactable
[[FirefoxDriver: firefox on LINUX (bd93d6b1-e9c1-4012-a365-f8f5334e7ee5)] -> xpath: //input[@type='SUBMIT']] Not interactable
[[FirefoxDriver: firefox on LINUX (bd93d6b1-e9c1-4012-a365-f8f5334e7ee5)] -> xpath: //input[@type='SUBMIT']] Not interactable
[[FirefoxDriver: firefox on LINUX (bd93d6b1-e9c1-4012-a365-f8f5334e7ee5)] -> xpath: //input[@type='SUBMIT']] Not interactable
[[FirefoxDriver: firefox on LINUX (bd93d6b1-e9c1-4012-a365-f8f5334e7ee5)] -> xpath: //*/input[@type='TEXT']] Not interactable
[[FirefoxDriver: firefox on LINUX (bd93d6b1-e9c1-4012-a365-f8f5334e7ee5)] -> xpath: //*/input[@type='TEXT']] Not interactable
[[FirefoxDriver: firefox on LINUX (bd93d6b1-e9c1-4012-a365-f8f5334e7ee5)] -> xpath: //*/input[@type='TEXT']] Not interactable
[[FirefoxDriver: firefox on LINUX (bd93d6b1-e9c1-4012-a365-f8f5334e7ee5)] -> xpath: //input[@type='SUBMIT']] Not interactable
[[FirefoxDriver: firefox on LINUX (bd93d6b1-e9c1-4012-a365-f8f5334e7ee5)] -> xpath: //input[@type='SUBMIT']] Not interactable
[[FirefoxDriver: firefox on LINUX (bd93d6b1-e9c1-4012-a365-f8f5334e7ee5)] -> xpath: //input[@type='SUBMIT']] Not interactable
[[FirefoxDriver: firefox on LINUX (bd93d6b1-e9c1-4012-a365-f8f5334e7ee5)] -> xpath: //input[@type='SUBMIT']] Not interactable
[[FirefoxDriver: firefox on LINUX (bd93d6b1-e9c1-4012-a365-f8f5334e7ee5)] -> xpath: //input[@type='SUBMIT']] Not interactable
[[FirefoxDriver: firefox on LINUX (bd93d6b1-e9c1-4012-a365-f8f5334e7ee5)] -> xpath: //input[@type='SUBMIT']] Not interactable
[[FirefoxDriver: firefox on LINUX (bd93d6b1-e9c1-4012-a365-f8f5334e7ee5)] -> xpath: //input[@type='SUBMIT']] Not interactable
[[FirefoxDriver: firefox on LINUX (bd93d6b1-e9c1-4012-a365-f8f5334e7ee5)] -> xpath: //input[@type='SUBMIT']] Not interactable
[[FirefoxDriver: firefox on LINUX (bd93d6b1-e9c1-4012-a365-f8f5334e7ee5)] -> xpath: //*/input[@type='TEXT']] Not interactable
[[FirefoxDriver: firefox on LINUX (bd93d6b1-e9c1-4012-a365-f8f5334e7ee5)] -> xpath: //*/input[@type='TEXT']] Not interactable
[[FirefoxDriver: firefox on LINUX (bd93d6b1-e9c1-4012-a365-f8f5334e7ee5)] -> xpath: //*/input[@type='TEXT']] Not interactable
[[FirefoxDriver: firefox on LINUX (bd93d6b1-e9c1-4012-a365-f8f5334e7ee5)] -> xpath: //input[@type='SUBMIT']] Not interactable
[[FirefoxDriver: firefox on LINUX (bd93d6b1-e9c1-4012-a365-f8f5334e7ee5)] -> xpath: //input[@type='SUBMIT']] Not interactable
[[FirefoxDriver: firefox on LINUX (bd93d6b1-e9c1-4012-a365-f8f5334e7ee5)] -> xpath: //input[@type='SUBMIT']] Not interactable
[[FirefoxDriver: firefox on LINUX (bd93d6b1-e9c1-4012-a365-f8f5334e7ee5)] -> xpath: //input[@type='SUBMIT']] Not interactable
[[FirefoxDriver: firefox on LINUX (bd93d6b1-e9c1-4012-a365-f8f5334e7ee5)] -> xpath: //input[@type='SUBMIT']] Not interactable
[[FirefoxDriver: firefox on LINUX (bd93d6b1-e9c1-4012-a365-f8f5334e7ee5)] -> xpath: //input[@type='SUBMIT']] Not interactable
[[FirefoxDriver: firefox on LINUX (bd93d6b1-e9c1-4012-a365-f8f5334e7ee5)] -> xpath: //input[@type='SUBMIT']] Not interactable
[[FirefoxDriver: firefox on LINUX (bd93d6b1-e9c1-4012-a365-f8f5334e7ee5)] -> xpath: //input[@type='SUBMIT']] Not interactable
[[FirefoxDriver: firefox on LINUX (bd93d6b1-e9c1-4012-a365-f8f5334e7ee5)] -> xpath: //*/input[@type='TEXT']] Not interactable
[[FirefoxDriver: firefox on LINUX (bd93d6b1-e9c1-4012-a365-f8f5334e7ee5)] -> xpath: //*/input[@type='TEXT']] Not interactable
[[FirefoxDriver: firefox on LINUX (bd93d6b1-e9c1-4012-a365-f8f5334e7ee5)] -> xpath: //*/input[@type='TEXT']] Not interactable
[[FirefoxDriver: firefox on LINUX (bd93d6b1-e9c1-4012-a365-f8f5334e7ee5)] -> xpath: //input[@type='SUBMIT']] Not interactable
[[FirefoxDriver: firefox on LINUX (bd93d6b1-e9c1-4012-a365-f8f5334e7ee5)] -> xpath: //input[@type='SUBMIT']] Not interactable
[[FirefoxDriver: firefox on LINUX (bd93d6b1-e9c1-4012-a365-f8f5334e7ee5)] -> xpath: //input[@type='SUBMIT']] Not interactable
[[FirefoxDriver: firefox on LINUX (bd93d6b1-e9c1-4012-a365-f8f5334e7ee5)] -> xpath: //input[@type='SUBMIT']] Not interactable
[[FirefoxDriver: firefox on LINUX (bd93d6b1-e9c1-4012-a365-f8f5334e7ee5)] -> xpath: //input[@type='SUBMIT']] Not interactable
[[FirefoxDriver: firefox on LINUX (bd93d6b1-e9c1-4012-a365-f8f5334e7ee5)] -> xpath: //input[@type='SUBMIT']] Not interactable
[[FirefoxDriver: firefox on LINUX (bd93d6b1-e9c1-4012-a365-f8f5334e7ee5)] -> xpath: //input[@type='SUBMIT']] Not interactable
[[FirefoxDriver: firefox on LINUX (bd93d6b1-e9c1-4012-a365-f8f5334e7ee5)] -> xpath: //input[@type='SUBMIT']] Not interactable
[[FirefoxDriver: firefox on LINUX (bd93d6b1-e9c1-4012-a365-f8f5334e7ee5)] -> xpath: //*/input[@type='TEXT']] Not interactable
[[FirefoxDriver: firefox on LINUX (bd93d6b1-e9c1-4012-a365-f8f5334e7ee5)] -> xpath: //*/input[@type='TEXT']] Not interactable
[[FirefoxDriver: firefox on LINUX (bd93d6b1-e9c1-4012-a365-f8f5334e7ee5)] -> xpath: //*/input[@type='TEXT']] Not interactable
[[FirefoxDriver: firefox on LINUX (bd93d6b1-e9c1-4012-a365-f8f5334e7ee5)] -> xpath: //input[@type='SUBMIT']] Not interactable
[[FirefoxDriver: firefox on LINUX (bd93d6b1-e9c1-4012-a365-f8f5334e7ee5)] -> xpath: //input[@type='SUBMIT']] Not interactable
[[FirefoxDriver: firefox on LINUX (bd93d6b1-e9c1-4012-a365-f8f5334e7ee5)] -> xpath: //input[@type='SUBMIT']] Not interactable
[[FirefoxDriver: firefox on LINUX (bd93d6b1-e9c1-4012-a365-f8f5334e7ee5)] -> xpath: //input[@type='SUBMIT']] Not interactable
[[FirefoxDriver: firefox on LINUX (bd93d6b1-e9c1-4012-a365-f8f5334e7ee5)] -> xpath: //input[@type='SUBMIT']] Not interactable
[[FirefoxDriver: firefox on LINUX (bd93d6b1-e9c1-4012-a365-f8f5334e7ee5)] -> xpath: //input[@type='SUBMIT']] Not interactable
[[FirefoxDriver: firefox on LINUX (bd93d6b1-e9c1-4012-a365-f8f5334e7ee5)] -> xpath: //input[@type='SUBMIT']] Not interactable
[[FirefoxDriver: firefox on LINUX (bd93d6b1-e9c1-4012-a365-f8f5334e7ee5)] -> xpath: //input[@type='SUBMIT']] Not interactable
[[FirefoxDriver: firefox on LINUX (bd93d6b1-e9c1-4012-a365-f8f5334e7ee5)] -> xpath: //*/input[@type='TEXT']] Not interactable
[[FirefoxDriver: firefox on LINUX (bd93d6b1-e9c1-4012-a365-f8f5334e7ee5)] -> xpath: //*/input[@type='TEXT']] Not interactable
[[FirefoxDriver: firefox on LINUX (bd93d6b1-e9c1-4012-a365-f8f5334e7ee5)] -> xpath: //*/input[@type='TEXT']] Not interactable
[[FirefoxDriver: firefox on LINUX (bd93d6b1-e9c1-4012-a365-f8f5334e7ee5)] -> xpath: //input[@type='SUBMIT']] Not interactable
[[FirefoxDriver: firefox on LINUX (bd93d6b1-e9c1-4012-a365-f8f5334e7ee5)] -> xpath: //input[@type='SUBMIT']] Not interactable
[[FirefoxDriver: firefox on LINUX (bd93d6b1-e9c1-4012-a365-f8f5334e7ee5)] -> xpath: //input[@type='SUBMIT']] Not interactable
[[FirefoxDriver: firefox on LINUX (bd93d6b1-e9c1-4012-a365-f8f5334e7ee5)] -> xpath: //input[@type='SUBMIT']] Not interactable
[[FirefoxDriver: firefox on LINUX (bd93d6b1-e9c1-4012-a365-f8f5334e7ee5)] -> xpath: //input[@type='SUBMIT']] Not interactable
[[FirefoxDriver: firefox on LINUX (bd93d6b1-e9c1-4012-a365-f8f5334e7ee5)] -> xpath: //input[@type='SUBMIT']] Not interactable
[[FirefoxDriver: firefox on LINUX (bd93d6b1-e9c1-4012-a365-f8f5334e7ee5)] -> xpath: //input[@type='SUBMIT']] Not interactable
[[FirefoxDriver: firefox on LINUX (bd93d6b1-e9c1-4012-a365-f8f5334e7ee5)] -> xpath: //input[@type='SUBMIT']] Not interactable
[[FirefoxDriver: firefox on LINUX (bd93d6b1-e9c1-4012-a365-f8f5334e7ee5)] -> xpath: //*/input[@type='TEXT']] Not interactable
[[FirefoxDriver: firefox on LINUX (bd93d6b1-e9c1-4012-a365-f8f5334e7ee5)] -> xpath: //*/input[@type='TEXT']] Not interactable
[[FirefoxDriver: firefox on LINUX (bd93d6b1-e9c1-4012-a365-f8f5334e7ee5)] -> xpath: //*/input[@type='TEXT']] Not interactable
[[FirefoxDriver: firefox on LINUX (bd93d6b1-e9c1-4012-a365-f8f5334e7ee5)] -> xpath: //input[@type='SUBMIT']] Not interactable
[[FirefoxDriver: firefox on LINUX (bd93d6b1-e9c1-4012-a365-f8f5334e7ee5)] -> xpath: //input[@type='SUBMIT']] Not interactable
[[FirefoxDriver: firefox on LINUX (bd93d6b1-e9c1-4012-a365-f8f5334e7ee5)] -> xpath: //input[@type='SUBMIT']] Not interactable
[[FirefoxDriver: firefox on LINUX (bd93d6b1-e9c1-4012-a365-f8f5334e7ee5)] -> xpath: //input[@type='SUBMIT']] Not interactable
[[FirefoxDriver: firefox on LINUX (bd93d6b1-e9c1-4012-a365-f8f5334e7ee5)] -> xpath: //input[@type='SUBMIT']] Not interactable
[[FirefoxDriver: firefox on LINUX (bd93d6b1-e9c1-4012-a365-f8f5334e7ee5)] -> xpath: //input[@type='SUBMIT']] Not interactable
[[FirefoxDriver: firefox on LINUX (bd93d6b1-e9c1-4012-a365-f8f5334e7ee5)] -> xpath: //input[@type='SUBMIT']] Not interactable
[[FirefoxDriver: firefox on LINUX (bd93d6b1-e9c1-4012-a365-f8f5334e7ee5)] -> xpath: //input[@type='SUBMIT']] Not interactable
[[FirefoxDriver: firefox on LINUX (bd93d6b1-e9c1-4012-a365-f8f5334e7ee5)] -> xpath: //*/input[@type='TEXT']] Not interactable
[[FirefoxDriver: firefox on LINUX (bd93d6b1-e9c1-4012-a365-f8f5334e7ee5)] -> xpath: //*/input[@type='TEXT']] Not interactable
[[FirefoxDriver: firefox on LINUX (bd93d6b1-e9c1-4012-a365-f8f5334e7ee5)] -> xpath: //*/input[@type='TEXT']] Not interactable
[[FirefoxDriver: firefox on LINUX (bd93d6b1-e9c1-4012-a365-f8f5334e7ee5)] -> xpath: //input[@type='SUBMIT']] Not interactable
[[FirefoxDriver: firefox on LINUX (bd93d6b1-e9c1-4012-a365-f8f5334e7ee5)] -> xpath: //input[@type='SUBMIT']] Not interactable
[[FirefoxDriver: firefox on LINUX (bd93d6b1-e9c1-4012-a365-f8f5334e7ee5)] -> xpath: //input[@type='SUBMIT']] Not interactable
[[FirefoxDriver: firefox on LINUX (bd93d6b1-e9c1-4012-a365-f8f5334e7ee5)] -> xpath: //input[@type='SUBMIT']] Not interactable
[[FirefoxDriver: firefox on LINUX (bd93d6b1-e9c1-4012-a365-f8f5334e7ee5)] -> xpath: //input[@type='SUBMIT']] Not interactable
[[FirefoxDriver: firefox on LINUX (bd93d6b1-e9c1-4012-a365-f8f5334e7ee5)] -> xpath: //input[@type='SUBMIT']] Not interactable
[[FirefoxDriver: firefox on LINUX (bd93d6b1-e9c1-4012-a365-f8f5334e7ee5)] -> xpath: //input[@type='SUBMIT']] Not interactable
[[FirefoxDriver: firefox on LINUX (bd93d6b1-e9c1-4012-a365-f8f5334e7ee5)] -> xpath: //input[@type='SUBMIT']] Not interactable
[[FirefoxDriver: firefox on LINUX (bd93d6b1-e9c1-4012-a365-f8f5334e7ee5)] -> xpath: //*/input[@type='TEXT']] Not interactable
[[FirefoxDriver: firefox on LINUX (bd93d6b1-e9c1-4012-a365-f8f5334e7ee5)] -> xpath: //*/input[@type='TEXT']] Not interactable
[[FirefoxDriver: firefox on LINUX (bd93d6b1-e9c1-4012-a365-f8f5334e7ee5)] -> xpath: //*/input[@type='TEXT']] Not interactable
[[FirefoxDriver: firefox on LINUX (bd93d6b1-e9c1-4012-a365-f8f5334e7ee5)] -> xpath: //input[@type='SUBMIT']] Not interactable
[[FirefoxDriver: firefox on LINUX (bd93d6b1-e9c1-4012-a365-f8f5334e7ee5)] -> xpath: //input[@type='SUBMIT']] Not interactable
[[FirefoxDriver: firefox on LINUX (bd93d6b1-e9c1-4012-a365-f8f5334e7ee5)] -> xpath: //input[@type='SUBMIT']] Not interactable
[[FirefoxDriver: firefox on LINUX (bd93d6b1-e9c1-4012-a365-f8f5334e7ee5)] -> xpath: //input[@type='SUBMIT']] Not interactable
[[FirefoxDriver: firefox on LINUX (bd93d6b1-e9c1-4012-a365-f8f5334e7ee5)] -> xpath: //input[@type='SUBMIT']] Not interactable
[[FirefoxDriver: firefox on LINUX (bd93d6b1-e9c1-4012-a365-f8f5334e7ee5)] -> xpath: //input[@type='SUBMIT']] Not interactable
[[FirefoxDriver: firefox on LINUX (bd93d6b1-e9c1-4012-a365-f8f5334e7ee5)] -> xpath: //input[@type='SUBMIT']] Not interactable
[[FirefoxDriver: firefox on LINUX (bd93d6b1-e9c1-4012-a365-f8f5334e7ee5)] -> xpath: //input[@type='SUBMIT']] Not interactable
[[FirefoxDriver: firefox on LINUX (bd93d6b1-e9c1-4012-a365-f8f5334e7ee5)] -> xpath: //*/input[@type='TEXT']] Not interactable
[[FirefoxDriver: firefox on LINUX (bd93d6b1-e9c1-4012-a365-f8f5334e7ee5)] -> xpath: //*/input[@type='TEXT']] Not interactable
[[FirefoxDriver: firefox on LINUX (bd93d6b1-e9c1-4012-a365-f8f5334e7ee5)] -> xpath: //*/input[@type='TEXT']] Not interactable
[[FirefoxDriver: firefox on LINUX (bd93d6b1-e9c1-4012-a365-f8f5334e7ee5)] -> xpath: //input[@type='SUBMIT']] Not interactable
[[FirefoxDriver: firefox on LINUX (bd93d6b1-e9c1-4012-a365-f8f5334e7ee5)] -> xpath: //input[@type='SUBMIT']] Not interactable
[[FirefoxDriver: firefox on LINUX (bd93d6b1-e9c1-4012-a365-f8f5334e7ee5)] -> xpath: //input[@type='SUBMIT']] Not interactable
[[FirefoxDriver: firefox on LINUX (bd93d6b1-e9c1-4012-a365-f8f5334e7ee5)] -> xpath: //input[@type='SUBMIT']] Not interactable
[[FirefoxDriver: firefox on LINUX (bd93d6b1-e9c1-4012-a365-f8f5334e7ee5)] -> xpath: //input[@type='SUBMIT']] Not interactable
[[FirefoxDriver: firefox on LINUX (bd93d6b1-e9c1-4012-a365-f8f5334e7ee5)] -> xpath: //input[@type='SUBMIT']] Not interactable
[[FirefoxDriver: firefox on LINUX (bd93d6b1-e9c1-4012-a365-f8f5334e7ee5)] -> xpath: //input[@type='SUBMIT']] Not interactable
[[FirefoxDriver: firefox on LINUX (bd93d6b1-e9c1-4012-a365-f8f5334e7ee5)] -> xpath: //input[@type='SUBMIT']] Not interactable
[[FirefoxDriver: firefox on LINUX (bd93d6b1-e9c1-4012-a365-f8f5334e7ee5)] -> xpath: //*/input[@type='TEXT']] Not interactable
[[FirefoxDriver: firefox on LINUX (bd93d6b1-e9c1-4012-a365-f8f5334e7ee5)] -> xpath: //*/input[@type='TEXT']] Not interactable
[[FirefoxDriver: firefox on LINUX (bd93d6b1-e9c1-4012-a365-f8f5334e7ee5)] -> xpath: //*/input[@type='TEXT']] Not interactable
[[FirefoxDriver: firefox on LINUX (bd93d6b1-e9c1-4012-a365-f8f5334e7ee5)] -> xpath: //input[@type='SUBMIT']] Not interactable
[[FirefoxDriver: firefox on LINUX (bd93d6b1-e9c1-4012-a365-f8f5334e7ee5)] -> xpath: //input[@type='SUBMIT']] Not interactable
[[FirefoxDriver: firefox on LINUX (bd93d6b1-e9c1-4012-a365-f8f5334e7ee5)] -> xpath: //input[@type='SUBMIT']] Not interactable
[[FirefoxDriver: firefox on LINUX (bd93d6b1-e9c1-4012-a365-f8f5334e7ee5)] -> xpath: //input[@type='SUBMIT']] Not interactable
[[FirefoxDriver: firefox on LINUX (bd93d6b1-e9c1-4012-a365-f8f5334e7ee5)] -> xpath: //input[@type='SUBMIT']] Not interactable
[[FirefoxDriver: firefox on LINUX (bd93d6b1-e9c1-4012-a365-f8f5334e7ee5)] -> xpath: //input[@type='SUBMIT']] Not interactable
[[FirefoxDriver: firefox on LINUX (bd93d6b1-e9c1-4012-a365-f8f5334e7ee5)] -> xpath: //input[@type='SUBMIT']] Not interactable
[[FirefoxDriver: firefox on LINUX (bd93d6b1-e9c1-4012-a365-f8f5334e7ee5)] -> xpath: //input[@type='SUBMIT']] Not interactable
[[FirefoxDriver: firefox on LINUX (bd93d6b1-e9c1-4012-a365-f8f5334e7ee5)] -> xpath: //*/input[@type='TEXT']] Not interactable
[[FirefoxDriver: firefox on LINUX (bd93d6b1-e9c1-4012-a365-f8f5334e7ee5)] -> xpath: //*/input[@type='TEXT']] Not interactable
[[FirefoxDriver: firefox on LINUX (bd93d6b1-e9c1-4012-a365-f8f5334e7ee5)] -> xpath: //*/input[@type='TEXT']] Not interactable
[[FirefoxDriver: firefox on LINUX (bd93d6b1-e9c1-4012-a365-f8f5334e7ee5)] -> xpath: //input[@type='SUBMIT']] Not interactable
[[FirefoxDriver: firefox on LINUX (bd93d6b1-e9c1-4012-a365-f8f5334e7ee5)] -> xpath: //input[@type='SUBMIT']] Not interactable
[[FirefoxDriver: firefox on LINUX (bd93d6b1-e9c1-4012-a365-f8f5334e7ee5)] -> xpath: //input[@type='SUBMIT']] Not interactable
[[FirefoxDriver: firefox on LINUX (bd93d6b1-e9c1-4012-a365-f8f5334e7ee5)] -> xpath: //input[@type='SUBMIT']] Not interactable
[[FirefoxDriver: firefox on LINUX (bd93d6b1-e9c1-4012-a365-f8f5334e7ee5)] -> xpath: //input[@type='SUBMIT']] Not interactable
[[FirefoxDriver: firefox on LINUX (bd93d6b1-e9c1-4012-a365-f8f5334e7ee5)] -> xpath: //input[@type='SUBMIT']] Not interactable
[[FirefoxDriver: firefox on LINUX (bd93d6b1-e9c1-4012-a365-f8f5334e7ee5)] -> xpath: //input[@type='SUBMIT']] Not interactable
[[FirefoxDriver: firefox on LINUX (bd93d6b1-e9c1-4012-a365-f8f5334e7ee5)] -> xpath: //input[@type='SUBMIT']] Not interactable
[[FirefoxDriver: firefox on LINUX (bd93d6b1-e9c1-4012-a365-f8f5334e7ee5)] -> xpath: //*/input[@type='TEXT']] Not interactable
[[FirefoxDriver: firefox on LINUX (bd93d6b1-e9c1-4012-a365-f8f5334e7ee5)] -> xpath: //*/input[@type='TEXT']] Not interactable
[[FirefoxDriver: firefox on LINUX (bd93d6b1-e9c1-4012-a365-f8f5334e7ee5)] -> xpath: //*/input[@type='TEXT']] Not interactable
[[FirefoxDriver: firefox on LINUX (bd93d6b1-e9c1-4012-a365-f8f5334e7ee5)] -> xpath: //input[@type='SUBMIT']] Not interactable
[[FirefoxDriver: firefox on LINUX (bd93d6b1-e9c1-4012-a365-f8f5334e7ee5)] -> xpath: //input[@type='SUBMIT']] Not interactable
[[FirefoxDriver: firefox on LINUX (bd93d6b1-e9c1-4012-a365-f8f5334e7ee5)] -> xpath: //input[@type='SUBMIT']] Not interactable
[[FirefoxDriver: firefox on LINUX (bd93d6b1-e9c1-4012-a365-f8f5334e7ee5)] -> xpath: //input[@type='SUBMIT']] Not interactable
[[FirefoxDriver: firefox on LINUX (bd93d6b1-e9c1-4012-a365-f8f5334e7ee5)] -> xpath: //input[@type='SUBMIT']] Not interactable
[[FirefoxDriver: firefox on LINUX (bd93d6b1-e9c1-4012-a365-f8f5334e7ee5)] -> xpath: //input[@type='SUBMIT']] Not interactable
[[FirefoxDriver: firefox on LINUX (bd93d6b1-e9c1-4012-a365-f8f5334e7ee5)] -> xpath: //input[@type='SUBMIT']] Not interactable
[[FirefoxDriver: firefox on LINUX (bd93d6b1-e9c1-4012-a365-f8f5334e7ee5)] -> xpath: //input[@type='SUBMIT']] Not interactable
[[FirefoxDriver: firefox on LINUX (bd93d6b1-e9c1-4012-a365-f8f5334e7ee5)] -> xpath: //*/input[@type='TEXT']] Not interactable
[[FirefoxDriver: firefox on LINUX (bd93d6b1-e9c1-4012-a365-f8f5334e7ee5)] -> xpath: //*/input[@type='TEXT']] Not interactable
[[FirefoxDriver: firefox on LINUX (bd93d6b1-e9c1-4012-a365-f8f5334e7ee5)] -> xpath: //*/input[@type='TEXT']] Not interactable
[[FirefoxDriver: firefox on LINUX (bd93d6b1-e9c1-4012-a365-f8f5334e7ee5)] -> xpath: //input[@type='SUBMIT']] Not interactable
[[FirefoxDriver: firefox on LINUX (bd93d6b1-e9c1-4012-a365-f8f5334e7ee5)] -> xpath: //input[@type='SUBMIT']] Not interactable
[[FirefoxDriver: firefox on LINUX (bd93d6b1-e9c1-4012-a365-f8f5334e7ee5)] -> xpath: //input[@type='SUBMIT']] Not interactable
[[FirefoxDriver: firefox on LINUX (bd93d6b1-e9c1-4012-a365-f8f5334e7ee5)] -> xpath: //input[@type='SUBMIT']] Not interactable
[[FirefoxDriver: firefox on LINUX (bd93d6b1-e9c1-4012-a365-f8f5334e7ee5)] -> xpath: //input[@type='SUBMIT']] Not interactable
[[FirefoxDriver: firefox on LINUX (bd93d6b1-e9c1-4012-a365-f8f5334e7ee5)] -> xpath: //input[@type='SUBMIT']] Not interactable
[[FirefoxDriver: firefox on LINUX (bd93d6b1-e9c1-4012-a365-f8f5334e7ee5)] -> xpath: //input[@type='SUBMIT']] Not interactable
[[FirefoxDriver: firefox on LINUX (bd93d6b1-e9c1-4012-a365-f8f5334e7ee5)] -> xpath: //input[@type='SUBMIT']] Not interactable
[[FirefoxDriver: firefox on LINUX (bd93d6b1-e9c1-4012-a365-f8f5334e7ee5)] -> xpath: //*/input[@type='TEXT']] Not interactable
[[FirefoxDriver: firefox on LINUX (bd93d6b1-e9c1-4012-a365-f8f5334e7ee5)] -> xpath: //*/input[@type='TEXT']] Not interactable
[[FirefoxDriver: firefox on LINUX (bd93d6b1-e9c1-4012-a365-f8f5334e7ee5)] -> xpath: //*/input[@type='TEXT']] Not interactable
[[FirefoxDriver: firefox on LINUX (bd93d6b1-e9c1-4012-a365-f8f5334e7ee5)] -> xpath: //input[@type='SUBMIT']] Not interactable
[[FirefoxDriver: firefox on LINUX (bd93d6b1-e9c1-4012-a365-f8f5334e7ee5)] -> xpath: //input[@type='SUBMIT']] Not interactable
[[FirefoxDriver: firefox on LINUX (bd93d6b1-e9c1-4012-a365-f8f5334e7ee5)] -> xpath: //input[@type='SUBMIT']] Not interactable
[[FirefoxDriver: firefox on LINUX (bd93d6b1-e9c1-4012-a365-f8f5334e7ee5)] -> xpath: //input[@type='SUBMIT']] Not interactable
[[FirefoxDriver: firefox on LINUX (bd93d6b1-e9c1-4012-a365-f8f5334e7ee5)] -> xpath: //input[@type='SUBMIT']] Not interactable
[[FirefoxDriver: firefox on LINUX (bd93d6b1-e9c1-4012-a365-f8f5334e7ee5)] -> xpath: //input[@type='SUBMIT']] Not interactable
[[FirefoxDriver: firefox on LINUX (bd93d6b1-e9c1-4012-a365-f8f5334e7ee5)] -> xpath: //input[@type='SUBMIT']] Not interactable
[[FirefoxDriver: firefox on LINUX (bd93d6b1-e9c1-4012-a365-f8f5334e7ee5)] -> xpath: //input[@type='SUBMIT']] Not interactable
[[FirefoxDriver: firefox on LINUX (bd93d6b1-e9c1-4012-a365-f8f5334e7ee5)] -> xpath: //*/input[@type='TEXT']] Not interactable
[[FirefoxDriver: firefox on LINUX (bd93d6b1-e9c1-4012-a365-f8f5334e7ee5)] -> xpath: //*/input[@type='TEXT']] Not interactable
[[FirefoxDriver: firefox on LINUX (bd93d6b1-e9c1-4012-a365-f8f5334e7ee5)] -> xpath: //*/input[@type='TEXT']] Not interactable
[[FirefoxDriver: firefox on LINUX (bd93d6b1-e9c1-4012-a365-f8f5334e7ee5)] -> xpath: //input[@type='SUBMIT']] Not interactable
[[FirefoxDriver: firefox on LINUX (bd93d6b1-e9c1-4012-a365-f8f5334e7ee5)] -> xpath: //input[@type='SUBMIT']] Not interactable
[[FirefoxDriver: firefox on LINUX (bd93d6b1-e9c1-4012-a365-f8f5334e7ee5)] -> xpath: //input[@type='SUBMIT']] Not interactable
[[FirefoxDriver: firefox on LINUX (bd93d6b1-e9c1-4012-a365-f8f5334e7ee5)] -> xpath: //input[@type='SUBMIT']] Not interactable
[[FirefoxDriver: firefox on LINUX (bd93d6b1-e9c1-4012-a365-f8f5334e7ee5)] -> xpath: //input[@type='SUBMIT']] Not interactable
[[FirefoxDriver: firefox on LINUX (bd93d6b1-e9c1-4012-a365-f8f5334e7ee5)] -> xpath: //input[@type='SUBMIT']] Not interactable
[[FirefoxDriver: firefox on LINUX (bd93d6b1-e9c1-4012-a365-f8f5334e7ee5)] -> xpath: //input[@type='SUBMIT']] Not interactable
[[FirefoxDriver: firefox on LINUX (bd93d6b1-e9c1-4012-a365-f8f5334e7ee5)] -> xpath: //input[@type='SUBMIT']] Not interactable
[[FirefoxDriver: firefox on LINUX (bd93d6b1-e9c1-4012-a365-f8f5334e7ee5)] -> xpath: //*/input[@type='TEXT']] Not interactable
[[FirefoxDriver: firefox on LINUX (bd93d6b1-e9c1-4012-a365-f8f5334e7ee5)] -> xpath: //*/input[@type='TEXT']] Not interactable
[[FirefoxDriver: firefox on LINUX (bd93d6b1-e9c1-4012-a365-f8f5334e7ee5)] -> xpath: //*/input[@type='TEXT']] Not interactable
[[FirefoxDriver: firefox on LINUX (bd93d6b1-e9c1-4012-a365-f8f5334e7ee5)] -> xpath: //input[@type='SUBMIT']] Not interactable
[[FirefoxDriver: firefox on LINUX (bd93d6b1-e9c1-4012-a365-f8f5334e7ee5)] -> xpath: //input[@type='SUBMIT']] Not interactable
[[FirefoxDriver: firefox on LINUX (bd93d6b1-e9c1-4012-a365-f8f5334e7ee5)] -> xpath: //input[@type='SUBMIT']] Not interactable
[[FirefoxDriver: firefox on LINUX (bd93d6b1-e9c1-4012-a365-f8f5334e7ee5)] -> xpath: //input[@type='SUBMIT']] Not interactable
[[FirefoxDriver: firefox on LINUX (bd93d6b1-e9c1-4012-a365-f8f5334e7ee5)] -> xpath: //input[@type='SUBMIT']] Not interactable
[[FirefoxDriver: firefox on LINUX (bd93d6b1-e9c1-4012-a365-f8f5334e7ee5)] -> xpath: //input[@type='SUBMIT']] Not interactable
[[FirefoxDriver: firefox on LINUX (bd93d6b1-e9c1-4012-a365-f8f5334e7ee5)] -> xpath: //input[@type='SUBMIT']] Not interactable
[[FirefoxDriver: firefox on LINUX (bd93d6b1-e9c1-4012-a365-f8f5334e7ee5)] -> xpath: //input[@type='SUBMIT']] Not interactable
[[FirefoxDriver: firefox on LINUX (bd93d6b1-e9c1-4012-a365-f8f5334e7ee5)] -> xpath: //*/input[@type='TEXT']] Not interactable
[[FirefoxDriver: firefox on LINUX (bd93d6b1-e9c1-4012-a365-f8f5334e7ee5)] -> xpath: //*/input[@type='TEXT']] Not interactable
[[FirefoxDriver: firefox on LINUX (bd93d6b1-e9c1-4012-a365-f8f5334e7ee5)] -> xpath: //*/input[@type='TEXT']] Not interactable
[[FirefoxDriver: firefox on LINUX (bd93d6b1-e9c1-4012-a365-f8f5334e7ee5)] -> xpath: //input[@type='SUBMIT']] Not interactable
[[FirefoxDriver: firefox on LINUX (bd93d6b1-e9c1-4012-a365-f8f5334e7ee5)] -> xpath: //input[@type='SUBMIT']] Not interactable
[[FirefoxDriver: firefox on LINUX (bd93d6b1-e9c1-4012-a365-f8f5334e7ee5)] -> xpath: //input[@type='SUBMIT']] Not interactable
[[FirefoxDriver: firefox on LINUX (bd93d6b1-e9c1-4012-a365-f8f5334e7ee5)] -> xpath: //input[@type='SUBMIT']] Not interactable
[[FirefoxDriver: firefox on LINUX (bd93d6b1-e9c1-4012-a365-f8f5334e7ee5)] -> xpath: //input[@type='SUBMIT']] Not interactable
[[FirefoxDriver: firefox on LINUX (bd93d6b1-e9c1-4012-a365-f8f5334e7ee5)] -> xpath: //input[@type='SUBMIT']] Not interactable
[[FirefoxDriver: firefox on LINUX (bd93d6b1-e9c1-4012-a365-f8f5334e7ee5)] -> xpath: //input[@type='SUBMIT']] Not interactable
[[FirefoxDriver: firefox on LINUX (bd93d6b1-e9c1-4012-a365-f8f5334e7ee5)] -> xpath: //input[@type='SUBMIT']] Not interactable
[[FirefoxDriver: firefox on LINUX (bd93d6b1-e9c1-4012-a365-f8f5334e7ee5)] -> xpath: //*/input[@type='TEXT']] Not interactable
[[FirefoxDriver: firefox on LINUX (bd93d6b1-e9c1-4012-a365-f8f5334e7ee5)] -> xpath: //*/input[@type='TEXT']] Not interactable
[[FirefoxDriver: firefox on LINUX (bd93d6b1-e9c1-4012-a365-f8f5334e7ee5)] -> xpath: //*/input[@type='TEXT']] Not interactable
[[FirefoxDriver: firefox on LINUX (bd93d6b1-e9c1-4012-a365-f8f5334e7ee5)] -> xpath: //input[@type='SUBMIT']] Not interactable
[[FirefoxDriver: firefox on LINUX (bd93d6b1-e9c1-4012-a365-f8f5334e7ee5)] -> xpath: //input[@type='SUBMIT']] Not interactable
[[FirefoxDriver: firefox on LINUX (bd93d6b1-e9c1-4012-a365-f8f5334e7ee5)] -> xpath: //input[@type='SUBMIT']] Not interactable
[[FirefoxDriver: firefox on LINUX (bd93d6b1-e9c1-4012-a365-f8f5334e7ee5)] -> xpath: //input[@type='SUBMIT']] Not interactable
[[FirefoxDriver: firefox on LINUX (bd93d6b1-e9c1-4012-a365-f8f5334e7ee5)] -> xpath: //input[@type='SUBMIT']] Not interactable
[[FirefoxDriver: firefox on LINUX (bd93d6b1-e9c1-4012-a365-f8f5334e7ee5)] -> xpath: //input[@type='SUBMIT']] Not interactable
[[FirefoxDriver: firefox on LINUX (bd93d6b1-e9c1-4012-a365-f8f5334e7ee5)] -> xpath: //input[@type='SUBMIT']] Not interactable
[[FirefoxDriver: firefox on LINUX (bd93d6b1-e9c1-4012-a365-f8f5334e7ee5)] -> xpath: //input[@type='SUBMIT']] Not interactable
[[FirefoxDriver: firefox on LINUX (bd93d6b1-e9c1-4012-a365-f8f5334e7ee5)] -> xpath: //*/input[@type='TEXT']] Not interactable
[[FirefoxDriver: firefox on LINUX (bd93d6b1-e9c1-4012-a365-f8f5334e7ee5)] -> xpath: //*/input[@type='TEXT']] Not interactable
[[FirefoxDriver: firefox on LINUX (bd93d6b1-e9c1-4012-a365-f8f5334e7ee5)] -> xpath: //*/input[@type='TEXT']] Not interactable
[[FirefoxDriver: firefox on LINUX (bd93d6b1-e9c1-4012-a365-f8f5334e7ee5)] -> xpath: //input[@type='SUBMIT']] Not interactable
[[FirefoxDriver: firefox on LINUX (bd93d6b1-e9c1-4012-a365-f8f5334e7ee5)] -> xpath: //input[@type='SUBMIT']] Not interactable
[[FirefoxDriver: firefox on LINUX (bd93d6b1-e9c1-4012-a365-f8f5334e7ee5)] -> xpath: //input[@type='SUBMIT']] Not interactable
[[FirefoxDriver: firefox on LINUX (bd93d6b1-e9c1-4012-a365-f8f5334e7ee5)] -> xpath: //input[@type='SUBMIT']] Not interactable
[[FirefoxDriver: firefox on LINUX (bd93d6b1-e9c1-4012-a365-f8f5334e7ee5)] -> xpath: //input[@type='SUBMIT']] Not interactable
[[FirefoxDriver: firefox on LINUX (bd93d6b1-e9c1-4012-a365-f8f5334e7ee5)] -> xpath: //input[@type='SUBMIT']] Not interactable
[[FirefoxDriver: firefox on LINUX (bd93d6b1-e9c1-4012-a365-f8f5334e7ee5)] -> xpath: //input[@type='SUBMIT']] Not interactable
[[FirefoxDriver: firefox on LINUX (bd93d6b1-e9c1-4012-a365-f8f5334e7ee5)] -> xpath: //input[@type='SUBMIT']] Not interactable
[[FirefoxDriver: firefox on LINUX (bd93d6b1-e9c1-4012-a365-f8f5334e7ee5)] -> xpath: //*/input[@type='TEXT']] Not interactable
[[FirefoxDriver: firefox on LINUX (bd93d6b1-e9c1-4012-a365-f8f5334e7ee5)] -> xpath: //*/input[@type='TEXT']] Not interactable
[[FirefoxDriver: firefox on LINUX (bd93d6b1-e9c1-4012-a365-f8f5334e7ee5)] -> xpath: //*/input[@type='TEXT']] Not interactable
[[FirefoxDriver: firefox on LINUX (bd93d6b1-e9c1-4012-a365-f8f5334e7ee5)] -> xpath: //input[@type='SUBMIT']] Not interactable
[[FirefoxDriver: firefox on LINUX (bd93d6b1-e9c1-4012-a365-f8f5334e7ee5)] -> xpath: //input[@type='SUBMIT']] Not interactable
[[FirefoxDriver: firefox on LINUX (bd93d6b1-e9c1-4012-a365-f8f5334e7ee5)] -> xpath: //input[@type='SUBMIT']] Not interactable
[[FirefoxDriver: firefox on LINUX (bd93d6b1-e9c1-4012-a365-f8f5334e7ee5)] -> xpath: //input[@type='SUBMIT']] Not interactable
[[FirefoxDriver: firefox on LINUX (bd93d6b1-e9c1-4012-a365-f8f5334e7ee5)] -> xpath: //input[@type='SUBMIT']] Not interactable
[[FirefoxDriver: firefox on LINUX (bd93d6b1-e9c1-4012-a365-f8f5334e7ee5)] -> xpath: //input[@type='SUBMIT']] Not interactable
[[FirefoxDriver: firefox on LINUX (bd93d6b1-e9c1-4012-a365-f8f5334e7ee5)] -> xpath: //input[@type='SUBMIT']] Not interactable
[[FirefoxDriver: firefox on LINUX (bd93d6b1-e9c1-4012-a365-f8f5334e7ee5)] -> xpath: //input[@type='SUBMIT']] Not interactable
[[FirefoxDriver: firefox on LINUX (bd93d6b1-e9c1-4012-a365-f8f5334e7ee5)] -> xpath: //*/input[@type='TEXT']] Not interactable
[[FirefoxDriver: firefox on LINUX (bd93d6b1-e9c1-4012-a365-f8f5334e7ee5)] -> xpath: //*/input[@type='TEXT']] Not interactable
[[FirefoxDriver: firefox on LINUX (bd93d6b1-e9c1-4012-a365-f8f5334e7ee5)] -> xpath: //*/input[@type='TEXT']] Not interactable
[[FirefoxDriver: firefox on LINUX (bd93d6b1-e9c1-4012-a365-f8f5334e7ee5)] -> xpath: //input[@type='SUBMIT']] Not interactable
[[FirefoxDriver: firefox on LINUX (bd93d6b1-e9c1-4012-a365-f8f5334e7ee5)] -> xpath: //input[@type='SUBMIT']] Not interactable
[[FirefoxDriver: firefox on LINUX (bd93d6b1-e9c1-4012-a365-f8f5334e7ee5)] -> xpath: //input[@type='SUBMIT']] Not interactable
[[FirefoxDriver: firefox on LINUX (bd93d6b1-e9c1-4012-a365-f8f5334e7ee5)] -> xpath: //input[@type='SUBMIT']] Not interactable
[[FirefoxDriver: firefox on LINUX (bd93d6b1-e9c1-4012-a365-f8f5334e7ee5)] -> xpath: //input[@type='SUBMIT']] Not interactable
[[FirefoxDriver: firefox on LINUX (bd93d6b1-e9c1-4012-a365-f8f5334e7ee5)] -> xpath: //input[@type='SUBMIT']] Not interactable
[[FirefoxDriver: firefox on LINUX (bd93d6b1-e9c1-4012-a365-f8f5334e7ee5)] -> xpath: //input[@type='SUBMIT']] Not interactable
[[FirefoxDriver: firefox on LINUX (bd93d6b1-e9c1-4012-a365-f8f5334e7ee5)] -> xpath: //input[@type='SUBMIT']] Not interactable
[[FirefoxDriver: firefox on LINUX (bd93d6b1-e9c1-4012-a365-f8f5334e7ee5)] -> xpath: //*/input[@type='TEXT']] Not interactable
[[FirefoxDriver: firefox on LINUX (bd93d6b1-e9c1-4012-a365-f8f5334e7ee5)] -> xpath: //*/input[@type='TEXT']] Not interactable
[[FirefoxDriver: firefox on LINUX (bd93d6b1-e9c1-4012-a365-f8f5334e7ee5)] -> xpath: //*/input[@type='TEXT']] Not interactable
[[FirefoxDriver: firefox on LINUX (bd93d6b1-e9c1-4012-a365-f8f5334e7ee5)] -> xpath: //input[@type='SUBMIT']] Not interactable
[[FirefoxDriver: firefox on LINUX (bd93d6b1-e9c1-4012-a365-f8f5334e7ee5)] -> xpath: //input[@type='SUBMIT']] Not interactable
[[FirefoxDriver: firefox on LINUX (bd93d6b1-e9c1-4012-a365-f8f5334e7ee5)] -> xpath: //input[@type='SUBMIT']] Not interactable
[[FirefoxDriver: firefox on LINUX (bd93d6b1-e9c1-4012-a365-f8f5334e7ee5)] -> xpath: //input[@type='SUBMIT']] Not interactable
[[FirefoxDriver: firefox on LINUX (bd93d6b1-e9c1-4012-a365-f8f5334e7ee5)] -> xpath: //input[@type='SUBMIT']] Not interactable
[[FirefoxDriver: firefox on LINUX (bd93d6b1-e9c1-4012-a365-f8f5334e7ee5)] -> xpath: //input[@type='SUBMIT']] Not interactable
[[FirefoxDriver: firefox on LINUX (bd93d6b1-e9c1-4012-a365-f8f5334e7ee5)] -> xpath: //input[@type='SUBMIT']] Not interactable
[[FirefoxDriver: firefox on LINUX (bd93d6b1-e9c1-4012-a365-f8f5334e7ee5)] -> xpath: //input[@type='SUBMIT']] Not interactable
[[FirefoxDriver: firefox on LINUX (bd93d6b1-e9c1-4012-a365-f8f5334e7ee5)] -> xpath: //*/input[@type='TEXT']] Not interactable
[[FirefoxDriver: firefox on LINUX (bd93d6b1-e9c1-4012-a365-f8f5334e7ee5)] -> xpath: //*/input[@type='TEXT']] Not interactable
[[FirefoxDriver: firefox on LINUX (bd93d6b1-e9c1-4012-a365-f8f5334e7ee5)] -> xpath: //*/input[@type='TEXT']] Not interactable
[[FirefoxDriver: firefox on LINUX (bd93d6b1-e9c1-4012-a365-f8f5334e7ee5)] -> xpath: //input[@type='SUBMIT']] Not interactable
[[FirefoxDriver: firefox on LINUX (bd93d6b1-e9c1-4012-a365-f8f5334e7ee5)] -> xpath: //input[@type='SUBMIT']] Not interactable
[[FirefoxDriver: firefox on LINUX (bd93d6b1-e9c1-4012-a365-f8f5334e7ee5)] -> xpath: //input[@type='SUBMIT']] Not interactable
[[FirefoxDriver: firefox on LINUX (bd93d6b1-e9c1-4012-a365-f8f5334e7ee5)] -> xpath: //input[@type='SUBMIT']] Not interactable
[[FirefoxDriver: firefox on LINUX (bd93d6b1-e9c1-4012-a365-f8f5334e7ee5)] -> xpath: //input[@type='SUBMIT']] Not interactable
[[FirefoxDriver: firefox on LINUX (bd93d6b1-e9c1-4012-a365-f8f5334e7ee5)] -> xpath: //input[@type='SUBMIT']] Not interactable
[[FirefoxDriver: firefox on LINUX (bd93d6b1-e9c1-4012-a365-f8f5334e7ee5)] -> xpath: //input[@type='SUBMIT']] Not interactable
[[FirefoxDriver: firefox on LINUX (bd93d6b1-e9c1-4012-a365-f8f5334e7ee5)] -> xpath: //input[@type='SUBMIT']] Not interactable
[[FirefoxDriver: firefox on LINUX (bd93d6b1-e9c1-4012-a365-f8f5334e7ee5)] -> xpath: //*/input[@type='TEXT']] Not interactable
[[FirefoxDriver: firefox on LINUX (bd93d6b1-e9c1-4012-a365-f8f5334e7ee5)] -> xpath: //*/input[@type='TEXT']] Not interactable
[[FirefoxDriver: firefox on LINUX (bd93d6b1-e9c1-4012-a365-f8f5334e7ee5)] -> xpath: //*/input[@type='TEXT']] Not interactable
[[FirefoxDriver: firefox on LINUX (bd93d6b1-e9c1-4012-a365-f8f5334e7ee5)] -> xpath: //input[@type='SUBMIT']] Not interactable
[[FirefoxDriver: firefox on LINUX (bd93d6b1-e9c1-4012-a365-f8f5334e7ee5)] -> xpath: //input[@type='SUBMIT']] Not interactable
[[FirefoxDriver: firefox on LINUX (bd93d6b1-e9c1-4012-a365-f8f5334e7ee5)] -> xpath: //input[@type='SUBMIT']] Not interactable
[[FirefoxDriver: firefox on LINUX (bd93d6b1-e9c1-4012-a365-f8f5334e7ee5)] -> xpath: //input[@type='SUBMIT']] Not interactable
[[FirefoxDriver: firefox on LINUX (bd93d6b1-e9c1-4012-a365-f8f5334e7ee5)] -> xpath: //input[@type='SUBMIT']] Not interactable
[[FirefoxDriver: firefox on LINUX (bd93d6b1-e9c1-4012-a365-f8f5334e7ee5)] -> xpath: //input[@type='SUBMIT']] Not interactable
[[FirefoxDriver: firefox on LINUX (bd93d6b1-e9c1-4012-a365-f8f5334e7ee5)] -> xpath: //input[@type='SUBMIT']] Not interactable
[[FirefoxDriver: firefox on LINUX (bd93d6b1-e9c1-4012-a365-f8f5334e7ee5)] -> xpath: //input[@type='SUBMIT']] Not interactable
[[FirefoxDriver: firefox on LINUX (bd93d6b1-e9c1-4012-a365-f8f5334e7ee5)] -> xpath: //*/input[@type='TEXT']] Not interactable
[[FirefoxDriver: firefox on LINUX (bd93d6b1-e9c1-4012-a365-f8f5334e7ee5)] -> xpath: //*/input[@type='TEXT']] Not interactable
[[FirefoxDriver: firefox on LINUX (bd93d6b1-e9c1-4012-a365-f8f5334e7ee5)] -> xpath: //*/input[@type='TEXT']] Not interactable
[[FirefoxDriver: firefox on LINUX (bd93d6b1-e9c1-4012-a365-f8f5334e7ee5)] -> xpath: //input[@type='SUBMIT']] Not interactable
[[FirefoxDriver: firefox on LINUX (bd93d6b1-e9c1-4012-a365-f8f5334e7ee5)] -> xpath: //input[@type='SUBMIT']] Not interactable
[[FirefoxDriver: firefox on LINUX (bd93d6b1-e9c1-4012-a365-f8f5334e7ee5)] -> xpath: //input[@type='SUBMIT']] Not interactable
[[FirefoxDriver: firefox on LINUX (bd93d6b1-e9c1-4012-a365-f8f5334e7ee5)] -> xpath: //input[@type='SUBMIT']] Not interactable
[[FirefoxDriver: firefox on LINUX (bd93d6b1-e9c1-4012-a365-f8f5334e7ee5)] -> xpath: //input[@type='SUBMIT']] Not interactable
[[FirefoxDriver: firefox on LINUX (bd93d6b1-e9c1-4012-a365-f8f5334e7ee5)] -> xpath: //input[@type='SUBMIT']] Not interactable
[[FirefoxDriver: firefox on LINUX (bd93d6b1-e9c1-4012-a365-f8f5334e7ee5)] -> xpath: //input[@type='SUBMIT']] Not interactable
[[FirefoxDriver: firefox on LINUX (bd93d6b1-e9c1-4012-a365-f8f5334e7ee5)] -> xpath: //input[@type='SUBMIT']] Not interactable
[[FirefoxDriver: firefox on LINUX (bd93d6b1-e9c1-4012-a365-f8f5334e7ee5)] -> xpath: //*/input[@type='TEXT']] Not interactable
[[FirefoxDriver: firefox on LINUX (bd93d6b1-e9c1-4012-a365-f8f5334e7ee5)] -> xpath: //*/input[@type='TEXT']] Not interactable
[[FirefoxDriver: firefox on LINUX (bd93d6b1-e9c1-4012-a365-f8f5334e7ee5)] -> xpath: //*/input[@type='TEXT']] Not interactable
[[FirefoxDriver: firefox on LINUX (bd93d6b1-e9c1-4012-a365-f8f5334e7ee5)] -> xpath: //input[@type='SUBMIT']] Not interactable
[[FirefoxDriver: firefox on LINUX (bd93d6b1-e9c1-4012-a365-f8f5334e7ee5)] -> xpath: //input[@type='SUBMIT']] Not interactable
[[FirefoxDriver: firefox on LINUX (bd93d6b1-e9c1-4012-a365-f8f5334e7ee5)] -> xpath: //input[@type='SUBMIT']] Not interactable
[[FirefoxDriver: firefox on LINUX (bd93d6b1-e9c1-4012-a365-f8f5334e7ee5)] -> xpath: //input[@type='SUBMIT']] Not interactable
[[FirefoxDriver: firefox on LINUX (bd93d6b1-e9c1-4012-a365-f8f5334e7ee5)] -> xpath: //input[@type='SUBMIT']] Not interactable
[[FirefoxDriver: firefox on LINUX (bd93d6b1-e9c1-4012-a365-f8f5334e7ee5)] -> xpath: //input[@type='SUBMIT']] Not interactable
[[FirefoxDriver: firefox on LINUX (bd93d6b1-e9c1-4012-a365-f8f5334e7ee5)] -> xpath: //input[@type='SUBMIT']] Not interactable
[[FirefoxDriver: firefox on LINUX (bd93d6b1-e9c1-4012-a365-f8f5334e7ee5)] -> xpath: //input[@type='SUBMIT']] Not interactable
[[FirefoxDriver: firefox on LINUX (bd93d6b1-e9c1-4012-a365-f8f5334e7ee5)] -> xpath: //*/input[@type='TEXT']] Not interactable
[[FirefoxDriver: firefox on LINUX (bd93d6b1-e9c1-4012-a365-f8f5334e7ee5)] -> xpath: //*/input[@type='TEXT']] Not interactable
[[FirefoxDriver: firefox on LINUX (bd93d6b1-e9c1-4012-a365-f8f5334e7ee5)] -> xpath: //*/input[@type='TEXT']] Not interactable
[[FirefoxDriver: firefox on LINUX (bd93d6b1-e9c1-4012-a365-f8f5334e7ee5)] -> xpath: //input[@type='SUBMIT']] Not interactable
[[FirefoxDriver: firefox on LINUX (bd93d6b1-e9c1-4012-a365-f8f5334e7ee5)] -> xpath: //input[@type='SUBMIT']] Not interactable
[[FirefoxDriver: firefox on LINUX (bd93d6b1-e9c1-4012-a365-f8f5334e7ee5)] -> xpath: //input[@type='SUBMIT']] Not interactable
[[FirefoxDriver: firefox on LINUX (bd93d6b1-e9c1-4012-a365-f8f5334e7ee5)] -> xpath: //input[@type='SUBMIT']] Not interactable
[[FirefoxDriver: firefox on LINUX (bd93d6b1-e9c1-4012-a365-f8f5334e7ee5)] -> xpath: //input[@type='SUBMIT']] Not interactable
[[FirefoxDriver: firefox on LINUX (bd93d6b1-e9c1-4012-a365-f8f5334e7ee5)] -> xpath: //input[@type='SUBMIT']] Not interactable
[[FirefoxDriver: firefox on LINUX (bd93d6b1-e9c1-4012-a365-f8f5334e7ee5)] -> xpath: //input[@type='SUBMIT']] Not interactable
[[FirefoxDriver: firefox on LINUX (bd93d6b1-e9c1-4012-a365-f8f5334e7ee5)] -> xpath: //input[@type='SUBMIT']] Not interactable
[[FirefoxDriver: firefox on LINUX (bd93d6b1-e9c1-4012-a365-f8f5334e7ee5)] -> xpath: //*/input[@type='TEXT']] Not interactable
[[FirefoxDriver: firefox on LINUX (bd93d6b1-e9c1-4012-a365-f8f5334e7ee5)] -> xpath: //*/input[@type='TEXT']] Not interactable
[[FirefoxDriver: firefox on LINUX (bd93d6b1-e9c1-4012-a365-f8f5334e7ee5)] -> xpath: //*/input[@type='TEXT']] Not interactable
[[FirefoxDriver: firefox on LINUX (bd93d6b1-e9c1-4012-a365-f8f5334e7ee5)] -> xpath: //input[@type='SUBMIT']] Not interactable
[[FirefoxDriver: firefox on LINUX (bd93d6b1-e9c1-4012-a365-f8f5334e7ee5)] -> xpath: //input[@type='SUBMIT']] Not interactable
[[FirefoxDriver: firefox on LINUX (bd93d6b1-e9c1-4012-a365-f8f5334e7ee5)] -> xpath: //input[@type='SUBMIT']] Not interactable
[[FirefoxDriver: firefox on LINUX (bd93d6b1-e9c1-4012-a365-f8f5334e7ee5)] -> xpath: //input[@type='SUBMIT']] Not interactable
[[FirefoxDriver: firefox on LINUX (bd93d6b1-e9c1-4012-a365-f8f5334e7ee5)] -> xpath: //input[@type='SUBMIT']] Not interactable
[[FirefoxDriver: firefox on LINUX (bd93d6b1-e9c1-4012-a365-f8f5334e7ee5)] -> xpath: //input[@type='SUBMIT']] Not interactable
[[FirefoxDriver: firefox on LINUX (bd93d6b1-e9c1-4012-a365-f8f5334e7ee5)] -> xpath: //input[@type='SUBMIT']] Not interactable
[[FirefoxDriver: firefox on LINUX (bd93d6b1-e9c1-4012-a365-f8f5334e7ee5)] -> xpath: //input[@type='SUBMIT']] Not interactable
[[FirefoxDriver: firefox on LINUX (bd93d6b1-e9c1-4012-a365-f8f5334e7ee5)] -> xpath: //*/input[@type='TEXT']] Not interactable
[[FirefoxDriver: firefox on LINUX (bd93d6b1-e9c1-4012-a365-f8f5334e7ee5)] -> xpath: //*/input[@type='TEXT']] Not interactable
[[FirefoxDriver: firefox on LINUX (bd93d6b1-e9c1-4012-a365-f8f5334e7ee5)] -> xpath: //*/input[@type='TEXT']] Not interactable
[[FirefoxDriver: firefox on LINUX (bd93d6b1-e9c1-4012-a365-f8f5334e7ee5)] -> xpath: //input[@type='SUBMIT']] Not interactable
[[FirefoxDriver: firefox on LINUX (bd93d6b1-e9c1-4012-a365-f8f5334e7ee5)] -> xpath: //input[@type='SUBMIT']] Not interactable
[[FirefoxDriver: firefox on LINUX (bd93d6b1-e9c1-4012-a365-f8f5334e7ee5)] -> xpath: //input[@type='SUBMIT']] Not interactable
[[FirefoxDriver: firefox on LINUX (bd93d6b1-e9c1-4012-a365-f8f5334e7ee5)] -> xpath: //input[@type='SUBMIT']] Not interactable
[[FirefoxDriver: firefox on LINUX (bd93d6b1-e9c1-4012-a365-f8f5334e7ee5)] -> xpath: //input[@type='SUBMIT']] Not interactable
[[FirefoxDriver: firefox on LINUX (bd93d6b1-e9c1-4012-a365-f8f5334e7ee5)] -> xpath: //input[@type='SUBMIT']] Not interactable
[[FirefoxDriver: firefox on LINUX (bd93d6b1-e9c1-4012-a365-f8f5334e7ee5)] -> xpath: //input[@type='SUBMIT']] Not interactable
[[FirefoxDriver: firefox on LINUX (bd93d6b1-e9c1-4012-a365-f8f5334e7ee5)] -> xpath: //input[@type='SUBMIT']] Not interactable
[[FirefoxDriver: firefox on LINUX (bd93d6b1-e9c1-4012-a365-f8f5334e7ee5)] -> xpath: //*/input[@type='TEXT']] Not interactable
[[FirefoxDriver: firefox on LINUX (bd93d6b1-e9c1-4012-a365-f8f5334e7ee5)] -> xpath: //*/input[@type='TEXT']] Not interactable
[[FirefoxDriver: firefox on LINUX (bd93d6b1-e9c1-4012-a365-f8f5334e7ee5)] -> xpath: //*/input[@type='TEXT']] Not interactable
[[FirefoxDriver: firefox on LINUX (bd93d6b1-e9c1-4012-a365-f8f5334e7ee5)] -> xpath: //input[@type='SUBMIT']] Not interactable
[[FirefoxDriver: firefox on LINUX (bd93d6b1-e9c1-4012-a365-f8f5334e7ee5)] -> xpath: //input[@type='SUBMIT']] Not interactable
[[FirefoxDriver: firefox on LINUX (bd93d6b1-e9c1-4012-a365-f8f5334e7ee5)] -> xpath: //input[@type='SUBMIT']] Not interactable
[[FirefoxDriver: firefox on LINUX (bd93d6b1-e9c1-4012-a365-f8f5334e7ee5)] -> xpath: //input[@type='SUBMIT']] Not interactable
[[FirefoxDriver: firefox on LINUX (bd93d6b1-e9c1-4012-a365-f8f5334e7ee5)] -> xpath: //input[@type='SUBMIT']] Not interactable
[[FirefoxDriver: firefox on LINUX (bd93d6b1-e9c1-4012-a365-f8f5334e7ee5)] -> xpath: //input[@type='SUBMIT']] Not interactable
[[FirefoxDriver: firefox on LINUX (bd93d6b1-e9c1-4012-a365-f8f5334e7ee5)] -> xpath: //input[@type='SUBMIT']] Not interactable
[[FirefoxDriver: firefox on LINUX (bd93d6b1-e9c1-4012-a365-f8f5334e7ee5)] -> xpath: //input[@type='SUBMIT']] Not interactable
[[FirefoxDriver: firefox on LINUX (bd93d6b1-e9c1-4012-a365-f8f5334e7ee5)] -> xpath: //*/input[@type='TEXT']] Not interactable
[[FirefoxDriver: firefox on LINUX (bd93d6b1-e9c1-4012-a365-f8f5334e7ee5)] -> xpath: //*/input[@type='TEXT']] Not interactable
[[FirefoxDriver: firefox on LINUX (bd93d6b1-e9c1-4012-a365-f8f5334e7ee5)] -> xpath: //*/input[@type='TEXT']] Not interactable
[[FirefoxDriver: firefox on LINUX (bd93d6b1-e9c1-4012-a365-f8f5334e7ee5)] -> xpath: //input[@type='SUBMIT']] Not interactable
[[FirefoxDriver: firefox on LINUX (bd93d6b1-e9c1-4012-a365-f8f5334e7ee5)] -> xpath: //input[@type='SUBMIT']] Not interactable
[[FirefoxDriver: firefox on LINUX (bd93d6b1-e9c1-4012-a365-f8f5334e7ee5)] -> xpath: //input[@type='SUBMIT']] Not interactable
[[FirefoxDriver: firefox on LINUX (bd93d6b1-e9c1-4012-a365-f8f5334e7ee5)] -> xpath: //input[@type='SUBMIT']] Not interactable
[[FirefoxDriver: firefox on LINUX (bd93d6b1-e9c1-4012-a365-f8f5334e7ee5)] -> xpath: //input[@type='SUBMIT']] Not interactable
[[FirefoxDriver: firefox on LINUX (bd93d6b1-e9c1-4012-a365-f8f5334e7ee5)] -> xpath: //input[@type='SUBMIT']] Not interactable
[[FirefoxDriver: firefox on LINUX (bd93d6b1-e9c1-4012-a365-f8f5334e7ee5)] -> xpath: //input[@type='SUBMIT']] Not interactable
[[FirefoxDriver: firefox on LINUX (bd93d6b1-e9c1-4012-a365-f8f5334e7ee5)] -> xpath: //input[@type='SUBMIT']] Not interactable
[[FirefoxDriver: firefox on LINUX (bd93d6b1-e9c1-4012-a365-f8f5334e7ee5)] -> xpath: //*/input[@type='TEXT']] Not interactable
[[FirefoxDriver: firefox on LINUX (bd93d6b1-e9c1-4012-a365-f8f5334e7ee5)] -> xpath: //*/input[@type='TEXT']] Not interactable
[[FirefoxDriver: firefox on LINUX (bd93d6b1-e9c1-4012-a365-f8f5334e7ee5)] -> xpath: //*/input[@type='TEXT']] Not interactable
[[FirefoxDriver: firefox on LINUX (bd93d6b1-e9c1-4012-a365-f8f5334e7ee5)] -> xpath: //input[@type='SUBMIT']] Not interactable
[[FirefoxDriver: firefox on LINUX (bd93d6b1-e9c1-4012-a365-f8f5334e7ee5)] -> xpath: //input[@type='SUBMIT']] Not interactable
[[FirefoxDriver: firefox on LINUX (bd93d6b1-e9c1-4012-a365-f8f5334e7ee5)] -> xpath: //input[@type='SUBMIT']] Not interactable
[[FirefoxDriver: firefox on LINUX (bd93d6b1-e9c1-4012-a365-f8f5334e7ee5)] -> xpath: //input[@type='SUBMIT']] Not interactable
[[FirefoxDriver: firefox on LINUX (bd93d6b1-e9c1-4012-a365-f8f5334e7ee5)] -> xpath: //input[@type='SUBMIT']] Not interactable
[[FirefoxDriver: firefox on LINUX (bd93d6b1-e9c1-4012-a365-f8f5334e7ee5)] -> xpath: //input[@type='SUBMIT']] Not interactable
[[FirefoxDriver: firefox on LINUX (bd93d6b1-e9c1-4012-a365-f8f5334e7ee5)] -> xpath: //input[@type='SUBMIT']] Not interactable
[[FirefoxDriver: firefox on LINUX (bd93d6b1-e9c1-4012-a365-f8f5334e7ee5)] -> xpath: //input[@type='SUBMIT']] Not interactable
[[FirefoxDriver: firefox on LINUX (bd93d6b1-e9c1-4012-a365-f8f5334e7ee5)] -> xpath: //*/input[@type='TEXT']] Not interactable
[[FirefoxDriver: firefox on LINUX (bd93d6b1-e9c1-4012-a365-f8f5334e7ee5)] -> xpath: //*/input[@type='TEXT']] Not interactable
[[FirefoxDriver: firefox on LINUX (bd93d6b1-e9c1-4012-a365-f8f5334e7ee5)] -> xpath: //*/input[@type='TEXT']] Not interactable
[[FirefoxDriver: firefox on LINUX (bd93d6b1-e9c1-4012-a365-f8f5334e7ee5)] -> xpath: //input[@type='SUBMIT']] Not interactable
[[FirefoxDriver: firefox on LINUX (bd93d6b1-e9c1-4012-a365-f8f5334e7ee5)] -> xpath: //input[@type='SUBMIT']] Not interactable
[[FirefoxDriver: firefox on LINUX (bd93d6b1-e9c1-4012-a365-f8f5334e7ee5)] -> xpath: //input[@type='SUBMIT']] Not interactable
[[FirefoxDriver: firefox on LINUX (bd93d6b1-e9c1-4012-a365-f8f5334e7ee5)] -> xpath: //input[@type='SUBMIT']] Not interactable
[[FirefoxDriver: firefox on LINUX (bd93d6b1-e9c1-4012-a365-f8f5334e7ee5)] -> xpath: //input[@type='SUBMIT']] Not interactable
[[FirefoxDriver: firefox on LINUX (bd93d6b1-e9c1-4012-a365-f8f5334e7ee5)] -> xpath: //input[@type='SUBMIT']] Not interactable
[[FirefoxDriver: firefox on LINUX (bd93d6b1-e9c1-4012-a365-f8f5334e7ee5)] -> xpath: //input[@type='SUBMIT']] Not interactable
[[FirefoxDriver: firefox on LINUX (bd93d6b1-e9c1-4012-a365-f8f5334e7ee5)] -> xpath: //input[@type='SUBMIT']] Not interactable
[[FirefoxDriver: firefox on LINUX (bd93d6b1-e9c1-4012-a365-f8f5334e7ee5)] -> xpath: //*/input[@type='TEXT']] Not interactable
[[FirefoxDriver: firefox on LINUX (bd93d6b1-e9c1-4012-a365-f8f5334e7ee5)] -> xpath: //*/input[@type='TEXT']] Not interactable
[[FirefoxDriver: firefox on LINUX (bd93d6b1-e9c1-4012-a365-f8f5334e7ee5)] -> xpath: //*/input[@type='TEXT']] Not interactable
[[FirefoxDriver: firefox on LINUX (bd93d6b1-e9c1-4012-a365-f8f5334e7ee5)] -> xpath: //input[@type='SUBMIT']] Not interactable
[[FirefoxDriver: firefox on LINUX (bd93d6b1-e9c1-4012-a365-f8f5334e7ee5)] -> xpath: //input[@type='SUBMIT']] Not interactable
[[FirefoxDriver: firefox on LINUX (bd93d6b1-e9c1-4012-a365-f8f5334e7ee5)] -> xpath: //input[@type='SUBMIT']] Not interactable
[[FirefoxDriver: firefox on LINUX (bd93d6b1-e9c1-4012-a365-f8f5334e7ee5)] -> xpath: //input[@type='SUBMIT']] Not interactable
[[FirefoxDriver: firefox on LINUX (bd93d6b1-e9c1-4012-a365-f8f5334e7ee5)] -> xpath: //input[@type='SUBMIT']] Not interactable
[[FirefoxDriver: firefox on LINUX (bd93d6b1-e9c1-4012-a365-f8f5334e7ee5)] -> xpath: //input[@type='SUBMIT']] Not interactable
[[FirefoxDriver: firefox on LINUX (bd93d6b1-e9c1-4012-a365-f8f5334e7ee5)] -> xpath: //input[@type='SUBMIT']] Not interactable
[[FirefoxDriver: firefox on LINUX (bd93d6b1-e9c1-4012-a365-f8f5334e7ee5)] -> xpath: //input[@type='SUBMIT']] Not interactable
[[FirefoxDriver: firefox on LINUX (bd93d6b1-e9c1-4012-a365-f8f5334e7ee5)] -> xpath: //*/input[@type='TEXT']] Not interactable
[[FirefoxDriver: firefox on LINUX (bd93d6b1-e9c1-4012-a365-f8f5334e7ee5)] -> xpath: //*/input[@type='TEXT']] Not interactable
[[FirefoxDriver: firefox on LINUX (bd93d6b1-e9c1-4012-a365-f8f5334e7ee5)] -> xpath: //*/input[@type='TEXT']] Not interactable
[[FirefoxDriver: firefox on LINUX (bd93d6b1-e9c1-4012-a365-f8f5334e7ee5)] -> xpath: //input[@type='SUBMIT']] Not interactable
[[FirefoxDriver: firefox on LINUX (bd93d6b1-e9c1-4012-a365-f8f5334e7ee5)] -> xpath: //input[@type='SUBMIT']] Not interactable
[[FirefoxDriver: firefox on LINUX (bd93d6b1-e9c1-4012-a365-f8f5334e7ee5)] -> xpath: //input[@type='SUBMIT']] Not interactable
[[FirefoxDriver: firefox on LINUX (bd93d6b1-e9c1-4012-a365-f8f5334e7ee5)] -> xpath: //input[@type='SUBMIT']] Not interactable
[[FirefoxDriver: firefox on LINUX (bd93d6b1-e9c1-4012-a365-f8f5334e7ee5)] -> xpath: //input[@type='SUBMIT']] Not interactable
[[FirefoxDriver: firefox on LINUX (bd93d6b1-e9c1-4012-a365-f8f5334e7ee5)] -> xpath: //input[@type='SUBMIT']] Not interactable
[[FirefoxDriver: firefox on LINUX (bd93d6b1-e9c1-4012-a365-f8f5334e7ee5)] -> xpath: //input[@type='SUBMIT']] Not interactable
[[FirefoxDriver: firefox on LINUX (bd93d6b1-e9c1-4012-a365-f8f5334e7ee5)] -> xpath: //input[@type='SUBMIT']] Not interactable
[[FirefoxDriver: firefox on LINUX (bd93d6b1-e9c1-4012-a365-f8f5334e7ee5)] -> xpath: //*/input[@type='TEXT']] Not interactable
[[FirefoxDriver: firefox on LINUX (bd93d6b1-e9c1-4012-a365-f8f5334e7ee5)] -> xpath: //*/input[@type='TEXT']] Not interactable
[[FirefoxDriver: firefox on LINUX (bd93d6b1-e9c1-4012-a365-f8f5334e7ee5)] -> xpath: //*/input[@type='TEXT']] Not interactable
[[FirefoxDriver: firefox on LINUX (bd93d6b1-e9c1-4012-a365-f8f5334e7ee5)] -> xpath: //input[@type='SUBMIT']] Not interactable
[[FirefoxDriver: firefox on LINUX (bd93d6b1-e9c1-4012-a365-f8f5334e7ee5)] -> xpath: //input[@type='SUBMIT']] Not interactable
[[FirefoxDriver: firefox on LINUX (bd93d6b1-e9c1-4012-a365-f8f5334e7ee5)] -> xpath: //input[@type='SUBMIT']] Not interactable
[[FirefoxDriver: firefox on LINUX (bd93d6b1-e9c1-4012-a365-f8f5334e7ee5)] -> xpath: //input[@type='SUBMIT']] Not interactable
[[FirefoxDriver: firefox on LINUX (bd93d6b1-e9c1-4012-a365-f8f5334e7ee5)] -> xpath: //input[@type='SUBMIT']] Not interactable
[[FirefoxDriver: firefox on LINUX (bd93d6b1-e9c1-4012-a365-f8f5334e7ee5)] -> xpath: //input[@type='SUBMIT']] Not interactable
[[FirefoxDriver: firefox on LINUX (bd93d6b1-e9c1-4012-a365-f8f5334e7ee5)] -> xpath: //input[@type='SUBMIT']] Not interactable
[[FirefoxDriver: firefox on LINUX (bd93d6b1-e9c1-4012-a365-f8f5334e7ee5)] -> xpath: //input[@type='SUBMIT']] Not interactable
[[FirefoxDriver: firefox on LINUX (bd93d6b1-e9c1-4012-a365-f8f5334e7ee5)] -> xpath: //*/input[@type='TEXT']] Not interactable
[[FirefoxDriver: firefox on LINUX (bd93d6b1-e9c1-4012-a365-f8f5334e7ee5)] -> xpath: //*/input[@type='TEXT']] Not interactable
[[FirefoxDriver: firefox on LINUX (bd93d6b1-e9c1-4012-a365-f8f5334e7ee5)] -> xpath: //*/input[@type='TEXT']] Not interactable
[[FirefoxDriver: firefox on LINUX (bd93d6b1-e9c1-4012-a365-f8f5334e7ee5)] -> xpath: //input[@type='SUBMIT']] Not interactable
[[FirefoxDriver: firefox on LINUX (bd93d6b1-e9c1-4012-a365-f8f5334e7ee5)] -> xpath: //input[@type='SUBMIT']] Not interactable
[[FirefoxDriver: firefox on LINUX (bd93d6b1-e9c1-4012-a365-f8f5334e7ee5)] -> xpath: //input[@type='SUBMIT']] Not interactable
[[FirefoxDriver: firefox on LINUX (bd93d6b1-e9c1-4012-a365-f8f5334e7ee5)] -> xpath: //input[@type='SUBMIT']] Not interactable
[[FirefoxDriver: firefox on LINUX (bd93d6b1-e9c1-4012-a365-f8f5334e7ee5)] -> xpath: //input[@type='SUBMIT']] Not interactable
[[FirefoxDriver: firefox on LINUX (bd93d6b1-e9c1-4012-a365-f8f5334e7ee5)] -> xpath: //input[@type='SUBMIT']] Not interactable
[[FirefoxDriver: firefox on LINUX (bd93d6b1-e9c1-4012-a365-f8f5334e7ee5)] -> xpath: //input[@type='SUBMIT']] Not interactable
[[FirefoxDriver: firefox on LINUX (bd93d6b1-e9c1-4012-a365-f8f5334e7ee5)] -> xpath: //input[@type='SUBMIT']] Not interactable
[[FirefoxDriver: firefox on LINUX (bd93d6b1-e9c1-4012-a365-f8f5334e7ee5)] -> xpath: //*/input[@type='TEXT']] Not interactable
[[FirefoxDriver: firefox on LINUX (bd93d6b1-e9c1-4012-a365-f8f5334e7ee5)] -> xpath: //*/input[@type='TEXT']] Not interactable
[[FirefoxDriver: firefox on LINUX (bd93d6b1-e9c1-4012-a365-f8f5334e7ee5)] -> xpath: //*/input[@type='TEXT']] Not interactable
[[FirefoxDriver: firefox on LINUX (bd93d6b1-e9c1-4012-a365-f8f5334e7ee5)] -> xpath: //input[@type='SUBMIT']] Not interactable
[[FirefoxDriver: firefox on LINUX (bd93d6b1-e9c1-4012-a365-f8f5334e7ee5)] -> xpath: //input[@type='SUBMIT']] Not interactable
[[FirefoxDriver: firefox on LINUX (bd93d6b1-e9c1-4012-a365-f8f5334e7ee5)] -> xpath: //input[@type='SUBMIT']] Not interactable
[[FirefoxDriver: firefox on LINUX (bd93d6b1-e9c1-4012-a365-f8f5334e7ee5)] -> xpath: //input[@type='SUBMIT']] Not interactable
[[FirefoxDriver: firefox on LINUX (bd93d6b1-e9c1-4012-a365-f8f5334e7ee5)] -> xpath: //input[@type='SUBMIT']] Not interactable
[[FirefoxDriver: firefox on LINUX (bd93d6b1-e9c1-4012-a365-f8f5334e7ee5)] -> xpath: //input[@type='SUBMIT']] Not interactable
[[FirefoxDriver: firefox on LINUX (bd93d6b1-e9c1-4012-a365-f8f5334e7ee5)] -> xpath: //input[@type='SUBMIT']] Not interactable
[[FirefoxDriver: firefox on LINUX (bd93d6b1-e9c1-4012-a365-f8f5334e7ee5)] -> xpath: //input[@type='SUBMIT']] Not interactable
[[FirefoxDriver: firefox on LINUX (bd93d6b1-e9c1-4012-a365-f8f5334e7ee5)] -> xpath: //*/input[@type='TEXT']] Not interactable
[[FirefoxDriver: firefox on LINUX (bd93d6b1-e9c1-4012-a365-f8f5334e7ee5)] -> xpath: //*/input[@type='TEXT']] Not interactable
[[FirefoxDriver: firefox on LINUX (bd93d6b1-e9c1-4012-a365-f8f5334e7ee5)] -> xpath: //*/input[@type='TEXT']] Not interactable
[[FirefoxDriver: firefox on LINUX (bd93d6b1-e9c1-4012-a365-f8f5334e7ee5)] -> xpath: //input[@type='SUBMIT']] Not interactable
[[FirefoxDriver: firefox on LINUX (bd93d6b1-e9c1-4012-a365-f8f5334e7ee5)] -> xpath: //input[@type='SUBMIT']] Not interactable
[[FirefoxDriver: firefox on LINUX (bd93d6b1-e9c1-4012-a365-f8f5334e7ee5)] -> xpath: //input[@type='SUBMIT']] Not interactable
[[FirefoxDriver: firefox on LINUX (bd93d6b1-e9c1-4012-a365-f8f5334e7ee5)] -> xpath: //input[@type='SUBMIT']] Not interactable
[[FirefoxDriver: firefox on LINUX (bd93d6b1-e9c1-4012-a365-f8f5334e7ee5)] -> xpath: //input[@type='SUBMIT']] Not interactable
[[FirefoxDriver: firefox on LINUX (bd93d6b1-e9c1-4012-a365-f8f5334e7ee5)] -> xpath: //input[@type='SUBMIT']] Not interactable
[[FirefoxDriver: firefox on LINUX (bd93d6b1-e9c1-4012-a365-f8f5334e7ee5)] -> xpath: //input[@type='SUBMIT']] Not interactable
[[FirefoxDriver: firefox on LINUX (bd93d6b1-e9c1-4012-a365-f8f5334e7ee5)] -> xpath: //input[@type='SUBMIT']] Not interactable
[[FirefoxDriver: firefox on LINUX (bd93d6b1-e9c1-4012-a365-f8f5334e7ee5)] -> xpath: //*/input[@type='TEXT']] Not interactable
[[FirefoxDriver: firefox on LINUX (bd93d6b1-e9c1-4012-a365-f8f5334e7ee5)] -> xpath: //*/input[@type='TEXT']] Not interactable
[[FirefoxDriver: firefox on LINUX (bd93d6b1-e9c1-4012-a365-f8f5334e7ee5)] -> xpath: //*/input[@type='TEXT']] Not interactable
[[FirefoxDriver: firefox on LINUX (bd93d6b1-e9c1-4012-a365-f8f5334e7ee5)] -> xpath: //input[@type='SUBMIT']] Not interactable
[[FirefoxDriver: firefox on LINUX (bd93d6b1-e9c1-4012-a365-f8f5334e7ee5)] -> xpath: //input[@type='SUBMIT']] Not interactable
[[FirefoxDriver: firefox on LINUX (bd93d6b1-e9c1-4012-a365-f8f5334e7ee5)] -> xpath: //input[@type='SUBMIT']] Not interactable
[[FirefoxDriver: firefox on LINUX (bd93d6b1-e9c1-4012-a365-f8f5334e7ee5)] -> xpath: //input[@type='SUBMIT']] Not interactable
[[FirefoxDriver: firefox on LINUX (bd93d6b1-e9c1-4012-a365-f8f5334e7ee5)] -> xpath: //input[@type='SUBMIT']] Not interactable
[[FirefoxDriver: firefox on LINUX (bd93d6b1-e9c1-4012-a365-f8f5334e7ee5)] -> xpath: //input[@type='SUBMIT']] Not interactable
[[FirefoxDriver: firefox on LINUX (bd93d6b1-e9c1-4012-a365-f8f5334e7ee5)] -> xpath: //input[@type='SUBMIT']] Not interactable
[[FirefoxDriver: firefox on LINUX (bd93d6b1-e9c1-4012-a365-f8f5334e7ee5)] -> xpath: //input[@type='SUBMIT']] Not interactable
[[FirefoxDriver: firefox on LINUX (bd93d6b1-e9c1-4012-a365-f8f5334e7ee5)] -> xpath: //*/input[@type='TEXT']] Not interactable
[[FirefoxDriver: firefox on LINUX (bd93d6b1-e9c1-4012-a365-f8f5334e7ee5)] -> xpath: //*/input[@type='TEXT']] Not interactable
[[FirefoxDriver: firefox on LINUX (bd93d6b1-e9c1-4012-a365-f8f5334e7ee5)] -> xpath: //*/input[@type='TEXT']] Not interactable
[[FirefoxDriver: firefox on LINUX (bd93d6b1-e9c1-4012-a365-f8f5334e7ee5)] -> xpath: //input[@type='SUBMIT']] Not interactable
[[FirefoxDriver: firefox on LINUX (bd93d6b1-e9c1-4012-a365-f8f5334e7ee5)] -> xpath: //input[@type='SUBMIT']] Not interactable
[[FirefoxDriver: firefox on LINUX (bd93d6b1-e9c1-4012-a365-f8f5334e7ee5)] -> xpath: //input[@type='SUBMIT']] Not interactable
[[FirefoxDriver: firefox on LINUX (bd93d6b1-e9c1-4012-a365-f8f5334e7ee5)] -> xpath: //input[@type='SUBMIT']] Not interactable
[[FirefoxDriver: firefox on LINUX (bd93d6b1-e9c1-4012-a365-f8f5334e7ee5)] -> xpath: //input[@type='SUBMIT']] Not interactable
[[FirefoxDriver: firefox on LINUX (bd93d6b1-e9c1-4012-a365-f8f5334e7ee5)] -> xpath: //input[@type='SUBMIT']] Not interactable
[[FirefoxDriver: firefox on LINUX (bd93d6b1-e9c1-4012-a365-f8f5334e7ee5)] -> xpath: //input[@type='SUBMIT']] Not interactable
[[FirefoxDriver: firefox on LINUX (bd93d6b1-e9c1-4012-a365-f8f5334e7ee5)] -> xpath: //input[@type='SUBMIT']] Not interactable
[[FirefoxDriver: firefox on LINUX (bd93d6b1-e9c1-4012-a365-f8f5334e7ee5)] -> xpath: //*/input[@type='TEXT']] Not interactable
[[FirefoxDriver: firefox on LINUX (bd93d6b1-e9c1-4012-a365-f8f5334e7ee5)] -> xpath: //*/input[@type='TEXT']] Not interactable
[[FirefoxDriver: firefox on LINUX (bd93d6b1-e9c1-4012-a365-f8f5334e7ee5)] -> xpath: //*/input[@type='TEXT']] Not interactable
[[FirefoxDriver: firefox on LINUX (bd93d6b1-e9c1-4012-a365-f8f5334e7ee5)] -> xpath: //input[@type='SUBMIT']] Not interactable
[[FirefoxDriver: firefox on LINUX (bd93d6b1-e9c1-4012-a365-f8f5334e7ee5)] -> xpath: //input[@type='SUBMIT']] Not interactable
[[FirefoxDriver: firefox on LINUX (bd93d6b1-e9c1-4012-a365-f8f5334e7ee5)] -> xpath: //input[@type='SUBMIT']] Not interactable
[[FirefoxDriver: firefox on LINUX (bd93d6b1-e9c1-4012-a365-f8f5334e7ee5)] -> xpath: //input[@type='SUBMIT']] Not interactable
[[FirefoxDriver: firefox on LINUX (bd93d6b1-e9c1-4012-a365-f8f5334e7ee5)] -> xpath: //input[@type='SUBMIT']] Not interactable
[[FirefoxDriver: firefox on LINUX (bd93d6b1-e9c1-4012-a365-f8f5334e7ee5)] -> xpath: //input[@type='SUBMIT']] Not interactable
[[FirefoxDriver: firefox on LINUX (bd93d6b1-e9c1-4012-a365-f8f5334e7ee5)] -> xpath: //input[@type='SUBMIT']] Not interactable
[[FirefoxDriver: firefox on LINUX (bd93d6b1-e9c1-4012-a365-f8f5334e7ee5)] -> xpath: //input[@type='SUBMIT']] Not interactable
[[FirefoxDriver: firefox on LINUX (bd93d6b1-e9c1-4012-a365-f8f5334e7ee5)] -> xpath: //*/input[@type='TEXT']] Not interactable
[[FirefoxDriver: firefox on LINUX (bd93d6b1-e9c1-4012-a365-f8f5334e7ee5)] -> xpath: //*/input[@type='TEXT']] Not interactable
[[FirefoxDriver: firefox on LINUX (bd93d6b1-e9c1-4012-a365-f8f5334e7ee5)] -> xpath: //*/input[@type='TEXT']] Not interactable
[[FirefoxDriver: firefox on LINUX (bd93d6b1-e9c1-4012-a365-f8f5334e7ee5)] -> xpath: //input[@type='SUBMIT']] Not interactable
[[FirefoxDriver: firefox on LINUX (bd93d6b1-e9c1-4012-a365-f8f5334e7ee5)] -> xpath: //input[@type='SUBMIT']] Not interactable
[[FirefoxDriver: firefox on LINUX (bd93d6b1-e9c1-4012-a365-f8f5334e7ee5)] -> xpath: //input[@type='SUBMIT']] Not interactable
[[FirefoxDriver: firefox on LINUX (bd93d6b1-e9c1-4012-a365-f8f5334e7ee5)] -> xpath: //input[@type='SUBMIT']] Not interactable
[[FirefoxDriver: firefox on LINUX (bd93d6b1-e9c1-4012-a365-f8f5334e7ee5)] -> xpath: //input[@type='SUBMIT']] Not interactable
[[FirefoxDriver: firefox on LINUX (bd93d6b1-e9c1-4012-a365-f8f5334e7ee5)] -> xpath: //input[@type='SUBMIT']] Not interactable
[[FirefoxDriver: firefox on LINUX (bd93d6b1-e9c1-4012-a365-f8f5334e7ee5)] -> xpath: //input[@type='SUBMIT']] Not interactable
[[FirefoxDriver: firefox on LINUX (bd93d6b1-e9c1-4012-a365-f8f5334e7ee5)] -> xpath: //input[@type='SUBMIT']] Not interactable
[[FirefoxDriver: firefox on LINUX (bd93d6b1-e9c1-4012-a365-f8f5334e7ee5)] -> xpath: //*/input[@type='TEXT']] Not interactable
[[FirefoxDriver: firefox on LINUX (bd93d6b1-e9c1-4012-a365-f8f5334e7ee5)] -> xpath: //*/input[@type='TEXT']] Not interactable
[[FirefoxDriver: firefox on LINUX (bd93d6b1-e9c1-4012-a365-f8f5334e7ee5)] -> xpath: //*/input[@type='TEXT']] Not interactable
[[FirefoxDriver: firefox on LINUX (bd93d6b1-e9c1-4012-a365-f8f5334e7ee5)] -> xpath: //input[@type='SUBMIT']] Not interactable
[[FirefoxDriver: firefox on LINUX (bd93d6b1-e9c1-4012-a365-f8f5334e7ee5)] -> xpath: //input[@type='SUBMIT']] Not interactable
[[FirefoxDriver: firefox on LINUX (bd93d6b1-e9c1-4012-a365-f8f5334e7ee5)] -> xpath: //input[@type='SUBMIT']] Not interactable
[[FirefoxDriver: firefox on LINUX (bd93d6b1-e9c1-4012-a365-f8f5334e7ee5)] -> xpath: //input[@type='SUBMIT']] Not interactable
[[FirefoxDriver: firefox on LINUX (bd93d6b1-e9c1-4012-a365-f8f5334e7ee5)] -> xpath: //input[@type='SUBMIT']] Not interactable
[[FirefoxDriver: firefox on LINUX (bd93d6b1-e9c1-4012-a365-f8f5334e7ee5)] -> xpath: //input[@type='SUBMIT']] Not interactable
[[FirefoxDriver: firefox on LINUX (bd93d6b1-e9c1-4012-a365-f8f5334e7ee5)] -> xpath: //input[@type='SUBMIT']] Not interactable
[[FirefoxDriver: firefox on LINUX (bd93d6b1-e9c1-4012-a365-f8f5334e7ee5)] -> xpath: //input[@type='SUBMIT']] Not interactable
[[FirefoxDriver: firefox on LINUX (bd93d6b1-e9c1-4012-a365-f8f5334e7ee5)] -> xpath: //*/input[@type='TEXT']] Not interactable
[[FirefoxDriver: firefox on LINUX (bd93d6b1-e9c1-4012-a365-f8f5334e7ee5)] -> xpath: //*/input[@type='TEXT']] Not interactable
[[FirefoxDriver: firefox on LINUX (bd93d6b1-e9c1-4012-a365-f8f5334e7ee5)] -> xpath: //*/input[@type='TEXT']] Not interactable
[[FirefoxDriver: firefox on LINUX (bd93d6b1-e9c1-4012-a365-f8f5334e7ee5)] -> xpath: //input[@type='SUBMIT']] Not interactable
[[FirefoxDriver: firefox on LINUX (bd93d6b1-e9c1-4012-a365-f8f5334e7ee5)] -> xpath: //input[@type='SUBMIT']] Not interactable
[[FirefoxDriver: firefox on LINUX (bd93d6b1-e9c1-4012-a365-f8f5334e7ee5)] -> xpath: //input[@type='SUBMIT']] Not interactable
[[FirefoxDriver: firefox on LINUX (bd93d6b1-e9c1-4012-a365-f8f5334e7ee5)] -> xpath: //input[@type='SUBMIT']] Not interactable
[[FirefoxDriver: firefox on LINUX (bd93d6b1-e9c1-4012-a365-f8f5334e7ee5)] -> xpath: //input[@type='SUBMIT']] Not interactable
[[FirefoxDriver: firefox on LINUX (bd93d6b1-e9c1-4012-a365-f8f5334e7ee5)] -> xpath: //input[@type='SUBMIT']] Not interactable
[[FirefoxDriver: firefox on LINUX (bd93d6b1-e9c1-4012-a365-f8f5334e7ee5)] -> xpath: //input[@type='SUBMIT']] Not interactable
[[FirefoxDriver: firefox on LINUX (bd93d6b1-e9c1-4012-a365-f8f5334e7ee5)] -> xpath: //input[@type='SUBMIT']] Not interactable
[[FirefoxDriver: firefox on LINUX (bd93d6b1-e9c1-4012-a365-f8f5334e7ee5)] -> xpath: //*/input[@type='TEXT']] Not interactable
[[FirefoxDriver: firefox on LINUX (bd93d6b1-e9c1-4012-a365-f8f5334e7ee5)] -> xpath: //*/input[@type='TEXT']] Not interactable
[[FirefoxDriver: firefox on LINUX (bd93d6b1-e9c1-4012-a365-f8f5334e7ee5)] -> xpath: //*/input[@type='TEXT']] Not interactable
[[FirefoxDriver: firefox on LINUX (bd93d6b1-e9c1-4012-a365-f8f5334e7ee5)] -> xpath: //input[@type='SUBMIT']] Not interactable
[[FirefoxDriver: firefox on LINUX (bd93d6b1-e9c1-4012-a365-f8f5334e7ee5)] -> xpath: //input[@type='SUBMIT']] Not interactable
[[FirefoxDriver: firefox on LINUX (bd93d6b1-e9c1-4012-a365-f8f5334e7ee5)] -> xpath: //input[@type='SUBMIT']] Not interactable
[[FirefoxDriver: firefox on LINUX (bd93d6b1-e9c1-4012-a365-f8f5334e7ee5)] -> xpath: //input[@type='SUBMIT']] Not interactable
[[FirefoxDriver: firefox on LINUX (bd93d6b1-e9c1-4012-a365-f8f5334e7ee5)] -> xpath: //input[@type='SUBMIT']] Not interactable
[[FirefoxDriver: firefox on LINUX (bd93d6b1-e9c1-4012-a365-f8f5334e7ee5)] -> xpath: //input[@type='SUBMIT']] Not interactable
[[FirefoxDriver: firefox on LINUX (bd93d6b1-e9c1-4012-a365-f8f5334e7ee5)] -> xpath: //input[@type='SUBMIT']] Not interactable
[[FirefoxDriver: firefox on LINUX (bd93d6b1-e9c1-4012-a365-f8f5334e7ee5)] -> xpath: //input[@type='SUBMIT']] Not interactable
[[FirefoxDriver: firefox on LINUX (bd93d6b1-e9c1-4012-a365-f8f5334e7ee5)] -> xpath: //*/input[@type='TEXT']] Not interactable
[[FirefoxDriver: firefox on LINUX (bd93d6b1-e9c1-4012-a365-f8f5334e7ee5)] -> xpath: //*/input[@type='TEXT']] Not interactable
[[FirefoxDriver: firefox on LINUX (bd93d6b1-e9c1-4012-a365-f8f5334e7ee5)] -> xpath: //*/input[@type='TEXT']] Not interactable
[[FirefoxDriver: firefox on LINUX (bd93d6b1-e9c1-4012-a365-f8f5334e7ee5)] -> xpath: //input[@type='SUBMIT']] Not interactable
[[FirefoxDriver: firefox on LINUX (bd93d6b1-e9c1-4012-a365-f8f5334e7ee5)] -> xpath: //input[@type='SUBMIT']] Not interactable
[[FirefoxDriver: firefox on LINUX (bd93d6b1-e9c1-4012-a365-f8f5334e7ee5)] -> xpath: //input[@type='SUBMIT']] Not interactable
[[FirefoxDriver: firefox on LINUX (bd93d6b1-e9c1-4012-a365-f8f5334e7ee5)] -> xpath: //input[@type='SUBMIT']] Not interactable
[[FirefoxDriver: firefox on LINUX (bd93d6b1-e9c1-4012-a365-f8f5334e7ee5)] -> xpath: //input[@type='SUBMIT']] Not interactable
[[FirefoxDriver: firefox on LINUX (bd93d6b1-e9c1-4012-a365-f8f5334e7ee5)] -> xpath: //input[@type='SUBMIT']] Not interactable
[[FirefoxDriver: firefox on LINUX (bd93d6b1-e9c1-4012-a365-f8f5334e7ee5)] -> xpath: //input[@type='SUBMIT']] Not interactable
[[FirefoxDriver: firefox on LINUX (bd93d6b1-e9c1-4012-a365-f8f5334e7ee5)] -> xpath: //input[@type='SUBMIT']] Not interactable
[[FirefoxDriver: firefox on LINUX (bd93d6b1-e9c1-4012-a365-f8f5334e7ee5)] -> xpath: //*/input[@type='TEXT']] Not interactable
[[FirefoxDriver: firefox on LINUX (bd93d6b1-e9c1-4012-a365-f8f5334e7ee5)] -> xpath: //*/input[@type='TEXT']] Not interactable
[[FirefoxDriver: firefox on LINUX (bd93d6b1-e9c1-4012-a365-f8f5334e7ee5)] -> xpath: //*/input[@type='TEXT']] Not interactable
[[FirefoxDriver: firefox on LINUX (bd93d6b1-e9c1-4012-a365-f8f5334e7ee5)] -> xpath: //input[@type='SUBMIT']] Not interactable
[[FirefoxDriver: firefox on LINUX (bd93d6b1-e9c1-4012-a365-f8f5334e7ee5)] -> xpath: //input[@type='SUBMIT']] Not interactable
[[FirefoxDriver: firefox on LINUX (bd93d6b1-e9c1-4012-a365-f8f5334e7ee5)] -> xpath: //input[@type='SUBMIT']] Not interactable
[[FirefoxDriver: firefox on LINUX (bd93d6b1-e9c1-4012-a365-f8f5334e7ee5)] -> xpath: //input[@type='SUBMIT']] Not interactable
[[FirefoxDriver: firefox on LINUX (bd93d6b1-e9c1-4012-a365-f8f5334e7ee5)] -> xpath: //input[@type='SUBMIT']] Not interactable
[[FirefoxDriver: firefox on LINUX (bd93d6b1-e9c1-4012-a365-f8f5334e7ee5)] -> xpath: //input[@type='SUBMIT']] Not interactable
[[FirefoxDriver: firefox on LINUX (bd93d6b1-e9c1-4012-a365-f8f5334e7ee5)] -> xpath: //input[@type='SUBMIT']] Not interactable
[[FirefoxDriver: firefox on LINUX (bd93d6b1-e9c1-4012-a365-f8f5334e7ee5)] -> xpath: //input[@type='SUBMIT']] Not interactable
[[FirefoxDriver: firefox on LINUX (bd93d6b1-e9c1-4012-a365-f8f5334e7ee5)] -> xpath: //*/input[@type='TEXT']] Not interactable
[[FirefoxDriver: firefox on LINUX (bd93d6b1-e9c1-4012-a365-f8f5334e7ee5)] -> xpath: //*/input[@type='TEXT']] Not interactable
[[FirefoxDriver: firefox on LINUX (bd93d6b1-e9c1-4012-a365-f8f5334e7ee5)] -> xpath: //*/input[@type='TEXT']] Not interactable
[[FirefoxDriver: firefox on LINUX (bd93d6b1-e9c1-4012-a365-f8f5334e7ee5)] -> xpath: //input[@type='SUBMIT']] Not interactable
[[FirefoxDriver: firefox on LINUX (bd93d6b1-e9c1-4012-a365-f8f5334e7ee5)] -> xpath: //input[@type='SUBMIT']] Not interactable
[[FirefoxDriver: firefox on LINUX (bd93d6b1-e9c1-4012-a365-f8f5334e7ee5)] -> xpath: //input[@type='SUBMIT']] Not interactable
[[FirefoxDriver: firefox on LINUX (bd93d6b1-e9c1-4012-a365-f8f5334e7ee5)] -> xpath: //input[@type='SUBMIT']] Not interactable
[[FirefoxDriver: firefox on LINUX (bd93d6b1-e9c1-4012-a365-f8f5334e7ee5)] -> xpath: //input[@type='SUBMIT']] Not interactable
[[FirefoxDriver: firefox on LINUX (bd93d6b1-e9c1-4012-a365-f8f5334e7ee5)] -> xpath: //input[@type='SUBMIT']] Not interactable
[[FirefoxDriver: firefox on LINUX (bd93d6b1-e9c1-4012-a365-f8f5334e7ee5)] -> xpath: //input[@type='SUBMIT']] Not interactable
[[FirefoxDriver: firefox on LINUX (bd93d6b1-e9c1-4012-a365-f8f5334e7ee5)] -> xpath: //input[@type='SUBMIT']] Not interactable
[[FirefoxDriver: firefox on LINUX (bd93d6b1-e9c1-4012-a365-f8f5334e7ee5)] -> xpath: //*/input[@type='TEXT']] Not interactable
[[FirefoxDriver: firefox on LINUX (bd93d6b1-e9c1-4012-a365-f8f5334e7ee5)] -> xpath: //*/input[@type='TEXT']] Not interactable
[[FirefoxDriver: firefox on LINUX (bd93d6b1-e9c1-4012-a365-f8f5334e7ee5)] -> xpath: //*/input[@type='TEXT']] Not interactable
[[FirefoxDriver: firefox on LINUX (bd93d6b1-e9c1-4012-a365-f8f5334e7ee5)] -> xpath: //input[@type='SUBMIT']] Not interactable
[[FirefoxDriver: firefox on LINUX (bd93d6b1-e9c1-4012-a365-f8f5334e7ee5)] -> xpath: //input[@type='SUBMIT']] Not interactable
[[FirefoxDriver: firefox on LINUX (bd93d6b1-e9c1-4012-a365-f8f5334e7ee5)] -> xpath: //input[@type='SUBMIT']] Not interactable
[[FirefoxDriver: firefox on LINUX (bd93d6b1-e9c1-4012-a365-f8f5334e7ee5)] -> xpath: //input[@type='SUBMIT']] Not interactable
[[FirefoxDriver: firefox on LINUX (bd93d6b1-e9c1-4012-a365-f8f5334e7ee5)] -> xpath: //input[@type='SUBMIT']] Not interactable
[[FirefoxDriver: firefox on LINUX (bd93d6b1-e9c1-4012-a365-f8f5334e7ee5)] -> xpath: //input[@type='SUBMIT']] Not interactable
[[FirefoxDriver: firefox on LINUX (bd93d6b1-e9c1-4012-a365-f8f5334e7ee5)] -> xpath: //input[@type='SUBMIT']] Not interactable
[[FirefoxDriver: firefox on LINUX (bd93d6b1-e9c1-4012-a365-f8f5334e7ee5)] -> xpath: //input[@type='SUBMIT']] Not interactable
[[FirefoxDriver: firefox on LINUX (bd93d6b1-e9c1-4012-a365-f8f5334e7ee5)] -> xpath: //*/input[@type='TEXT']] Not interactable
[[FirefoxDriver: firefox on LINUX (bd93d6b1-e9c1-4012-a365-f8f5334e7ee5)] -> xpath: //*/input[@type='TEXT']] Not interactable
[[FirefoxDriver: firefox on LINUX (bd93d6b1-e9c1-4012-a365-f8f5334e7ee5)] -> xpath: //*/input[@type='TEXT']] Not interactable
[[FirefoxDriver: firefox on LINUX (bd93d6b1-e9c1-4012-a365-f8f5334e7ee5)] -> xpath: //input[@type='SUBMIT']] Not interactable
[[FirefoxDriver: firefox on LINUX (bd93d6b1-e9c1-4012-a365-f8f5334e7ee5)] -> xpath: //input[@type='SUBMIT']] Not interactable
[[FirefoxDriver: firefox on LINUX (bd93d6b1-e9c1-4012-a365-f8f5334e7ee5)] -> xpath: //input[@type='SUBMIT']] Not interactable
[[FirefoxDriver: firefox on LINUX (bd93d6b1-e9c1-4012-a365-f8f5334e7ee5)] -> xpath: //input[@type='SUBMIT']] Not interactable
[[FirefoxDriver: firefox on LINUX (bd93d6b1-e9c1-4012-a365-f8f5334e7ee5)] -> xpath: //input[@type='SUBMIT']] Not interactable
[[FirefoxDriver: firefox on LINUX (bd93d6b1-e9c1-4012-a365-f8f5334e7ee5)] -> xpath: //input[@type='SUBMIT']] Not interactable
[[FirefoxDriver: firefox on LINUX (bd93d6b1-e9c1-4012-a365-f8f5334e7ee5)] -> xpath: //input[@type='SUBMIT']] Not interactable
[[FirefoxDriver: firefox on LINUX (bd93d6b1-e9c1-4012-a365-f8f5334e7ee5)] -> xpath: //input[@type='SUBMIT']] Not interactable
[[FirefoxDriver: firefox on LINUX (bd93d6b1-e9c1-4012-a365-f8f5334e7ee5)] -> xpath: //*/input[@type='TEXT']] Not interactable
[[FirefoxDriver: firefox on LINUX (bd93d6b1-e9c1-4012-a365-f8f5334e7ee5)] -> xpath: //*/input[@type='TEXT']] Not interactable
[[FirefoxDriver: firefox on LINUX (bd93d6b1-e9c1-4012-a365-f8f5334e7ee5)] -> xpath: //*/input[@type='TEXT']] Not interactable
[[FirefoxDriver: firefox on LINUX (bd93d6b1-e9c1-4012-a365-f8f5334e7ee5)] -> xpath: //input[@type='SUBMIT']] Not interactable
[[FirefoxDriver: firefox on LINUX (bd93d6b1-e9c1-4012-a365-f8f5334e7ee5)] -> xpath: //input[@type='SUBMIT']] Not interactable
[[FirefoxDriver: firefox on LINUX (bd93d6b1-e9c1-4012-a365-f8f5334e7ee5)] -> xpath: //input[@type='SUBMIT']] Not interactable
[[FirefoxDriver: firefox on LINUX (bd93d6b1-e9c1-4012-a365-f8f5334e7ee5)] -> xpath: //input[@type='SUBMIT']] Not interactable
[[FirefoxDriver: firefox on LINUX (bd93d6b1-e9c1-4012-a365-f8f5334e7ee5)] -> xpath: //input[@type='SUBMIT']] Not interactable
[[FirefoxDriver: firefox on LINUX (bd93d6b1-e9c1-4012-a365-f8f5334e7ee5)] -> xpath: //input[@type='SUBMIT']] Not interactable
[[FirefoxDriver: firefox on LINUX (bd93d6b1-e9c1-4012-a365-f8f5334e7ee5)] -> xpath: //input[@type='SUBMIT']] Not interactable
[[FirefoxDriver: firefox on LINUX (bd93d6b1-e9c1-4012-a365-f8f5334e7ee5)] -> xpath: //input[@type='SUBMIT']] Not interactable
[[FirefoxDriver: firefox on LINUX (bd93d6b1-e9c1-4012-a365-f8f5334e7ee5)] -> xpath: //*/input[@type='TEXT']] Not interactable
[[FirefoxDriver: firefox on LINUX (bd93d6b1-e9c1-4012-a365-f8f5334e7ee5)] -> xpath: //*/input[@type='TEXT']] Not interactable
[[FirefoxDriver: firefox on LINUX (bd93d6b1-e9c1-4012-a365-f8f5334e7ee5)] -> xpath: //*/input[@type='TEXT']] Not interactable
[[FirefoxDriver: firefox on LINUX (bd93d6b1-e9c1-4012-a365-f8f5334e7ee5)] -> xpath: //input[@type='SUBMIT']] Not interactable
[[FirefoxDriver: firefox on LINUX (bd93d6b1-e9c1-4012-a365-f8f5334e7ee5)] -> xpath: //input[@type='SUBMIT']] Not interactable
[[FirefoxDriver: firefox on LINUX (bd93d6b1-e9c1-4012-a365-f8f5334e7ee5)] -> xpath: //input[@type='SUBMIT']] Not interactable
[[FirefoxDriver: firefox on LINUX (bd93d6b1-e9c1-4012-a365-f8f5334e7ee5)] -> xpath: //input[@type='SUBMIT']] Not interactable
[[FirefoxDriver: firefox on LINUX (bd93d6b1-e9c1-4012-a365-f8f5334e7ee5)] -> xpath: //input[@type='SUBMIT']] Not interactable
[[FirefoxDriver: firefox on LINUX (bd93d6b1-e9c1-4012-a365-f8f5334e7ee5)] -> xpath: //input[@type='SUBMIT']] Not interactable
[[FirefoxDriver: firefox on LINUX (bd93d6b1-e9c1-4012-a365-f8f5334e7ee5)] -> xpath: //input[@type='SUBMIT']] Not interactable
[[FirefoxDriver: firefox on LINUX (bd93d6b1-e9c1-4012-a365-f8f5334e7ee5)] -> xpath: //input[@type='SUBMIT']] Not interactable
[[FirefoxDriver: firefox on LINUX (bd93d6b1-e9c1-4012-a365-f8f5334e7ee5)] -> xpath: //*/input[@type='TEXT']] Not interactable
[[FirefoxDriver: firefox on LINUX (bd93d6b1-e9c1-4012-a365-f8f5334e7ee5)] -> xpath: //*/input[@type='TEXT']] Not interactable
[[FirefoxDriver: firefox on LINUX (bd93d6b1-e9c1-4012-a365-f8f5334e7ee5)] -> xpath: //*/input[@type='TEXT']] Not interactable
[[FirefoxDriver: firefox on LINUX (bd93d6b1-e9c1-4012-a365-f8f5334e7ee5)] -> xpath: //input[@type='SUBMIT']] Not interactable
[[FirefoxDriver: firefox on LINUX (bd93d6b1-e9c1-4012-a365-f8f5334e7ee5)] -> xpath: //input[@type='SUBMIT']] Not interactable
[[FirefoxDriver: firefox on LINUX (bd93d6b1-e9c1-4012-a365-f8f5334e7ee5)] -> xpath: //input[@type='SUBMIT']] Not interactable
[[FirefoxDriver: firefox on LINUX (bd93d6b1-e9c1-4012-a365-f8f5334e7ee5)] -> xpath: //input[@type='SUBMIT']] Not interactable
[[FirefoxDriver: firefox on LINUX (bd93d6b1-e9c1-4012-a365-f8f5334e7ee5)] -> xpath: //input[@type='SUBMIT']] Not interactable
[[FirefoxDriver: firefox on LINUX (bd93d6b1-e9c1-4012-a365-f8f5334e7ee5)] -> xpath: //input[@type='SUBMIT']] Not interactable
[[FirefoxDriver: firefox on LINUX (bd93d6b1-e9c1-4012-a365-f8f5334e7ee5)] -> xpath: //input[@type='SUBMIT']] Not interactable
[[FirefoxDriver: firefox on LINUX (bd93d6b1-e9c1-4012-a365-f8f5334e7ee5)] -> xpath: //input[@type='SUBMIT']] Not interactable
[[FirefoxDriver: firefox on LINUX (bd93d6b1-e9c1-4012-a365-f8f5334e7ee5)] -> xpath: //*/input[@type='TEXT']] Not interactable
[[FirefoxDriver: firefox on LINUX (bd93d6b1-e9c1-4012-a365-f8f5334e7ee5)] -> xpath: //*/input[@type='TEXT']] Not interactable
[[FirefoxDriver: firefox on LINUX (bd93d6b1-e9c1-4012-a365-f8f5334e7ee5)] -> xpath: //*/input[@type='TEXT']] Not interactable
[[FirefoxDriver: firefox on LINUX (bd93d6b1-e9c1-4012-a365-f8f5334e7ee5)] -> xpath: //input[@type='SUBMIT']] Not interactable
[[FirefoxDriver: firefox on LINUX (bd93d6b1-e9c1-4012-a365-f8f5334e7ee5)] -> xpath: //input[@type='SUBMIT']] Not interactable
[[FirefoxDriver: firefox on LINUX (bd93d6b1-e9c1-4012-a365-f8f5334e7ee5)] -> xpath: //input[@type='SUBMIT']] Not interactable
[[FirefoxDriver: firefox on LINUX (bd93d6b1-e9c1-4012-a365-f8f5334e7ee5)] -> xpath: //input[@type='SUBMIT']] Not interactable
[[FirefoxDriver: firefox on LINUX (bd93d6b1-e9c1-4012-a365-f8f5334e7ee5)] -> xpath: //input[@type='SUBMIT']] Not interactable
[[FirefoxDriver: firefox on LINUX (bd93d6b1-e9c1-4012-a365-f8f5334e7ee5)] -> xpath: //input[@type='SUBMIT']] Not interactable
[[FirefoxDriver: firefox on LINUX (bd93d6b1-e9c1-4012-a365-f8f5334e7ee5)] -> xpath: //input[@type='SUBMIT']] Not interactable
[[FirefoxDriver: firefox on LINUX (bd93d6b1-e9c1-4012-a365-f8f5334e7ee5)] -> xpath: //input[@type='SUBMIT']] Not interactable
[[FirefoxDriver: firefox on LINUX (bd93d6b1-e9c1-4012-a365-f8f5334e7ee5)] -> xpath: //*/input[@type='TEXT']] Not interactable
[[FirefoxDriver: firefox on LINUX (bd93d6b1-e9c1-4012-a365-f8f5334e7ee5)] -> xpath: //*/input[@type='TEXT']] Not interactable
[[FirefoxDriver: firefox on LINUX (bd93d6b1-e9c1-4012-a365-f8f5334e7ee5)] -> xpath: //*/input[@type='TEXT']] Not interactable
[[FirefoxDriver: firefox on LINUX (bd93d6b1-e9c1-4012-a365-f8f5334e7ee5)] -> xpath: //input[@type='SUBMIT']] Not interactable
[[FirefoxDriver: firefox on LINUX (bd93d6b1-e9c1-4012-a365-f8f5334e7ee5)] -> xpath: //input[@type='SUBMIT']] Not interactable
[[FirefoxDriver: firefox on LINUX (bd93d6b1-e9c1-4012-a365-f8f5334e7ee5)] -> xpath: //input[@type='SUBMIT']] Not interactable
[[FirefoxDriver: firefox on LINUX (bd93d6b1-e9c1-4012-a365-f8f5334e7ee5)] -> xpath: //input[@type='SUBMIT']] Not interactable
[[FirefoxDriver: firefox on LINUX (bd93d6b1-e9c1-4012-a365-f8f5334e7ee5)] -> xpath: //input[@type='SUBMIT']] Not interactable
[[FirefoxDriver: firefox on LINUX (bd93d6b1-e9c1-4012-a365-f8f5334e7ee5)] -> xpath: //input[@type='SUBMIT']] Not interactable
[[FirefoxDriver: firefox on LINUX (bd93d6b1-e9c1-4012-a365-f8f5334e7ee5)] -> xpath: //input[@type='SUBMIT']] Not interactable
[[FirefoxDriver: firefox on LINUX (bd93d6b1-e9c1-4012-a365-f8f5334e7ee5)] -> xpath: //input[@type='SUBMIT']] Not interactable
[[FirefoxDriver: firefox on LINUX (bd93d6b1-e9c1-4012-a365-f8f5334e7ee5)] -> xpath: //*/input[@type='TEXT']] Not interactable
[[FirefoxDriver: firefox on LINUX (bd93d6b1-e9c1-4012-a365-f8f5334e7ee5)] -> xpath: //*/input[@type='TEXT']] Not interactable
[[FirefoxDriver: firefox on LINUX (bd93d6b1-e9c1-4012-a365-f8f5334e7ee5)] -> xpath: //*/input[@type='TEXT']] Not interactable
[[FirefoxDriver: firefox on LINUX (bd93d6b1-e9c1-4012-a365-f8f5334e7ee5)] -> xpath: //input[@type='SUBMIT']] Not interactable
[[FirefoxDriver: firefox on LINUX (bd93d6b1-e9c1-4012-a365-f8f5334e7ee5)] -> xpath: //input[@type='SUBMIT']] Not interactable
[[FirefoxDriver: firefox on LINUX (bd93d6b1-e9c1-4012-a365-f8f5334e7ee5)] -> xpath: //input[@type='SUBMIT']] Not interactable
[[FirefoxDriver: firefox on LINUX (bd93d6b1-e9c1-4012-a365-f8f5334e7ee5)] -> xpath: //input[@type='SUBMIT']] Not interactable
[[FirefoxDriver: firefox on LINUX (bd93d6b1-e9c1-4012-a365-f8f5334e7ee5)] -> xpath: //input[@type='SUBMIT']] Not interactable
[[FirefoxDriver: firefox on LINUX (bd93d6b1-e9c1-4012-a365-f8f5334e7ee5)] -> xpath: //input[@type='SUBMIT']] Not interactable
[[FirefoxDriver: firefox on LINUX (bd93d6b1-e9c1-4012-a365-f8f5334e7ee5)] -> xpath: //input[@type='SUBMIT']] Not interactable
[[FirefoxDriver: firefox on LINUX (bd93d6b1-e9c1-4012-a365-f8f5334e7ee5)] -> xpath: //input[@type='SUBMIT']] Not interactable
[[FirefoxDriver: firefox on LINUX (bd93d6b1-e9c1-4012-a365-f8f5334e7ee5)] -> xpath: //*/input[@type='TEXT']] Not interactable
[[FirefoxDriver: firefox on LINUX (bd93d6b1-e9c1-4012-a365-f8f5334e7ee5)] -> xpath: //*/input[@type='TEXT']] Not interactable
[[FirefoxDriver: firefox on LINUX (bd93d6b1-e9c1-4012-a365-f8f5334e7ee5)] -> xpath: //*/input[@type='TEXT']] Not interactable
[[FirefoxDriver: firefox on LINUX (bd93d6b1-e9c1-4012-a365-f8f5334e7ee5)] -> xpath: //input[@type='SUBMIT']] Not interactable
[[FirefoxDriver: firefox on LINUX (bd93d6b1-e9c1-4012-a365-f8f5334e7ee5)] -> xpath: //input[@type='SUBMIT']] Not interactable
[[FirefoxDriver: firefox on LINUX (bd93d6b1-e9c1-4012-a365-f8f5334e7ee5)] -> xpath: //input[@type='SUBMIT']] Not interactable
[[FirefoxDriver: firefox on LINUX (bd93d6b1-e9c1-4012-a365-f8f5334e7ee5)] -> xpath: //input[@type='SUBMIT']] Not interactable
[[FirefoxDriver: firefox on LINUX (bd93d6b1-e9c1-4012-a365-f8f5334e7ee5)] -> xpath: //input[@type='SUBMIT']] Not interactable
[[FirefoxDriver: firefox on LINUX (bd93d6b1-e9c1-4012-a365-f8f5334e7ee5)] -> xpath: //input[@type='SUBMIT']] Not interactable
[[FirefoxDriver: firefox on LINUX (bd93d6b1-e9c1-4012-a365-f8f5334e7ee5)] -> xpath: //input[@type='SUBMIT']] Not interactable
[[FirefoxDriver: firefox on LINUX (bd93d6b1-e9c1-4012-a365-f8f5334e7ee5)] -> xpath: //input[@type='SUBMIT']] Not interactable
[[FirefoxDriver: firefox on LINUX (bd93d6b1-e9c1-4012-a365-f8f5334e7ee5)] -> xpath: //*/input[@type='TEXT']] Not interactable
[[FirefoxDriver: firefox on LINUX (bd93d6b1-e9c1-4012-a365-f8f5334e7ee5)] -> xpath: //*/input[@type='TEXT']] Not interactable
[[FirefoxDriver: firefox on LINUX (bd93d6b1-e9c1-4012-a365-f8f5334e7ee5)] -> xpath: //*/input[@type='TEXT']] Not interactable
[[FirefoxDriver: firefox on LINUX (bd93d6b1-e9c1-4012-a365-f8f5334e7ee5)] -> xpath: //input[@type='SUBMIT']] Not interactable
[[FirefoxDriver: firefox on LINUX (bd93d6b1-e9c1-4012-a365-f8f5334e7ee5)] -> xpath: //input[@type='SUBMIT']] Not interactable
[[FirefoxDriver: firefox on LINUX (bd93d6b1-e9c1-4012-a365-f8f5334e7ee5)] -> xpath: //input[@type='SUBMIT']] Not interactable
[[FirefoxDriver: firefox on LINUX (bd93d6b1-e9c1-4012-a365-f8f5334e7ee5)] -> xpath: //input[@type='SUBMIT']] Not interactable
[[FirefoxDriver: firefox on LINUX (bd93d6b1-e9c1-4012-a365-f8f5334e7ee5)] -> xpath: //input[@type='SUBMIT']] Not interactable
[[FirefoxDriver: firefox on LINUX (bd93d6b1-e9c1-4012-a365-f8f5334e7ee5)] -> xpath: //input[@type='SUBMIT']] Not interactable
[[FirefoxDriver: firefox on LINUX (bd93d6b1-e9c1-4012-a365-f8f5334e7ee5)] -> xpath: //input[@type='SUBMIT']] Not interactable
[[FirefoxDriver: firefox on LINUX (bd93d6b1-e9c1-4012-a365-f8f5334e7ee5)] -> xpath: //input[@type='SUBMIT']] Not interactable
[[FirefoxDriver: firefox on LINUX (bd93d6b1-e9c1-4012-a365-f8f5334e7ee5)] -> xpath: //*/input[@type='TEXT']] Not interactable
[[FirefoxDriver: firefox on LINUX (bd93d6b1-e9c1-4012-a365-f8f5334e7ee5)] -> xpath: //*/input[@type='TEXT']] Not interactable
[[FirefoxDriver: firefox on LINUX (bd93d6b1-e9c1-4012-a365-f8f5334e7ee5)] -> xpath: //*/input[@type='TEXT']] Not interactable
[[FirefoxDriver: firefox on LINUX (bd93d6b1-e9c1-4012-a365-f8f5334e7ee5)] -> xpath: //input[@type='SUBMIT']] Not interactable
[[FirefoxDriver: firefox on LINUX (bd93d6b1-e9c1-4012-a365-f8f5334e7ee5)] -> xpath: //input[@type='SUBMIT']] Not interactable
[[FirefoxDriver: firefox on LINUX (bd93d6b1-e9c1-4012-a365-f8f5334e7ee5)] -> xpath: //input[@type='SUBMIT']] Not interactable
[[FirefoxDriver: firefox on LINUX (bd93d6b1-e9c1-4012-a365-f8f5334e7ee5)] -> xpath: //input[@type='SUBMIT']] Not interactable
[[FirefoxDriver: firefox on LINUX (bd93d6b1-e9c1-4012-a365-f8f5334e7ee5)] -> xpath: //input[@type='SUBMIT']] Not interactable
[[FirefoxDriver: firefox on LINUX (bd93d6b1-e9c1-4012-a365-f8f5334e7ee5)] -> xpath: //input[@type='SUBMIT']] Not interactable
[[FirefoxDriver: firefox on LINUX (bd93d6b1-e9c1-4012-a365-f8f5334e7ee5)] -> xpath: //input[@type='SUBMIT']] Not interactable
[[FirefoxDriver: firefox on LINUX (bd93d6b1-e9c1-4012-a365-f8f5334e7ee5)] -> xpath: //input[@type='SUBMIT']] Not interactable
[[FirefoxDriver: firefox on LINUX (bd93d6b1-e9c1-4012-a365-f8f5334e7ee5)] -> xpath: //*/input[@type='TEXT']] Not interactable
[[FirefoxDriver: firefox on LINUX (bd93d6b1-e9c1-4012-a365-f8f5334e7ee5)] -> xpath: //*/input[@type='TEXT']] Not interactable
[[FirefoxDriver: firefox on LINUX (bd93d6b1-e9c1-4012-a365-f8f5334e7ee5)] -> xpath: //*/input[@type='TEXT']] Not interactable
[[FirefoxDriver: firefox on LINUX (bd93d6b1-e9c1-4012-a365-f8f5334e7ee5)] -> xpath: //input[@type='SUBMIT']] Not interactable
[[FirefoxDriver: firefox on LINUX (bd93d6b1-e9c1-4012-a365-f8f5334e7ee5)] -> xpath: //input[@type='SUBMIT']] Not interactable
[[FirefoxDriver: firefox on LINUX (bd93d6b1-e9c1-4012-a365-f8f5334e7ee5)] -> xpath: //input[@type='SUBMIT']] Not interactable
[[FirefoxDriver: firefox on LINUX (bd93d6b1-e9c1-4012-a365-f8f5334e7ee5)] -> xpath: //input[@type='SUBMIT']] Not interactable
[[FirefoxDriver: firefox on LINUX (bd93d6b1-e9c1-4012-a365-f8f5334e7ee5)] -> xpath: //input[@type='SUBMIT']] Not interactable
[[FirefoxDriver: firefox on LINUX (bd93d6b1-e9c1-4012-a365-f8f5334e7ee5)] -> xpath: //input[@type='SUBMIT']] Not interactable
[[FirefoxDriver: firefox on LINUX (bd93d6b1-e9c1-4012-a365-f8f5334e7ee5)] -> xpath: //input[@type='SUBMIT']] Not interactable
[[FirefoxDriver: firefox on LINUX (bd93d6b1-e9c1-4012-a365-f8f5334e7ee5)] -> xpath: //input[@type='SUBMIT']] Not interactable
[[FirefoxDriver: firefox on LINUX (bd93d6b1-e9c1-4012-a365-f8f5334e7ee5)] -> xpath: //*/input[@type='TEXT']] Not interactable
[[FirefoxDriver: firefox on LINUX (bd93d6b1-e9c1-4012-a365-f8f5334e7ee5)] -> xpath: //*/input[@type='TEXT']] Not interactable
[[FirefoxDriver: firefox on LINUX (bd93d6b1-e9c1-4012-a365-f8f5334e7ee5)] -> xpath: //*/input[@type='TEXT']] Not interactable
[[FirefoxDriver: firefox on LINUX (bd93d6b1-e9c1-4012-a365-f8f5334e7ee5)] -> xpath: //input[@type='SUBMIT']] Not interactable
[[FirefoxDriver: firefox on LINUX (bd93d6b1-e9c1-4012-a365-f8f5334e7ee5)] -> xpath: //input[@type='SUBMIT']] Not interactable
[[FirefoxDriver: firefox on LINUX (bd93d6b1-e9c1-4012-a365-f8f5334e7ee5)] -> xpath: //input[@type='SUBMIT']] Not interactable
[[FirefoxDriver: firefox on LINUX (bd93d6b1-e9c1-4012-a365-f8f5334e7ee5)] -> xpath: //input[@type='SUBMIT']] Not interactable
[[FirefoxDriver: firefox on LINUX (bd93d6b1-e9c1-4012-a365-f8f5334e7ee5)] -> xpath: //input[@type='SUBMIT']] Not interactable
[[FirefoxDriver: firefox on LINUX (bd93d6b1-e9c1-4012-a365-f8f5334e7ee5)] -> xpath: //input[@type='SUBMIT']] Not interactable
[[FirefoxDriver: firefox on LINUX (bd93d6b1-e9c1-4012-a365-f8f5334e7ee5)] -> xpath: //input[@type='SUBMIT']] Not interactable
[[FirefoxDriver: firefox on LINUX (bd93d6b1-e9c1-4012-a365-f8f5334e7ee5)] -> xpath: //input[@type='SUBMIT']] Not interactable
[[FirefoxDriver: firefox on LINUX (bd93d6b1-e9c1-4012-a365-f8f5334e7ee5)] -> xpath: //*/input[@type='TEXT']] Not interactable
[[FirefoxDriver: firefox on LINUX (bd93d6b1-e9c1-4012-a365-f8f5334e7ee5)] -> xpath: //*/input[@type='TEXT']] Not interactable
[[FirefoxDriver: firefox on LINUX (bd93d6b1-e9c1-4012-a365-f8f5334e7ee5)] -> xpath: //*/input[@type='TEXT']] Not interactable
[[FirefoxDriver: firefox on LINUX (bd93d6b1-e9c1-4012-a365-f8f5334e7ee5)] -> xpath: //input[@type='SUBMIT']] Not interactable
[[FirefoxDriver: firefox on LINUX (bd93d6b1-e9c1-4012-a365-f8f5334e7ee5)] -> xpath: //input[@type='SUBMIT']] Not interactable
[[FirefoxDriver: firefox on LINUX (bd93d6b1-e9c1-4012-a365-f8f5334e7ee5)] -> xpath: //input[@type='SUBMIT']] Not interactable
[[FirefoxDriver: firefox on LINUX (bd93d6b1-e9c1-4012-a365-f8f5334e7ee5)] -> xpath: //input[@type='SUBMIT']] Not interactable
[[FirefoxDriver: firefox on LINUX (bd93d6b1-e9c1-4012-a365-f8f5334e7ee5)] -> xpath: //input[@type='SUBMIT']] Not interactable
[[FirefoxDriver: firefox on LINUX (bd93d6b1-e9c1-4012-a365-f8f5334e7ee5)] -> xpath: //input[@type='SUBMIT']] Not interactable
[[FirefoxDriver: firefox on LINUX (bd93d6b1-e9c1-4012-a365-f8f5334e7ee5)] -> xpath: //input[@type='SUBMIT']] Not interactable
[[FirefoxDriver: firefox on LINUX (bd93d6b1-e9c1-4012-a365-f8f5334e7ee5)] -> xpath: //input[@type='SUBMIT']] Not interactable
[[FirefoxDriver: firefox on LINUX (bd93d6b1-e9c1-4012-a365-f8f5334e7ee5)] -> xpath: //*/input[@type='TEXT']] Not interactable
[[FirefoxDriver: firefox on LINUX (bd93d6b1-e9c1-4012-a365-f8f5334e7ee5)] -> xpath: //*/input[@type='TEXT']] Not interactable
[[FirefoxDriver: firefox on LINUX (bd93d6b1-e9c1-4012-a365-f8f5334e7ee5)] -> xpath: //*/input[@type='TEXT']] Not interactable
[[FirefoxDriver: firefox on LINUX (bd93d6b1-e9c1-4012-a365-f8f5334e7ee5)] -> xpath: //input[@type='SUBMIT']] Not interactable
[[FirefoxDriver: firefox on LINUX (bd93d6b1-e9c1-4012-a365-f8f5334e7ee5)] -> xpath: //input[@type='SUBMIT']] Not interactable
[[FirefoxDriver: firefox on LINUX (bd93d6b1-e9c1-4012-a365-f8f5334e7ee5)] -> xpath: //input[@type='SUBMIT']] Not interactable
[[FirefoxDriver: firefox on LINUX (bd93d6b1-e9c1-4012-a365-f8f5334e7ee5)] -> xpath: //input[@type='SUBMIT']] Not interactable
[[FirefoxDriver: firefox on LINUX (bd93d6b1-e9c1-4012-a365-f8f5334e7ee5)] -> xpath: //input[@type='SUBMIT']] Not interactable
[[FirefoxDriver: firefox on LINUX (bd93d6b1-e9c1-4012-a365-f8f5334e7ee5)] -> xpath: //input[@type='SUBMIT']] Not interactable
[[FirefoxDriver: firefox on LINUX (bd93d6b1-e9c1-4012-a365-f8f5334e7ee5)] -> xpath: //input[@type='SUBMIT']] Not interactable
[[FirefoxDriver: firefox on LINUX (bd93d6b1-e9c1-4012-a365-f8f5334e7ee5)] -> xpath: //input[@type='SUBMIT']] Not interactable
[[FirefoxDriver: firefox on LINUX (bd93d6b1-e9c1-4012-a365-f8f5334e7ee5)] -> xpath: //*/input[@type='TEXT']] Not interactable
[[FirefoxDriver: firefox on LINUX (bd93d6b1-e9c1-4012-a365-f8f5334e7ee5)] -> xpath: //*/input[@type='TEXT']] Not interactable
[[FirefoxDriver: firefox on LINUX (bd93d6b1-e9c1-4012-a365-f8f5334e7ee5)] -> xpath: //*/input[@type='TEXT']] Not interactable
[[FirefoxDriver: firefox on LINUX (bd93d6b1-e9c1-4012-a365-f8f5334e7ee5)] -> xpath: //input[@type='SUBMIT']] Not interactable
[[FirefoxDriver: firefox on LINUX (bd93d6b1-e9c1-4012-a365-f8f5334e7ee5)] -> xpath: //input[@type='SUBMIT']] Not interactable
[[FirefoxDriver: firefox on LINUX (bd93d6b1-e9c1-4012-a365-f8f5334e7ee5)] -> xpath: //input[@type='SUBMIT']] Not interactable
[[FirefoxDriver: firefox on LINUX (bd93d6b1-e9c1-4012-a365-f8f5334e7ee5)] -> xpath: //input[@type='SUBMIT']] Not interactable
[[FirefoxDriver: firefox on LINUX (bd93d6b1-e9c1-4012-a365-f8f5334e7ee5)] -> xpath: //input[@type='SUBMIT']] Not interactable
[[FirefoxDriver: firefox on LINUX (bd93d6b1-e9c1-4012-a365-f8f5334e7ee5)] -> xpath: //input[@type='SUBMIT']] Not interactable
[[FirefoxDriver: firefox on LINUX (bd93d6b1-e9c1-4012-a365-f8f5334e7ee5)] -> xpath: //input[@type='SUBMIT']] Not interactable
[[FirefoxDriver: firefox on LINUX (bd93d6b1-e9c1-4012-a365-f8f5334e7ee5)] -> xpath: //input[@type='SUBMIT']] Not interactable
[[FirefoxDriver: firefox on LINUX (bd93d6b1-e9c1-4012-a365-f8f5334e7ee5)] -> xpath: //*/input[@type='TEXT']] Not interactable
[[FirefoxDriver: firefox on LINUX (bd93d6b1-e9c1-4012-a365-f8f5334e7ee5)] -> xpath: //*/input[@type='TEXT']] Not interactable
[[FirefoxDriver: firefox on LINUX (bd93d6b1-e9c1-4012-a365-f8f5334e7ee5)] -> xpath: //*/input[@type='TEXT']] Not interactable
[[FirefoxDriver: firefox on LINUX (bd93d6b1-e9c1-4012-a365-f8f5334e7ee5)] -> xpath: //input[@type='SUBMIT']] Not interactable
[[FirefoxDriver: firefox on LINUX (bd93d6b1-e9c1-4012-a365-f8f5334e7ee5)] -> xpath: //input[@type='SUBMIT']] Not interactable
[[FirefoxDriver: firefox on LINUX (bd93d6b1-e9c1-4012-a365-f8f5334e7ee5)] -> xpath: //input[@type='SUBMIT']] Not interactable
[[FirefoxDriver: firefox on LINUX (bd93d6b1-e9c1-4012-a365-f8f5334e7ee5)] -> xpath: //input[@type='SUBMIT']] Not interactable
[[FirefoxDriver: firefox on LINUX (bd93d6b1-e9c1-4012-a365-f8f5334e7ee5)] -> xpath: //input[@type='SUBMIT']] Not interactable
[[FirefoxDriver: firefox on LINUX (bd93d6b1-e9c1-4012-a365-f8f5334e7ee5)] -> xpath: //input[@type='SUBMIT']] Not interactable
[[FirefoxDriver: firefox on LINUX (bd93d6b1-e9c1-4012-a365-f8f5334e7ee5)] -> xpath: //input[@type='SUBMIT']] Not interactable
[[FirefoxDriver: firefox on LINUX (bd93d6b1-e9c1-4012-a365-f8f5334e7ee5)] -> xpath: //input[@type='SUBMIT']] Not interactable
[[FirefoxDriver: firefox on LINUX (bd93d6b1-e9c1-4012-a365-f8f5334e7ee5)] -> xpath: //*/input[@type='TEXT']] Not interactable
[[FirefoxDriver: firefox on LINUX (bd93d6b1-e9c1-4012-a365-f8f5334e7ee5)] -> xpath: //*/input[@type='TEXT']] Not interactable
[[FirefoxDriver: firefox on LINUX (bd93d6b1-e9c1-4012-a365-f8f5334e7ee5)] -> xpath: //*/input[@type='TEXT']] Not interactable
[[FirefoxDriver: firefox on LINUX (bd93d6b1-e9c1-4012-a365-f8f5334e7ee5)] -> xpath: //input[@type='SUBMIT']] Not interactable
[[FirefoxDriver: firefox on LINUX (bd93d6b1-e9c1-4012-a365-f8f5334e7ee5)] -> xpath: //input[@type='SUBMIT']] Not interactable
[[FirefoxDriver: firefox on LINUX (bd93d6b1-e9c1-4012-a365-f8f5334e7ee5)] -> xpath: //input[@type='SUBMIT']] Not interactable
[[FirefoxDriver: firefox on LINUX (bd93d6b1-e9c1-4012-a365-f8f5334e7ee5)] -> xpath: //input[@type='SUBMIT']] Not interactable
[[FirefoxDriver: firefox on LINUX (bd93d6b1-e9c1-4012-a365-f8f5334e7ee5)] -> xpath: //input[@type='SUBMIT']] Not interactable
[[FirefoxDriver: firefox on LINUX (bd93d6b1-e9c1-4012-a365-f8f5334e7ee5)] -> xpath: //input[@type='SUBMIT']] Not interactable
[[FirefoxDriver: firefox on LINUX (bd93d6b1-e9c1-4012-a365-f8f5334e7ee5)] -> xpath: //input[@type='SUBMIT']] Not interactable
[[FirefoxDriver: firefox on LINUX (bd93d6b1-e9c1-4012-a365-f8f5334e7ee5)] -> xpath: //input[@type='SUBMIT']] Not interactable
[[FirefoxDriver: firefox on LINUX (bd93d6b1-e9c1-4012-a365-f8f5334e7ee5)] -> xpath: //*/input[@type='TEXT']] Not interactable
[[FirefoxDriver: firefox on LINUX (bd93d6b1-e9c1-4012-a365-f8f5334e7ee5)] -> xpath: //*/input[@type='TEXT']] Not interactable
[[FirefoxDriver: firefox on LINUX (bd93d6b1-e9c1-4012-a365-f8f5334e7ee5)] -> xpath: //*/input[@type='TEXT']] Not interactable
[[FirefoxDriver: firefox on LINUX (bd93d6b1-e9c1-4012-a365-f8f5334e7ee5)] -> xpath: //input[@type='SUBMIT']] Not interactable
[[FirefoxDriver: firefox on LINUX (bd93d6b1-e9c1-4012-a365-f8f5334e7ee5)] -> xpath: //input[@type='SUBMIT']] Not interactable
[[FirefoxDriver: firefox on LINUX (bd93d6b1-e9c1-4012-a365-f8f5334e7ee5)] -> xpath: //input[@type='SUBMIT']] Not interactable
[[FirefoxDriver: firefox on LINUX (bd93d6b1-e9c1-4012-a365-f8f5334e7ee5)] -> xpath: //input[@type='SUBMIT']] Not interactable
[[FirefoxDriver: firefox on LINUX (bd93d6b1-e9c1-4012-a365-f8f5334e7ee5)] -> xpath: //input[@type='SUBMIT']] Not interactable
[[FirefoxDriver: firefox on LINUX (bd93d6b1-e9c1-4012-a365-f8f5334e7ee5)] -> xpath: //input[@type='SUBMIT']] Not interactable
[[FirefoxDriver: firefox on LINUX (bd93d6b1-e9c1-4012-a365-f8f5334e7ee5)] -> xpath: //input[@type='SUBMIT']] Not interactable
[[FirefoxDriver: firefox on LINUX (bd93d6b1-e9c1-4012-a365-f8f5334e7ee5)] -> xpath: //input[@type='SUBMIT']] Not interactable
[[FirefoxDriver: firefox on LINUX (bd93d6b1-e9c1-4012-a365-f8f5334e7ee5)] -> xpath: //*/input[@type='TEXT']] Not interactable
[[FirefoxDriver: firefox on LINUX (bd93d6b1-e9c1-4012-a365-f8f5334e7ee5)] -> xpath: //*/input[@type='TEXT']] Not interactable
[[FirefoxDriver: firefox on LINUX (bd93d6b1-e9c1-4012-a365-f8f5334e7ee5)] -> xpath: //*/input[@type='TEXT']] Not interactable
[[FirefoxDriver: firefox on LINUX (bd93d6b1-e9c1-4012-a365-f8f5334e7ee5)] -> xpath: //input[@type='SUBMIT']] Not interactable
[[FirefoxDriver: firefox on LINUX (bd93d6b1-e9c1-4012-a365-f8f5334e7ee5)] -> xpath: //input[@type='SUBMIT']] Not interactable
[[FirefoxDriver: firefox on LINUX (bd93d6b1-e9c1-4012-a365-f8f5334e7ee5)] -> xpath: //input[@type='SUBMIT']] Not interactable
[[FirefoxDriver: firefox on LINUX (bd93d6b1-e9c1-4012-a365-f8f5334e7ee5)] -> xpath: //input[@type='SUBMIT']] Not interactable
[[FirefoxDriver: firefox on LINUX (bd93d6b1-e9c1-4012-a365-f8f5334e7ee5)] -> xpath: //input[@type='SUBMIT']] Not interactable
[[FirefoxDriver: firefox on LINUX (bd93d6b1-e9c1-4012-a365-f8f5334e7ee5)] -> xpath: //input[@type='SUBMIT']] Not interactable
[[FirefoxDriver: firefox on LINUX (bd93d6b1-e9c1-4012-a365-f8f5334e7ee5)] -> xpath: //input[@type='SUBMIT']] Not interactable
[[FirefoxDriver: firefox on LINUX (bd93d6b1-e9c1-4012-a365-f8f5334e7ee5)] -> xpath: //input[@type='SUBMIT']] Not interactable
[[FirefoxDriver: firefox on LINUX (bd93d6b1-e9c1-4012-a365-f8f5334e7ee5)] -> xpath: //*/input[@type='TEXT']] Not interactable
[[FirefoxDriver: firefox on LINUX (bd93d6b1-e9c1-4012-a365-f8f5334e7ee5)] -> xpath: //*/input[@type='TEXT']] Not interactable
[[FirefoxDriver: firefox on LINUX (bd93d6b1-e9c1-4012-a365-f8f5334e7ee5)] -> xpath: //*/input[@type='TEXT']] Not interactable
[[FirefoxDriver: firefox on LINUX (bd93d6b1-e9c1-4012-a365-f8f5334e7ee5)] -> xpath: //input[@type='SUBMIT']] Not interactable
[[FirefoxDriver: firefox on LINUX (bd93d6b1-e9c1-4012-a365-f8f5334e7ee5)] -> xpath: //input[@type='SUBMIT']] Not interactable
[[FirefoxDriver: firefox on LINUX (bd93d6b1-e9c1-4012-a365-f8f5334e7ee5)] -> xpath: //input[@type='SUBMIT']] Not interactable
[[FirefoxDriver: firefox on LINUX (bd93d6b1-e9c1-4012-a365-f8f5334e7ee5)] -> xpath: //input[@type='SUBMIT']] Not interactable
[[FirefoxDriver: firefox on LINUX (bd93d6b1-e9c1-4012-a365-f8f5334e7ee5)] -> xpath: //input[@type='SUBMIT']] Not interactable
[[FirefoxDriver: firefox on LINUX (bd93d6b1-e9c1-4012-a365-f8f5334e7ee5)] -> xpath: //input[@type='SUBMIT']] Not interactable
[[FirefoxDriver: firefox on LINUX (bd93d6b1-e9c1-4012-a365-f8f5334e7ee5)] -> xpath: //input[@type='SUBMIT']] Not interactable
[[FirefoxDriver: firefox on LINUX (bd93d6b1-e9c1-4012-a365-f8f5334e7ee5)] -> xpath: //input[@type='SUBMIT']] Not interactable
[[FirefoxDriver: firefox on LINUX (bd93d6b1-e9c1-4012-a365-f8f5334e7ee5)] -> xpath: //*/input[@type='TEXT']] Not interactable
[[FirefoxDriver: firefox on LINUX (bd93d6b1-e9c1-4012-a365-f8f5334e7ee5)] -> xpath: //*/input[@type='TEXT']] Not interactable
[[FirefoxDriver: firefox on LINUX (bd93d6b1-e9c1-4012-a365-f8f5334e7ee5)] -> xpath: //*/input[@type='TEXT']] Not interactable
[[FirefoxDriver: firefox on LINUX (bd93d6b1-e9c1-4012-a365-f8f5334e7ee5)] -> xpath: //input[@type='SUBMIT']] Not interactable
[[FirefoxDriver: firefox on LINUX (bd93d6b1-e9c1-4012-a365-f8f5334e7ee5)] -> xpath: //input[@type='SUBMIT']] Not interactable
[[FirefoxDriver: firefox on LINUX (bd93d6b1-e9c1-4012-a365-f8f5334e7ee5)] -> xpath: //input[@type='SUBMIT']] Not interactable
[[FirefoxDriver: firefox on LINUX (bd93d6b1-e9c1-4012-a365-f8f5334e7ee5)] -> xpath: //input[@type='SUBMIT']] Not interactable
[[FirefoxDriver: firefox on LINUX (bd93d6b1-e9c1-4012-a365-f8f5334e7ee5)] -> xpath: //input[@type='SUBMIT']] Not interactable
[[FirefoxDriver: firefox on LINUX (bd93d6b1-e9c1-4012-a365-f8f5334e7ee5)] -> xpath: //input[@type='SUBMIT']] Not interactable
[[FirefoxDriver: firefox on LINUX (bd93d6b1-e9c1-4012-a365-f8f5334e7ee5)] -> xpath: //input[@type='SUBMIT']] Not interactable
[[FirefoxDriver: firefox on LINUX (bd93d6b1-e9c1-4012-a365-f8f5334e7ee5)] -> xpath: //input[@type='SUBMIT']] Not interactable
[[FirefoxDriver: firefox on LINUX (bd93d6b1-e9c1-4012-a365-f8f5334e7ee5)] -> xpath: //*/input[@type='TEXT']] Not interactable
[[FirefoxDriver: firefox on LINUX (bd93d6b1-e9c1-4012-a365-f8f5334e7ee5)] -> xpath: //*/input[@type='TEXT']] Not interactable
[[FirefoxDriver: firefox on LINUX (bd93d6b1-e9c1-4012-a365-f8f5334e7ee5)] -> xpath: //*/input[@type='TEXT']] Not interactable
[[FirefoxDriver: firefox on LINUX (bd93d6b1-e9c1-4012-a365-f8f5334e7ee5)] -> xpath: //input[@type='SUBMIT']] Not interactable
[[FirefoxDriver: firefox on LINUX (bd93d6b1-e9c1-4012-a365-f8f5334e7ee5)] -> xpath: //input[@type='SUBMIT']] Not interactable
[[FirefoxDriver: firefox on LINUX (bd93d6b1-e9c1-4012-a365-f8f5334e7ee5)] -> xpath: //input[@type='SUBMIT']] Not interactable
[[FirefoxDriver: firefox on LINUX (bd93d6b1-e9c1-4012-a365-f8f5334e7ee5)] -> xpath: //input[@type='SUBMIT']] Not interactable
[[FirefoxDriver: firefox on LINUX (bd93d6b1-e9c1-4012-a365-f8f5334e7ee5)] -> xpath: //input[@type='SUBMIT']] Not interactable
[[FirefoxDriver: firefox on LINUX (bd93d6b1-e9c1-4012-a365-f8f5334e7ee5)] -> xpath: //input[@type='SUBMIT']] Not interactable
[[FirefoxDriver: firefox on LINUX (bd93d6b1-e9c1-4012-a365-f8f5334e7ee5)] -> xpath: //input[@type='SUBMIT']] Not interactable
[[FirefoxDriver: firefox on LINUX (bd93d6b1-e9c1-4012-a365-f8f5334e7ee5)] -> xpath: //input[@type='SUBMIT']] Not interactable
[[FirefoxDriver: firefox on LINUX (bd93d6b1-e9c1-4012-a365-f8f5334e7ee5)] -> xpath: //*/input[@type='TEXT']] Not interactable
[[FirefoxDriver: firefox on LINUX (bd93d6b1-e9c1-4012-a365-f8f5334e7ee5)] -> xpath: //*/input[@type='TEXT']] Not interactable
[[FirefoxDriver: firefox on LINUX (bd93d6b1-e9c1-4012-a365-f8f5334e7ee5)] -> xpath: //*/input[@type='TEXT']] Not interactable
[[FirefoxDriver: firefox on LINUX (bd93d6b1-e9c1-4012-a365-f8f5334e7ee5)] -> xpath: //input[@type='SUBMIT']] Not interactable
[[FirefoxDriver: firefox on LINUX (bd93d6b1-e9c1-4012-a365-f8f5334e7ee5)] -> xpath: //input[@type='SUBMIT']] Not interactable
[[FirefoxDriver: firefox on LINUX (bd93d6b1-e9c1-4012-a365-f8f5334e7ee5)] -> xpath: //input[@type='SUBMIT']] Not interactable
[[FirefoxDriver: firefox on LINUX (bd93d6b1-e9c1-4012-a365-f8f5334e7ee5)] -> xpath: //input[@type='SUBMIT']] Not interactable
[[FirefoxDriver: firefox on LINUX (bd93d6b1-e9c1-4012-a365-f8f5334e7ee5)] -> xpath: //input[@type='SUBMIT']] Not interactable
[[FirefoxDriver: firefox on LINUX (bd93d6b1-e9c1-4012-a365-f8f5334e7ee5)] -> xpath: //input[@type='SUBMIT']] Not interactable
[[FirefoxDriver: firefox on LINUX (bd93d6b1-e9c1-4012-a365-f8f5334e7ee5)] -> xpath: //input[@type='SUBMIT']] Not interactable
[[FirefoxDriver: firefox on LINUX (bd93d6b1-e9c1-4012-a365-f8f5334e7ee5)] -> xpath: //input[@type='SUBMIT']] Not interactable
[[FirefoxDriver: firefox on LINUX (bd93d6b1-e9c1-4012-a365-f8f5334e7ee5)] -> xpath: //*/input[@type='TEXT']] Not interactable
[[FirefoxDriver: firefox on LINUX (bd93d6b1-e9c1-4012-a365-f8f5334e7ee5)] -> xpath: //*/input[@type='TEXT']] Not interactable
[[FirefoxDriver: firefox on LINUX (bd93d6b1-e9c1-4012-a365-f8f5334e7ee5)] -> xpath: //*/input[@type='TEXT']] Not interactable
[[FirefoxDriver: firefox on LINUX (bd93d6b1-e9c1-4012-a365-f8f5334e7ee5)] -> xpath: //input[@type='SUBMIT']] Not interactable
[[FirefoxDriver: firefox on LINUX (bd93d6b1-e9c1-4012-a365-f8f5334e7ee5)] -> xpath: //input[@type='SUBMIT']] Not interactable
[[FirefoxDriver: firefox on LINUX (bd93d6b1-e9c1-4012-a365-f8f5334e7ee5)] -> xpath: //input[@type='SUBMIT']] Not interactable
[[FirefoxDriver: firefox on LINUX (bd93d6b1-e9c1-4012-a365-f8f5334e7ee5)] -> xpath: //input[@type='SUBMIT']] Not interactable
[[FirefoxDriver: firefox on LINUX (bd93d6b1-e9c1-4012-a365-f8f5334e7ee5)] -> xpath: //input[@type='SUBMIT']] Not interactable
[[FirefoxDriver: firefox on LINUX (bd93d6b1-e9c1-4012-a365-f8f5334e7ee5)] -> xpath: //input[@type='SUBMIT']] Not interactable
[[FirefoxDriver: firefox on LINUX (bd93d6b1-e9c1-4012-a365-f8f5334e7ee5)] -> xpath: //input[@type='SUBMIT']] Not interactable
[[FirefoxDriver: firefox on LINUX (bd93d6b1-e9c1-4012-a365-f8f5334e7ee5)] -> xpath: //input[@type='SUBMIT']] Not interactable
[[FirefoxDriver: firefox on LINUX (bd93d6b1-e9c1-4012-a365-f8f5334e7ee5)] -> xpath: //*/input[@type='TEXT']] Not interactable
[[FirefoxDriver: firefox on LINUX (bd93d6b1-e9c1-4012-a365-f8f5334e7ee5)] -> xpath: //*/input[@type='TEXT']] Not interactable
[[FirefoxDriver: firefox on LINUX (bd93d6b1-e9c1-4012-a365-f8f5334e7ee5)] -> xpath: //*/input[@type='TEXT']] Not interactable
[[FirefoxDriver: firefox on LINUX (bd93d6b1-e9c1-4012-a365-f8f5334e7ee5)] -> xpath: //input[@type='SUBMIT']] Not interactable
[[FirefoxDriver: firefox on LINUX (bd93d6b1-e9c1-4012-a365-f8f5334e7ee5)] -> xpath: //input[@type='SUBMIT']] Not interactable
[[FirefoxDriver: firefox on LINUX (bd93d6b1-e9c1-4012-a365-f8f5334e7ee5)] -> xpath: //input[@type='SUBMIT']] Not interactable
[[FirefoxDriver: firefox on LINUX (bd93d6b1-e9c1-4012-a365-f8f5334e7ee5)] -> xpath: //input[@type='SUBMIT']] Not interactable
[[FirefoxDriver: firefox on LINUX (bd93d6b1-e9c1-4012-a365-f8f5334e7ee5)] -> xpath: //input[@type='SUBMIT']] Not interactable
[[FirefoxDriver: firefox on LINUX (bd93d6b1-e9c1-4012-a365-f8f5334e7ee5)] -> xpath: //input[@type='SUBMIT']] Not interactable
[[FirefoxDriver: firefox on LINUX (bd93d6b1-e9c1-4012-a365-f8f5334e7ee5)] -> xpath: //input[@type='SUBMIT']] Not interactable
[[FirefoxDriver: firefox on LINUX (bd93d6b1-e9c1-4012-a365-f8f5334e7ee5)] -> xpath: //input[@type='SUBMIT']] Not interactable
[[FirefoxDriver: firefox on LINUX (bd93d6b1-e9c1-4012-a365-f8f5334e7ee5)] -> xpath: //*/input[@type='TEXT']] Not interactable
[[FirefoxDriver: firefox on LINUX (bd93d6b1-e9c1-4012-a365-f8f5334e7ee5)] -> xpath: //*/input[@type='TEXT']] Not interactable
[[FirefoxDriver: firefox on LINUX (bd93d6b1-e9c1-4012-a365-f8f5334e7ee5)] -> xpath: //*/input[@type='TEXT']] Not interactable
[[FirefoxDriver: firefox on LINUX (bd93d6b1-e9c1-4012-a365-f8f5334e7ee5)] -> xpath: //input[@type='SUBMIT']] Not interactable
[[FirefoxDriver: firefox on LINUX (bd93d6b1-e9c1-4012-a365-f8f5334e7ee5)] -> xpath: //input[@type='SUBMIT']] Not interactable
[[FirefoxDriver: firefox on LINUX (bd93d6b1-e9c1-4012-a365-f8f5334e7ee5)] -> xpath: //input[@type='SUBMIT']] Not interactable
[[FirefoxDriver: firefox on LINUX (bd93d6b1-e9c1-4012-a365-f8f5334e7ee5)] -> xpath: //input[@type='SUBMIT']] Not interactable
[[FirefoxDriver: firefox on LINUX (bd93d6b1-e9c1-4012-a365-f8f5334e7ee5)] -> xpath: //input[@type='SUBMIT']] Not interactable
[[FirefoxDriver: firefox on LINUX (bd93d6b1-e9c1-4012-a365-f8f5334e7ee5)] -> xpath: //input[@type='SUBMIT']] Not interactable
[[FirefoxDriver: firefox on LINUX (bd93d6b1-e9c1-4012-a365-f8f5334e7ee5)] -> xpath: //input[@type='SUBMIT']] Not interactable
[[FirefoxDriver: firefox on LINUX (bd93d6b1-e9c1-4012-a365-f8f5334e7ee5)] -> xpath: //input[@type='SUBMIT']] Not interactable
[[FirefoxDriver: firefox on LINUX (bd93d6b1-e9c1-4012-a365-f8f5334e7ee5)] -> xpath: //*/input[@type='TEXT']] Not interactable
[[FirefoxDriver: firefox on LINUX (bd93d6b1-e9c1-4012-a365-f8f5334e7ee5)] -> xpath: //*/input[@type='TEXT']] Not interactable
[[FirefoxDriver: firefox on LINUX (bd93d6b1-e9c1-4012-a365-f8f5334e7ee5)] -> xpath: //*/input[@type='TEXT']] Not interactable
[[FirefoxDriver: firefox on LINUX (bd93d6b1-e9c1-4012-a365-f8f5334e7ee5)] -> xpath: //input[@type='SUBMIT']] Not interactable
[[FirefoxDriver: firefox on LINUX (bd93d6b1-e9c1-4012-a365-f8f5334e7ee5)] -> xpath: //input[@type='SUBMIT']] Not interactable
[[FirefoxDriver: firefox on LINUX (bd93d6b1-e9c1-4012-a365-f8f5334e7ee5)] -> xpath: //input[@type='SUBMIT']] Not interactable
[[FirefoxDriver: firefox on LINUX (bd93d6b1-e9c1-4012-a365-f8f5334e7ee5)] -> xpath: //input[@type='SUBMIT']] Not interactable
[[FirefoxDriver: firefox on LINUX (bd93d6b1-e9c1-4012-a365-f8f5334e7ee5)] -> xpath: //input[@type='SUBMIT']] Not interactable
[[FirefoxDriver: firefox on LINUX (bd93d6b1-e9c1-4012-a365-f8f5334e7ee5)] -> xpath: //input[@type='SUBMIT']] Not interactable
[[FirefoxDriver: firefox on LINUX (bd93d6b1-e9c1-4012-a365-f8f5334e7ee5)] -> xpath: //input[@type='SUBMIT']] Not interactable
[[FirefoxDriver: firefox on LINUX (bd93d6b1-e9c1-4012-a365-f8f5334e7ee5)] -> xpath: //input[@type='SUBMIT']] Not interactable
[[FirefoxDriver: firefox on LINUX (bd93d6b1-e9c1-4012-a365-f8f5334e7ee5)] -> xpath: //*/input[@type='TEXT']] Not interactable
[[FirefoxDriver: firefox on LINUX (bd93d6b1-e9c1-4012-a365-f8f5334e7ee5)] -> xpath: //*/input[@type='TEXT']] Not interactable
[[FirefoxDriver: firefox on LINUX (bd93d6b1-e9c1-4012-a365-f8f5334e7ee5)] -> xpath: //*/input[@type='TEXT']] Not interactable
[[FirefoxDriver: firefox on LINUX (bd93d6b1-e9c1-4012-a365-f8f5334e7ee5)] -> xpath: //input[@type='SUBMIT']] Not interactable
[[FirefoxDriver: firefox on LINUX (bd93d6b1-e9c1-4012-a365-f8f5334e7ee5)] -> xpath: //input[@type='SUBMIT']] Not interactable
[[FirefoxDriver: firefox on LINUX (bd93d6b1-e9c1-4012-a365-f8f5334e7ee5)] -> xpath: //input[@type='SUBMIT']] Not interactable
[[FirefoxDriver: firefox on LINUX (bd93d6b1-e9c1-4012-a365-f8f5334e7ee5)] -> xpath: //input[@type='SUBMIT']] Not interactable
[[FirefoxDriver: firefox on LINUX (bd93d6b1-e9c1-4012-a365-f8f5334e7ee5)] -> xpath: //input[@type='SUBMIT']] Not interactable
[[FirefoxDriver: firefox on LINUX (bd93d6b1-e9c1-4012-a365-f8f5334e7ee5)] -> xpath: //input[@type='SUBMIT']] Not interactable
[[FirefoxDriver: firefox on LINUX (bd93d6b1-e9c1-4012-a365-f8f5334e7ee5)] -> xpath: //input[@type='SUBMIT']] Not interactable
[[FirefoxDriver: firefox on LINUX (bd93d6b1-e9c1-4012-a365-f8f5334e7ee5)] -> xpath: //input[@type='SUBMIT']] Not interactable
[[FirefoxDriver: firefox on LINUX (bd93d6b1-e9c1-4012-a365-f8f5334e7ee5)] -> xpath: //*/input[@type='TEXT']] Not interactable
[[FirefoxDriver: firefox on LINUX (bd93d6b1-e9c1-4012-a365-f8f5334e7ee5)] -> xpath: //*/input[@type='TEXT']] Not interactable
[[FirefoxDriver: firefox on LINUX (bd93d6b1-e9c1-4012-a365-f8f5334e7ee5)] -> xpath: //*/input[@type='TEXT']] Not interactable
[[FirefoxDriver: firefox on LINUX (bd93d6b1-e9c1-4012-a365-f8f5334e7ee5)] -> xpath: //input[@type='SUBMIT']] Not interactable
[[FirefoxDriver: firefox on LINUX (bd93d6b1-e9c1-4012-a365-f8f5334e7ee5)] -> xpath: //input[@type='SUBMIT']] Not interactable
[[FirefoxDriver: firefox on LINUX (bd93d6b1-e9c1-4012-a365-f8f5334e7ee5)] -> xpath: //input[@type='SUBMIT']] Not interactable
[[FirefoxDriver: firefox on LINUX (bd93d6b1-e9c1-4012-a365-f8f5334e7ee5)] -> xpath: //input[@type='SUBMIT']] Not interactable
[[FirefoxDriver: firefox on LINUX (bd93d6b1-e9c1-4012-a365-f8f5334e7ee5)] -> xpath: //input[@type='SUBMIT']] Not interactable
[[FirefoxDriver: firefox on LINUX (bd93d6b1-e9c1-4012-a365-f8f5334e7ee5)] -> xpath: //input[@type='SUBMIT']] Not interactable
[[FirefoxDriver: firefox on LINUX (bd93d6b1-e9c1-4012-a365-f8f5334e7ee5)] -> xpath: //input[@type='SUBMIT']] Not interactable
[[FirefoxDriver: firefox on LINUX (bd93d6b1-e9c1-4012-a365-f8f5334e7ee5)] -> xpath: //input[@type='SUBMIT']] Not interactable
[[FirefoxDriver: firefox on LINUX (bd93d6b1-e9c1-4012-a365-f8f5334e7ee5)] -> xpath: //*/input[@type='TEXT']] Not interactable
[[FirefoxDriver: firefox on LINUX (bd93d6b1-e9c1-4012-a365-f8f5334e7ee5)] -> xpath: //*/input[@type='TEXT']] Not interactable
[[FirefoxDriver: firefox on LINUX (bd93d6b1-e9c1-4012-a365-f8f5334e7ee5)] -> xpath: //*/input[@type='TEXT']] Not interactable
[[FirefoxDriver: firefox on LINUX (bd93d6b1-e9c1-4012-a365-f8f5334e7ee5)] -> xpath: //input[@type='SUBMIT']] Not interactable
[[FirefoxDriver: firefox on LINUX (bd93d6b1-e9c1-4012-a365-f8f5334e7ee5)] -> xpath: //input[@type='SUBMIT']] Not interactable
[[FirefoxDriver: firefox on LINUX (bd93d6b1-e9c1-4012-a365-f8f5334e7ee5)] -> xpath: //input[@type='SUBMIT']] Not interactable
[[FirefoxDriver: firefox on LINUX (bd93d6b1-e9c1-4012-a365-f8f5334e7ee5)] -> xpath: //input[@type='SUBMIT']] Not interactable
[[FirefoxDriver: firefox on LINUX (bd93d6b1-e9c1-4012-a365-f8f5334e7ee5)] -> xpath: //input[@type='SUBMIT']] Not interactable
[[FirefoxDriver: firefox on LINUX (bd93d6b1-e9c1-4012-a365-f8f5334e7ee5)] -> xpath: //input[@type='SUBMIT']] Not interactable
[[FirefoxDriver: firefox on LINUX (bd93d6b1-e9c1-4012-a365-f8f5334e7ee5)] -> xpath: //input[@type='SUBMIT']] Not interactable
[[FirefoxDriver: firefox on LINUX (bd93d6b1-e9c1-4012-a365-f8f5334e7ee5)] -> xpath: //input[@type='SUBMIT']] Not interactable
[[FirefoxDriver: firefox on LINUX (bd93d6b1-e9c1-4012-a365-f8f5334e7ee5)] -> xpath: //*/input[@type='TEXT']] Not interactable
[[FirefoxDriver: firefox on LINUX (bd93d6b1-e9c1-4012-a365-f8f5334e7ee5)] -> xpath: //*/input[@type='TEXT']] Not interactable
[[FirefoxDriver: firefox on LINUX (bd93d6b1-e9c1-4012-a365-f8f5334e7ee5)] -> xpath: //*/input[@type='TEXT']] Not interactable
[[FirefoxDriver: firefox on LINUX (bd93d6b1-e9c1-4012-a365-f8f5334e7ee5)] -> xpath: //input[@type='SUBMIT']] Not interactable
[[FirefoxDriver: firefox on LINUX (bd93d6b1-e9c1-4012-a365-f8f5334e7ee5)] -> xpath: //input[@type='SUBMIT']] Not interactable
[[FirefoxDriver: firefox on LINUX (bd93d6b1-e9c1-4012-a365-f8f5334e7ee5)] -> xpath: //input[@type='SUBMIT']] Not interactable
[[FirefoxDriver: firefox on LINUX (bd93d6b1-e9c1-4012-a365-f8f5334e7ee5)] -> xpath: //input[@type='SUBMIT']] Not interactable
[[FirefoxDriver: firefox on LINUX (bd93d6b1-e9c1-4012-a365-f8f5334e7ee5)] -> xpath: //input[@type='SUBMIT']] Not interactable
[[FirefoxDriver: firefox on LINUX (bd93d6b1-e9c1-4012-a365-f8f5334e7ee5)] -> xpath: //input[@type='SUBMIT']] Not interactable
[[FirefoxDriver: firefox on LINUX (bd93d6b1-e9c1-4012-a365-f8f5334e7ee5)] -> xpath: //input[@type='SUBMIT']] Not interactable
[[FirefoxDriver: firefox on LINUX (bd93d6b1-e9c1-4012-a365-f8f5334e7ee5)] -> xpath: //input[@type='SUBMIT']] Not interactable
[[FirefoxDriver: firefox on LINUX (bd93d6b1-e9c1-4012-a365-f8f5334e7ee5)] -> xpath: //*/input[@type='TEXT']] Not interactable
[[FirefoxDriver: firefox on LINUX (bd93d6b1-e9c1-4012-a365-f8f5334e7ee5)] -> xpath: //*/input[@type='TEXT']] Not interactable
[[FirefoxDriver: firefox on LINUX (bd93d6b1-e9c1-4012-a365-f8f5334e7ee5)] -> xpath: //*/input[@type='TEXT']] Not interactable
[[FirefoxDriver: firefox on LINUX (bd93d6b1-e9c1-4012-a365-f8f5334e7ee5)] -> xpath: //input[@type='SUBMIT']] Not interactable
[[FirefoxDriver: firefox on LINUX (bd93d6b1-e9c1-4012-a365-f8f5334e7ee5)] -> xpath: //input[@type='SUBMIT']] Not interactable
[[FirefoxDriver: firefox on LINUX (bd93d6b1-e9c1-4012-a365-f8f5334e7ee5)] -> xpath: //input[@type='SUBMIT']] Not interactable
[[FirefoxDriver: firefox on LINUX (bd93d6b1-e9c1-4012-a365-f8f5334e7ee5)] -> xpath: //input[@type='SUBMIT']] Not interactable
[[FirefoxDriver: firefox on LINUX (bd93d6b1-e9c1-4012-a365-f8f5334e7ee5)] -> xpath: //input[@type='SUBMIT']] Not interactable
[[FirefoxDriver: firefox on LINUX (bd93d6b1-e9c1-4012-a365-f8f5334e7ee5)] -> xpath: //input[@type='SUBMIT']] Not interactable
[[FirefoxDriver: firefox on LINUX (bd93d6b1-e9c1-4012-a365-f8f5334e7ee5)] -> xpath: //input[@type='SUBMIT']] Not interactable
[[FirefoxDriver: firefox on LINUX (bd93d6b1-e9c1-4012-a365-f8f5334e7ee5)] -> xpath: //input[@type='SUBMIT']] Not interactable
[[FirefoxDriver: firefox on LINUX (bd93d6b1-e9c1-4012-a365-f8f5334e7ee5)] -> xpath: //*/input[@type='TEXT']] Not interactable
[[FirefoxDriver: firefox on LINUX (bd93d6b1-e9c1-4012-a365-f8f5334e7ee5)] -> xpath: //*/input[@type='TEXT']] Not interactable
[[FirefoxDriver: firefox on LINUX (bd93d6b1-e9c1-4012-a365-f8f5334e7ee5)] -> xpath: //*/input[@type='TEXT']] Not interactable
[[FirefoxDriver: firefox on LINUX (bd93d6b1-e9c1-4012-a365-f8f5334e7ee5)] -> xpath: //input[@type='SUBMIT']] Not interactable
[[FirefoxDriver: firefox on LINUX (bd93d6b1-e9c1-4012-a365-f8f5334e7ee5)] -> xpath: //input[@type='SUBMIT']] Not interactable
[[FirefoxDriver: firefox on LINUX (bd93d6b1-e9c1-4012-a365-f8f5334e7ee5)] -> xpath: //input[@type='SUBMIT']] Not interactable
[[FirefoxDriver: firefox on LINUX (bd93d6b1-e9c1-4012-a365-f8f5334e7ee5)] -> xpath: //input[@type='SUBMIT']] Not interactable
[[FirefoxDriver: firefox on LINUX (bd93d6b1-e9c1-4012-a365-f8f5334e7ee5)] -> xpath: //input[@type='SUBMIT']] Not interactable
[[FirefoxDriver: firefox on LINUX (bd93d6b1-e9c1-4012-a365-f8f5334e7ee5)] -> xpath: //input[@type='SUBMIT']] Not interactable
[[FirefoxDriver: firefox on LINUX (bd93d6b1-e9c1-4012-a365-f8f5334e7ee5)] -> xpath: //input[@type='SUBMIT']] Not interactable
[[FirefoxDriver: firefox on LINUX (bd93d6b1-e9c1-4012-a365-f8f5334e7ee5)] -> xpath: //input[@type='SUBMIT']] Not interactable
[[FirefoxDriver: firefox on LINUX (bd93d6b1-e9c1-4012-a365-f8f5334e7ee5)] -> xpath: //*/input[@type='TEXT']] Not interactable
[[FirefoxDriver: firefox on LINUX (bd93d6b1-e9c1-4012-a365-f8f5334e7ee5)] -> xpath: //*/input[@type='TEXT']] Not interactable
[[FirefoxDriver: firefox on LINUX (bd93d6b1-e9c1-4012-a365-f8f5334e7ee5)] -> xpath: //*/input[@type='TEXT']] Not interactable
[[FirefoxDriver: firefox on LINUX (bd93d6b1-e9c1-4012-a365-f8f5334e7ee5)] -> xpath: //input[@type='SUBMIT']] Not interactable
[[FirefoxDriver: firefox on LINUX (bd93d6b1-e9c1-4012-a365-f8f5334e7ee5)] -> xpath: //input[@type='SUBMIT']] Not interactable
[[FirefoxDriver: firefox on LINUX (bd93d6b1-e9c1-4012-a365-f8f5334e7ee5)] -> xpath: //input[@type='SUBMIT']] Not interactable
[[FirefoxDriver: firefox on LINUX (bd93d6b1-e9c1-4012-a365-f8f5334e7ee5)] -> xpath: //input[@type='SUBMIT']] Not interactable
[[FirefoxDriver: firefox on LINUX (bd93d6b1-e9c1-4012-a365-f8f5334e7ee5)] -> xpath: //input[@type='SUBMIT']] Not interactable
[[FirefoxDriver: firefox on LINUX (bd93d6b1-e9c1-4012-a365-f8f5334e7ee5)] -> xpath: //input[@type='SUBMIT']] Not interactable
[[FirefoxDriver: firefox on LINUX (bd93d6b1-e9c1-4012-a365-f8f5334e7ee5)] -> xpath: //input[@type='SUBMIT']] Not interactable
[[FirefoxDriver: firefox on LINUX (bd93d6b1-e9c1-4012-a365-f8f5334e7ee5)] -> xpath: //input[@type='SUBMIT']] Not interactable
[[FirefoxDriver: firefox on LINUX (bd93d6b1-e9c1-4012-a365-f8f5334e7ee5)] -> xpath: //*/input[@type='TEXT']] Not interactable
[[FirefoxDriver: firefox on LINUX (bd93d6b1-e9c1-4012-a365-f8f5334e7ee5)] -> xpath: //*/input[@type='TEXT']] Not interactable
[[FirefoxDriver: firefox on LINUX (bd93d6b1-e9c1-4012-a365-f8f5334e7ee5)] -> xpath: //*/input[@type='TEXT']] Not interactable
[[FirefoxDriver: firefox on LINUX (bd93d6b1-e9c1-4012-a365-f8f5334e7ee5)] -> xpath: //input[@type='SUBMIT']] Not interactable
[[FirefoxDriver: firefox on LINUX (bd93d6b1-e9c1-4012-a365-f8f5334e7ee5)] -> xpath: //input[@type='SUBMIT']] Not interactable
[[FirefoxDriver: firefox on LINUX (bd93d6b1-e9c1-4012-a365-f8f5334e7ee5)] -> xpath: //input[@type='SUBMIT']] Not interactable
[[FirefoxDriver: firefox on LINUX (bd93d6b1-e9c1-4012-a365-f8f5334e7ee5)] -> xpath: //input[@type='SUBMIT']] Not interactable
[[FirefoxDriver: firefox on LINUX (bd93d6b1-e9c1-4012-a365-f8f5334e7ee5)] -> xpath: //input[@type='SUBMIT']] Not interactable
[[FirefoxDriver: firefox on LINUX (bd93d6b1-e9c1-4012-a365-f8f5334e7ee5)] -> xpath: //input[@type='SUBMIT']] Not interactable
[[FirefoxDriver: firefox on LINUX (bd93d6b1-e9c1-4012-a365-f8f5334e7ee5)] -> xpath: //input[@type='SUBMIT']] Not interactable
[[FirefoxDriver: firefox on LINUX (bd93d6b1-e9c1-4012-a365-f8f5334e7ee5)] -> xpath: //input[@type='SUBMIT']] Not interactable
[[FirefoxDriver: firefox on LINUX (bd93d6b1-e9c1-4012-a365-f8f5334e7ee5)] -> xpath: //*/input[@type='TEXT']] Not interactable
[[FirefoxDriver: firefox on LINUX (bd93d6b1-e9c1-4012-a365-f8f5334e7ee5)] -> xpath: //*/input[@type='TEXT']] Not interactable
[[FirefoxDriver: firefox on LINUX (bd93d6b1-e9c1-4012-a365-f8f5334e7ee5)] -> xpath: //*/input[@type='TEXT']] Not interactable
[[FirefoxDriver: firefox on LINUX (bd93d6b1-e9c1-4012-a365-f8f5334e7ee5)] -> xpath: //input[@type='SUBMIT']] Not interactable
[[FirefoxDriver: firefox on LINUX (bd93d6b1-e9c1-4012-a365-f8f5334e7ee5)] -> xpath: //input[@type='SUBMIT']] Not interactable
[[FirefoxDriver: firefox on LINUX (bd93d6b1-e9c1-4012-a365-f8f5334e7ee5)] -> xpath: //input[@type='SUBMIT']] Not interactable
[[FirefoxDriver: firefox on LINUX (bd93d6b1-e9c1-4012-a365-f8f5334e7ee5)] -> xpath: //input[@type='SUBMIT']] Not interactable
[[FirefoxDriver: firefox on LINUX (bd93d6b1-e9c1-4012-a365-f8f5334e7ee5)] -> xpath: //input[@type='SUBMIT']] Not interactable
[[FirefoxDriver: firefox on LINUX (bd93d6b1-e9c1-4012-a365-f8f5334e7ee5)] -> xpath: //input[@type='SUBMIT']] Not interactable
[[FirefoxDriver: firefox on LINUX (bd93d6b1-e9c1-4012-a365-f8f5334e7ee5)] -> xpath: //input[@type='SUBMIT']] Not interactable
[[FirefoxDriver: firefox on LINUX (bd93d6b1-e9c1-4012-a365-f8f5334e7ee5)] -> xpath: //input[@type='SUBMIT']] Not interactable
[[FirefoxDriver: firefox on LINUX (bd93d6b1-e9c1-4012-a365-f8f5334e7ee5)] -> xpath: //*/input[@type='TEXT']] Not interactable
[[FirefoxDriver: firefox on LINUX (bd93d6b1-e9c1-4012-a365-f8f5334e7ee5)] -> xpath: //*/input[@type='TEXT']] Not interactable
[[FirefoxDriver: firefox on LINUX (bd93d6b1-e9c1-4012-a365-f8f5334e7ee5)] -> xpath: //*/input[@type='TEXT']] Not interactable
[[FirefoxDriver: firefox on LINUX (bd93d6b1-e9c1-4012-a365-f8f5334e7ee5)] -> xpath: //input[@type='SUBMIT']] Not interactable
[[FirefoxDriver: firefox on LINUX (bd93d6b1-e9c1-4012-a365-f8f5334e7ee5)] -> xpath: //input[@type='SUBMIT']] Not interactable
[[FirefoxDriver: firefox on LINUX (bd93d6b1-e9c1-4012-a365-f8f5334e7ee5)] -> xpath: //input[@type='SUBMIT']] Not interactable
[[FirefoxDriver: firefox on LINUX (bd93d6b1-e9c1-4012-a365-f8f5334e7ee5)] -> xpath: //input[@type='SUBMIT']] Not interactable
[[FirefoxDriver: firefox on LINUX (bd93d6b1-e9c1-4012-a365-f8f5334e7ee5)] -> xpath: //input[@type='SUBMIT']] Not interactable
[[FirefoxDriver: firefox on LINUX (bd93d6b1-e9c1-4012-a365-f8f5334e7ee5)] -> xpath: //input[@type='SUBMIT']] Not interactable
[[FirefoxDriver: firefox on LINUX (bd93d6b1-e9c1-4012-a365-f8f5334e7ee5)] -> xpath: //input[@type='SUBMIT']] Not interactable
[[FirefoxDriver: firefox on LINUX (bd93d6b1-e9c1-4012-a365-f8f5334e7ee5)] -> xpath: //input[@type='SUBMIT']] Not interactable
[[FirefoxDriver: firefox on LINUX (bd93d6b1-e9c1-4012-a365-f8f5334e7ee5)] -> xpath: //*/input[@type='TEXT']] Not interactable
[[FirefoxDriver: firefox on LINUX (bd93d6b1-e9c1-4012-a365-f8f5334e7ee5)] -> xpath: //*/input[@type='TEXT']] Not interactable
[[FirefoxDriver: firefox on LINUX (bd93d6b1-e9c1-4012-a365-f8f5334e7ee5)] -> xpath: //*/input[@type='TEXT']] Not interactable
[[FirefoxDriver: firefox on LINUX (bd93d6b1-e9c1-4012-a365-f8f5334e7ee5)] -> xpath: //input[@type='SUBMIT']] Not interactable
[[FirefoxDriver: firefox on LINUX (bd93d6b1-e9c1-4012-a365-f8f5334e7ee5)] -> xpath: //input[@type='SUBMIT']] Not interactable
[[FirefoxDriver: firefox on LINUX (bd93d6b1-e9c1-4012-a365-f8f5334e7ee5)] -> xpath: //input[@type='SUBMIT']] Not interactable
[[FirefoxDriver: firefox on LINUX (bd93d6b1-e9c1-4012-a365-f8f5334e7ee5)] -> xpath: //input[@type='SUBMIT']] Not interactable
[[FirefoxDriver: firefox on LINUX (bd93d6b1-e9c1-4012-a365-f8f5334e7ee5)] -> xpath: //input[@type='SUBMIT']] Not interactable
[[FirefoxDriver: firefox on LINUX (bd93d6b1-e9c1-4012-a365-f8f5334e7ee5)] -> xpath: //input[@type='SUBMIT']] Not interactable
[[FirefoxDriver: firefox on LINUX (bd93d6b1-e9c1-4012-a365-f8f5334e7ee5)] -> xpath: //input[@type='SUBMIT']] Not interactable
[[FirefoxDriver: firefox on LINUX (bd93d6b1-e9c1-4012-a365-f8f5334e7ee5)] -> xpath: //input[@type='SUBMIT']] Not interactable
[[FirefoxDriver: firefox on LINUX (bd93d6b1-e9c1-4012-a365-f8f5334e7ee5)] -> xpath: //*/input[@type='TEXT']] Not interactable
[[FirefoxDriver: firefox on LINUX (bd93d6b1-e9c1-4012-a365-f8f5334e7ee5)] -> xpath: //*/input[@type='TEXT']] Not interactable
[[FirefoxDriver: firefox on LINUX (bd93d6b1-e9c1-4012-a365-f8f5334e7ee5)] -> xpath: //*/input[@type='TEXT']] Not interactable
[[FirefoxDriver: firefox on LINUX (bd93d6b1-e9c1-4012-a365-f8f5334e7ee5)] -> xpath: //input[@type='SUBMIT']] Not interactable
[[FirefoxDriver: firefox on LINUX (bd93d6b1-e9c1-4012-a365-f8f5334e7ee5)] -> xpath: //input[@type='SUBMIT']] Not interactable
[[FirefoxDriver: firefox on LINUX (bd93d6b1-e9c1-4012-a365-f8f5334e7ee5)] -> xpath: //input[@type='SUBMIT']] Not interactable
[[FirefoxDriver: firefox on LINUX (bd93d6b1-e9c1-4012-a365-f8f5334e7ee5)] -> xpath: //input[@type='SUBMIT']] Not interactable
[[FirefoxDriver: firefox on LINUX (bd93d6b1-e9c1-4012-a365-f8f5334e7ee5)] -> xpath: //input[@type='SUBMIT']] Not interactable
[[FirefoxDriver: firefox on LINUX (bd93d6b1-e9c1-4012-a365-f8f5334e7ee5)] -> xpath: //input[@type='SUBMIT']] Not interactable
[[FirefoxDriver: firefox on LINUX (bd93d6b1-e9c1-4012-a365-f8f5334e7ee5)] -> xpath: //input[@type='SUBMIT']] Not interactable
[[FirefoxDriver: firefox on LINUX (bd93d6b1-e9c1-4012-a365-f8f5334e7ee5)] -> xpath: //input[@type='SUBMIT']] Not interactable
[[FirefoxDriver: firefox on LINUX (bd93d6b1-e9c1-4012-a365-f8f5334e7ee5)] -> xpath: //*/input[@type='TEXT']] Not interactable
[[FirefoxDriver: firefox on LINUX (bd93d6b1-e9c1-4012-a365-f8f5334e7ee5)] -> xpath: //*/input[@type='TEXT']] Not interactable
[[FirefoxDriver: firefox on LINUX (bd93d6b1-e9c1-4012-a365-f8f5334e7ee5)] -> xpath: //*/input[@type='TEXT']] Not interactable
[[FirefoxDriver: firefox on LINUX (bd93d6b1-e9c1-4012-a365-f8f5334e7ee5)] -> xpath: //input[@type='SUBMIT']] Not interactable
[[FirefoxDriver: firefox on LINUX (bd93d6b1-e9c1-4012-a365-f8f5334e7ee5)] -> xpath: //input[@type='SUBMIT']] Not interactable
[[FirefoxDriver: firefox on LINUX (bd93d6b1-e9c1-4012-a365-f8f5334e7ee5)] -> xpath: //input[@type='SUBMIT']] Not interactable
[[FirefoxDriver: firefox on LINUX (bd93d6b1-e9c1-4012-a365-f8f5334e7ee5)] -> xpath: //input[@type='SUBMIT']] Not interactable
[[FirefoxDriver: firefox on LINUX (bd93d6b1-e9c1-4012-a365-f8f5334e7ee5)] -> xpath: //input[@type='SUBMIT']] Not interactable
[[FirefoxDriver: firefox on LINUX (bd93d6b1-e9c1-4012-a365-f8f5334e7ee5)] -> xpath: //input[@type='SUBMIT']] Not interactable
[[FirefoxDriver: firefox on LINUX (bd93d6b1-e9c1-4012-a365-f8f5334e7ee5)] -> xpath: //input[@type='SUBMIT']] Not interactable
[[FirefoxDriver: firefox on LINUX (bd93d6b1-e9c1-4012-a365-f8f5334e7ee5)] -> xpath: //input[@type='SUBMIT']] Not interactable
[[FirefoxDriver: firefox on LINUX (bd93d6b1-e9c1-4012-a365-f8f5334e7ee5)] -> xpath: //*/input[@type='TEXT']] Not interactable
[[FirefoxDriver: firefox on LINUX (bd93d6b1-e9c1-4012-a365-f8f5334e7ee5)] -> xpath: //*/input[@type='TEXT']] Not interactable
[[FirefoxDriver: firefox on LINUX (bd93d6b1-e9c1-4012-a365-f8f5334e7ee5)] -> xpath: //*/input[@type='TEXT']] Not interactable
[[FirefoxDriver: firefox on LINUX (bd93d6b1-e9c1-4012-a365-f8f5334e7ee5)] -> xpath: //input[@type='SUBMIT']] Not interactable
[[FirefoxDriver: firefox on LINUX (bd93d6b1-e9c1-4012-a365-f8f5334e7ee5)] -> xpath: //input[@type='SUBMIT']] Not interactable
[[FirefoxDriver: firefox on LINUX (bd93d6b1-e9c1-4012-a365-f8f5334e7ee5)] -> xpath: //input[@type='SUBMIT']] Not interactable
[[FirefoxDriver: firefox on LINUX (bd93d6b1-e9c1-4012-a365-f8f5334e7ee5)] -> xpath: //input[@type='SUBMIT']] Not interactable
[[FirefoxDriver: firefox on LINUX (bd93d6b1-e9c1-4012-a365-f8f5334e7ee5)] -> xpath: //input[@type='SUBMIT']] Not interactable
[[FirefoxDriver: firefox on LINUX (bd93d6b1-e9c1-4012-a365-f8f5334e7ee5)] -> xpath: //input[@type='SUBMIT']] Not interactable
[[FirefoxDriver: firefox on LINUX (bd93d6b1-e9c1-4012-a365-f8f5334e7ee5)] -> xpath: //input[@type='SUBMIT']] Not interactable
[[FirefoxDriver: firefox on LINUX (bd93d6b1-e9c1-4012-a365-f8f5334e7ee5)] -> xpath: //input[@type='SUBMIT']] Not interactable
[[FirefoxDriver: firefox on LINUX (bd93d6b1-e9c1-4012-a365-f8f5334e7ee5)] -> xpath: //*/input[@type='TEXT']] Not interactable
[[FirefoxDriver: firefox on LINUX (bd93d6b1-e9c1-4012-a365-f8f5334e7ee5)] -> xpath: //*/input[@type='TEXT']] Not interactable
[[FirefoxDriver: firefox on LINUX (bd93d6b1-e9c1-4012-a365-f8f5334e7ee5)] -> xpath: //*/input[@type='TEXT']] Not interactable
[[FirefoxDriver: firefox on LINUX (bd93d6b1-e9c1-4012-a365-f8f5334e7ee5)] -> xpath: //input[@type='SUBMIT']] Not interactable
[[FirefoxDriver: firefox on LINUX (bd93d6b1-e9c1-4012-a365-f8f5334e7ee5)] -> xpath: //input[@type='SUBMIT']] Not interactable
[[FirefoxDriver: firefox on LINUX (bd93d6b1-e9c1-4012-a365-f8f5334e7ee5)] -> xpath: //input[@type='SUBMIT']] Not interactable
[[FirefoxDriver: firefox on LINUX (bd93d6b1-e9c1-4012-a365-f8f5334e7ee5)] -> xpath: //input[@type='SUBMIT']] Not interactable
[[FirefoxDriver: firefox on LINUX (bd93d6b1-e9c1-4012-a365-f8f5334e7ee5)] -> xpath: //input[@type='SUBMIT']] Not interactable
[[FirefoxDriver: firefox on LINUX (bd93d6b1-e9c1-4012-a365-f8f5334e7ee5)] -> xpath: //input[@type='SUBMIT']] Not interactable
[[FirefoxDriver: firefox on LINUX (bd93d6b1-e9c1-4012-a365-f8f5334e7ee5)] -> xpath: //input[@type='SUBMIT']] Not interactable
[[FirefoxDriver: firefox on LINUX (bd93d6b1-e9c1-4012-a365-f8f5334e7ee5)] -> xpath: //input[@type='SUBMIT']] Not interactable
[[FirefoxDriver: firefox on LINUX (bd93d6b1-e9c1-4012-a365-f8f5334e7ee5)] -> xpath: //*/input[@type='TEXT']] Not interactable
[[FirefoxDriver: firefox on LINUX (bd93d6b1-e9c1-4012-a365-f8f5334e7ee5)] -> xpath: //*/input[@type='TEXT']] Not interactable
[[FirefoxDriver: firefox on LINUX (bd93d6b1-e9c1-4012-a365-f8f5334e7ee5)] -> xpath: //*/input[@type='TEXT']] Not interactable
[[FirefoxDriver: firefox on LINUX (bd93d6b1-e9c1-4012-a365-f8f5334e7ee5)] -> xpath: //input[@type='SUBMIT']] Not interactable
[[FirefoxDriver: firefox on LINUX (bd93d6b1-e9c1-4012-a365-f8f5334e7ee5)] -> xpath: //input[@type='SUBMIT']] Not interactable
[[FirefoxDriver: firefox on LINUX (bd93d6b1-e9c1-4012-a365-f8f5334e7ee5)] -> xpath: //input[@type='SUBMIT']] Not interactable
[[FirefoxDriver: firefox on LINUX (bd93d6b1-e9c1-4012-a365-f8f5334e7ee5)] -> xpath: //input[@type='SUBMIT']] Not interactable
[[FirefoxDriver: firefox on LINUX (bd93d6b1-e9c1-4012-a365-f8f5334e7ee5)] -> xpath: //input[@type='SUBMIT']] Not interactable
[[FirefoxDriver: firefox on LINUX (bd93d6b1-e9c1-4012-a365-f8f5334e7ee5)] -> xpath: //input[@type='SUBMIT']] Not interactable
[[FirefoxDriver: firefox on LINUX (bd93d6b1-e9c1-4012-a365-f8f5334e7ee5)] -> xpath: //input[@type='SUBMIT']] Not interactable
[[FirefoxDriver: firefox on LINUX (bd93d6b1-e9c1-4012-a365-f8f5334e7ee5)] -> xpath: //input[@type='SUBMIT']] Not interactable
[[FirefoxDriver: firefox on LINUX (bd93d6b1-e9c1-4012-a365-f8f5334e7ee5)] -> xpath: //*/input[@type='TEXT']] Not interactable
[[FirefoxDriver: firefox on LINUX (bd93d6b1-e9c1-4012-a365-f8f5334e7ee5)] -> xpath: //*/input[@type='TEXT']] Not interactable
[[FirefoxDriver: firefox on LINUX (bd93d6b1-e9c1-4012-a365-f8f5334e7ee5)] -> xpath: //*/input[@type='TEXT']] Not interactable
[[FirefoxDriver: firefox on LINUX (bd93d6b1-e9c1-4012-a365-f8f5334e7ee5)] -> xpath: //input[@type='SUBMIT']] Not interactable
[[FirefoxDriver: firefox on LINUX (bd93d6b1-e9c1-4012-a365-f8f5334e7ee5)] -> xpath: //input[@type='SUBMIT']] Not interactable
[[FirefoxDriver: firefox on LINUX (bd93d6b1-e9c1-4012-a365-f8f5334e7ee5)] -> xpath: //input[@type='SUBMIT']] Not interactable
[[FirefoxDriver: firefox on LINUX (bd93d6b1-e9c1-4012-a365-f8f5334e7ee5)] -> xpath: //input[@type='SUBMIT']] Not interactable
[[FirefoxDriver: firefox on LINUX (bd93d6b1-e9c1-4012-a365-f8f5334e7ee5)] -> xpath: //input[@type='SUBMIT']] Not interactable
[[FirefoxDriver: firefox on LINUX (bd93d6b1-e9c1-4012-a365-f8f5334e7ee5)] -> xpath: //input[@type='SUBMIT']] Not interactable
[[FirefoxDriver: firefox on LINUX (bd93d6b1-e9c1-4012-a365-f8f5334e7ee5)] -> xpath: //input[@type='SUBMIT']] Not interactable
[[FirefoxDriver: firefox on LINUX (bd93d6b1-e9c1-4012-a365-f8f5334e7ee5)] -> xpath: //input[@type='SUBMIT']] Not interactable
[[FirefoxDriver: firefox on LINUX (bd93d6b1-e9c1-4012-a365-f8f5334e7ee5)] -> xpath: //*/input[@type='TEXT']] Not interactable
[[FirefoxDriver: firefox on LINUX (bd93d6b1-e9c1-4012-a365-f8f5334e7ee5)] -> xpath: //*/input[@type='TEXT']] Not interactable
[[FirefoxDriver: firefox on LINUX (bd93d6b1-e9c1-4012-a365-f8f5334e7ee5)] -> xpath: //*/input[@type='TEXT']] Not interactable
[[FirefoxDriver: firefox on LINUX (bd93d6b1-e9c1-4012-a365-f8f5334e7ee5)] -> xpath: //input[@type='SUBMIT']] Not interactable
[[FirefoxDriver: firefox on LINUX (bd93d6b1-e9c1-4012-a365-f8f5334e7ee5)] -> xpath: //input[@type='SUBMIT']] Not interactable
[[FirefoxDriver: firefox on LINUX (bd93d6b1-e9c1-4012-a365-f8f5334e7ee5)] -> xpath: //input[@type='SUBMIT']] Not interactable
[[FirefoxDriver: firefox on LINUX (bd93d6b1-e9c1-4012-a365-f8f5334e7ee5)] -> xpath: //input[@type='SUBMIT']] Not interactable
[[FirefoxDriver: firefox on LINUX (bd93d6b1-e9c1-4012-a365-f8f5334e7ee5)] -> xpath: //input[@type='SUBMIT']] Not interactable
[[FirefoxDriver: firefox on LINUX (bd93d6b1-e9c1-4012-a365-f8f5334e7ee5)] -> xpath: //input[@type='SUBMIT']] Not interactable
[[FirefoxDriver: firefox on LINUX (bd93d6b1-e9c1-4012-a365-f8f5334e7ee5)] -> xpath: //input[@type='SUBMIT']] Not interactable
[[FirefoxDriver: firefox on LINUX (bd93d6b1-e9c1-4012-a365-f8f5334e7ee5)] -> xpath: //input[@type='SUBMIT']] Not interactable
[[FirefoxDriver: firefox on LINUX (bd93d6b1-e9c1-4012-a365-f8f5334e7ee5)] -> xpath: //*/input[@type='TEXT']] Not interactable
[[FirefoxDriver: firefox on LINUX (bd93d6b1-e9c1-4012-a365-f8f5334e7ee5)] -> xpath: //*/input[@type='TEXT']] Not interactable
[[FirefoxDriver: firefox on LINUX (bd93d6b1-e9c1-4012-a365-f8f5334e7ee5)] -> xpath: //*/input[@type='TEXT']] Not interactable
[[FirefoxDriver: firefox on LINUX (bd93d6b1-e9c1-4012-a365-f8f5334e7ee5)] -> xpath: //input[@type='SUBMIT']] Not interactable
[[FirefoxDriver: firefox on LINUX (bd93d6b1-e9c1-4012-a365-f8f5334e7ee5)] -> xpath: //input[@type='SUBMIT']] Not interactable
[[FirefoxDriver: firefox on LINUX (bd93d6b1-e9c1-4012-a365-f8f5334e7ee5)] -> xpath: //input[@type='SUBMIT']] Not interactable
[[FirefoxDriver: firefox on LINUX (bd93d6b1-e9c1-4012-a365-f8f5334e7ee5)] -> xpath: //input[@type='SUBMIT']] Not interactable
[[FirefoxDriver: firefox on LINUX (bd93d6b1-e9c1-4012-a365-f8f5334e7ee5)] -> xpath: //input[@type='SUBMIT']] Not interactable
[[FirefoxDriver: firefox on LINUX (bd93d6b1-e9c1-4012-a365-f8f5334e7ee5)] -> xpath: //input[@type='SUBMIT']] Not interactable
[[FirefoxDriver: firefox on LINUX (bd93d6b1-e9c1-4012-a365-f8f5334e7ee5)] -> xpath: //input[@type='SUBMIT']] Not interactable
[[FirefoxDriver: firefox on LINUX (bd93d6b1-e9c1-4012-a365-f8f5334e7ee5)] -> xpath: //input[@type='SUBMIT']] Not interactable
[[FirefoxDriver: firefox on LINUX (bd93d6b1-e9c1-4012-a365-f8f5334e7ee5)] -> xpath: //*/input[@type='TEXT']] Not interactable
[[FirefoxDriver: firefox on LINUX (bd93d6b1-e9c1-4012-a365-f8f5334e7ee5)] -> xpath: //*/input[@type='TEXT']] Not interactable
[[FirefoxDriver: firefox on LINUX (bd93d6b1-e9c1-4012-a365-f8f5334e7ee5)] -> xpath: //*/input[@type='TEXT']] Not interactable
[[FirefoxDriver: firefox on LINUX (bd93d6b1-e9c1-4012-a365-f8f5334e7ee5)] -> xpath: //input[@type='SUBMIT']] Not interactable
[[FirefoxDriver: firefox on LINUX (bd93d6b1-e9c1-4012-a365-f8f5334e7ee5)] -> xpath: //input[@type='SUBMIT']] Not interactable
[[FirefoxDriver: firefox on LINUX (bd93d6b1-e9c1-4012-a365-f8f5334e7ee5)] -> xpath: //input[@type='SUBMIT']] Not interactable
[[FirefoxDriver: firefox on LINUX (bd93d6b1-e9c1-4012-a365-f8f5334e7ee5)] -> xpath: //input[@type='SUBMIT']] Not interactable
[[FirefoxDriver: firefox on LINUX (bd93d6b1-e9c1-4012-a365-f8f5334e7ee5)] -> xpath: //input[@type='SUBMIT']] Not interactable
[[FirefoxDriver: firefox on LINUX (bd93d6b1-e9c1-4012-a365-f8f5334e7ee5)] -> xpath: //input[@type='SUBMIT']] Not interactable
[[FirefoxDriver: firefox on LINUX (bd93d6b1-e9c1-4012-a365-f8f5334e7ee5)] -> xpath: //input[@type='SUBMIT']] Not interactable
[[FirefoxDriver: firefox on LINUX (bd93d6b1-e9c1-4012-a365-f8f5334e7ee5)] -> xpath: //input[@type='SUBMIT']] Not interactable
[[FirefoxDriver: firefox on LINUX (bd93d6b1-e9c1-4012-a365-f8f5334e7ee5)] -> xpath: //*/input[@type='TEXT']] Not interactable
[[FirefoxDriver: firefox on LINUX (bd93d6b1-e9c1-4012-a365-f8f5334e7ee5)] -> xpath: //*/input[@type='TEXT']] Not interactable
[[FirefoxDriver: firefox on LINUX (bd93d6b1-e9c1-4012-a365-f8f5334e7ee5)] -> xpath: //*/input[@type='TEXT']] Not interactable
[[FirefoxDriver: firefox on LINUX (bd93d6b1-e9c1-4012-a365-f8f5334e7ee5)] -> xpath: //input[@type='SUBMIT']] Not interactable
[[FirefoxDriver: firefox on LINUX (bd93d6b1-e9c1-4012-a365-f8f5334e7ee5)] -> xpath: //input[@type='SUBMIT']] Not interactable
[[FirefoxDriver: firefox on LINUX (bd93d6b1-e9c1-4012-a365-f8f5334e7ee5)] -> xpath: //input[@type='SUBMIT']] Not interactable
[[FirefoxDriver: firefox on LINUX (bd93d6b1-e9c1-4012-a365-f8f5334e7ee5)] -> xpath: //input[@type='SUBMIT']] Not interactable
[[FirefoxDriver: firefox on LINUX (bd93d6b1-e9c1-4012-a365-f8f5334e7ee5)] -> xpath: //input[@type='SUBMIT']] Not interactable
[[FirefoxDriver: firefox on LINUX (bd93d6b1-e9c1-4012-a365-f8f5334e7ee5)] -> xpath: //input[@type='SUBMIT']] Not interactable
[[FirefoxDriver: firefox on LINUX (bd93d6b1-e9c1-4012-a365-f8f5334e7ee5)] -> xpath: //input[@type='SUBMIT']] Not interactable
[[FirefoxDriver: firefox on LINUX (bd93d6b1-e9c1-4012-a365-f8f5334e7ee5)] -> xpath: //input[@type='SUBMIT']] Not interactable
[[FirefoxDriver: firefox on LINUX (bd93d6b1-e9c1-4012-a365-f8f5334e7ee5)] -> xpath: //*/input[@type='TEXT']] Not interactable
[[FirefoxDriver: firefox on LINUX (bd93d6b1-e9c1-4012-a365-f8f5334e7ee5)] -> xpath: //*/input[@type='TEXT']] Not interactable
[[FirefoxDriver: firefox on LINUX (bd93d6b1-e9c1-4012-a365-f8f5334e7ee5)] -> xpath: //*/input[@type='TEXT']] Not interactable
[[FirefoxDriver: firefox on LINUX (bd93d6b1-e9c1-4012-a365-f8f5334e7ee5)] -> xpath: //input[@type='SUBMIT']] Not interactable
[[FirefoxDriver: firefox on LINUX (bd93d6b1-e9c1-4012-a365-f8f5334e7ee5)] -> xpath: //input[@type='SUBMIT']] Not interactable
[[FirefoxDriver: firefox on LINUX (bd93d6b1-e9c1-4012-a365-f8f5334e7ee5)] -> xpath: //input[@type='SUBMIT']] Not interactable
[[FirefoxDriver: firefox on LINUX (bd93d6b1-e9c1-4012-a365-f8f5334e7ee5)] -> xpath: //input[@type='SUBMIT']] Not interactable
[[FirefoxDriver: firefox on LINUX (bd93d6b1-e9c1-4012-a365-f8f5334e7ee5)] -> xpath: //input[@type='SUBMIT']] Not interactable
[[FirefoxDriver: firefox on LINUX (bd93d6b1-e9c1-4012-a365-f8f5334e7ee5)] -> xpath: //input[@type='SUBMIT']] Not interactable
[[FirefoxDriver: firefox on LINUX (bd93d6b1-e9c1-4012-a365-f8f5334e7ee5)] -> xpath: //input[@type='SUBMIT']] Not interactable
[[FirefoxDriver: firefox on LINUX (bd93d6b1-e9c1-4012-a365-f8f5334e7ee5)] -> xpath: //input[@type='SUBMIT']] Not interactable
[[FirefoxDriver: firefox on LINUX (bd93d6b1-e9c1-4012-a365-f8f5334e7ee5)] -> xpath: //*/input[@type='TEXT']] Not interactable
[[FirefoxDriver: firefox on LINUX (bd93d6b1-e9c1-4012-a365-f8f5334e7ee5)] -> xpath: //*/input[@type='TEXT']] Not interactable
[[FirefoxDriver: firefox on LINUX (bd93d6b1-e9c1-4012-a365-f8f5334e7ee5)] -> xpath: //*/input[@type='TEXT']] Not interactable
[[FirefoxDriver: firefox on LINUX (bd93d6b1-e9c1-4012-a365-f8f5334e7ee5)] -> xpath: //input[@type='SUBMIT']] Not interactable
[[FirefoxDriver: firefox on LINUX (bd93d6b1-e9c1-4012-a365-f8f5334e7ee5)] -> xpath: //input[@type='SUBMIT']] Not interactable
[[FirefoxDriver: firefox on LINUX (bd93d6b1-e9c1-4012-a365-f8f5334e7ee5)] -> xpath: //input[@type='SUBMIT']] Not interactable
[[FirefoxDriver: firefox on LINUX (bd93d6b1-e9c1-4012-a365-f8f5334e7ee5)] -> xpath: //input[@type='SUBMIT']] Not interactable
[[FirefoxDriver: firefox on LINUX (bd93d6b1-e9c1-4012-a365-f8f5334e7ee5)] -> xpath: //input[@type='SUBMIT']] Not interactable
[[FirefoxDriver: firefox on LINUX (bd93d6b1-e9c1-4012-a365-f8f5334e7ee5)] -> xpath: //input[@type='SUBMIT']] Not interactable
[[FirefoxDriver: firefox on LINUX (bd93d6b1-e9c1-4012-a365-f8f5334e7ee5)] -> xpath: //input[@type='SUBMIT']] Not interactable
[[FirefoxDriver: firefox on LINUX (bd93d6b1-e9c1-4012-a365-f8f5334e7ee5)] -> xpath: //input[@type='SUBMIT']] Not interactable
[[FirefoxDriver: firefox on LINUX (bd93d6b1-e9c1-4012-a365-f8f5334e7ee5)] -> xpath: //*/input[@type='TEXT']] Not interactable
[[FirefoxDriver: firefox on LINUX (bd93d6b1-e9c1-4012-a365-f8f5334e7ee5)] -> xpath: //*/input[@type='TEXT']] Not interactable
[[FirefoxDriver: firefox on LINUX (bd93d6b1-e9c1-4012-a365-f8f5334e7ee5)] -> xpath: //*/input[@type='TEXT']] Not interactable
[[FirefoxDriver: firefox on LINUX (bd93d6b1-e9c1-4012-a365-f8f5334e7ee5)] -> xpath: //input[@type='SUBMIT']] Not interactable
[[FirefoxDriver: firefox on LINUX (bd93d6b1-e9c1-4012-a365-f8f5334e7ee5)] -> xpath: //input[@type='SUBMIT']] Not interactable
[[FirefoxDriver: firefox on LINUX (bd93d6b1-e9c1-4012-a365-f8f5334e7ee5)] -> xpath: //input[@type='SUBMIT']] Not interactable
[[FirefoxDriver: firefox on LINUX (bd93d6b1-e9c1-4012-a365-f8f5334e7ee5)] -> xpath: //input[@type='SUBMIT']] Not interactable
[[FirefoxDriver: firefox on LINUX (bd93d6b1-e9c1-4012-a365-f8f5334e7ee5)] -> xpath: //input[@type='SUBMIT']] Not interactable
[[FirefoxDriver: firefox on LINUX (bd93d6b1-e9c1-4012-a365-f8f5334e7ee5)] -> xpath: //input[@type='SUBMIT']] Not interactable
[[FirefoxDriver: firefox on LINUX (bd93d6b1-e9c1-4012-a365-f8f5334e7ee5)] -> xpath: //input[@type='SUBMIT']] Not interactable
[[FirefoxDriver: firefox on LINUX (bd93d6b1-e9c1-4012-a365-f8f5334e7ee5)] -> xpath: //input[@type='SUBMIT']] Not interactable
[[FirefoxDriver: firefox on LINUX (bd93d6b1-e9c1-4012-a365-f8f5334e7ee5)] -> xpath: //*/input[@type='TEXT']] Not interactable
[[FirefoxDriver: firefox on LINUX (bd93d6b1-e9c1-4012-a365-f8f5334e7ee5)] -> xpath: //*/input[@type='TEXT']] Not interactable
[[FirefoxDriver: firefox on LINUX (bd93d6b1-e9c1-4012-a365-f8f5334e7ee5)] -> xpath: //*/input[@type='TEXT']] Not interactable
[[FirefoxDriver: firefox on LINUX (bd93d6b1-e9c1-4012-a365-f8f5334e7ee5)] -> xpath: //input[@type='SUBMIT']] Not interactable
[[FirefoxDriver: firefox on LINUX (bd93d6b1-e9c1-4012-a365-f8f5334e7ee5)] -> xpath: //input[@type='SUBMIT']] Not interactable
[[FirefoxDriver: firefox on LINUX (bd93d6b1-e9c1-4012-a365-f8f5334e7ee5)] -> xpath: //input[@type='SUBMIT']] Not interactable
[[FirefoxDriver: firefox on LINUX (bd93d6b1-e9c1-4012-a365-f8f5334e7ee5)] -> xpath: //input[@type='SUBMIT']] Not interactable
[[FirefoxDriver: firefox on LINUX (bd93d6b1-e9c1-4012-a365-f8f5334e7ee5)] -> xpath: //input[@type='SUBMIT']] Not interactable
[[FirefoxDriver: firefox on LINUX (bd93d6b1-e9c1-4012-a365-f8f5334e7ee5)] -> xpath: //input[@type='SUBMIT']] Not interactable
[[FirefoxDriver: firefox on LINUX (bd93d6b1-e9c1-4012-a365-f8f5334e7ee5)] -> xpath: //input[@type='SUBMIT']] Not interactable
[[FirefoxDriver: firefox on LINUX (bd93d6b1-e9c1-4012-a365-f8f5334e7ee5)] -> xpath: //input[@type='SUBMIT']] Not interactable
[[FirefoxDriver: firefox on LINUX (bd93d6b1-e9c1-4012-a365-f8f5334e7ee5)] -> xpath: //*/input[@type='TEXT']] Not interactable
[[FirefoxDriver: firefox on LINUX (bd93d6b1-e9c1-4012-a365-f8f5334e7ee5)] -> xpath: //*/input[@type='TEXT']] Not interactable
[[FirefoxDriver: firefox on LINUX (bd93d6b1-e9c1-4012-a365-f8f5334e7ee5)] -> xpath: //*/input[@type='TEXT']] Not interactable
[[FirefoxDriver: firefox on LINUX (bd93d6b1-e9c1-4012-a365-f8f5334e7ee5)] -> xpath: //input[@type='SUBMIT']] Not interactable
[[FirefoxDriver: firefox on LINUX (bd93d6b1-e9c1-4012-a365-f8f5334e7ee5)] -> xpath: //input[@type='SUBMIT']] Not interactable
[[FirefoxDriver: firefox on LINUX (bd93d6b1-e9c1-4012-a365-f8f5334e7ee5)] -> xpath: //input[@type='SUBMIT']] Not interactable
[[FirefoxDriver: firefox on LINUX (bd93d6b1-e9c1-4012-a365-f8f5334e7ee5)] -> xpath: //input[@type='SUBMIT']] Not interactable
[[FirefoxDriver: firefox on LINUX (bd93d6b1-e9c1-4012-a365-f8f5334e7ee5)] -> xpath: //input[@type='SUBMIT']] Not interactable
[[FirefoxDriver: firefox on LINUX (bd93d6b1-e9c1-4012-a365-f8f5334e7ee5)] -> xpath: //input[@type='SUBMIT']] Not interactable
[[FirefoxDriver: firefox on LINUX (bd93d6b1-e9c1-4012-a365-f8f5334e7ee5)] -> xpath: //input[@type='SUBMIT']] Not interactable
[[FirefoxDriver: firefox on LINUX (bd93d6b1-e9c1-4012-a365-f8f5334e7ee5)] -> xpath: //input[@type='SUBMIT']] Not interactable
[[FirefoxDriver: firefox on LINUX (bd93d6b1-e9c1-4012-a365-f8f5334e7ee5)] -> xpath: //*/input[@type='TEXT']] Not interactable
[[FirefoxDriver: firefox on LINUX (bd93d6b1-e9c1-4012-a365-f8f5334e7ee5)] -> xpath: //*/input[@type='TEXT']] Not interactable
[[FirefoxDriver: firefox on LINUX (bd93d6b1-e9c1-4012-a365-f8f5334e7ee5)] -> xpath: //*/input[@type='TEXT']] Not interactable
[[FirefoxDriver: firefox on LINUX (bd93d6b1-e9c1-4012-a365-f8f5334e7ee5)] -> xpath: //input[@type='SUBMIT']] Not interactable
[[FirefoxDriver: firefox on LINUX (bd93d6b1-e9c1-4012-a365-f8f5334e7ee5)] -> xpath: //input[@type='SUBMIT']] Not interactable
[[FirefoxDriver: firefox on LINUX (bd93d6b1-e9c1-4012-a365-f8f5334e7ee5)] -> xpath: //input[@type='SUBMIT']] Not interactable
[[FirefoxDriver: firefox on LINUX (bd93d6b1-e9c1-4012-a365-f8f5334e7ee5)] -> xpath: //input[@type='SUBMIT']] Not interactable
[[FirefoxDriver: firefox on LINUX (bd93d6b1-e9c1-4012-a365-f8f5334e7ee5)] -> xpath: //input[@type='SUBMIT']] Not interactable
[[FirefoxDriver: firefox on LINUX (bd93d6b1-e9c1-4012-a365-f8f5334e7ee5)] -> xpath: //input[@type='SUBMIT']] Not interactable
[[FirefoxDriver: firefox on LINUX (bd93d6b1-e9c1-4012-a365-f8f5334e7ee5)] -> xpath: //input[@type='SUBMIT']] Not interactable
[[FirefoxDriver: firefox on LINUX (bd93d6b1-e9c1-4012-a365-f8f5334e7ee5)] -> xpath: //input[@type='SUBMIT']] Not interactable
[[FirefoxDriver: firefox on LINUX (bd93d6b1-e9c1-4012-a365-f8f5334e7ee5)] -> xpath: //*/input[@type='TEXT']] Not interactable
[[FirefoxDriver: firefox on LINUX (bd93d6b1-e9c1-4012-a365-f8f5334e7ee5)] -> xpath: //*/input[@type='TEXT']] Not interactable
[[FirefoxDriver: firefox on LINUX (bd93d6b1-e9c1-4012-a365-f8f5334e7ee5)] -> xpath: //*/input[@type='TEXT']] Not interactable
[[FirefoxDriver: firefox on LINUX (bd93d6b1-e9c1-4012-a365-f8f5334e7ee5)] -> xpath: //input[@type='SUBMIT']] Not interactable
[[FirefoxDriver: firefox on LINUX (bd93d6b1-e9c1-4012-a365-f8f5334e7ee5)] -> xpath: //input[@type='SUBMIT']] Not interactable
[[FirefoxDriver: firefox on LINUX (bd93d6b1-e9c1-4012-a365-f8f5334e7ee5)] -> xpath: //input[@type='SUBMIT']] Not interactable
[[FirefoxDriver: firefox on LINUX (bd93d6b1-e9c1-4012-a365-f8f5334e7ee5)] -> xpath: //input[@type='SUBMIT']] Not interactable
[[FirefoxDriver: firefox on LINUX (bd93d6b1-e9c1-4012-a365-f8f5334e7ee5)] -> xpath: //input[@type='SUBMIT']] Not interactable
[[FirefoxDriver: firefox on LINUX (bd93d6b1-e9c1-4012-a365-f8f5334e7ee5)] -> xpath: //input[@type='SUBMIT']] Not interactable
[[FirefoxDriver: firefox on LINUX (bd93d6b1-e9c1-4012-a365-f8f5334e7ee5)] -> xpath: //input[@type='SUBMIT']] Not interactable
[[FirefoxDriver: firefox on LINUX (bd93d6b1-e9c1-4012-a365-f8f5334e7ee5)] -> xpath: //input[@type='SUBMIT']] Not interactable
[[FirefoxDriver: firefox on LINUX (bd93d6b1-e9c1-4012-a365-f8f5334e7ee5)] -> xpath: //*/input[@type='TEXT']] Not interactable
[[FirefoxDriver: firefox on LINUX (bd93d6b1-e9c1-4012-a365-f8f5334e7ee5)] -> xpath: //*/input[@type='TEXT']] Not interactable
[[FirefoxDriver: firefox on LINUX (bd93d6b1-e9c1-4012-a365-f8f5334e7ee5)] -> xpath: //*/input[@type='TEXT']] Not interactable
[[FirefoxDriver: firefox on LINUX (bd93d6b1-e9c1-4012-a365-f8f5334e7ee5)] -> xpath: //input[@type='SUBMIT']] Not interactable
[[FirefoxDriver: firefox on LINUX (bd93d6b1-e9c1-4012-a365-f8f5334e7ee5)] -> xpath: //input[@type='SUBMIT']] Not interactable
[[FirefoxDriver: firefox on LINUX (bd93d6b1-e9c1-4012-a365-f8f5334e7ee5)] -> xpath: //input[@type='SUBMIT']] Not interactable
[[FirefoxDriver: firefox on LINUX (bd93d6b1-e9c1-4012-a365-f8f5334e7ee5)] -> xpath: //input[@type='SUBMIT']] Not interactable
[[FirefoxDriver: firefox on LINUX (bd93d6b1-e9c1-4012-a365-f8f5334e7ee5)] -> xpath: //input[@type='SUBMIT']] Not interactable
[[FirefoxDriver: firefox on LINUX (bd93d6b1-e9c1-4012-a365-f8f5334e7ee5)] -> xpath: //input[@type='SUBMIT']] Not interactable
[[FirefoxDriver: firefox on LINUX (bd93d6b1-e9c1-4012-a365-f8f5334e7ee5)] -> xpath: //input[@type='SUBMIT']] Not interactable
[[FirefoxDriver: firefox on LINUX (bd93d6b1-e9c1-4012-a365-f8f5334e7ee5)] -> xpath: //input[@type='SUBMIT']] Not interactable
[[FirefoxDriver: firefox on LINUX (bd93d6b1-e9c1-4012-a365-f8f5334e7ee5)] -> xpath: //*/input[@type='TEXT']] Not interactable
[[FirefoxDriver: firefox on LINUX (bd93d6b1-e9c1-4012-a365-f8f5334e7ee5)] -> xpath: //*/input[@type='TEXT']] Not interactable
[[FirefoxDriver: firefox on LINUX (bd93d6b1-e9c1-4012-a365-f8f5334e7ee5)] -> xpath: //*/input[@type='TEXT']] Not interactable
[[FirefoxDriver: firefox on LINUX (bd93d6b1-e9c1-4012-a365-f8f5334e7ee5)] -> xpath: //input[@type='SUBMIT']] Not interactable
[[FirefoxDriver: firefox on LINUX (bd93d6b1-e9c1-4012-a365-f8f5334e7ee5)] -> xpath: //input[@type='SUBMIT']] Not interactable
[[FirefoxDriver: firefox on LINUX (bd93d6b1-e9c1-4012-a365-f8f5334e7ee5)] -> xpath: //input[@type='SUBMIT']] Not interactable
[[FirefoxDriver: firefox on LINUX (bd93d6b1-e9c1-4012-a365-f8f5334e7ee5)] -> xpath: //input[@type='SUBMIT']] Not interactable
[[FirefoxDriver: firefox on LINUX (bd93d6b1-e9c1-4012-a365-f8f5334e7ee5)] -> xpath: //input[@type='SUBMIT']] Not interactable
[[FirefoxDriver: firefox on LINUX (bd93d6b1-e9c1-4012-a365-f8f5334e7ee5)] -> xpath: //input[@type='SUBMIT']] Not interactable
[[FirefoxDriver: firefox on LINUX (bd93d6b1-e9c1-4012-a365-f8f5334e7ee5)] -> xpath: //input[@type='SUBMIT']] Not interactable
[[FirefoxDriver: firefox on LINUX (bd93d6b1-e9c1-4012-a365-f8f5334e7ee5)] -> xpath: //input[@type='SUBMIT']] Not interactable
[[FirefoxDriver: firefox on LINUX (bd93d6b1-e9c1-4012-a365-f8f5334e7ee5)] -> xpath: //*/input[@type='TEXT']] Not interactable
[[FirefoxDriver: firefox on LINUX (bd93d6b1-e9c1-4012-a365-f8f5334e7ee5)] -> xpath: //*/input[@type='TEXT']] Not interactable
[[FirefoxDriver: firefox on LINUX (bd93d6b1-e9c1-4012-a365-f8f5334e7ee5)] -> xpath: //*/input[@type='TEXT']] Not interactable
[[FirefoxDriver: firefox on LINUX (bd93d6b1-e9c1-4012-a365-f8f5334e7ee5)] -> xpath: //input[@type='SUBMIT']] Not interactable
[[FirefoxDriver: firefox on LINUX (bd93d6b1-e9c1-4012-a365-f8f5334e7ee5)] -> xpath: //input[@type='SUBMIT']] Not interactable
[[FirefoxDriver: firefox on LINUX (bd93d6b1-e9c1-4012-a365-f8f5334e7ee5)] -> xpath: //input[@type='SUBMIT']] Not interactable
[[FirefoxDriver: firefox on LINUX (bd93d6b1-e9c1-4012-a365-f8f5334e7ee5)] -> xpath: //input[@type='SUBMIT']] Not interactable
[[FirefoxDriver: firefox on LINUX (bd93d6b1-e9c1-4012-a365-f8f5334e7ee5)] -> xpath: //input[@type='SUBMIT']] Not interactable
[[FirefoxDriver: firefox on LINUX (bd93d6b1-e9c1-4012-a365-f8f5334e7ee5)] -> xpath: //input[@type='SUBMIT']] Not interactable
[[FirefoxDriver: firefox on LINUX (bd93d6b1-e9c1-4012-a365-f8f5334e7ee5)] -> xpath: //input[@type='SUBMIT']] Not interactable
[[FirefoxDriver: firefox on LINUX (bd93d6b1-e9c1-4012-a365-f8f5334e7ee5)] -> xpath: //input[@type='SUBMIT']] Not interactable
[[FirefoxDriver: firefox on LINUX (bd93d6b1-e9c1-4012-a365-f8f5334e7ee5)] -> xpath: //*/input[@type='TEXT']] Not interactable
[[FirefoxDriver: firefox on LINUX (bd93d6b1-e9c1-4012-a365-f8f5334e7ee5)] -> xpath: //*/input[@type='TEXT']] Not interactable
[[FirefoxDriver: firefox on LINUX (bd93d6b1-e9c1-4012-a365-f8f5334e7ee5)] -> xpath: //*/input[@type='TEXT']] Not interactable
[[FirefoxDriver: firefox on LINUX (bd93d6b1-e9c1-4012-a365-f8f5334e7ee5)] -> xpath: //input[@type='SUBMIT']] Not interactable
[[FirefoxDriver: firefox on LINUX (bd93d6b1-e9c1-4012-a365-f8f5334e7ee5)] -> xpath: //input[@type='SUBMIT']] Not interactable
[[FirefoxDriver: firefox on LINUX (bd93d6b1-e9c1-4012-a365-f8f5334e7ee5)] -> xpath: //input[@type='SUBMIT']] Not interactable
[[FirefoxDriver: firefox on LINUX (bd93d6b1-e9c1-4012-a365-f8f5334e7ee5)] -> xpath: //input[@type='SUBMIT']] Not interactable
[[FirefoxDriver: firefox on LINUX (bd93d6b1-e9c1-4012-a365-f8f5334e7ee5)] -> xpath: //input[@type='SUBMIT']] Not interactable
[[FirefoxDriver: firefox on LINUX (bd93d6b1-e9c1-4012-a365-f8f5334e7ee5)] -> xpath: //input[@type='SUBMIT']] Not interactable
[[FirefoxDriver: firefox on LINUX (bd93d6b1-e9c1-4012-a365-f8f5334e7ee5)] -> xpath: //input[@type='SUBMIT']] Not interactable
[[FirefoxDriver: firefox on LINUX (bd93d6b1-e9c1-4012-a365-f8f5334e7ee5)] -> xpath: //input[@type='SUBMIT']] Not interactable
[[FirefoxDriver: firefox on LINUX (bd93d6b1-e9c1-4012-a365-f8f5334e7ee5)] -> xpath: //*/input[@type='TEXT']] Not interactable
[[FirefoxDriver: firefox on LINUX (bd93d6b1-e9c1-4012-a365-f8f5334e7ee5)] -> xpath: //*/input[@type='TEXT']] Not interactable
[[FirefoxDriver: firefox on LINUX (bd93d6b1-e9c1-4012-a365-f8f5334e7ee5)] -> xpath: //*/input[@type='TEXT']] Not interactable
[[FirefoxDriver: firefox on LINUX (bd93d6b1-e9c1-4012-a365-f8f5334e7ee5)] -> xpath: //input[@type='SUBMIT']] Not interactable
[[FirefoxDriver: firefox on LINUX (bd93d6b1-e9c1-4012-a365-f8f5334e7ee5)] -> xpath: //input[@type='SUBMIT']] Not interactable
[[FirefoxDriver: firefox on LINUX (bd93d6b1-e9c1-4012-a365-f8f5334e7ee5)] -> xpath: //input[@type='SUBMIT']] Not interactable
[[FirefoxDriver: firefox on LINUX (bd93d6b1-e9c1-4012-a365-f8f5334e7ee5)] -> xpath: //input[@type='SUBMIT']] Not interactable
[[FirefoxDriver: firefox on LINUX (bd93d6b1-e9c1-4012-a365-f8f5334e7ee5)] -> xpath: //input[@type='SUBMIT']] Not interactable
[[FirefoxDriver: firefox on LINUX (bd93d6b1-e9c1-4012-a365-f8f5334e7ee5)] -> xpath: //input[@type='SUBMIT']] Not interactable
[[FirefoxDriver: firefox on LINUX (bd93d6b1-e9c1-4012-a365-f8f5334e7ee5)] -> xpath: //input[@type='SUBMIT']] Not interactable
[[FirefoxDriver: firefox on LINUX (bd93d6b1-e9c1-4012-a365-f8f5334e7ee5)] -> xpath: //input[@type='SUBMIT']] Not interactable
[[FirefoxDriver: firefox on LINUX (bd93d6b1-e9c1-4012-a365-f8f5334e7ee5)] -> xpath: //*/input[@type='TEXT']] Not interactable
[[FirefoxDriver: firefox on LINUX (bd93d6b1-e9c1-4012-a365-f8f5334e7ee5)] -> xpath: //*/input[@type='TEXT']] Not interactable
[[FirefoxDriver: firefox on LINUX (bd93d6b1-e9c1-4012-a365-f8f5334e7ee5)] -> xpath: //*/input[@type='TEXT']] Not interactable
[[FirefoxDriver: firefox on LINUX (bd93d6b1-e9c1-4012-a365-f8f5334e7ee5)] -> xpath: //input[@type='SUBMIT']] Not interactable
[[FirefoxDriver: firefox on LINUX (bd93d6b1-e9c1-4012-a365-f8f5334e7ee5)] -> xpath: //input[@type='SUBMIT']] Not interactable
[[FirefoxDriver: firefox on LINUX (bd93d6b1-e9c1-4012-a365-f8f5334e7ee5)] -> xpath: //input[@type='SUBMIT']] Not interactable
[[FirefoxDriver: firefox on LINUX (bd93d6b1-e9c1-4012-a365-f8f5334e7ee5)] -> xpath: //input[@type='SUBMIT']] Not interactable
[[FirefoxDriver: firefox on LINUX (bd93d6b1-e9c1-4012-a365-f8f5334e7ee5)] -> xpath: //input[@type='SUBMIT']] Not interactable
[[FirefoxDriver: firefox on LINUX (bd93d6b1-e9c1-4012-a365-f8f5334e7ee5)] -> xpath: //input[@type='SUBMIT']] Not interactable
[[FirefoxDriver: firefox on LINUX (bd93d6b1-e9c1-4012-a365-f8f5334e7ee5)] -> xpath: //input[@type='SUBMIT']] Not interactable
[[FirefoxDriver: firefox on LINUX (bd93d6b1-e9c1-4012-a365-f8f5334e7ee5)] -> xpath: //input[@type='SUBMIT']] Not interactable
[[FirefoxDriver: firefox on LINUX (bd93d6b1-e9c1-4012-a365-f8f5334e7ee5)] -> xpath: //*/input[@type='TEXT']] Not interactable
[[FirefoxDriver: firefox on LINUX (bd93d6b1-e9c1-4012-a365-f8f5334e7ee5)] -> xpath: //*/input[@type='TEXT']] Not interactable
[[FirefoxDriver: firefox on LINUX (bd93d6b1-e9c1-4012-a365-f8f5334e7ee5)] -> xpath: //*/input[@type='TEXT']] Not interactable
[[FirefoxDriver: firefox on LINUX (bd93d6b1-e9c1-4012-a365-f8f5334e7ee5)] -> xpath: //input[@type='SUBMIT']] Not interactable
[[FirefoxDriver: firefox on LINUX (bd93d6b1-e9c1-4012-a365-f8f5334e7ee5)] -> xpath: //input[@type='SUBMIT']] Not interactable
[[FirefoxDriver: firefox on LINUX (bd93d6b1-e9c1-4012-a365-f8f5334e7ee5)] -> xpath: //input[@type='SUBMIT']] Not interactable
[[FirefoxDriver: firefox on LINUX (bd93d6b1-e9c1-4012-a365-f8f5334e7ee5)] -> xpath: //input[@type='SUBMIT']] Not interactable
[[FirefoxDriver: firefox on LINUX (bd93d6b1-e9c1-4012-a365-f8f5334e7ee5)] -> xpath: //input[@type='SUBMIT']] Not interactable
[[FirefoxDriver: firefox on LINUX (bd93d6b1-e9c1-4012-a365-f8f5334e7ee5)] -> xpath: //input[@type='SUBMIT']] Not interactable
[[FirefoxDriver: firefox on LINUX (bd93d6b1-e9c1-4012-a365-f8f5334e7ee5)] -> xpath: //input[@type='SUBMIT']] Not interactable
[[FirefoxDriver: firefox on LINUX (bd93d6b1-e9c1-4012-a365-f8f5334e7ee5)] -> xpath: //input[@type='SUBMIT']] Not interactable
[[FirefoxDriver: firefox on LINUX (bd93d6b1-e9c1-4012-a365-f8f5334e7ee5)] -> xpath: //*/input[@type='TEXT']] Not interactable
[[FirefoxDriver: firefox on LINUX (bd93d6b1-e9c1-4012-a365-f8f5334e7ee5)] -> xpath: //*/input[@type='TEXT']] Not interactable
[[FirefoxDriver: firefox on LINUX (bd93d6b1-e9c1-4012-a365-f8f5334e7ee5)] -> xpath: //*/input[@type='TEXT']] Not interactable
[[FirefoxDriver: firefox on LINUX (bd93d6b1-e9c1-4012-a365-f8f5334e7ee5)] -> xpath: //input[@type='SUBMIT']] Not interactable
[[FirefoxDriver: firefox on LINUX (bd93d6b1-e9c1-4012-a365-f8f5334e7ee5)] -> xpath: //input[@type='SUBMIT']] Not interactable
[[FirefoxDriver: firefox on LINUX (bd93d6b1-e9c1-4012-a365-f8f5334e7ee5)] -> xpath: //input[@type='SUBMIT']] Not interactable
[[FirefoxDriver: firefox on LINUX (bd93d6b1-e9c1-4012-a365-f8f5334e7ee5)] -> xpath: //input[@type='SUBMIT']] Not interactable
[[FirefoxDriver: firefox on LINUX (bd93d6b1-e9c1-4012-a365-f8f5334e7ee5)] -> xpath: //input[@type='SUBMIT']] Not interactable
[[FirefoxDriver: firefox on LINUX (bd93d6b1-e9c1-4012-a365-f8f5334e7ee5)] -> xpath: //input[@type='SUBMIT']] Not interactable
[[FirefoxDriver: firefox on LINUX (bd93d6b1-e9c1-4012-a365-f8f5334e7ee5)] -> xpath: //input[@type='SUBMIT']] Not interactable
[[FirefoxDriver: firefox on LINUX (bd93d6b1-e9c1-4012-a365-f8f5334e7ee5)] -> xpath: //input[@type='SUBMIT']] Not interactable
[[FirefoxDriver: firefox on LINUX (bd93d6b1-e9c1-4012-a365-f8f5334e7ee5)] -> xpath: //*/input[@type='TEXT']] Not interactable
[[FirefoxDriver: firefox on LINUX (bd93d6b1-e9c1-4012-a365-f8f5334e7ee5)] -> xpath: //*/input[@type='TEXT']] Not interactable
[[FirefoxDriver: firefox on LINUX (bd93d6b1-e9c1-4012-a365-f8f5334e7ee5)] -> xpath: //*/input[@type='TEXT']] Not interactable
[[FirefoxDriver: firefox on LINUX (bd93d6b1-e9c1-4012-a365-f8f5334e7ee5)] -> xpath: //input[@type='SUBMIT']] Not interactable
[[FirefoxDriver: firefox on LINUX (bd93d6b1-e9c1-4012-a365-f8f5334e7ee5)] -> xpath: //input[@type='SUBMIT']] Not interactable
[[FirefoxDriver: firefox on LINUX (bd93d6b1-e9c1-4012-a365-f8f5334e7ee5)] -> xpath: //input[@type='SUBMIT']] Not interactable
[[FirefoxDriver: firefox on LINUX (bd93d6b1-e9c1-4012-a365-f8f5334e7ee5)] -> xpath: //input[@type='SUBMIT']] Not interactable
[[FirefoxDriver: firefox on LINUX (bd93d6b1-e9c1-4012-a365-f8f5334e7ee5)] -> xpath: //input[@type='SUBMIT']] Not interactable
[[FirefoxDriver: firefox on LINUX (bd93d6b1-e9c1-4012-a365-f8f5334e7ee5)] -> xpath: //input[@type='SUBMIT']] Not interactable
[[FirefoxDriver: firefox on LINUX (bd93d6b1-e9c1-4012-a365-f8f5334e7ee5)] -> xpath: //input[@type='SUBMIT']] Not interactable
[[FirefoxDriver: firefox on LINUX (bd93d6b1-e9c1-4012-a365-f8f5334e7ee5)] -> xpath: //input[@type='SUBMIT']] Not interactable
[[FirefoxDriver: firefox on LINUX (bd93d6b1-e9c1-4012-a365-f8f5334e7ee5)] -> xpath: //*/input[@type='TEXT']] Not interactable
[[FirefoxDriver: firefox on LINUX (bd93d6b1-e9c1-4012-a365-f8f5334e7ee5)] -> xpath: //*/input[@type='TEXT']] Not interactable
[[FirefoxDriver: firefox on LINUX (bd93d6b1-e9c1-4012-a365-f8f5334e7ee5)] -> xpath: //*/input[@type='TEXT']] Not interactable
[[FirefoxDriver: firefox on LINUX (bd93d6b1-e9c1-4012-a365-f8f5334e7ee5)] -> xpath: //input[@type='SUBMIT']] Not interactable
[[FirefoxDriver: firefox on LINUX (bd93d6b1-e9c1-4012-a365-f8f5334e7ee5)] -> xpath: //input[@type='SUBMIT']] Not interactable
[[FirefoxDriver: firefox on LINUX (bd93d6b1-e9c1-4012-a365-f8f5334e7ee5)] -> xpath: //input[@type='SUBMIT']] Not interactable
[[FirefoxDriver: firefox on LINUX (bd93d6b1-e9c1-4012-a365-f8f5334e7ee5)] -> xpath: //input[@type='SUBMIT']] Not interactable
[[FirefoxDriver: firefox on LINUX (bd93d6b1-e9c1-4012-a365-f8f5334e7ee5)] -> xpath: //input[@type='SUBMIT']] Not interactable
[[FirefoxDriver: firefox on LINUX (bd93d6b1-e9c1-4012-a365-f8f5334e7ee5)] -> xpath: //input[@type='SUBMIT']] Not interactable
[[FirefoxDriver: firefox on LINUX (bd93d6b1-e9c1-4012-a365-f8f5334e7ee5)] -> xpath: //input[@type='SUBMIT']] Not interactable
[[FirefoxDriver: firefox on LINUX (bd93d6b1-e9c1-4012-a365-f8f5334e7ee5)] -> xpath: //input[@type='SUBMIT']] Not interactable
[[FirefoxDriver: firefox on LINUX (bd93d6b1-e9c1-4012-a365-f8f5334e7ee5)] -> xpath: //*/input[@type='TEXT']] Not interactable
[[FirefoxDriver: firefox on LINUX (bd93d6b1-e9c1-4012-a365-f8f5334e7ee5)] -> xpath: //*/input[@type='TEXT']] Not interactable
[[FirefoxDriver: firefox on LINUX (bd93d6b1-e9c1-4012-a365-f8f5334e7ee5)] -> xpath: //*/input[@type='TEXT']] Not interactable
[[FirefoxDriver: firefox on LINUX (bd93d6b1-e9c1-4012-a365-f8f5334e7ee5)] -> xpath: //input[@type='SUBMIT']] Not interactable
[[FirefoxDriver: firefox on LINUX (bd93d6b1-e9c1-4012-a365-f8f5334e7ee5)] -> xpath: //input[@type='SUBMIT']] Not interactable
[[FirefoxDriver: firefox on LINUX (bd93d6b1-e9c1-4012-a365-f8f5334e7ee5)] -> xpath: //input[@type='SUBMIT']] Not interactable
[[FirefoxDriver: firefox on LINUX (bd93d6b1-e9c1-4012-a365-f8f5334e7ee5)] -> xpath: //input[@type='SUBMIT']] Not interactable
[[FirefoxDriver: firefox on LINUX (bd93d6b1-e9c1-4012-a365-f8f5334e7ee5)] -> xpath: //input[@type='SUBMIT']] Not interactable
[[FirefoxDriver: firefox on LINUX (bd93d6b1-e9c1-4012-a365-f8f5334e7ee5)] -> xpath: //input[@type='SUBMIT']] Not interactable
[[FirefoxDriver: firefox on LINUX (bd93d6b1-e9c1-4012-a365-f8f5334e7ee5)] -> xpath: //input[@type='SUBMIT']] Not interactable
[[FirefoxDriver: firefox on LINUX (bd93d6b1-e9c1-4012-a365-f8f5334e7ee5)] -> xpath: //input[@type='SUBMIT']] Not interactable
[[FirefoxDriver: firefox on LINUX (bd93d6b1-e9c1-4012-a365-f8f5334e7ee5)] -> xpath: //*/input[@type='TEXT']] Not interactable
[[FirefoxDriver: firefox on LINUX (bd93d6b1-e9c1-4012-a365-f8f5334e7ee5)] -> xpath: //*/input[@type='TEXT']] Not interactable
[[FirefoxDriver: firefox on LINUX (bd93d6b1-e9c1-4012-a365-f8f5334e7ee5)] -> xpath: //*/input[@type='TEXT']] Not interactable
[[FirefoxDriver: firefox on LINUX (bd93d6b1-e9c1-4012-a365-f8f5334e7ee5)] -> xpath: //input[@type='SUBMIT']] Not interactable
[[FirefoxDriver: firefox on LINUX (bd93d6b1-e9c1-4012-a365-f8f5334e7ee5)] -> xpath: //input[@type='SUBMIT']] Not interactable
[[FirefoxDriver: firefox on LINUX (bd93d6b1-e9c1-4012-a365-f8f5334e7ee5)] -> xpath: //input[@type='SUBMIT']] Not interactable
[[FirefoxDriver: firefox on LINUX (bd93d6b1-e9c1-4012-a365-f8f5334e7ee5)] -> xpath: //input[@type='SUBMIT']] Not interactable
[[FirefoxDriver: firefox on LINUX (bd93d6b1-e9c1-4012-a365-f8f5334e7ee5)] -> xpath: //input[@type='SUBMIT']] Not interactable
[[FirefoxDriver: firefox on LINUX (bd93d6b1-e9c1-4012-a365-f8f5334e7ee5)] -> xpath: //input[@type='SUBMIT']] Not interactable
[[FirefoxDriver: firefox on LINUX (bd93d6b1-e9c1-4012-a365-f8f5334e7ee5)] -> xpath: //input[@type='SUBMIT']] Not interactable
[[FirefoxDriver: firefox on LINUX (bd93d6b1-e9c1-4012-a365-f8f5334e7ee5)] -> xpath: //input[@type='SUBMIT']] Not interactable
[[FirefoxDriver: firefox on LINUX (bd93d6b1-e9c1-4012-a365-f8f5334e7ee5)] -> xpath: //*/input[@type='TEXT']] Not interactable
[[FirefoxDriver: firefox on LINUX (bd93d6b1-e9c1-4012-a365-f8f5334e7ee5)] -> xpath: //*/input[@type='TEXT']] Not interactable
[[FirefoxDriver: firefox on LINUX (bd93d6b1-e9c1-4012-a365-f8f5334e7ee5)] -> xpath: //*/input[@type='TEXT']] Not interactable
[[FirefoxDriver: firefox on LINUX (bd93d6b1-e9c1-4012-a365-f8f5334e7ee5)] -> xpath: //input[@type='SUBMIT']] Not interactable
[[FirefoxDriver: firefox on LINUX (bd93d6b1-e9c1-4012-a365-f8f5334e7ee5)] -> xpath: //input[@type='SUBMIT']] Not interactable
[[FirefoxDriver: firefox on LINUX (bd93d6b1-e9c1-4012-a365-f8f5334e7ee5)] -> xpath: //input[@type='SUBMIT']] Not interactable
[[FirefoxDriver: firefox on LINUX (bd93d6b1-e9c1-4012-a365-f8f5334e7ee5)] -> xpath: //input[@type='SUBMIT']] Not interactable
[[FirefoxDriver: firefox on LINUX (bd93d6b1-e9c1-4012-a365-f8f5334e7ee5)] -> xpath: //input[@type='SUBMIT']] Not interactable
[[FirefoxDriver: firefox on LINUX (bd93d6b1-e9c1-4012-a365-f8f5334e7ee5)] -> xpath: //input[@type='SUBMIT']] Not interactable
[[FirefoxDriver: firefox on LINUX (bd93d6b1-e9c1-4012-a365-f8f5334e7ee5)] -> xpath: //input[@type='SUBMIT']] Not interactable
[[FirefoxDriver: firefox on LINUX (bd93d6b1-e9c1-4012-a365-f8f5334e7ee5)] -> xpath: //input[@type='SUBMIT']] Not interactable
[[FirefoxDriver: firefox on LINUX (bd93d6b1-e9c1-4012-a365-f8f5334e7ee5)] -> xpath: //*/input[@type='TEXT']] Not interactable
[[FirefoxDriver: firefox on LINUX (bd93d6b1-e9c1-4012-a365-f8f5334e7ee5)] -> xpath: //*/input[@type='TEXT']] Not interactable
[[FirefoxDriver: firefox on LINUX (bd93d6b1-e9c1-4012-a365-f8f5334e7ee5)] -> xpath: //*/input[@type='TEXT']] Not interactable
[[FirefoxDriver: firefox on LINUX (bd93d6b1-e9c1-4012-a365-f8f5334e7ee5)] -> xpath: //input[@type='SUBMIT']] Not interactable
[[FirefoxDriver: firefox on LINUX (bd93d6b1-e9c1-4012-a365-f8f5334e7ee5)] -> xpath: //input[@type='SUBMIT']] Not interactable
[[FirefoxDriver: firefox on LINUX (bd93d6b1-e9c1-4012-a365-f8f5334e7ee5)] -> xpath: //input[@type='SUBMIT']] Not interactable
[[FirefoxDriver: firefox on LINUX (bd93d6b1-e9c1-4012-a365-f8f5334e7ee5)] -> xpath: //input[@type='SUBMIT']] Not interactable
[[FirefoxDriver: firefox on LINUX (bd93d6b1-e9c1-4012-a365-f8f5334e7ee5)] -> xpath: //input[@type='SUBMIT']] Not interactable
[[FirefoxDriver: firefox on LINUX (bd93d6b1-e9c1-4012-a365-f8f5334e7ee5)] -> xpath: //input[@type='SUBMIT']] Not interactable
[[FirefoxDriver: firefox on LINUX (bd93d6b1-e9c1-4012-a365-f8f5334e7ee5)] -> xpath: //input[@type='SUBMIT']] Not interactable
[[FirefoxDriver: firefox on LINUX (bd93d6b1-e9c1-4012-a365-f8f5334e7ee5)] -> xpath: //input[@type='SUBMIT']] Not interactable
[[FirefoxDriver: firefox on LINUX (bd93d6b1-e9c1-4012-a365-f8f5334e7ee5)] -> xpath: //*/input[@type='TEXT']] Not interactable
[[FirefoxDriver: firefox on LINUX (bd93d6b1-e9c1-4012-a365-f8f5334e7ee5)] -> xpath: //*/input[@type='TEXT']] Not interactable
[[FirefoxDriver: firefox on LINUX (bd93d6b1-e9c1-4012-a365-f8f5334e7ee5)] -> xpath: //*/input[@type='TEXT']] Not interactable
[[FirefoxDriver: firefox on LINUX (bd93d6b1-e9c1-4012-a365-f8f5334e7ee5)] -> xpath: //input[@type='SUBMIT']] Not interactable
[[FirefoxDriver: firefox on LINUX (bd93d6b1-e9c1-4012-a365-f8f5334e7ee5)] -> xpath: //input[@type='SUBMIT']] Not interactable
[[FirefoxDriver: firefox on LINUX (bd93d6b1-e9c1-4012-a365-f8f5334e7ee5)] -> xpath: //input[@type='SUBMIT']] Not interactable
[[FirefoxDriver: firefox on LINUX (bd93d6b1-e9c1-4012-a365-f8f5334e7ee5)] -> xpath: //input[@type='SUBMIT']] Not interactable
[[FirefoxDriver: firefox on LINUX (bd93d6b1-e9c1-4012-a365-f8f5334e7ee5)] -> xpath: //input[@type='SUBMIT']] Not interactable
[[FirefoxDriver: firefox on LINUX (bd93d6b1-e9c1-4012-a365-f8f5334e7ee5)] -> xpath: //input[@type='SUBMIT']] Not interactable
[[FirefoxDriver: firefox on LINUX (bd93d6b1-e9c1-4012-a365-f8f5334e7ee5)] -> xpath: //input[@type='SUBMIT']] Not interactable
[[FirefoxDriver: firefox on LINUX (bd93d6b1-e9c1-4012-a365-f8f5334e7ee5)] -> xpath: //input[@type='SUBMIT']] Not interactable
[[FirefoxDriver: firefox on LINUX (bd93d6b1-e9c1-4012-a365-f8f5334e7ee5)] -> xpath: //*/input[@type='TEXT']] Not interactable
[[FirefoxDriver: firefox on LINUX (bd93d6b1-e9c1-4012-a365-f8f5334e7ee5)] -> xpath: //*/input[@type='TEXT']] Not interactable
[[FirefoxDriver: firefox on LINUX (bd93d6b1-e9c1-4012-a365-f8f5334e7ee5)] -> xpath: //*/input[@type='TEXT']] Not interactable
[[FirefoxDriver: firefox on LINUX (bd93d6b1-e9c1-4012-a365-f8f5334e7ee5)] -> xpath: //input[@type='SUBMIT']] Not interactable
[[FirefoxDriver: firefox on LINUX (bd93d6b1-e9c1-4012-a365-f8f5334e7ee5)] -> xpath: //input[@type='SUBMIT']] Not interactable
[[FirefoxDriver: firefox on LINUX (bd93d6b1-e9c1-4012-a365-f8f5334e7ee5)] -> xpath: //input[@type='SUBMIT']] Not interactable
[[FirefoxDriver: firefox on LINUX (bd93d6b1-e9c1-4012-a365-f8f5334e7ee5)] -> xpath: //input[@type='SUBMIT']] Not interactable
[[FirefoxDriver: firefox on LINUX (bd93d6b1-e9c1-4012-a365-f8f5334e7ee5)] -> xpath: //input[@type='SUBMIT']] Not interactable
[[FirefoxDriver: firefox on LINUX (bd93d6b1-e9c1-4012-a365-f8f5334e7ee5)] -> xpath: //input[@type='SUBMIT']] Not interactable
[[FirefoxDriver: firefox on LINUX (bd93d6b1-e9c1-4012-a365-f8f5334e7ee5)] -> xpath: //input[@type='SUBMIT']] Not interactable
[[FirefoxDriver: firefox on LINUX (bd93d6b1-e9c1-4012-a365-f8f5334e7ee5)] -> xpath: //input[@type='SUBMIT']] Not interactable
[[FirefoxDriver: firefox on LINUX (bd93d6b1-e9c1-4012-a365-f8f5334e7ee5)] -> xpath: //*/input[@type='TEXT']] Not interactable
[[FirefoxDriver: firefox on LINUX (bd93d6b1-e9c1-4012-a365-f8f5334e7ee5)] -> xpath: //*/input[@type='TEXT']] Not interactable
[[FirefoxDriver: firefox on LINUX (bd93d6b1-e9c1-4012-a365-f8f5334e7ee5)] -> xpath: //*/input[@type='TEXT']] Not interactable
[[FirefoxDriver: firefox on LINUX (bd93d6b1-e9c1-4012-a365-f8f5334e7ee5)] -> xpath: //input[@type='SUBMIT']] Not interactable
[[FirefoxDriver: firefox on LINUX (bd93d6b1-e9c1-4012-a365-f8f5334e7ee5)] -> xpath: //input[@type='SUBMIT']] Not interactable
[[FirefoxDriver: firefox on LINUX (bd93d6b1-e9c1-4012-a365-f8f5334e7ee5)] -> xpath: //input[@type='SUBMIT']] Not interactable
[[FirefoxDriver: firefox on LINUX (bd93d6b1-e9c1-4012-a365-f8f5334e7ee5)] -> xpath: //input[@type='SUBMIT']] Not interactable
[[FirefoxDriver: firefox on LINUX (bd93d6b1-e9c1-4012-a365-f8f5334e7ee5)] -> xpath: //input[@type='SUBMIT']] Not interactable
[[FirefoxDriver: firefox on LINUX (bd93d6b1-e9c1-4012-a365-f8f5334e7ee5)] -> xpath: //input[@type='SUBMIT']] Not interactable
[[FirefoxDriver: firefox on LINUX (bd93d6b1-e9c1-4012-a365-f8f5334e7ee5)] -> xpath: //input[@type='SUBMIT']] Not interactable
[[FirefoxDriver: firefox on LINUX (bd93d6b1-e9c1-4012-a365-f8f5334e7ee5)] -> xpath: //input[@type='SUBMIT']] Not interactable
[[FirefoxDriver: firefox on LINUX (bd93d6b1-e9c1-4012-a365-f8f5334e7ee5)] -> xpath: //*/input[@type='TEXT']] Not interactable
[[FirefoxDriver: firefox on LINUX (bd93d6b1-e9c1-4012-a365-f8f5334e7ee5)] -> xpath: //*/input[@type='TEXT']] Not interactable
[[FirefoxDriver: firefox on LINUX (bd93d6b1-e9c1-4012-a365-f8f5334e7ee5)] -> xpath: //*/input[@type='TEXT']] Not interactable
[[FirefoxDriver: firefox on LINUX (bd93d6b1-e9c1-4012-a365-f8f5334e7ee5)] -> xpath: //input[@type='SUBMIT']] Not interactable
[[FirefoxDriver: firefox on LINUX (bd93d6b1-e9c1-4012-a365-f8f5334e7ee5)] -> xpath: //input[@type='SUBMIT']] Not interactable
[[FirefoxDriver: firefox on LINUX (bd93d6b1-e9c1-4012-a365-f8f5334e7ee5)] -> xpath: //input[@type='SUBMIT']] Not interactable
[[FirefoxDriver: firefox on LINUX (bd93d6b1-e9c1-4012-a365-f8f5334e7ee5)] -> xpath: //input[@type='SUBMIT']] Not interactable
[[FirefoxDriver: firefox on LINUX (bd93d6b1-e9c1-4012-a365-f8f5334e7ee5)] -> xpath: //input[@type='SUBMIT']] Not interactable
[[FirefoxDriver: firefox on LINUX (bd93d6b1-e9c1-4012-a365-f8f5334e7ee5)] -> xpath: //input[@type='SUBMIT']] Not interactable
[[FirefoxDriver: firefox on LINUX (bd93d6b1-e9c1-4012-a365-f8f5334e7ee5)] -> xpath: //input[@type='SUBMIT']] Not interactable
[[FirefoxDriver: firefox on LINUX (bd93d6b1-e9c1-4012-a365-f8f5334e7ee5)] -> xpath: //input[@type='SUBMIT']] Not interactable
[[FirefoxDriver: firefox on LINUX (bd93d6b1-e9c1-4012-a365-f8f5334e7ee5)] -> xpath: //*/input[@type='TEXT']] Not interactable
[[FirefoxDriver: firefox on LINUX (bd93d6b1-e9c1-4012-a365-f8f5334e7ee5)] -> xpath: //*/input[@type='TEXT']] Not interactable
[[FirefoxDriver: firefox on LINUX (bd93d6b1-e9c1-4012-a365-f8f5334e7ee5)] -> xpath: //*/input[@type='TEXT']] Not interactable
[[FirefoxDriver: firefox on LINUX (bd93d6b1-e9c1-4012-a365-f8f5334e7ee5)] -> xpath: //input[@type='SUBMIT']] Not interactable
[[FirefoxDriver: firefox on LINUX (bd93d6b1-e9c1-4012-a365-f8f5334e7ee5)] -> xpath: //input[@type='SUBMIT']] Not interactable
[[FirefoxDriver: firefox on LINUX (bd93d6b1-e9c1-4012-a365-f8f5334e7ee5)] -> xpath: //input[@type='SUBMIT']] Not interactable
[[FirefoxDriver: firefox on LINUX (bd93d6b1-e9c1-4012-a365-f8f5334e7ee5)] -> xpath: //input[@type='SUBMIT']] Not interactable
[[FirefoxDriver: firefox on LINUX (bd93d6b1-e9c1-4012-a365-f8f5334e7ee5)] -> xpath: //input[@type='SUBMIT']] Not interactable
[[FirefoxDriver: firefox on LINUX (bd93d6b1-e9c1-4012-a365-f8f5334e7ee5)] -> xpath: //input[@type='SUBMIT']] Not interactable
[[FirefoxDriver: firefox on LINUX (bd93d6b1-e9c1-4012-a365-f8f5334e7ee5)] -> xpath: //input[@type='SUBMIT']] Not interactable
[[FirefoxDriver: firefox on LINUX (bd93d6b1-e9c1-4012-a365-f8f5334e7ee5)] -> xpath: //input[@type='SUBMIT']] Not interactable
[[FirefoxDriver: firefox on LINUX (bd93d6b1-e9c1-4012-a365-f8f5334e7ee5)] -> xpath: //*/input[@type='TEXT']] Not interactable
[[FirefoxDriver: firefox on LINUX (bd93d6b1-e9c1-4012-a365-f8f5334e7ee5)] -> xpath: //*/input[@type='TEXT']] Not interactable
[[FirefoxDriver: firefox on LINUX (bd93d6b1-e9c1-4012-a365-f8f5334e7ee5)] -> xpath: //*/input[@type='TEXT']] Not interactable
[[FirefoxDriver: firefox on LINUX (bd93d6b1-e9c1-4012-a365-f8f5334e7ee5)] -> xpath: //input[@type='SUBMIT']] Not interactable
[[FirefoxDriver: firefox on LINUX (bd93d6b1-e9c1-4012-a365-f8f5334e7ee5)] -> xpath: //input[@type='SUBMIT']] Not interactable
[[FirefoxDriver: firefox on LINUX (bd93d6b1-e9c1-4012-a365-f8f5334e7ee5)] -> xpath: //input[@type='SUBMIT']] Not interactable
[[FirefoxDriver: firefox on LINUX (bd93d6b1-e9c1-4012-a365-f8f5334e7ee5)] -> xpath: //input[@type='SUBMIT']] Not interactable
[[FirefoxDriver: firefox on LINUX (bd93d6b1-e9c1-4012-a365-f8f5334e7ee5)] -> xpath: //input[@type='SUBMIT']] Not interactable
[[FirefoxDriver: firefox on LINUX (bd93d6b1-e9c1-4012-a365-f8f5334e7ee5)] -> xpath: //input[@type='SUBMIT']] Not interactable
[[FirefoxDriver: firefox on LINUX (bd93d6b1-e9c1-4012-a365-f8f5334e7ee5)] -> xpath: //input[@type='SUBMIT']] Not interactable
[[FirefoxDriver: firefox on LINUX (bd93d6b1-e9c1-4012-a365-f8f5334e7ee5)] -> xpath: //input[@type='SUBMIT']] Not interactable
[[FirefoxDriver: firefox on LINUX (bd93d6b1-e9c1-4012-a365-f8f5334e7ee5)] -> xpath: //*/input[@type='TEXT']] Not interactable
[[FirefoxDriver: firefox on LINUX (bd93d6b1-e9c1-4012-a365-f8f5334e7ee5)] -> xpath: //*/input[@type='TEXT']] Not interactable
[[FirefoxDriver: firefox on LINUX (bd93d6b1-e9c1-4012-a365-f8f5334e7ee5)] -> xpath: //*/input[@type='TEXT']] Not interactable
[[FirefoxDriver: firefox on LINUX (bd93d6b1-e9c1-4012-a365-f8f5334e7ee5)] -> xpath: //input[@type='SUBMIT']] Not interactable
[[FirefoxDriver: firefox on LINUX (bd93d6b1-e9c1-4012-a365-f8f5334e7ee5)] -> xpath: //input[@type='SUBMIT']] Not interactable
[[FirefoxDriver: firefox on LINUX (bd93d6b1-e9c1-4012-a365-f8f5334e7ee5)] -> xpath: //input[@type='SUBMIT']] Not interactable
[[FirefoxDriver: firefox on LINUX (bd93d6b1-e9c1-4012-a365-f8f5334e7ee5)] -> xpath: //input[@type='SUBMIT']] Not interactable
[[FirefoxDriver: firefox on LINUX (bd93d6b1-e9c1-4012-a365-f8f5334e7ee5)] -> xpath: //input[@type='SUBMIT']] Not interactable
[[FirefoxDriver: firefox on LINUX (bd93d6b1-e9c1-4012-a365-f8f5334e7ee5)] -> xpath: //input[@type='SUBMIT']] Not interactable
[[FirefoxDriver: firefox on LINUX (bd93d6b1-e9c1-4012-a365-f8f5334e7ee5)] -> xpath: //input[@type='SUBMIT']] Not interactable
[[FirefoxDriver: firefox on LINUX (bd93d6b1-e9c1-4012-a365-f8f5334e7ee5)] -> xpath: //input[@type='SUBMIT']] Not interactable
[[FirefoxDriver: firefox on LINUX (bd93d6b1-e9c1-4012-a365-f8f5334e7ee5)] -> xpath: //*/input[@type='TEXT']] Not interactable
[[FirefoxDriver: firefox on LINUX (bd93d6b1-e9c1-4012-a365-f8f5334e7ee5)] -> xpath: //*/input[@type='TEXT']] Not interactable
[[FirefoxDriver: firefox on LINUX (bd93d6b1-e9c1-4012-a365-f8f5334e7ee5)] -> xpath: //*/input[@type='TEXT']] Not interactable
[[FirefoxDriver: firefox on LINUX (bd93d6b1-e9c1-4012-a365-f8f5334e7ee5)] -> xpath: //input[@type='SUBMIT']] Not interactable
[[FirefoxDriver: firefox on LINUX (bd93d6b1-e9c1-4012-a365-f8f5334e7ee5)] -> xpath: //input[@type='SUBMIT']] Not interactable
[[FirefoxDriver: firefox on LINUX (bd93d6b1-e9c1-4012-a365-f8f5334e7ee5)] -> xpath: //input[@type='SUBMIT']] Not interactable
[[FirefoxDriver: firefox on LINUX (bd93d6b1-e9c1-4012-a365-f8f5334e7ee5)] -> xpath: //input[@type='SUBMIT']] Not interactable
[[FirefoxDriver: firefox on LINUX (bd93d6b1-e9c1-4012-a365-f8f5334e7ee5)] -> xpath: //input[@type='SUBMIT']] Not interactable
]]></system-out>
    <system-err><![CDATA[1587503649536	mozrunner::runner	INFO	Running command: "/usr/bin/firefox" "-marionette" "-foreground" "-no-remote" "-profile" "/tmp/rust_mozprofilelDz8mv"
1587503650070	addons.webextension.screenshots@mozilla.org	WARN	Loading extension 'screenshots@mozilla.org': Reading manifest: Invalid extension permission: mozillaAddons
1587503650070	addons.webextension.screenshots@mozilla.org	WARN	Loading extension 'screenshots@mozilla.org': Reading manifest: Invalid extension permission: telemetry
1587503650071	addons.webextension.screenshots@mozilla.org	WARN	Loading extension 'screenshots@mozilla.org': Reading manifest: Invalid extension permission: resource://pdf.js/
1587503650071	addons.webextension.screenshots@mozilla.org	WARN	Loading extension 'screenshots@mozilla.org': Reading manifest: Invalid extension permission: about:reader*
JavaScript error: undefined, line 14: Error: An unexpected error occurred
JavaScript error: moz-extension://1379cf31-f112-40b7-bc7f-80c6ebad2df8/lib/picture_in_picture_overrides.js, line 15: Error: Incorrect argument types for pictureInPictureParent.setOverrides.
JavaScript error: resource:///modules/sessionstore/SessionStore.jsm, line 1325: uncaught exception: 2147746065
1587503652282	Marionette	INFO	Listening on port 35865
1587503652367	Marionette	WARN	TLS certificate errors will be ignored for this session
Apr 21, 2020 5:14:12 PM org.openqa.selenium.remote.ProtocolHandshake createSession
INFO: Detected dialect: W3C
Apr 21, 2020 5:14:15 PM org.openqa.selenium.remote.ErrorCodes toStatus
INFO: HTTP Status: '404' -> incorrect JSON status mapping for 'no such alert' (400 expected)
Apr 21, 2020 5:14:17 PM org.openqa.selenium.remote.ErrorCodes toStatus
INFO: HTTP Status: '404' -> incorrect JSON status mapping for 'no such alert' (400 expected)
Apr 21, 2020 5:14:18 PM org.openqa.selenium.remote.ErrorCodes toStatus
INFO: HTTP Status: '404' -> incorrect JSON status mapping for 'no such alert' (400 expected)
Apr 21, 2020 5:14:18 PM org.openqa.selenium.remote.ErrorCodes toStatus
INFO: HTTP Status: '404' -> incorrect JSON status mapping for 'no such alert' (400 expected)
Apr 21, 2020 5:14:19 PM org.openqa.selenium.remote.ErrorCodes toStatus
INFO: HTTP Status: '404' -> incorrect JSON status mapping for 'no such alert' (400 expected)
Apr 21, 2020 5:14:19 PM org.openqa.selenium.remote.ErrorCodes toStatus
INFO: HTTP Status: '404' -> incorrect JSON status mapping for 'no such alert' (400 expected)
Apr 21, 2020 5:14:20 PM org.openqa.selenium.remote.ErrorCodes toStatus
INFO: HTTP Status: '404' -> incorrect JSON status mapping for 'no such alert' (400 expected)
Apr 21, 2020 5:14:20 PM org.openqa.selenium.remote.ErrorCodes toStatus
INFO: HTTP Status: '404' -> incorrect JSON status mapping for 'no such alert' (400 expected)
Apr 21, 2020 5:14:21 PM org.openqa.selenium.remote.ErrorCodes toStatus
INFO: HTTP Status: '404' -> incorrect JSON status mapping for 'no such alert' (400 expected)
Apr 21, 2020 5:14:21 PM org.openqa.selenium.remote.ErrorCodes toStatus
INFO: HTTP Status: '404' -> incorrect JSON status mapping for 'no such alert' (400 expected)
Apr 21, 2020 5:14:22 PM org.openqa.selenium.remote.ErrorCodes toStatus
INFO: HTTP Status: '404' -> incorrect JSON status mapping for 'no such alert' (400 expected)
Apr 21, 2020 5:14:22 PM org.openqa.selenium.remote.ErrorCodes toStatus
INFO: HTTP Status: '404' -> incorrect JSON status mapping for 'no such alert' (400 expected)
Apr 21, 2020 5:14:23 PM org.openqa.selenium.remote.ErrorCodes toStatus
INFO: HTTP Status: '404' -> incorrect JSON status mapping for 'no such alert' (400 expected)
Apr 21, 2020 5:14:23 PM org.openqa.selenium.remote.ErrorCodes toStatus
INFO: HTTP Status: '404' -> incorrect JSON status mapping for 'no such alert' (400 expected)
Apr 21, 2020 5:14:24 PM org.openqa.selenium.remote.ErrorCodes toStatus
INFO: HTTP Status: '404' -> incorrect JSON status mapping for 'no such alert' (400 expected)
Apr 21, 2020 5:14:24 PM org.openqa.selenium.remote.ErrorCodes toStatus
INFO: HTTP Status: '404' -> incorrect JSON status mapping for 'no such alert' (400 expected)
Apr 21, 2020 5:14:25 PM org.openqa.selenium.remote.ErrorCodes toStatus
INFO: HTTP Status: '404' -> incorrect JSON status mapping for 'no such alert' (400 expected)
Apr 21, 2020 5:14:25 PM org.openqa.selenium.remote.ErrorCodes toStatus
INFO: HTTP Status: '404' -> incorrect JSON status mapping for 'no such alert' (400 expected)
Apr 21, 2020 5:14:25 PM org.openqa.selenium.remote.ErrorCodes toStatus
INFO: HTTP Status: '404' -> incorrect JSON status mapping for 'no such alert' (400 expected)
Apr 21, 2020 5:14:26 PM org.openqa.selenium.remote.ErrorCodes toStatus
INFO: HTTP Status: '404' -> incorrect JSON status mapping for 'no such alert' (400 expected)
Apr 21, 2020 5:14:26 PM org.openqa.selenium.remote.ErrorCodes toStatus
INFO: HTTP Status: '404' -> incorrect JSON status mapping for 'no such alert' (400 expected)
Apr 21, 2020 5:14:26 PM org.openqa.selenium.remote.ErrorCodes toStatus
INFO: HTTP Status: '404' -> incorrect JSON status mapping for 'no such alert' (400 expected)
Apr 21, 2020 5:14:27 PM org.openqa.selenium.remote.ErrorCodes toStatus
INFO: HTTP Status: '404' -> incorrect JSON status mapping for 'no such alert' (400 expected)
Apr 21, 2020 5:14:27 PM org.openqa.selenium.remote.ErrorCodes toStatus
INFO: HTTP Status: '404' -> incorrect JSON status mapping for 'no such alert' (400 expected)
Apr 21, 2020 5:14:28 PM org.openqa.selenium.remote.ErrorCodes toStatus
INFO: HTTP Status: '404' -> incorrect JSON status mapping for 'no such alert' (400 expected)
Apr 21, 2020 5:14:28 PM org.openqa.selenium.remote.ErrorCodes toStatus
INFO: HTTP Status: '404' -> incorrect JSON status mapping for 'no such alert' (400 expected)
Apr 21, 2020 5:14:29 PM org.openqa.selenium.remote.ErrorCodes toStatus
INFO: HTTP Status: '404' -> incorrect JSON status mapping for 'no such alert' (400 expected)
Apr 21, 2020 5:14:29 PM org.openqa.selenium.remote.ErrorCodes toStatus
INFO: HTTP Status: '404' -> incorrect JSON status mapping for 'no such alert' (400 expected)
Apr 21, 2020 5:14:29 PM org.openqa.selenium.remote.ErrorCodes toStatus
INFO: HTTP Status: '404' -> incorrect JSON status mapping for 'no such alert' (400 expected)
Apr 21, 2020 5:14:30 PM org.openqa.selenium.remote.ErrorCodes toStatus
INFO: HTTP Status: '404' -> incorrect JSON status mapping for 'no such alert' (400 expected)
Apr 21, 2020 5:14:30 PM org.openqa.selenium.remote.ErrorCodes toStatus
INFO: HTTP Status: '404' -> incorrect JSON status mapping for 'no such alert' (400 expected)
Apr 21, 2020 5:14:30 PM org.openqa.selenium.remote.ErrorCodes toStatus
INFO: HTTP Status: '404' -> incorrect JSON status mapping for 'no such alert' (400 expected)
Apr 21, 2020 5:14:31 PM org.openqa.selenium.remote.ErrorCodes toStatus
INFO: HTTP Status: '404' -> incorrect JSON status mapping for 'no such alert' (400 expected)
Apr 21, 2020 5:14:31 PM org.openqa.selenium.remote.ErrorCodes toStatus
INFO: HTTP Status: '404' -> incorrect JSON status mapping for 'no such alert' (400 expected)
Apr 21, 2020 5:14:32 PM org.openqa.selenium.remote.ErrorCodes toStatus
INFO: HTTP Status: '404' -> incorrect JSON status mapping for 'no such alert' (400 expected)
Apr 21, 2020 5:14:32 PM org.openqa.selenium.remote.ErrorCodes toStatus
INFO: HTTP Status: '404' -> incorrect JSON status mapping for 'no such alert' (400 expected)
Apr 21, 2020 5:14:33 PM org.openqa.selenium.remote.ErrorCodes toStatus
INFO: HTTP Status: '404' -> incorrect JSON status mapping for 'no such alert' (400 expected)
Apr 21, 2020 5:14:33 PM org.openqa.selenium.remote.ErrorCodes toStatus
INFO: HTTP Status: '404' -> incorrect JSON status mapping for 'no such alert' (400 expected)
Apr 21, 2020 5:14:33 PM org.openqa.selenium.remote.ErrorCodes toStatus
INFO: HTTP Status: '404' -> incorrect JSON status mapping for 'no such alert' (400 expected)
Apr 21, 2020 5:14:34 PM org.openqa.selenium.remote.ErrorCodes toStatus
INFO: HTTP Status: '404' -> incorrect JSON status mapping for 'no such alert' (400 expected)
Apr 21, 2020 5:14:34 PM org.openqa.selenium.remote.ErrorCodes toStatus
INFO: HTTP Status: '404' -> incorrect JSON status mapping for 'no such alert' (400 expected)
Apr 21, 2020 5:14:34 PM org.openqa.selenium.remote.ErrorCodes toStatus
INFO: HTTP Status: '404' -> incorrect JSON status mapping for 'no such alert' (400 expected)
Apr 21, 2020 5:14:35 PM org.openqa.selenium.remote.ErrorCodes toStatus
INFO: HTTP Status: '404' -> incorrect JSON status mapping for 'no such alert' (400 expected)
Apr 21, 2020 5:14:35 PM org.openqa.selenium.remote.ErrorCodes toStatus
INFO: HTTP Status: '404' -> incorrect JSON status mapping for 'no such alert' (400 expected)
Apr 21, 2020 5:14:36 PM org.openqa.selenium.remote.ErrorCodes toStatus
INFO: HTTP Status: '404' -> incorrect JSON status mapping for 'no such alert' (400 expected)
Apr 21, 2020 5:14:36 PM org.openqa.selenium.remote.ErrorCodes toStatus
INFO: HTTP Status: '404' -> incorrect JSON status mapping for 'no such alert' (400 expected)
Apr 21, 2020 5:14:36 PM org.openqa.selenium.remote.ErrorCodes toStatus
INFO: HTTP Status: '404' -> incorrect JSON status mapping for 'no such alert' (400 expected)
Apr 21, 2020 5:14:37 PM org.openqa.selenium.remote.ErrorCodes toStatus
INFO: HTTP Status: '404' -> incorrect JSON status mapping for 'no such alert' (400 expected)
Apr 21, 2020 5:14:37 PM org.openqa.selenium.remote.ErrorCodes toStatus
INFO: HTTP Status: '404' -> incorrect JSON status mapping for 'no such alert' (400 expected)
Apr 21, 2020 5:14:37 PM org.openqa.selenium.remote.ErrorCodes toStatus
INFO: HTTP Status: '404' -> incorrect JSON status mapping for 'no such alert' (400 expected)
Apr 21, 2020 5:14:39 PM org.openqa.selenium.remote.ErrorCodes toStatus
INFO: HTTP Status: '404' -> incorrect JSON status mapping for 'no such alert' (400 expected)
Apr 21, 2020 5:14:39 PM org.openqa.selenium.remote.ErrorCodes toStatus
INFO: HTTP Status: '404' -> incorrect JSON status mapping for 'no such alert' (400 expected)
Apr 21, 2020 5:14:39 PM org.openqa.selenium.remote.ErrorCodes toStatus
INFO: HTTP Status: '404' -> incorrect JSON status mapping for 'no such alert' (400 expected)
Apr 21, 2020 5:14:40 PM org.openqa.selenium.remote.ErrorCodes toStatus
INFO: HTTP Status: '404' -> incorrect JSON status mapping for 'no such alert' (400 expected)
Apr 21, 2020 5:14:40 PM org.openqa.selenium.remote.ErrorCodes toStatus
INFO: HTTP Status: '404' -> incorrect JSON status mapping for 'no such alert' (400 expected)
Apr 21, 2020 5:14:40 PM org.openqa.selenium.remote.ErrorCodes toStatus
INFO: HTTP Status: '404' -> incorrect JSON status mapping for 'no such alert' (400 expected)
Apr 21, 2020 5:14:41 PM org.openqa.selenium.remote.ErrorCodes toStatus
INFO: HTTP Status: '404' -> incorrect JSON status mapping for 'no such alert' (400 expected)
Apr 21, 2020 5:14:41 PM org.openqa.selenium.remote.ErrorCodes toStatus
INFO: HTTP Status: '404' -> incorrect JSON status mapping for 'no such alert' (400 expected)
Apr 21, 2020 5:14:42 PM org.openqa.selenium.remote.ErrorCodes toStatus
INFO: HTTP Status: '404' -> incorrect JSON status mapping for 'no such alert' (400 expected)
Apr 21, 2020 5:14:42 PM org.openqa.selenium.remote.ErrorCodes toStatus
INFO: HTTP Status: '404' -> incorrect JSON status mapping for 'no such alert' (400 expected)
Apr 21, 2020 5:14:42 PM org.openqa.selenium.remote.ErrorCodes toStatus
INFO: HTTP Status: '404' -> incorrect JSON status mapping for 'no such alert' (400 expected)
Apr 21, 2020 5:14:43 PM org.openqa.selenium.remote.ErrorCodes toStatus
INFO: HTTP Status: '404' -> incorrect JSON status mapping for 'no such alert' (400 expected)
Apr 21, 2020 5:14:43 PM org.openqa.selenium.remote.ErrorCodes toStatus
INFO: HTTP Status: '404' -> incorrect JSON status mapping for 'no such alert' (400 expected)
Apr 21, 2020 5:14:43 PM org.openqa.selenium.remote.ErrorCodes toStatus
INFO: HTTP Status: '404' -> incorrect JSON status mapping for 'no such alert' (400 expected)
Apr 21, 2020 5:14:44 PM org.openqa.selenium.remote.ErrorCodes toStatus
INFO: HTTP Status: '404' -> incorrect JSON status mapping for 'no such alert' (400 expected)
Apr 21, 2020 5:14:44 PM org.openqa.selenium.remote.ErrorCodes toStatus
INFO: HTTP Status: '404' -> incorrect JSON status mapping for 'no such alert' (400 expected)
Apr 21, 2020 5:14:44 PM org.openqa.selenium.remote.ErrorCodes toStatus
INFO: HTTP Status: '404' -> incorrect JSON status mapping for 'no such alert' (400 expected)
Apr 21, 2020 5:14:45 PM org.openqa.selenium.remote.ErrorCodes toStatus
INFO: HTTP Status: '404' -> incorrect JSON status mapping for 'no such alert' (400 expected)
Apr 21, 2020 5:14:45 PM org.openqa.selenium.remote.ErrorCodes toStatus
INFO: HTTP Status: '404' -> incorrect JSON status mapping for 'no such alert' (400 expected)
Apr 21, 2020 5:14:45 PM org.openqa.selenium.remote.ErrorCodes toStatus
INFO: HTTP Status: '404' -> incorrect JSON status mapping for 'no such alert' (400 expected)
Apr 21, 2020 5:14:46 PM org.openqa.selenium.remote.ErrorCodes toStatus
INFO: HTTP Status: '404' -> incorrect JSON status mapping for 'no such alert' (400 expected)
Apr 21, 2020 5:14:46 PM org.openqa.selenium.remote.ErrorCodes toStatus
INFO: HTTP Status: '404' -> incorrect JSON status mapping for 'no such alert' (400 expected)
Apr 21, 2020 5:14:47 PM org.openqa.selenium.remote.ErrorCodes toStatus
INFO: HTTP Status: '404' -> incorrect JSON status mapping for 'no such alert' (400 expected)
Apr 21, 2020 5:14:47 PM org.openqa.selenium.remote.ErrorCodes toStatus
INFO: HTTP Status: '404' -> incorrect JSON status mapping for 'no such alert' (400 expected)
Apr 21, 2020 5:14:47 PM org.openqa.selenium.remote.ErrorCodes toStatus
INFO: HTTP Status: '404' -> incorrect JSON status mapping for 'no such alert' (400 expected)
Apr 21, 2020 5:14:48 PM org.openqa.selenium.remote.ErrorCodes toStatus
INFO: HTTP Status: '404' -> incorrect JSON status mapping for 'no such alert' (400 expected)
Apr 21, 2020 5:14:48 PM org.openqa.selenium.remote.ErrorCodes toStatus
INFO: HTTP Status: '404' -> incorrect JSON status mapping for 'no such alert' (400 expected)
Apr 21, 2020 5:14:48 PM org.openqa.selenium.remote.ErrorCodes toStatus
INFO: HTTP Status: '404' -> incorrect JSON status mapping for 'no such alert' (400 expected)
Apr 21, 2020 5:14:49 PM org.openqa.selenium.remote.ErrorCodes toStatus
INFO: HTTP Status: '404' -> incorrect JSON status mapping for 'no such alert' (400 expected)
Apr 21, 2020 5:14:49 PM org.openqa.selenium.remote.ErrorCodes toStatus
INFO: HTTP Status: '404' -> incorrect JSON status mapping for 'no such alert' (400 expected)
Apr 21, 2020 5:14:49 PM org.openqa.selenium.remote.ErrorCodes toStatus
INFO: HTTP Status: '404' -> incorrect JSON status mapping for 'no such alert' (400 expected)
Apr 21, 2020 5:14:50 PM org.openqa.selenium.remote.ErrorCodes toStatus
INFO: HTTP Status: '404' -> incorrect JSON status mapping for 'no such alert' (400 expected)
Apr 21, 2020 5:14:50 PM org.openqa.selenium.remote.ErrorCodes toStatus
INFO: HTTP Status: '404' -> incorrect JSON status mapping for 'no such alert' (400 expected)
Apr 21, 2020 5:14:50 PM org.openqa.selenium.remote.ErrorCodes toStatus
INFO: HTTP Status: '404' -> incorrect JSON status mapping for 'no such alert' (400 expected)
Apr 21, 2020 5:14:51 PM org.openqa.selenium.remote.ErrorCodes toStatus
INFO: HTTP Status: '404' -> incorrect JSON status mapping for 'no such alert' (400 expected)
Apr 21, 2020 5:14:51 PM org.openqa.selenium.remote.ErrorCodes toStatus
INFO: HTTP Status: '404' -> incorrect JSON status mapping for 'no such alert' (400 expected)
Apr 21, 2020 5:14:51 PM org.openqa.selenium.remote.ErrorCodes toStatus
INFO: HTTP Status: '404' -> incorrect JSON status mapping for 'no such alert' (400 expected)
Apr 21, 2020 5:14:52 PM org.openqa.selenium.remote.ErrorCodes toStatus
INFO: HTTP Status: '404' -> incorrect JSON status mapping for 'no such alert' (400 expected)
Apr 21, 2020 5:14:52 PM org.openqa.selenium.remote.ErrorCodes toStatus
INFO: HTTP Status: '404' -> incorrect JSON status mapping for 'no such alert' (400 expected)
Apr 21, 2020 5:14:53 PM org.openqa.selenium.remote.ErrorCodes toStatus
INFO: HTTP Status: '404' -> incorrect JSON status mapping for 'no such alert' (400 expected)
Apr 21, 2020 5:14:53 PM org.openqa.selenium.remote.ErrorCodes toStatus
INFO: HTTP Status: '404' -> incorrect JSON status mapping for 'no such alert' (400 expected)
Apr 21, 2020 5:14:53 PM org.openqa.selenium.remote.ErrorCodes toStatus
INFO: HTTP Status: '404' -> incorrect JSON status mapping for 'no such alert' (400 expected)
Apr 21, 2020 5:14:54 PM org.openqa.selenium.remote.ErrorCodes toStatus
INFO: HTTP Status: '404' -> incorrect JSON status mapping for 'no such alert' (400 expected)
Apr 21, 2020 5:14:54 PM org.openqa.selenium.remote.ErrorCodes toStatus
INFO: HTTP Status: '404' -> incorrect JSON status mapping for 'no such alert' (400 expected)
Apr 21, 2020 5:14:54 PM org.openqa.selenium.remote.ErrorCodes toStatus
INFO: HTTP Status: '404' -> incorrect JSON status mapping for 'no such alert' (400 expected)
Apr 21, 2020 5:14:54 PM org.openqa.selenium.remote.ErrorCodes toStatus
INFO: HTTP Status: '404' -> incorrect JSON status mapping for 'no such alert' (400 expected)
Apr 21, 2020 5:14:55 PM org.openqa.selenium.remote.ErrorCodes toStatus
INFO: HTTP Status: '404' -> incorrect JSON status mapping for 'no such alert' (400 expected)
Apr 21, 2020 5:14:55 PM org.openqa.selenium.remote.ErrorCodes toStatus
INFO: HTTP Status: '404' -> incorrect JSON status mapping for 'no such alert' (400 expected)
Apr 21, 2020 5:14:56 PM org.openqa.selenium.remote.ErrorCodes toStatus
INFO: HTTP Status: '404' -> incorrect JSON status mapping for 'no such alert' (400 expected)
Apr 21, 2020 5:14:56 PM org.openqa.selenium.remote.ErrorCodes toStatus
INFO: HTTP Status: '404' -> incorrect JSON status mapping for 'no such alert' (400 expected)
Apr 21, 2020 5:14:56 PM org.openqa.selenium.remote.ErrorCodes toStatus
INFO: HTTP Status: '404' -> incorrect JSON status mapping for 'no such alert' (400 expected)
Apr 21, 2020 5:14:57 PM org.openqa.selenium.remote.ErrorCodes toStatus
INFO: HTTP Status: '404' -> incorrect JSON status mapping for 'no such alert' (400 expected)
Apr 21, 2020 5:14:57 PM org.openqa.selenium.remote.ErrorCodes toStatus
INFO: HTTP Status: '404' -> incorrect JSON status mapping for 'no such alert' (400 expected)
Apr 21, 2020 5:14:57 PM org.openqa.selenium.remote.ErrorCodes toStatus
INFO: HTTP Status: '404' -> incorrect JSON status mapping for 'no such alert' (400 expected)
Apr 21, 2020 5:14:58 PM org.openqa.selenium.remote.ErrorCodes toStatus
INFO: HTTP Status: '404' -> incorrect JSON status mapping for 'no such alert' (400 expected)
Apr 21, 2020 5:14:58 PM org.openqa.selenium.remote.ErrorCodes toStatus
INFO: HTTP Status: '404' -> incorrect JSON status mapping for 'no such alert' (400 expected)
Apr 21, 2020 5:14:58 PM org.openqa.selenium.remote.ErrorCodes toStatus
INFO: HTTP Status: '404' -> incorrect JSON status mapping for 'no such alert' (400 expected)
Apr 21, 2020 5:14:59 PM org.openqa.selenium.remote.ErrorCodes toStatus
INFO: HTTP Status: '404' -> incorrect JSON status mapping for 'no such alert' (400 expected)
Apr 21, 2020 5:14:59 PM org.openqa.selenium.remote.ErrorCodes toStatus
INFO: HTTP Status: '404' -> incorrect JSON status mapping for 'no such alert' (400 expected)
Apr 21, 2020 5:14:59 PM org.openqa.selenium.remote.ErrorCodes toStatus
INFO: HTTP Status: '404' -> incorrect JSON status mapping for 'no such alert' (400 expected)
Apr 21, 2020 5:15:00 PM org.openqa.selenium.remote.ErrorCodes toStatus
INFO: HTTP Status: '404' -> incorrect JSON status mapping for 'no such alert' (400 expected)
Apr 21, 2020 5:15:00 PM org.openqa.selenium.remote.ErrorCodes toStatus
INFO: HTTP Status: '404' -> incorrect JSON status mapping for 'no such alert' (400 expected)
Apr 21, 2020 5:15:01 PM org.openqa.selenium.remote.ErrorCodes toStatus
INFO: HTTP Status: '404' -> incorrect JSON status mapping for 'no such alert' (400 expected)
Apr 21, 2020 5:15:01 PM org.openqa.selenium.remote.ErrorCodes toStatus
INFO: HTTP Status: '404' -> incorrect JSON status mapping for 'no such alert' (400 expected)
Apr 21, 2020 5:15:01 PM org.openqa.selenium.remote.ErrorCodes toStatus
INFO: HTTP Status: '404' -> incorrect JSON status mapping for 'no such alert' (400 expected)
Apr 21, 2020 5:15:01 PM org.openqa.selenium.remote.ErrorCodes toStatus
INFO: HTTP Status: '404' -> incorrect JSON status mapping for 'no such alert' (400 expected)
Apr 21, 2020 5:15:02 PM org.openqa.selenium.remote.ErrorCodes toStatus
INFO: HTTP Status: '404' -> incorrect JSON status mapping for 'no such alert' (400 expected)
Apr 21, 2020 5:15:02 PM org.openqa.selenium.remote.ErrorCodes toStatus
INFO: HTTP Status: '404' -> incorrect JSON status mapping for 'no such alert' (400 expected)
Apr 21, 2020 5:15:03 PM org.openqa.selenium.remote.ErrorCodes toStatus
INFO: HTTP Status: '404' -> incorrect JSON status mapping for 'no such alert' (400 expected)
Apr 21, 2020 5:15:03 PM org.openqa.selenium.remote.ErrorCodes toStatus
INFO: HTTP Status: '404' -> incorrect JSON status mapping for 'no such alert' (400 expected)
Apr 21, 2020 5:15:03 PM org.openqa.selenium.remote.ErrorCodes toStatus
INFO: HTTP Status: '404' -> incorrect JSON status mapping for 'no such alert' (400 expected)
Apr 21, 2020 5:15:04 PM org.openqa.selenium.remote.ErrorCodes toStatus
INFO: HTTP Status: '404' -> incorrect JSON status mapping for 'no such alert' (400 expected)
Apr 21, 2020 5:15:04 PM org.openqa.selenium.remote.ErrorCodes toStatus
INFO: HTTP Status: '404' -> incorrect JSON status mapping for 'no such alert' (400 expected)
Apr 21, 2020 5:15:04 PM org.openqa.selenium.remote.ErrorCodes toStatus
INFO: HTTP Status: '404' -> incorrect JSON status mapping for 'no such alert' (400 expected)
Apr 21, 2020 5:15:05 PM org.openqa.selenium.remote.ErrorCodes toStatus
INFO: HTTP Status: '404' -> incorrect JSON status mapping for 'no such alert' (400 expected)
Apr 21, 2020 5:15:05 PM org.openqa.selenium.remote.ErrorCodes toStatus
INFO: HTTP Status: '404' -> incorrect JSON status mapping for 'no such alert' (400 expected)
Apr 21, 2020 5:15:06 PM org.openqa.selenium.remote.ErrorCodes toStatus
INFO: HTTP Status: '404' -> incorrect JSON status mapping for 'no such alert' (400 expected)
Apr 21, 2020 5:15:06 PM org.openqa.selenium.remote.ErrorCodes toStatus
INFO: HTTP Status: '404' -> incorrect JSON status mapping for 'no such alert' (400 expected)
Apr 21, 2020 5:15:07 PM org.openqa.selenium.remote.ErrorCodes toStatus
INFO: HTTP Status: '404' -> incorrect JSON status mapping for 'no such alert' (400 expected)
Apr 21, 2020 5:15:07 PM org.openqa.selenium.remote.ErrorCodes toStatus
INFO: HTTP Status: '404' -> incorrect JSON status mapping for 'no such alert' (400 expected)
Apr 21, 2020 5:15:07 PM org.openqa.selenium.remote.ErrorCodes toStatus
INFO: HTTP Status: '404' -> incorrect JSON status mapping for 'no such alert' (400 expected)
Apr 21, 2020 5:15:08 PM org.openqa.selenium.remote.ErrorCodes toStatus
INFO: HTTP Status: '404' -> incorrect JSON status mapping for 'no such alert' (400 expected)
Apr 21, 2020 5:15:08 PM org.openqa.selenium.remote.ErrorCodes toStatus
INFO: HTTP Status: '404' -> incorrect JSON status mapping for 'no such alert' (400 expected)
Apr 21, 2020 5:15:08 PM org.openqa.selenium.remote.ErrorCodes toStatus
INFO: HTTP Status: '404' -> incorrect JSON status mapping for 'no such alert' (400 expected)
Apr 21, 2020 5:15:09 PM org.openqa.selenium.remote.ErrorCodes toStatus
INFO: HTTP Status: '404' -> incorrect JSON status mapping for 'no such alert' (400 expected)
Apr 21, 2020 5:15:09 PM org.openqa.selenium.remote.ErrorCodes toStatus
INFO: HTTP Status: '404' -> incorrect JSON status mapping for 'no such alert' (400 expected)
Apr 21, 2020 5:15:09 PM org.openqa.selenium.remote.ErrorCodes toStatus
INFO: HTTP Status: '404' -> incorrect JSON status mapping for 'no such alert' (400 expected)
Apr 21, 2020 5:15:10 PM org.openqa.selenium.remote.ErrorCodes toStatus
INFO: HTTP Status: '404' -> incorrect JSON status mapping for 'no such alert' (400 expected)
Apr 21, 2020 5:15:10 PM org.openqa.selenium.remote.ErrorCodes toStatus
INFO: HTTP Status: '404' -> incorrect JSON status mapping for 'no such alert' (400 expected)
Apr 21, 2020 5:15:10 PM org.openqa.selenium.remote.ErrorCodes toStatus
INFO: HTTP Status: '404' -> incorrect JSON status mapping for 'no such alert' (400 expected)
Apr 21, 2020 5:15:11 PM org.openqa.selenium.remote.ErrorCodes toStatus
INFO: HTTP Status: '404' -> incorrect JSON status mapping for 'no such alert' (400 expected)
Apr 21, 2020 5:15:11 PM org.openqa.selenium.remote.ErrorCodes toStatus
INFO: HTTP Status: '404' -> incorrect JSON status mapping for 'no such alert' (400 expected)
Apr 21, 2020 5:15:12 PM org.openqa.selenium.remote.ErrorCodes toStatus
INFO: HTTP Status: '404' -> incorrect JSON status mapping for 'no such alert' (400 expected)
Apr 21, 2020 5:15:12 PM org.openqa.selenium.remote.ErrorCodes toStatus
INFO: HTTP Status: '404' -> incorrect JSON status mapping for 'no such alert' (400 expected)
Apr 21, 2020 5:15:13 PM org.openqa.selenium.remote.ErrorCodes toStatus
INFO: HTTP Status: '404' -> incorrect JSON status mapping for 'no such alert' (400 expected)
Apr 21, 2020 5:15:13 PM org.openqa.selenium.remote.ErrorCodes toStatus
INFO: HTTP Status: '404' -> incorrect JSON status mapping for 'no such alert' (400 expected)
Apr 21, 2020 5:15:13 PM org.openqa.selenium.remote.ErrorCodes toStatus
INFO: HTTP Status: '404' -> incorrect JSON status mapping for 'no such alert' (400 expected)
Apr 21, 2020 5:15:14 PM org.openqa.selenium.remote.ErrorCodes toStatus
INFO: HTTP Status: '404' -> incorrect JSON status mapping for 'no such alert' (400 expected)
Apr 21, 2020 5:15:14 PM org.openqa.selenium.remote.ErrorCodes toStatus
INFO: HTTP Status: '404' -> incorrect JSON status mapping for 'no such alert' (400 expected)
Apr 21, 2020 5:15:14 PM org.openqa.selenium.remote.ErrorCodes toStatus
INFO: HTTP Status: '404' -> incorrect JSON status mapping for 'no such alert' (400 expected)
Apr 21, 2020 5:15:15 PM org.openqa.selenium.remote.ErrorCodes toStatus
INFO: HTTP Status: '404' -> incorrect JSON status mapping for 'no such alert' (400 expected)
Apr 21, 2020 5:15:15 PM org.openqa.selenium.remote.ErrorCodes toStatus
INFO: HTTP Status: '404' -> incorrect JSON status mapping for 'no such alert' (400 expected)
Apr 21, 2020 5:15:16 PM org.openqa.selenium.remote.ErrorCodes toStatus
INFO: HTTP Status: '404' -> incorrect JSON status mapping for 'no such alert' (400 expected)
Apr 21, 2020 5:15:16 PM org.openqa.selenium.remote.ErrorCodes toStatus
INFO: HTTP Status: '404' -> incorrect JSON status mapping for 'no such alert' (400 expected)
Apr 21, 2020 5:15:16 PM org.openqa.selenium.remote.ErrorCodes toStatus
INFO: HTTP Status: '404' -> incorrect JSON status mapping for 'no such alert' (400 expected)
Apr 21, 2020 5:15:17 PM org.openqa.selenium.remote.ErrorCodes toStatus
INFO: HTTP Status: '404' -> incorrect JSON status mapping for 'no such alert' (400 expected)
Apr 21, 2020 5:15:17 PM org.openqa.selenium.remote.ErrorCodes toStatus
INFO: HTTP Status: '404' -> incorrect JSON status mapping for 'no such alert' (400 expected)
Apr 21, 2020 5:15:17 PM org.openqa.selenium.remote.ErrorCodes toStatus
INFO: HTTP Status: '404' -> incorrect JSON status mapping for 'no such alert' (400 expected)
Apr 21, 2020 5:15:18 PM org.openqa.selenium.remote.ErrorCodes toStatus
INFO: HTTP Status: '404' -> incorrect JSON status mapping for 'no such alert' (400 expected)
Apr 21, 2020 5:15:18 PM org.openqa.selenium.remote.ErrorCodes toStatus
INFO: HTTP Status: '404' -> incorrect JSON status mapping for 'no such alert' (400 expected)
Apr 21, 2020 5:15:19 PM org.openqa.selenium.remote.ErrorCodes toStatus
INFO: HTTP Status: '404' -> incorrect JSON status mapping for 'no such alert' (400 expected)
Apr 21, 2020 5:15:19 PM org.openqa.selenium.remote.ErrorCodes toStatus
INFO: HTTP Status: '404' -> incorrect JSON status mapping for 'no such alert' (400 expected)
Apr 21, 2020 5:15:19 PM org.openqa.selenium.remote.ErrorCodes toStatus
INFO: HTTP Status: '404' -> incorrect JSON status mapping for 'no such alert' (400 expected)
Apr 21, 2020 5:15:19 PM org.openqa.selenium.remote.ErrorCodes toStatus
INFO: HTTP Status: '404' -> incorrect JSON status mapping for 'no such alert' (400 expected)
Apr 21, 2020 5:15:20 PM org.openqa.selenium.remote.ErrorCodes toStatus
INFO: HTTP Status: '404' -> incorrect JSON status mapping for 'no such alert' (400 expected)
Apr 21, 2020 5:15:20 PM org.openqa.selenium.remote.ErrorCodes toStatus
INFO: HTTP Status: '404' -> incorrect JSON status mapping for 'no such alert' (400 expected)
Apr 21, 2020 5:15:21 PM org.openqa.selenium.remote.ErrorCodes toStatus
INFO: HTTP Status: '404' -> incorrect JSON status mapping for 'no such alert' (400 expected)
Apr 21, 2020 5:15:21 PM org.openqa.selenium.remote.ErrorCodes toStatus
INFO: HTTP Status: '404' -> incorrect JSON status mapping for 'no such alert' (400 expected)
Apr 21, 2020 5:15:22 PM org.openqa.selenium.remote.ErrorCodes toStatus
INFO: HTTP Status: '404' -> incorrect JSON status mapping for 'no such alert' (400 expected)
Apr 21, 2020 5:15:22 PM org.openqa.selenium.remote.ErrorCodes toStatus
INFO: HTTP Status: '404' -> incorrect JSON status mapping for 'no such alert' (400 expected)
Apr 21, 2020 5:15:22 PM org.openqa.selenium.remote.ErrorCodes toStatus
INFO: HTTP Status: '404' -> incorrect JSON status mapping for 'no such alert' (400 expected)
Apr 21, 2020 5:15:22 PM org.openqa.selenium.remote.ErrorCodes toStatus
INFO: HTTP Status: '404' -> incorrect JSON status mapping for 'no such alert' (400 expected)
Apr 21, 2020 5:15:23 PM org.openqa.selenium.remote.ErrorCodes toStatus
INFO: HTTP Status: '404' -> incorrect JSON status mapping for 'no such alert' (400 expected)
Apr 21, 2020 5:15:23 PM org.openqa.selenium.remote.ErrorCodes toStatus
INFO: HTTP Status: '404' -> incorrect JSON status mapping for 'no such alert' (400 expected)
Apr 21, 2020 5:15:24 PM org.openqa.selenium.remote.ErrorCodes toStatus
INFO: HTTP Status: '404' -> incorrect JSON status mapping for 'no such alert' (400 expected)
Apr 21, 2020 5:15:24 PM org.openqa.selenium.remote.ErrorCodes toStatus
INFO: HTTP Status: '404' -> incorrect JSON status mapping for 'no such alert' (400 expected)
Apr 21, 2020 5:15:25 PM org.openqa.selenium.remote.ErrorCodes toStatus
INFO: HTTP Status: '404' -> incorrect JSON status mapping for 'no such alert' (400 expected)
Apr 21, 2020 5:15:25 PM org.openqa.selenium.remote.ErrorCodes toStatus
INFO: HTTP Status: '404' -> incorrect JSON status mapping for 'no such alert' (400 expected)
Apr 21, 2020 5:15:25 PM org.openqa.selenium.remote.ErrorCodes toStatus
INFO: HTTP Status: '404' -> incorrect JSON status mapping for 'no such alert' (400 expected)
Apr 21, 2020 5:15:26 PM org.openqa.selenium.remote.ErrorCodes toStatus
INFO: HTTP Status: '404' -> incorrect JSON status mapping for 'no such alert' (400 expected)
Apr 21, 2020 5:15:26 PM org.openqa.selenium.remote.ErrorCodes toStatus
INFO: HTTP Status: '404' -> incorrect JSON status mapping for 'no such alert' (400 expected)
Apr 21, 2020 5:15:27 PM org.openqa.selenium.remote.ErrorCodes toStatus
INFO: HTTP Status: '404' -> incorrect JSON status mapping for 'no such alert' (400 expected)
Apr 21, 2020 5:15:27 PM org.openqa.selenium.remote.ErrorCodes toStatus
INFO: HTTP Status: '404' -> incorrect JSON status mapping for 'no such alert' (400 expected)
Apr 21, 2020 5:15:27 PM org.openqa.selenium.remote.ErrorCodes toStatus
INFO: HTTP Status: '404' -> incorrect JSON status mapping for 'no such alert' (400 expected)
Apr 21, 2020 5:15:28 PM org.openqa.selenium.remote.ErrorCodes toStatus
INFO: HTTP Status: '404' -> incorrect JSON status mapping for 'no such alert' (400 expected)
Apr 21, 2020 5:15:28 PM org.openqa.selenium.remote.ErrorCodes toStatus
INFO: HTTP Status: '404' -> incorrect JSON status mapping for 'no such alert' (400 expected)
Apr 21, 2020 5:15:29 PM org.openqa.selenium.remote.ErrorCodes toStatus
INFO: HTTP Status: '404' -> incorrect JSON status mapping for 'no such alert' (400 expected)
Apr 21, 2020 5:15:29 PM org.openqa.selenium.remote.ErrorCodes toStatus
INFO: HTTP Status: '404' -> incorrect JSON status mapping for 'no such alert' (400 expected)
Apr 21, 2020 5:15:29 PM org.openqa.selenium.remote.ErrorCodes toStatus
INFO: HTTP Status: '404' -> incorrect JSON status mapping for 'no such alert' (400 expected)
Apr 21, 2020 5:15:30 PM org.openqa.selenium.remote.ErrorCodes toStatus
INFO: HTTP Status: '404' -> incorrect JSON status mapping for 'no such alert' (400 expected)
Apr 21, 2020 5:15:30 PM org.openqa.selenium.remote.ErrorCodes toStatus
INFO: HTTP Status: '404' -> incorrect JSON status mapping for 'no such alert' (400 expected)
Apr 21, 2020 5:15:30 PM org.openqa.selenium.remote.ErrorCodes toStatus
INFO: HTTP Status: '404' -> incorrect JSON status mapping for 'no such alert' (400 expected)
Apr 21, 2020 5:15:31 PM org.openqa.selenium.remote.ErrorCodes toStatus
INFO: HTTP Status: '404' -> incorrect JSON status mapping for 'no such alert' (400 expected)
Apr 21, 2020 5:15:31 PM org.openqa.selenium.remote.ErrorCodes toStatus
INFO: HTTP Status: '404' -> incorrect JSON status mapping for 'no such alert' (400 expected)
Apr 21, 2020 5:15:31 PM org.openqa.selenium.remote.ErrorCodes toStatus
INFO: HTTP Status: '404' -> incorrect JSON status mapping for 'no such alert' (400 expected)
Apr 21, 2020 5:15:32 PM org.openqa.selenium.remote.ErrorCodes toStatus
INFO: HTTP Status: '404' -> incorrect JSON status mapping for 'no such alert' (400 expected)
Apr 21, 2020 5:15:32 PM org.openqa.selenium.remote.ErrorCodes toStatus
INFO: HTTP Status: '404' -> incorrect JSON status mapping for 'no such alert' (400 expected)
Apr 21, 2020 5:15:32 PM org.openqa.selenium.remote.ErrorCodes toStatus
INFO: HTTP Status: '404' -> incorrect JSON status mapping for 'no such alert' (400 expected)
Apr 21, 2020 5:15:33 PM org.openqa.selenium.remote.ErrorCodes toStatus
INFO: HTTP Status: '404' -> incorrect JSON status mapping for 'no such alert' (400 expected)
Apr 21, 2020 5:15:33 PM org.openqa.selenium.remote.ErrorCodes toStatus
INFO: HTTP Status: '404' -> incorrect JSON status mapping for 'no such alert' (400 expected)
Apr 21, 2020 5:15:34 PM org.openqa.selenium.remote.ErrorCodes toStatus
INFO: HTTP Status: '404' -> incorrect JSON status mapping for 'no such alert' (400 expected)
Apr 21, 2020 5:15:34 PM org.openqa.selenium.remote.ErrorCodes toStatus
INFO: HTTP Status: '404' -> incorrect JSON status mapping for 'no such alert' (400 expected)
Apr 21, 2020 5:15:34 PM org.openqa.selenium.remote.ErrorCodes toStatus
INFO: HTTP Status: '404' -> incorrect JSON status mapping for 'no such alert' (400 expected)
Apr 21, 2020 5:15:34 PM org.openqa.selenium.remote.ErrorCodes toStatus
INFO: HTTP Status: '404' -> incorrect JSON status mapping for 'no such alert' (400 expected)
Apr 21, 2020 5:15:35 PM org.openqa.selenium.remote.ErrorCodes toStatus
INFO: HTTP Status: '404' -> incorrect JSON status mapping for 'no such alert' (400 expected)
Apr 21, 2020 5:15:35 PM org.openqa.selenium.remote.ErrorCodes toStatus
INFO: HTTP Status: '404' -> incorrect JSON status mapping for 'no such alert' (400 expected)
Apr 21, 2020 5:15:36 PM org.openqa.selenium.remote.ErrorCodes toStatus
INFO: HTTP Status: '404' -> incorrect JSON status mapping for 'no such alert' (400 expected)
Apr 21, 2020 5:15:36 PM org.openqa.selenium.remote.ErrorCodes toStatus
INFO: HTTP Status: '404' -> incorrect JSON status mapping for 'no such alert' (400 expected)
Apr 21, 2020 5:15:36 PM org.openqa.selenium.remote.ErrorCodes toStatus
INFO: HTTP Status: '404' -> incorrect JSON status mapping for 'no such alert' (400 expected)
Apr 21, 2020 5:15:37 PM org.openqa.selenium.remote.ErrorCodes toStatus
INFO: HTTP Status: '404' -> incorrect JSON status mapping for 'no such alert' (400 expected)
Apr 21, 2020 5:15:37 PM org.openqa.selenium.remote.ErrorCodes toStatus
INFO: HTTP Status: '404' -> incorrect JSON status mapping for 'no such alert' (400 expected)
Apr 21, 2020 5:15:37 PM org.openqa.selenium.remote.ErrorCodes toStatus
INFO: HTTP Status: '404' -> incorrect JSON status mapping for 'no such alert' (400 expected)
Apr 21, 2020 5:15:38 PM org.openqa.selenium.remote.ErrorCodes toStatus
INFO: HTTP Status: '404' -> incorrect JSON status mapping for 'no such alert' (400 expected)
Apr 21, 2020 5:15:38 PM org.openqa.selenium.remote.ErrorCodes toStatus
INFO: HTTP Status: '404' -> incorrect JSON status mapping for 'no such alert' (400 expected)
Apr 21, 2020 5:15:38 PM org.openqa.selenium.remote.ErrorCodes toStatus
INFO: HTTP Status: '404' -> incorrect JSON status mapping for 'no such alert' (400 expected)
Apr 21, 2020 5:15:39 PM org.openqa.selenium.remote.ErrorCodes toStatus
INFO: HTTP Status: '404' -> incorrect JSON status mapping for 'no such alert' (400 expected)
Apr 21, 2020 5:15:39 PM org.openqa.selenium.remote.ErrorCodes toStatus
INFO: HTTP Status: '404' -> incorrect JSON status mapping for 'no such alert' (400 expected)
Apr 21, 2020 5:15:39 PM org.openqa.selenium.remote.ErrorCodes toStatus
INFO: HTTP Status: '404' -> incorrect JSON status mapping for 'no such alert' (400 expected)
Apr 21, 2020 5:15:40 PM org.openqa.selenium.remote.ErrorCodes toStatus
INFO: HTTP Status: '404' -> incorrect JSON status mapping for 'no such alert' (400 expected)
Apr 21, 2020 5:15:40 PM org.openqa.selenium.remote.ErrorCodes toStatus
INFO: HTTP Status: '404' -> incorrect JSON status mapping for 'no such alert' (400 expected)
Apr 21, 2020 5:15:41 PM org.openqa.selenium.remote.ErrorCodes toStatus
INFO: HTTP Status: '404' -> incorrect JSON status mapping for 'no such alert' (400 expected)
Apr 21, 2020 5:15:41 PM org.openqa.selenium.remote.ErrorCodes toStatus
INFO: HTTP Status: '404' -> incorrect JSON status mapping for 'no such alert' (400 expected)
Apr 21, 2020 5:15:41 PM org.openqa.selenium.remote.ErrorCodes toStatus
INFO: HTTP Status: '404' -> incorrect JSON status mapping for 'no such alert' (400 expected)
Apr 21, 2020 5:15:42 PM org.openqa.selenium.remote.ErrorCodes toStatus
INFO: HTTP Status: '404' -> incorrect JSON status mapping for 'no such alert' (400 expected)
Apr 21, 2020 5:15:42 PM org.openqa.selenium.remote.ErrorCodes toStatus
INFO: HTTP Status: '404' -> incorrect JSON status mapping for 'no such alert' (400 expected)
Apr 21, 2020 5:15:43 PM org.openqa.selenium.remote.ErrorCodes toStatus
INFO: HTTP Status: '404' -> incorrect JSON status mapping for 'no such alert' (400 expected)
Apr 21, 2020 5:15:43 PM org.openqa.selenium.remote.ErrorCodes toStatus
INFO: HTTP Status: '404' -> incorrect JSON status mapping for 'no such alert' (400 expected)
Apr 21, 2020 5:15:43 PM org.openqa.selenium.remote.ErrorCodes toStatus
INFO: HTTP Status: '404' -> incorrect JSON status mapping for 'no such alert' (400 expected)
Apr 21, 2020 5:15:44 PM org.openqa.selenium.remote.ErrorCodes toStatus
INFO: HTTP Status: '404' -> incorrect JSON status mapping for 'no such alert' (400 expected)
Apr 21, 2020 5:15:44 PM org.openqa.selenium.remote.ErrorCodes toStatus
INFO: HTTP Status: '404' -> incorrect JSON status mapping for 'no such alert' (400 expected)
Apr 21, 2020 5:15:44 PM org.openqa.selenium.remote.ErrorCodes toStatus
INFO: HTTP Status: '404' -> incorrect JSON status mapping for 'no such alert' (400 expected)
Apr 21, 2020 5:15:45 PM org.openqa.selenium.remote.ErrorCodes toStatus
INFO: HTTP Status: '404' -> incorrect JSON status mapping for 'no such alert' (400 expected)
Apr 21, 2020 5:15:46 PM org.openqa.selenium.remote.ErrorCodes toStatus
INFO: HTTP Status: '404' -> incorrect JSON status mapping for 'no such alert' (400 expected)
Apr 21, 2020 5:15:46 PM org.openqa.selenium.remote.ErrorCodes toStatus
INFO: HTTP Status: '404' -> incorrect JSON status mapping for 'no such alert' (400 expected)
Apr 21, 2020 5:15:46 PM org.openqa.selenium.remote.ErrorCodes toStatus
INFO: HTTP Status: '404' -> incorrect JSON status mapping for 'no such alert' (400 expected)
Apr 21, 2020 5:15:47 PM org.openqa.selenium.remote.ErrorCodes toStatus
INFO: HTTP Status: '404' -> incorrect JSON status mapping for 'no such alert' (400 expected)
Apr 21, 2020 5:15:47 PM org.openqa.selenium.remote.ErrorCodes toStatus
INFO: HTTP Status: '404' -> incorrect JSON status mapping for 'no such alert' (400 expected)
Apr 21, 2020 5:15:47 PM org.openqa.selenium.remote.ErrorCodes toStatus
INFO: HTTP Status: '404' -> incorrect JSON status mapping for 'no such alert' (400 expected)
Apr 21, 2020 5:15:48 PM org.openqa.selenium.remote.ErrorCodes toStatus
INFO: HTTP Status: '404' -> incorrect JSON status mapping for 'no such alert' (400 expected)
Apr 21, 2020 5:15:48 PM org.openqa.selenium.remote.ErrorCodes toStatus
INFO: HTTP Status: '404' -> incorrect JSON status mapping for 'no such alert' (400 expected)
Apr 21, 2020 5:15:49 PM org.openqa.selenium.remote.ErrorCodes toStatus
INFO: HTTP Status: '404' -> incorrect JSON status mapping for 'no such alert' (400 expected)
Apr 21, 2020 5:15:49 PM org.openqa.selenium.remote.ErrorCodes toStatus
INFO: HTTP Status: '404' -> incorrect JSON status mapping for 'no such alert' (400 expected)
Apr 21, 2020 5:15:50 PM org.openqa.selenium.remote.ErrorCodes toStatus
INFO: HTTP Status: '404' -> incorrect JSON status mapping for 'no such alert' (400 expected)
Apr 21, 2020 5:15:50 PM org.openqa.selenium.remote.ErrorCodes toStatus
INFO: HTTP Status: '404' -> incorrect JSON status mapping for 'no such alert' (400 expected)
Apr 21, 2020 5:15:51 PM org.openqa.selenium.remote.ErrorCodes toStatus
INFO: HTTP Status: '404' -> incorrect JSON status mapping for 'no such alert' (400 expected)
Apr 21, 2020 5:15:51 PM org.openqa.selenium.remote.ErrorCodes toStatus
INFO: HTTP Status: '404' -> incorrect JSON status mapping for 'no such alert' (400 expected)
Apr 21, 2020 5:15:51 PM org.openqa.selenium.remote.ErrorCodes toStatus
INFO: HTTP Status: '404' -> incorrect JSON status mapping for 'no such alert' (400 expected)
Apr 21, 2020 5:15:52 PM org.openqa.selenium.remote.ErrorCodes toStatus
INFO: HTTP Status: '404' -> incorrect JSON status mapping for 'no such alert' (400 expected)
Apr 21, 2020 5:15:52 PM org.openqa.selenium.remote.ErrorCodes toStatus
INFO: HTTP Status: '404' -> incorrect JSON status mapping for 'no such alert' (400 expected)
Apr 21, 2020 5:15:53 PM org.openqa.selenium.remote.ErrorCodes toStatus
INFO: HTTP Status: '404' -> incorrect JSON status mapping for 'no such alert' (400 expected)
Apr 21, 2020 5:15:53 PM org.openqa.selenium.remote.ErrorCodes toStatus
INFO: HTTP Status: '404' -> incorrect JSON status mapping for 'no such alert' (400 expected)
Apr 21, 2020 5:15:53 PM org.openqa.selenium.remote.ErrorCodes toStatus
INFO: HTTP Status: '404' -> incorrect JSON status mapping for 'no such alert' (400 expected)
Apr 21, 2020 5:15:54 PM org.openqa.selenium.remote.ErrorCodes toStatus
INFO: HTTP Status: '404' -> incorrect JSON status mapping for 'no such alert' (400 expected)
Apr 21, 2020 5:15:54 PM org.openqa.selenium.remote.ErrorCodes toStatus
INFO: HTTP Status: '404' -> incorrect JSON status mapping for 'no such alert' (400 expected)
Apr 21, 2020 5:15:55 PM org.openqa.selenium.remote.ErrorCodes toStatus
INFO: HTTP Status: '404' -> incorrect JSON status mapping for 'no such alert' (400 expected)
Apr 21, 2020 5:15:55 PM org.openqa.selenium.remote.ErrorCodes toStatus
INFO: HTTP Status: '404' -> incorrect JSON status mapping for 'no such alert' (400 expected)
Apr 21, 2020 5:15:56 PM org.openqa.selenium.remote.ErrorCodes toStatus
INFO: HTTP Status: '404' -> incorrect JSON status mapping for 'no such alert' (400 expected)
Apr 21, 2020 5:15:56 PM org.openqa.selenium.remote.ErrorCodes toStatus
INFO: HTTP Status: '404' -> incorrect JSON status mapping for 'no such alert' (400 expected)
Apr 21, 2020 5:15:57 PM org.openqa.selenium.remote.ErrorCodes toStatus
INFO: HTTP Status: '404' -> incorrect JSON status mapping for 'no such alert' (400 expected)
Apr 21, 2020 5:15:57 PM org.openqa.selenium.remote.ErrorCodes toStatus
INFO: HTTP Status: '404' -> incorrect JSON status mapping for 'no such alert' (400 expected)
Apr 21, 2020 5:15:58 PM org.openqa.selenium.remote.ErrorCodes toStatus
INFO: HTTP Status: '404' -> incorrect JSON status mapping for 'no such alert' (400 expected)
Apr 21, 2020 5:15:58 PM org.openqa.selenium.remote.ErrorCodes toStatus
INFO: HTTP Status: '404' -> incorrect JSON status mapping for 'no such alert' (400 expected)
Apr 21, 2020 5:15:58 PM org.openqa.selenium.remote.ErrorCodes toStatus
INFO: HTTP Status: '404' -> incorrect JSON status mapping for 'no such alert' (400 expected)
Apr 21, 2020 5:15:58 PM org.openqa.selenium.remote.ErrorCodes toStatus
INFO: HTTP Status: '404' -> incorrect JSON status mapping for 'no such alert' (400 expected)
Apr 21, 2020 5:15:59 PM org.openqa.selenium.remote.ErrorCodes toStatus
INFO: HTTP Status: '404' -> incorrect JSON status mapping for 'no such alert' (400 expected)
Apr 21, 2020 5:15:59 PM org.openqa.selenium.remote.ErrorCodes toStatus
INFO: HTTP Status: '404' -> incorrect JSON status mapping for 'no such alert' (400 expected)
Apr 21, 2020 5:16:00 PM org.openqa.selenium.remote.ErrorCodes toStatus
INFO: HTTP Status: '404' -> incorrect JSON status mapping for 'no such alert' (400 expected)
Apr 21, 2020 5:16:00 PM org.openqa.selenium.remote.ErrorCodes toStatus
INFO: HTTP Status: '404' -> incorrect JSON status mapping for 'no such alert' (400 expected)
Apr 21, 2020 5:16:01 PM org.openqa.selenium.remote.ErrorCodes toStatus
INFO: HTTP Status: '404' -> incorrect JSON status mapping for 'no such alert' (400 expected)
Apr 21, 2020 5:16:01 PM org.openqa.selenium.remote.ErrorCodes toStatus
INFO: HTTP Status: '404' -> incorrect JSON status mapping for 'no such alert' (400 expected)
Apr 21, 2020 5:16:01 PM org.openqa.selenium.remote.ErrorCodes toStatus
INFO: HTTP Status: '404' -> incorrect JSON status mapping for 'no such alert' (400 expected)
Apr 21, 2020 5:16:01 PM org.openqa.selenium.remote.ErrorCodes toStatus
INFO: HTTP Status: '404' -> incorrect JSON status mapping for 'no such alert' (400 expected)
Apr 21, 2020 5:16:02 PM org.openqa.selenium.remote.ErrorCodes toStatus
INFO: HTTP Status: '404' -> incorrect JSON status mapping for 'no such alert' (400 expected)
Apr 21, 2020 5:16:02 PM org.openqa.selenium.remote.ErrorCodes toStatus
INFO: HTTP Status: '404' -> incorrect JSON status mapping for 'no such alert' (400 expected)
Apr 21, 2020 5:16:03 PM org.openqa.selenium.remote.ErrorCodes toStatus
INFO: HTTP Status: '404' -> incorrect JSON status mapping for 'no such alert' (400 expected)
Apr 21, 2020 5:16:03 PM org.openqa.selenium.remote.ErrorCodes toStatus
INFO: HTTP Status: '404' -> incorrect JSON status mapping for 'no such alert' (400 expected)
Apr 21, 2020 5:16:03 PM org.openqa.selenium.remote.ErrorCodes toStatus
INFO: HTTP Status: '404' -> incorrect JSON status mapping for 'no such alert' (400 expected)
Apr 21, 2020 5:16:04 PM org.openqa.selenium.remote.ErrorCodes toStatus
INFO: HTTP Status: '404' -> incorrect JSON status mapping for 'no such alert' (400 expected)
Apr 21, 2020 5:16:04 PM org.openqa.selenium.remote.ErrorCodes toStatus
INFO: HTTP Status: '404' -> incorrect JSON status mapping for 'no such alert' (400 expected)
Apr 21, 2020 5:16:04 PM org.openqa.selenium.remote.ErrorCodes toStatus
INFO: HTTP Status: '404' -> incorrect JSON status mapping for 'no such alert' (400 expected)
Apr 21, 2020 5:16:05 PM org.openqa.selenium.remote.ErrorCodes toStatus
INFO: HTTP Status: '404' -> incorrect JSON status mapping for 'no such alert' (400 expected)
Apr 21, 2020 5:16:05 PM org.openqa.selenium.remote.ErrorCodes toStatus
INFO: HTTP Status: '404' -> incorrect JSON status mapping for 'no such alert' (400 expected)
Apr 21, 2020 5:16:06 PM org.openqa.selenium.remote.ErrorCodes toStatus
INFO: HTTP Status: '404' -> incorrect JSON status mapping for 'no such alert' (400 expected)
Apr 21, 2020 5:16:06 PM org.openqa.selenium.remote.ErrorCodes toStatus
INFO: HTTP Status: '404' -> incorrect JSON status mapping for 'no such alert' (400 expected)
Apr 21, 2020 5:16:06 PM org.openqa.selenium.remote.ErrorCodes toStatus
INFO: HTTP Status: '404' -> incorrect JSON status mapping for 'no such alert' (400 expected)
Apr 21, 2020 5:16:07 PM org.openqa.selenium.remote.ErrorCodes toStatus
INFO: HTTP Status: '404' -> incorrect JSON status mapping for 'no such alert' (400 expected)
Apr 21, 2020 5:16:07 PM org.openqa.selenium.remote.ErrorCodes toStatus
INFO: HTTP Status: '404' -> incorrect JSON status mapping for 'no such alert' (400 expected)
Apr 21, 2020 5:16:07 PM org.openqa.selenium.remote.ErrorCodes toStatus
INFO: HTTP Status: '404' -> incorrect JSON status mapping for 'no such alert' (400 expected)
Apr 21, 2020 5:16:08 PM org.openqa.selenium.remote.ErrorCodes toStatus
INFO: HTTP Status: '404' -> incorrect JSON status mapping for 'no such alert' (400 expected)
Apr 21, 2020 5:16:08 PM org.openqa.selenium.remote.ErrorCodes toStatus
INFO: HTTP Status: '404' -> incorrect JSON status mapping for 'no such alert' (400 expected)
Apr 21, 2020 5:16:08 PM org.openqa.selenium.remote.ErrorCodes toStatus
INFO: HTTP Status: '404' -> incorrect JSON status mapping for 'no such alert' (400 expected)
Apr 21, 2020 5:16:09 PM org.openqa.selenium.remote.ErrorCodes toStatus
INFO: HTTP Status: '404' -> incorrect JSON status mapping for 'no such alert' (400 expected)
Apr 21, 2020 5:16:09 PM org.openqa.selenium.remote.ErrorCodes toStatus
INFO: HTTP Status: '404' -> incorrect JSON status mapping for 'no such alert' (400 expected)
Apr 21, 2020 5:16:09 PM org.openqa.selenium.remote.ErrorCodes toStatus
INFO: HTTP Status: '404' -> incorrect JSON status mapping for 'no such alert' (400 expected)
Apr 21, 2020 5:16:10 PM org.openqa.selenium.remote.ErrorCodes toStatus
INFO: HTTP Status: '404' -> incorrect JSON status mapping for 'no such alert' (400 expected)
Apr 21, 2020 5:16:10 PM org.openqa.selenium.remote.ErrorCodes toStatus
INFO: HTTP Status: '404' -> incorrect JSON status mapping for 'no such alert' (400 expected)
Apr 21, 2020 5:16:11 PM org.openqa.selenium.remote.ErrorCodes toStatus
INFO: HTTP Status: '404' -> incorrect JSON status mapping for 'no such alert' (400 expected)
Apr 21, 2020 5:16:11 PM org.openqa.selenium.remote.ErrorCodes toStatus
INFO: HTTP Status: '404' -> incorrect JSON status mapping for 'no such alert' (400 expected)
Apr 21, 2020 5:16:11 PM org.openqa.selenium.remote.ErrorCodes toStatus
INFO: HTTP Status: '404' -> incorrect JSON status mapping for 'no such alert' (400 expected)
Apr 21, 2020 5:16:12 PM org.openqa.selenium.remote.ErrorCodes toStatus
INFO: HTTP Status: '404' -> incorrect JSON status mapping for 'no such alert' (400 expected)
Apr 21, 2020 5:16:12 PM org.openqa.selenium.remote.ErrorCodes toStatus
INFO: HTTP Status: '404' -> incorrect JSON status mapping for 'no such alert' (400 expected)
Apr 21, 2020 5:16:12 PM org.openqa.selenium.remote.ErrorCodes toStatus
INFO: HTTP Status: '404' -> incorrect JSON status mapping for 'no such alert' (400 expected)
Apr 21, 2020 5:16:13 PM org.openqa.selenium.remote.ErrorCodes toStatus
INFO: HTTP Status: '404' -> incorrect JSON status mapping for 'no such alert' (400 expected)
Apr 21, 2020 5:16:13 PM org.openqa.selenium.remote.ErrorCodes toStatus
INFO: HTTP Status: '404' -> incorrect JSON status mapping for 'no such alert' (400 expected)
Apr 21, 2020 5:16:13 PM org.openqa.selenium.remote.ErrorCodes toStatus
INFO: HTTP Status: '404' -> incorrect JSON status mapping for 'no such alert' (400 expected)
Apr 21, 2020 5:16:14 PM org.openqa.selenium.remote.ErrorCodes toStatus
INFO: HTTP Status: '404' -> incorrect JSON status mapping for 'no such alert' (400 expected)
Apr 21, 2020 5:16:14 PM org.openqa.selenium.remote.ErrorCodes toStatus
INFO: HTTP Status: '404' -> incorrect JSON status mapping for 'no such alert' (400 expected)
Apr 21, 2020 5:16:14 PM org.openqa.selenium.remote.ErrorCodes toStatus
INFO: HTTP Status: '404' -> incorrect JSON status mapping for 'no such alert' (400 expected)
Apr 21, 2020 5:16:15 PM org.openqa.selenium.remote.ErrorCodes toStatus
INFO: HTTP Status: '404' -> incorrect JSON status mapping for 'no such alert' (400 expected)
Apr 21, 2020 5:16:15 PM org.openqa.selenium.remote.ErrorCodes toStatus
INFO: HTTP Status: '404' -> incorrect JSON status mapping for 'no such alert' (400 expected)
Apr 21, 2020 5:16:15 PM org.openqa.selenium.remote.ErrorCodes toStatus
INFO: HTTP Status: '404' -> incorrect JSON status mapping for 'no such alert' (400 expected)
Apr 21, 2020 5:16:16 PM org.openqa.selenium.remote.ErrorCodes toStatus
INFO: HTTP Status: '404' -> incorrect JSON status mapping for 'no such alert' (400 expected)
Apr 21, 2020 5:16:16 PM org.openqa.selenium.remote.ErrorCodes toStatus
INFO: HTTP Status: '404' -> incorrect JSON status mapping for 'no such alert' (400 expected)
Apr 21, 2020 5:16:16 PM org.openqa.selenium.remote.ErrorCodes toStatus
INFO: HTTP Status: '404' -> incorrect JSON status mapping for 'no such alert' (400 expected)
Apr 21, 2020 5:16:17 PM org.openqa.selenium.remote.ErrorCodes toStatus
INFO: HTTP Status: '404' -> incorrect JSON status mapping for 'no such alert' (400 expected)
Apr 21, 2020 5:16:17 PM org.openqa.selenium.remote.ErrorCodes toStatus
INFO: HTTP Status: '404' -> incorrect JSON status mapping for 'no such alert' (400 expected)
Apr 21, 2020 5:16:18 PM org.openqa.selenium.remote.ErrorCodes toStatus
INFO: HTTP Status: '404' -> incorrect JSON status mapping for 'no such alert' (400 expected)
Apr 21, 2020 5:16:18 PM org.openqa.selenium.remote.ErrorCodes toStatus
INFO: HTTP Status: '404' -> incorrect JSON status mapping for 'no such alert' (400 expected)
Apr 21, 2020 5:16:18 PM org.openqa.selenium.remote.ErrorCodes toStatus
INFO: HTTP Status: '404' -> incorrect JSON status mapping for 'no such alert' (400 expected)
Apr 21, 2020 5:16:19 PM org.openqa.selenium.remote.ErrorCodes toStatus
INFO: HTTP Status: '404' -> incorrect JSON status mapping for 'no such alert' (400 expected)
Apr 21, 2020 5:16:19 PM org.openqa.selenium.remote.ErrorCodes toStatus
INFO: HTTP Status: '404' -> incorrect JSON status mapping for 'no such alert' (400 expected)
Apr 21, 2020 5:16:19 PM org.openqa.selenium.remote.ErrorCodes toStatus
INFO: HTTP Status: '404' -> incorrect JSON status mapping for 'no such alert' (400 expected)
Apr 21, 2020 5:16:20 PM org.openqa.selenium.remote.ErrorCodes toStatus
INFO: HTTP Status: '404' -> incorrect JSON status mapping for 'no such alert' (400 expected)
Apr 21, 2020 5:16:20 PM org.openqa.selenium.remote.ErrorCodes toStatus
INFO: HTTP Status: '404' -> incorrect JSON status mapping for 'no such alert' (400 expected)
Apr 21, 2020 5:16:21 PM org.openqa.selenium.remote.ErrorCodes toStatus
INFO: HTTP Status: '404' -> incorrect JSON status mapping for 'no such alert' (400 expected)
Apr 21, 2020 5:16:21 PM org.openqa.selenium.remote.ErrorCodes toStatus
INFO: HTTP Status: '404' -> incorrect JSON status mapping for 'no such alert' (400 expected)
Apr 21, 2020 5:16:21 PM org.openqa.selenium.remote.ErrorCodes toStatus
INFO: HTTP Status: '404' -> incorrect JSON status mapping for 'no such alert' (400 expected)
Apr 21, 2020 5:16:22 PM org.openqa.selenium.remote.ErrorCodes toStatus
INFO: HTTP Status: '404' -> incorrect JSON status mapping for 'no such alert' (400 expected)
Apr 21, 2020 5:16:22 PM org.openqa.selenium.remote.ErrorCodes toStatus
INFO: HTTP Status: '404' -> incorrect JSON status mapping for 'no such alert' (400 expected)
Apr 21, 2020 5:16:23 PM org.openqa.selenium.remote.ErrorCodes toStatus
INFO: HTTP Status: '404' -> incorrect JSON status mapping for 'no such alert' (400 expected)
Apr 21, 2020 5:16:23 PM org.openqa.selenium.remote.ErrorCodes toStatus
INFO: HTTP Status: '404' -> incorrect JSON status mapping for 'no such alert' (400 expected)
Apr 21, 2020 5:16:23 PM org.openqa.selenium.remote.ErrorCodes toStatus
INFO: HTTP Status: '404' -> incorrect JSON status mapping for 'no such alert' (400 expected)
Apr 21, 2020 5:16:24 PM org.openqa.selenium.remote.ErrorCodes toStatus
INFO: HTTP Status: '404' -> incorrect JSON status mapping for 'no such alert' (400 expected)
Apr 21, 2020 5:16:24 PM org.openqa.selenium.remote.ErrorCodes toStatus
INFO: HTTP Status: '404' -> incorrect JSON status mapping for 'no such alert' (400 expected)
Apr 21, 2020 5:16:25 PM org.openqa.selenium.remote.ErrorCodes toStatus
INFO: HTTP Status: '404' -> incorrect JSON status mapping for 'no such alert' (400 expected)
Apr 21, 2020 5:16:25 PM org.openqa.selenium.remote.ErrorCodes toStatus
INFO: HTTP Status: '404' -> incorrect JSON status mapping for 'no such alert' (400 expected)
Apr 21, 2020 5:16:25 PM org.openqa.selenium.remote.ErrorCodes toStatus
INFO: HTTP Status: '404' -> incorrect JSON status mapping for 'no such alert' (400 expected)
Apr 21, 2020 5:16:26 PM org.openqa.selenium.remote.ErrorCodes toStatus
INFO: HTTP Status: '404' -> incorrect JSON status mapping for 'no such alert' (400 expected)
Apr 21, 2020 5:16:26 PM org.openqa.selenium.remote.ErrorCodes toStatus
INFO: HTTP Status: '404' -> incorrect JSON status mapping for 'no such alert' (400 expected)
Apr 21, 2020 5:16:26 PM org.openqa.selenium.remote.ErrorCodes toStatus
INFO: HTTP Status: '404' -> incorrect JSON status mapping for 'no such alert' (400 expected)
Apr 21, 2020 5:16:27 PM org.openqa.selenium.remote.ErrorCodes toStatus
INFO: HTTP Status: '404' -> incorrect JSON status mapping for 'no such alert' (400 expected)
Apr 21, 2020 5:16:27 PM org.openqa.selenium.remote.ErrorCodes toStatus
INFO: HTTP Status: '404' -> incorrect JSON status mapping for 'no such alert' (400 expected)
Apr 21, 2020 5:16:28 PM org.openqa.selenium.remote.ErrorCodes toStatus
INFO: HTTP Status: '404' -> incorrect JSON status mapping for 'no such alert' (400 expected)
Apr 21, 2020 5:16:28 PM org.openqa.selenium.remote.ErrorCodes toStatus
INFO: HTTP Status: '404' -> incorrect JSON status mapping for 'no such alert' (400 expected)
Apr 21, 2020 5:16:29 PM org.openqa.selenium.remote.ErrorCodes toStatus
INFO: HTTP Status: '404' -> incorrect JSON status mapping for 'no such alert' (400 expected)
Apr 21, 2020 5:16:29 PM org.openqa.selenium.remote.ErrorCodes toStatus
INFO: HTTP Status: '404' -> incorrect JSON status mapping for 'no such alert' (400 expected)
Apr 21, 2020 5:16:29 PM org.openqa.selenium.remote.ErrorCodes toStatus
INFO: HTTP Status: '404' -> incorrect JSON status mapping for 'no such alert' (400 expected)
Apr 21, 2020 5:16:30 PM org.openqa.selenium.remote.ErrorCodes toStatus
INFO: HTTP Status: '404' -> incorrect JSON status mapping for 'no such alert' (400 expected)
Apr 21, 2020 5:16:30 PM org.openqa.selenium.remote.ErrorCodes toStatus
INFO: HTTP Status: '404' -> incorrect JSON status mapping for 'no such alert' (400 expected)
Apr 21, 2020 5:16:30 PM org.openqa.selenium.remote.ErrorCodes toStatus
INFO: HTTP Status: '404' -> incorrect JSON status mapping for 'no such alert' (400 expected)
Apr 21, 2020 5:16:31 PM org.openqa.selenium.remote.ErrorCodes toStatus
INFO: HTTP Status: '404' -> incorrect JSON status mapping for 'no such alert' (400 expected)
Apr 21, 2020 5:16:31 PM org.openqa.selenium.remote.ErrorCodes toStatus
INFO: HTTP Status: '404' -> incorrect JSON status mapping for 'no such alert' (400 expected)
Apr 21, 2020 5:16:32 PM org.openqa.selenium.remote.ErrorCodes toStatus
INFO: HTTP Status: '404' -> incorrect JSON status mapping for 'no such alert' (400 expected)
Apr 21, 2020 5:16:32 PM org.openqa.selenium.remote.ErrorCodes toStatus
INFO: HTTP Status: '404' -> incorrect JSON status mapping for 'no such alert' (400 expected)
Apr 21, 2020 5:16:32 PM org.openqa.selenium.remote.ErrorCodes toStatus
INFO: HTTP Status: '404' -> incorrect JSON status mapping for 'no such alert' (400 expected)
Apr 21, 2020 5:16:33 PM org.openqa.selenium.remote.ErrorCodes toStatus
INFO: HTTP Status: '404' -> incorrect JSON status mapping for 'no such alert' (400 expected)
Apr 21, 2020 5:16:33 PM org.openqa.selenium.remote.ErrorCodes toStatus
INFO: HTTP Status: '404' -> incorrect JSON status mapping for 'no such alert' (400 expected)
Apr 21, 2020 5:16:33 PM org.openqa.selenium.remote.ErrorCodes toStatus
INFO: HTTP Status: '404' -> incorrect JSON status mapping for 'no such alert' (400 expected)
Apr 21, 2020 5:16:34 PM org.openqa.selenium.remote.ErrorCodes toStatus
INFO: HTTP Status: '404' -> incorrect JSON status mapping for 'no such alert' (400 expected)
Apr 21, 2020 5:16:34 PM org.openqa.selenium.remote.ErrorCodes toStatus
INFO: HTTP Status: '404' -> incorrect JSON status mapping for 'no such alert' (400 expected)
Apr 21, 2020 5:16:35 PM org.openqa.selenium.remote.ErrorCodes toStatus
INFO: HTTP Status: '404' -> incorrect JSON status mapping for 'no such alert' (400 expected)
Apr 21, 2020 5:16:35 PM org.openqa.selenium.remote.ErrorCodes toStatus
INFO: HTTP Status: '404' -> incorrect JSON status mapping for 'no such alert' (400 expected)
Apr 21, 2020 5:16:35 PM org.openqa.selenium.remote.ErrorCodes toStatus
INFO: HTTP Status: '404' -> incorrect JSON status mapping for 'no such alert' (400 expected)
Apr 21, 2020 5:16:36 PM org.openqa.selenium.remote.ErrorCodes toStatus
INFO: HTTP Status: '404' -> incorrect JSON status mapping for 'no such alert' (400 expected)
Apr 21, 2020 5:16:36 PM org.openqa.selenium.remote.ErrorCodes toStatus
INFO: HTTP Status: '404' -> incorrect JSON status mapping for 'no such alert' (400 expected)
Apr 21, 2020 5:16:36 PM org.openqa.selenium.remote.ErrorCodes toStatus
INFO: HTTP Status: '404' -> incorrect JSON status mapping for 'no such alert' (400 expected)
Apr 21, 2020 5:16:37 PM org.openqa.selenium.remote.ErrorCodes toStatus
INFO: HTTP Status: '404' -> incorrect JSON status mapping for 'no such alert' (400 expected)
Apr 21, 2020 5:16:37 PM org.openqa.selenium.remote.ErrorCodes toStatus
INFO: HTTP Status: '404' -> incorrect JSON status mapping for 'no such alert' (400 expected)
Apr 21, 2020 5:16:38 PM org.openqa.selenium.remote.ErrorCodes toStatus
INFO: HTTP Status: '404' -> incorrect JSON status mapping for 'no such alert' (400 expected)
Apr 21, 2020 5:16:38 PM org.openqa.selenium.remote.ErrorCodes toStatus
INFO: HTTP Status: '404' -> incorrect JSON status mapping for 'no such alert' (400 expected)
Apr 21, 2020 5:16:38 PM org.openqa.selenium.remote.ErrorCodes toStatus
INFO: HTTP Status: '404' -> incorrect JSON status mapping for 'no such alert' (400 expected)
Apr 21, 2020 5:16:39 PM org.openqa.selenium.remote.ErrorCodes toStatus
INFO: HTTP Status: '404' -> incorrect JSON status mapping for 'no such alert' (400 expected)
Apr 21, 2020 5:16:39 PM org.openqa.selenium.remote.ErrorCodes toStatus
INFO: HTTP Status: '404' -> incorrect JSON status mapping for 'no such alert' (400 expected)
Apr 21, 2020 5:16:39 PM org.openqa.selenium.remote.ErrorCodes toStatus
INFO: HTTP Status: '404' -> incorrect JSON status mapping for 'no such alert' (400 expected)
Apr 21, 2020 5:16:40 PM org.openqa.selenium.remote.ErrorCodes toStatus
INFO: HTTP Status: '404' -> incorrect JSON status mapping for 'no such alert' (400 expected)
Apr 21, 2020 5:16:40 PM org.openqa.selenium.remote.ErrorCodes toStatus
INFO: HTTP Status: '404' -> incorrect JSON status mapping for 'no such alert' (400 expected)
Apr 21, 2020 5:16:41 PM org.openqa.selenium.remote.ErrorCodes toStatus
INFO: HTTP Status: '404' -> incorrect JSON status mapping for 'no such alert' (400 expected)
Apr 21, 2020 5:16:41 PM org.openqa.selenium.remote.ErrorCodes toStatus
INFO: HTTP Status: '404' -> incorrect JSON status mapping for 'no such alert' (400 expected)
Apr 21, 2020 5:16:41 PM org.openqa.selenium.remote.ErrorCodes toStatus
INFO: HTTP Status: '404' -> incorrect JSON status mapping for 'no such alert' (400 expected)
Apr 21, 2020 5:16:42 PM org.openqa.selenium.remote.ErrorCodes toStatus
INFO: HTTP Status: '404' -> incorrect JSON status mapping for 'no such alert' (400 expected)
Apr 21, 2020 5:16:42 PM org.openqa.selenium.remote.ErrorCodes toStatus
INFO: HTTP Status: '404' -> incorrect JSON status mapping for 'no such alert' (400 expected)
Apr 21, 2020 5:16:42 PM org.openqa.selenium.remote.ErrorCodes toStatus
INFO: HTTP Status: '404' -> incorrect JSON status mapping for 'no such alert' (400 expected)
Apr 21, 2020 5:16:43 PM org.openqa.selenium.remote.ErrorCodes toStatus
INFO: HTTP Status: '404' -> incorrect JSON status mapping for 'no such alert' (400 expected)
Apr 21, 2020 5:16:43 PM org.openqa.selenium.remote.ErrorCodes toStatus
INFO: HTTP Status: '404' -> incorrect JSON status mapping for 'no such alert' (400 expected)
Apr 21, 2020 5:16:44 PM org.openqa.selenium.remote.ErrorCodes toStatus
INFO: HTTP Status: '404' -> incorrect JSON status mapping for 'no such alert' (400 expected)
Apr 21, 2020 5:16:44 PM org.openqa.selenium.remote.ErrorCodes toStatus
INFO: HTTP Status: '404' -> incorrect JSON status mapping for 'no such alert' (400 expected)
Apr 21, 2020 5:16:44 PM org.openqa.selenium.remote.ErrorCodes toStatus
INFO: HTTP Status: '404' -> incorrect JSON status mapping for 'no such alert' (400 expected)
Apr 21, 2020 5:16:45 PM org.openqa.selenium.remote.ErrorCodes toStatus
INFO: HTTP Status: '404' -> incorrect JSON status mapping for 'no such alert' (400 expected)
Apr 21, 2020 5:16:45 PM org.openqa.selenium.remote.ErrorCodes toStatus
INFO: HTTP Status: '404' -> incorrect JSON status mapping for 'no such alert' (400 expected)
Apr 21, 2020 5:16:45 PM org.openqa.selenium.remote.ErrorCodes toStatus
INFO: HTTP Status: '404' -> incorrect JSON status mapping for 'no such alert' (400 expected)
Apr 21, 2020 5:16:46 PM org.openqa.selenium.remote.ErrorCodes toStatus
INFO: HTTP Status: '404' -> incorrect JSON status mapping for 'no such alert' (400 expected)
Apr 21, 2020 5:16:46 PM org.openqa.selenium.remote.ErrorCodes toStatus
INFO: HTTP Status: '404' -> incorrect JSON status mapping for 'no such alert' (400 expected)
Apr 21, 2020 5:16:47 PM org.openqa.selenium.remote.ErrorCodes toStatus
INFO: HTTP Status: '404' -> incorrect JSON status mapping for 'no such alert' (400 expected)
Apr 21, 2020 5:16:47 PM org.openqa.selenium.remote.ErrorCodes toStatus
INFO: HTTP Status: '404' -> incorrect JSON status mapping for 'no such alert' (400 expected)
Apr 21, 2020 5:16:47 PM org.openqa.selenium.remote.ErrorCodes toStatus
INFO: HTTP Status: '404' -> incorrect JSON status mapping for 'no such alert' (400 expected)
Apr 21, 2020 5:16:47 PM org.openqa.selenium.remote.ErrorCodes toStatus
INFO: HTTP Status: '404' -> incorrect JSON status mapping for 'no such alert' (400 expected)
Apr 21, 2020 5:16:48 PM org.openqa.selenium.remote.ErrorCodes toStatus
INFO: HTTP Status: '404' -> incorrect JSON status mapping for 'no such alert' (400 expected)
Apr 21, 2020 5:16:48 PM org.openqa.selenium.remote.ErrorCodes toStatus
INFO: HTTP Status: '404' -> incorrect JSON status mapping for 'no such alert' (400 expected)
Apr 21, 2020 5:16:49 PM org.openqa.selenium.remote.ErrorCodes toStatus
INFO: HTTP Status: '404' -> incorrect JSON status mapping for 'no such alert' (400 expected)
Apr 21, 2020 5:16:49 PM org.openqa.selenium.remote.ErrorCodes toStatus
INFO: HTTP Status: '404' -> incorrect JSON status mapping for 'no such alert' (400 expected)
Apr 21, 2020 5:16:49 PM org.openqa.selenium.remote.ErrorCodes toStatus
INFO: HTTP Status: '404' -> incorrect JSON status mapping for 'no such alert' (400 expected)
Apr 21, 2020 5:16:50 PM org.openqa.selenium.remote.ErrorCodes toStatus
INFO: HTTP Status: '404' -> incorrect JSON status mapping for 'no such alert' (400 expected)
Apr 21, 2020 5:16:50 PM org.openqa.selenium.remote.ErrorCodes toStatus
INFO: HTTP Status: '404' -> incorrect JSON status mapping for 'no such alert' (400 expected)
Apr 21, 2020 5:16:50 PM org.openqa.selenium.remote.ErrorCodes toStatus
INFO: HTTP Status: '404' -> incorrect JSON status mapping for 'no such alert' (400 expected)
Apr 21, 2020 5:16:51 PM org.openqa.selenium.remote.ErrorCodes toStatus
INFO: HTTP Status: '404' -> incorrect JSON status mapping for 'no such alert' (400 expected)
Apr 21, 2020 5:16:51 PM org.openqa.selenium.remote.ErrorCodes toStatus
INFO: HTTP Status: '404' -> incorrect JSON status mapping for 'no such alert' (400 expected)
Apr 21, 2020 5:16:52 PM org.openqa.selenium.remote.ErrorCodes toStatus
INFO: HTTP Status: '404' -> incorrect JSON status mapping for 'no such alert' (400 expected)
Apr 21, 2020 5:16:52 PM org.openqa.selenium.remote.ErrorCodes toStatus
INFO: HTTP Status: '404' -> incorrect JSON status mapping for 'no such alert' (400 expected)
Apr 21, 2020 5:16:52 PM org.openqa.selenium.remote.ErrorCodes toStatus
INFO: HTTP Status: '404' -> incorrect JSON status mapping for 'no such alert' (400 expected)
Apr 21, 2020 5:16:53 PM org.openqa.selenium.remote.ErrorCodes toStatus
INFO: HTTP Status: '404' -> incorrect JSON status mapping for 'no such alert' (400 expected)
Apr 21, 2020 5:16:53 PM org.openqa.selenium.remote.ErrorCodes toStatus
INFO: HTTP Status: '404' -> incorrect JSON status mapping for 'no such alert' (400 expected)
Apr 21, 2020 5:16:53 PM org.openqa.selenium.remote.ErrorCodes toStatus
INFO: HTTP Status: '404' -> incorrect JSON status mapping for 'no such alert' (400 expected)
Apr 21, 2020 5:16:54 PM org.openqa.selenium.remote.ErrorCodes toStatus
INFO: HTTP Status: '404' -> incorrect JSON status mapping for 'no such alert' (400 expected)
Apr 21, 2020 5:16:54 PM org.openqa.selenium.remote.ErrorCodes toStatus
INFO: HTTP Status: '404' -> incorrect JSON status mapping for 'no such alert' (400 expected)
Apr 21, 2020 5:16:54 PM org.openqa.selenium.remote.ErrorCodes toStatus
INFO: HTTP Status: '404' -> incorrect JSON status mapping for 'no such alert' (400 expected)
Apr 21, 2020 5:16:55 PM org.openqa.selenium.remote.ErrorCodes toStatus
INFO: HTTP Status: '404' -> incorrect JSON status mapping for 'no such alert' (400 expected)
Apr 21, 2020 5:16:55 PM org.openqa.selenium.remote.ErrorCodes toStatus
INFO: HTTP Status: '404' -> incorrect JSON status mapping for 'no such alert' (400 expected)
Apr 21, 2020 5:16:55 PM org.openqa.selenium.remote.ErrorCodes toStatus
INFO: HTTP Status: '404' -> incorrect JSON status mapping for 'no such alert' (400 expected)
Apr 21, 2020 5:16:56 PM org.openqa.selenium.remote.ErrorCodes toStatus
INFO: HTTP Status: '404' -> incorrect JSON status mapping for 'no such alert' (400 expected)
Apr 21, 2020 5:16:56 PM org.openqa.selenium.remote.ErrorCodes toStatus
INFO: HTTP Status: '404' -> incorrect JSON status mapping for 'no such alert' (400 expected)
Apr 21, 2020 5:16:57 PM org.openqa.selenium.remote.ErrorCodes toStatus
INFO: HTTP Status: '404' -> incorrect JSON status mapping for 'no such alert' (400 expected)
Apr 21, 2020 5:16:57 PM org.openqa.selenium.remote.ErrorCodes toStatus
INFO: HTTP Status: '404' -> incorrect JSON status mapping for 'no such alert' (400 expected)
Apr 21, 2020 5:16:57 PM org.openqa.selenium.remote.ErrorCodes toStatus
INFO: HTTP Status: '404' -> incorrect JSON status mapping for 'no such alert' (400 expected)
Apr 21, 2020 5:16:58 PM org.openqa.selenium.remote.ErrorCodes toStatus
INFO: HTTP Status: '404' -> incorrect JSON status mapping for 'no such alert' (400 expected)
Apr 21, 2020 5:16:58 PM org.openqa.selenium.remote.ErrorCodes toStatus
INFO: HTTP Status: '404' -> incorrect JSON status mapping for 'no such alert' (400 expected)
Apr 21, 2020 5:16:58 PM org.openqa.selenium.remote.ErrorCodes toStatus
INFO: HTTP Status: '404' -> incorrect JSON status mapping for 'no such alert' (400 expected)
Apr 21, 2020 5:16:59 PM org.openqa.selenium.remote.ErrorCodes toStatus
INFO: HTTP Status: '404' -> incorrect JSON status mapping for 'no such alert' (400 expected)
Apr 21, 2020 5:16:59 PM org.openqa.selenium.remote.ErrorCodes toStatus
INFO: HTTP Status: '404' -> incorrect JSON status mapping for 'no such alert' (400 expected)
Apr 21, 2020 5:17:00 PM org.openqa.selenium.remote.ErrorCodes toStatus
INFO: HTTP Status: '404' -> incorrect JSON status mapping for 'no such alert' (400 expected)
Apr 21, 2020 5:17:00 PM org.openqa.selenium.remote.ErrorCodes toStatus
INFO: HTTP Status: '404' -> incorrect JSON status mapping for 'no such alert' (400 expected)
Apr 21, 2020 5:17:00 PM org.openqa.selenium.remote.ErrorCodes toStatus
INFO: HTTP Status: '404' -> incorrect JSON status mapping for 'no such alert' (400 expected)
Apr 21, 2020 5:17:00 PM org.openqa.selenium.remote.ErrorCodes toStatus
INFO: HTTP Status: '404' -> incorrect JSON status mapping for 'no such alert' (400 expected)
Apr 21, 2020 5:17:01 PM org.openqa.selenium.remote.ErrorCodes toStatus
INFO: HTTP Status: '404' -> incorrect JSON status mapping for 'no such alert' (400 expected)
Apr 21, 2020 5:17:01 PM org.openqa.selenium.remote.ErrorCodes toStatus
INFO: HTTP Status: '404' -> incorrect JSON status mapping for 'no such alert' (400 expected)
Apr 21, 2020 5:17:02 PM org.openqa.selenium.remote.ErrorCodes toStatus
INFO: HTTP Status: '404' -> incorrect JSON status mapping for 'no such alert' (400 expected)
Apr 21, 2020 5:17:02 PM org.openqa.selenium.remote.ErrorCodes toStatus
INFO: HTTP Status: '404' -> incorrect JSON status mapping for 'no such alert' (400 expected)
Apr 21, 2020 5:17:02 PM org.openqa.selenium.remote.ErrorCodes toStatus
INFO: HTTP Status: '404' -> incorrect JSON status mapping for 'no such alert' (400 expected)
Apr 21, 2020 5:17:03 PM org.openqa.selenium.remote.ErrorCodes toStatus
INFO: HTTP Status: '404' -> incorrect JSON status mapping for 'no such alert' (400 expected)
Apr 21, 2020 5:17:03 PM org.openqa.selenium.remote.ErrorCodes toStatus
INFO: HTTP Status: '404' -> incorrect JSON status mapping for 'no such alert' (400 expected)
Apr 21, 2020 5:17:03 PM org.openqa.selenium.remote.ErrorCodes toStatus
INFO: HTTP Status: '404' -> incorrect JSON status mapping for 'no such alert' (400 expected)
Apr 21, 2020 5:17:04 PM org.openqa.selenium.remote.ErrorCodes toStatus
INFO: HTTP Status: '404' -> incorrect JSON status mapping for 'no such alert' (400 expected)
Apr 21, 2020 5:17:04 PM org.openqa.selenium.remote.ErrorCodes toStatus
INFO: HTTP Status: '404' -> incorrect JSON status mapping for 'no such alert' (400 expected)
Apr 21, 2020 5:17:05 PM org.openqa.selenium.remote.ErrorCodes toStatus
INFO: HTTP Status: '404' -> incorrect JSON status mapping for 'no such alert' (400 expected)
Apr 21, 2020 5:17:05 PM org.openqa.selenium.remote.ErrorCodes toStatus
INFO: HTTP Status: '404' -> incorrect JSON status mapping for 'no such alert' (400 expected)
Apr 21, 2020 5:17:05 PM org.openqa.selenium.remote.ErrorCodes toStatus
INFO: HTTP Status: '404' -> incorrect JSON status mapping for 'no such alert' (400 expected)
Apr 21, 2020 5:17:06 PM org.openqa.selenium.remote.ErrorCodes toStatus
INFO: HTTP Status: '404' -> incorrect JSON status mapping for 'no such alert' (400 expected)
Apr 21, 2020 5:17:06 PM org.openqa.selenium.remote.ErrorCodes toStatus
INFO: HTTP Status: '404' -> incorrect JSON status mapping for 'no such alert' (400 expected)
Apr 21, 2020 5:17:06 PM org.openqa.selenium.remote.ErrorCodes toStatus
INFO: HTTP Status: '404' -> incorrect JSON status mapping for 'no such alert' (400 expected)
Apr 21, 2020 5:17:07 PM org.openqa.selenium.remote.ErrorCodes toStatus
INFO: HTTP Status: '404' -> incorrect JSON status mapping for 'no such alert' (400 expected)
Apr 21, 2020 5:17:07 PM org.openqa.selenium.remote.ErrorCodes toStatus
INFO: HTTP Status: '404' -> incorrect JSON status mapping for 'no such alert' (400 expected)
Apr 21, 2020 5:17:08 PM org.openqa.selenium.remote.ErrorCodes toStatus
INFO: HTTP Status: '404' -> incorrect JSON status mapping for 'no such alert' (400 expected)
Apr 21, 2020 5:17:08 PM org.openqa.selenium.remote.ErrorCodes toStatus
INFO: HTTP Status: '404' -> incorrect JSON status mapping for 'no such alert' (400 expected)
Apr 21, 2020 5:17:08 PM org.openqa.selenium.remote.ErrorCodes toStatus
INFO: HTTP Status: '404' -> incorrect JSON status mapping for 'no such alert' (400 expected)
Apr 21, 2020 5:17:09 PM org.openqa.selenium.remote.ErrorCodes toStatus
INFO: HTTP Status: '404' -> incorrect JSON status mapping for 'no such alert' (400 expected)
Apr 21, 2020 5:17:09 PM org.openqa.selenium.remote.ErrorCodes toStatus
INFO: HTTP Status: '404' -> incorrect JSON status mapping for 'no such alert' (400 expected)
Apr 21, 2020 5:17:09 PM org.openqa.selenium.remote.ErrorCodes toStatus
INFO: HTTP Status: '404' -> incorrect JSON status mapping for 'no such alert' (400 expected)
Apr 21, 2020 5:17:10 PM org.openqa.selenium.remote.ErrorCodes toStatus
INFO: HTTP Status: '404' -> incorrect JSON status mapping for 'no such alert' (400 expected)
Apr 21, 2020 5:17:10 PM org.openqa.selenium.remote.ErrorCodes toStatus
INFO: HTTP Status: '404' -> incorrect JSON status mapping for 'no such alert' (400 expected)
Apr 21, 2020 5:17:10 PM org.openqa.selenium.remote.ErrorCodes toStatus
INFO: HTTP Status: '404' -> incorrect JSON status mapping for 'no such alert' (400 expected)
Apr 21, 2020 5:17:10 PM org.openqa.selenium.remote.ErrorCodes toStatus
INFO: HTTP Status: '404' -> incorrect JSON status mapping for 'no such alert' (400 expected)
Apr 21, 2020 5:17:11 PM org.openqa.selenium.remote.ErrorCodes toStatus
INFO: HTTP Status: '404' -> incorrect JSON status mapping for 'no such alert' (400 expected)
Apr 21, 2020 5:17:11 PM org.openqa.selenium.remote.ErrorCodes toStatus
INFO: HTTP Status: '404' -> incorrect JSON status mapping for 'no such alert' (400 expected)
Apr 21, 2020 5:17:12 PM org.openqa.selenium.remote.ErrorCodes toStatus
INFO: HTTP Status: '404' -> incorrect JSON status mapping for 'no such alert' (400 expected)
Apr 21, 2020 5:17:12 PM org.openqa.selenium.remote.ErrorCodes toStatus
INFO: HTTP Status: '404' -> incorrect JSON status mapping for 'no such alert' (400 expected)
Apr 21, 2020 5:17:13 PM org.openqa.selenium.remote.ErrorCodes toStatus
INFO: HTTP Status: '404' -> incorrect JSON status mapping for 'no such alert' (400 expected)
Apr 21, 2020 5:17:13 PM org.openqa.selenium.remote.ErrorCodes toStatus
INFO: HTTP Status: '404' -> incorrect JSON status mapping for 'no such alert' (400 expected)
Apr 21, 2020 5:17:13 PM org.openqa.selenium.remote.ErrorCodes toStatus
INFO: HTTP Status: '404' -> incorrect JSON status mapping for 'no such alert' (400 expected)
Apr 21, 2020 5:17:13 PM org.openqa.selenium.remote.ErrorCodes toStatus
INFO: HTTP Status: '404' -> incorrect JSON status mapping for 'no such alert' (400 expected)
Apr 21, 2020 5:17:14 PM org.openqa.selenium.remote.ErrorCodes toStatus
INFO: HTTP Status: '404' -> incorrect JSON status mapping for 'no such alert' (400 expected)
Apr 21, 2020 5:17:14 PM org.openqa.selenium.remote.ErrorCodes toStatus
INFO: HTTP Status: '404' -> incorrect JSON status mapping for 'no such alert' (400 expected)
Apr 21, 2020 5:17:15 PM org.openqa.selenium.remote.ErrorCodes toStatus
INFO: HTTP Status: '404' -> incorrect JSON status mapping for 'no such alert' (400 expected)
Apr 21, 2020 5:17:15 PM org.openqa.selenium.remote.ErrorCodes toStatus
INFO: HTTP Status: '404' -> incorrect JSON status mapping for 'no such alert' (400 expected)
Apr 21, 2020 5:17:15 PM org.openqa.selenium.remote.ErrorCodes toStatus
INFO: HTTP Status: '404' -> incorrect JSON status mapping for 'no such alert' (400 expected)
Apr 21, 2020 5:17:16 PM org.openqa.selenium.remote.ErrorCodes toStatus
INFO: HTTP Status: '404' -> incorrect JSON status mapping for 'no such alert' (400 expected)
Apr 21, 2020 5:17:16 PM org.openqa.selenium.remote.ErrorCodes toStatus
INFO: HTTP Status: '404' -> incorrect JSON status mapping for 'no such alert' (400 expected)
Apr 21, 2020 5:17:16 PM org.openqa.selenium.remote.ErrorCodes toStatus
INFO: HTTP Status: '404' -> incorrect JSON status mapping for 'no such alert' (400 expected)
Apr 21, 2020 5:17:17 PM org.openqa.selenium.remote.ErrorCodes toStatus
INFO: HTTP Status: '404' -> incorrect JSON status mapping for 'no such alert' (400 expected)
Apr 21, 2020 5:17:17 PM org.openqa.selenium.remote.ErrorCodes toStatus
INFO: HTTP Status: '404' -> incorrect JSON status mapping for 'no such alert' (400 expected)
Apr 21, 2020 5:17:17 PM org.openqa.selenium.remote.ErrorCodes toStatus
INFO: HTTP Status: '404' -> incorrect JSON status mapping for 'no such alert' (400 expected)
Apr 21, 2020 5:17:18 PM org.openqa.selenium.remote.ErrorCodes toStatus
INFO: HTTP Status: '404' -> incorrect JSON status mapping for 'no such alert' (400 expected)
Apr 21, 2020 5:17:18 PM org.openqa.selenium.remote.ErrorCodes toStatus
INFO: HTTP Status: '404' -> incorrect JSON status mapping for 'no such alert' (400 expected)
Apr 21, 2020 5:17:18 PM org.openqa.selenium.remote.ErrorCodes toStatus
INFO: HTTP Status: '404' -> incorrect JSON status mapping for 'no such alert' (400 expected)
Apr 21, 2020 5:17:19 PM org.openqa.selenium.remote.ErrorCodes toStatus
INFO: HTTP Status: '404' -> incorrect JSON status mapping for 'no such alert' (400 expected)
Apr 21, 2020 5:17:19 PM org.openqa.selenium.remote.ErrorCodes toStatus
INFO: HTTP Status: '404' -> incorrect JSON status mapping for 'no such alert' (400 expected)
Apr 21, 2020 5:17:19 PM org.openqa.selenium.remote.ErrorCodes toStatus
INFO: HTTP Status: '404' -> incorrect JSON status mapping for 'no such alert' (400 expected)
Apr 21, 2020 5:17:20 PM org.openqa.selenium.remote.ErrorCodes toStatus
INFO: HTTP Status: '404' -> incorrect JSON status mapping for 'no such alert' (400 expected)
Apr 21, 2020 5:17:20 PM org.openqa.selenium.remote.ErrorCodes toStatus
INFO: HTTP Status: '404' -> incorrect JSON status mapping for 'no such alert' (400 expected)
Apr 21, 2020 5:17:20 PM org.openqa.selenium.remote.ErrorCodes toStatus
INFO: HTTP Status: '404' -> incorrect JSON status mapping for 'no such alert' (400 expected)
Apr 21, 2020 5:17:21 PM org.openqa.selenium.remote.ErrorCodes toStatus
INFO: HTTP Status: '404' -> incorrect JSON status mapping for 'no such alert' (400 expected)
Apr 21, 2020 5:17:21 PM org.openqa.selenium.remote.ErrorCodes toStatus
INFO: HTTP Status: '404' -> incorrect JSON status mapping for 'no such alert' (400 expected)
Apr 21, 2020 5:17:21 PM org.openqa.selenium.remote.ErrorCodes toStatus
INFO: HTTP Status: '404' -> incorrect JSON status mapping for 'no such alert' (400 expected)
Apr 21, 2020 5:17:22 PM org.openqa.selenium.remote.ErrorCodes toStatus
INFO: HTTP Status: '404' -> incorrect JSON status mapping for 'no such alert' (400 expected)
Apr 21, 2020 5:17:22 PM org.openqa.selenium.remote.ErrorCodes toStatus
INFO: HTTP Status: '404' -> incorrect JSON status mapping for 'no such alert' (400 expected)
Apr 21, 2020 5:17:23 PM org.openqa.selenium.remote.ErrorCodes toStatus
INFO: HTTP Status: '404' -> incorrect JSON status mapping for 'no such alert' (400 expected)
Apr 21, 2020 5:17:23 PM org.openqa.selenium.remote.ErrorCodes toStatus
INFO: HTTP Status: '404' -> incorrect JSON status mapping for 'no such alert' (400 expected)
Apr 21, 2020 5:17:23 PM org.openqa.selenium.remote.ErrorCodes toStatus
INFO: HTTP Status: '404' -> incorrect JSON status mapping for 'no such alert' (400 expected)
Apr 21, 2020 5:17:24 PM org.openqa.selenium.remote.ErrorCodes toStatus
INFO: HTTP Status: '404' -> incorrect JSON status mapping for 'no such alert' (400 expected)
Apr 21, 2020 5:17:24 PM org.openqa.selenium.remote.ErrorCodes toStatus
INFO: HTTP Status: '404' -> incorrect JSON status mapping for 'no such alert' (400 expected)
Apr 21, 2020 5:17:24 PM org.openqa.selenium.remote.ErrorCodes toStatus
INFO: HTTP Status: '404' -> incorrect JSON status mapping for 'no such alert' (400 expected)
Apr 21, 2020 5:17:25 PM org.openqa.selenium.remote.ErrorCodes toStatus
INFO: HTTP Status: '404' -> incorrect JSON status mapping for 'no such alert' (400 expected)
Apr 21, 2020 5:17:25 PM org.openqa.selenium.remote.ErrorCodes toStatus
INFO: HTTP Status: '404' -> incorrect JSON status mapping for 'no such alert' (400 expected)
Apr 21, 2020 5:17:25 PM org.openqa.selenium.remote.ErrorCodes toStatus
INFO: HTTP Status: '404' -> incorrect JSON status mapping for 'no such alert' (400 expected)
Apr 21, 2020 5:17:26 PM org.openqa.selenium.remote.ErrorCodes toStatus
INFO: HTTP Status: '404' -> incorrect JSON status mapping for 'no such alert' (400 expected)
Apr 21, 2020 5:17:26 PM org.openqa.selenium.remote.ErrorCodes toStatus
INFO: HTTP Status: '404' -> incorrect JSON status mapping for 'no such alert' (400 expected)
Apr 21, 2020 5:17:27 PM org.openqa.selenium.remote.ErrorCodes toStatus
INFO: HTTP Status: '404' -> incorrect JSON status mapping for 'no such alert' (400 expected)
Apr 21, 2020 5:17:27 PM org.openqa.selenium.remote.ErrorCodes toStatus
INFO: HTTP Status: '404' -> incorrect JSON status mapping for 'no such alert' (400 expected)
Apr 21, 2020 5:17:27 PM org.openqa.selenium.remote.ErrorCodes toStatus
INFO: HTTP Status: '404' -> incorrect JSON status mapping for 'no such alert' (400 expected)
Apr 21, 2020 5:17:27 PM org.openqa.selenium.remote.ErrorCodes toStatus
INFO: HTTP Status: '404' -> incorrect JSON status mapping for 'no such alert' (400 expected)
Apr 21, 2020 5:17:28 PM org.openqa.selenium.remote.ErrorCodes toStatus
INFO: HTTP Status: '404' -> incorrect JSON status mapping for 'no such alert' (400 expected)
Apr 21, 2020 5:17:28 PM org.openqa.selenium.remote.ErrorCodes toStatus
INFO: HTTP Status: '404' -> incorrect JSON status mapping for 'no such alert' (400 expected)
Apr 21, 2020 5:17:29 PM org.openqa.selenium.remote.ErrorCodes toStatus
INFO: HTTP Status: '404' -> incorrect JSON status mapping for 'no such alert' (400 expected)
Apr 21, 2020 5:17:29 PM org.openqa.selenium.remote.ErrorCodes toStatus
INFO: HTTP Status: '404' -> incorrect JSON status mapping for 'no such alert' (400 expected)
Apr 21, 2020 5:17:29 PM org.openqa.selenium.remote.ErrorCodes toStatus
INFO: HTTP Status: '404' -> incorrect JSON status mapping for 'no such alert' (400 expected)
Apr 21, 2020 5:17:30 PM org.openqa.selenium.remote.ErrorCodes toStatus
INFO: HTTP Status: '404' -> incorrect JSON status mapping for 'no such alert' (400 expected)
Apr 21, 2020 5:17:30 PM org.openqa.selenium.remote.ErrorCodes toStatus
INFO: HTTP Status: '404' -> incorrect JSON status mapping for 'no such alert' (400 expected)
Apr 21, 2020 5:17:30 PM org.openqa.selenium.remote.ErrorCodes toStatus
INFO: HTTP Status: '404' -> incorrect JSON status mapping for 'no such alert' (400 expected)
Apr 21, 2020 5:17:31 PM org.openqa.selenium.remote.ErrorCodes toStatus
INFO: HTTP Status: '404' -> incorrect JSON status mapping for 'no such alert' (400 expected)
Apr 21, 2020 5:17:31 PM org.openqa.selenium.remote.ErrorCodes toStatus
INFO: HTTP Status: '404' -> incorrect JSON status mapping for 'no such alert' (400 expected)
Apr 21, 2020 5:17:31 PM org.openqa.selenium.remote.ErrorCodes toStatus
INFO: HTTP Status: '404' -> incorrect JSON status mapping for 'no such alert' (400 expected)
Apr 21, 2020 5:17:32 PM org.openqa.selenium.remote.ErrorCodes toStatus
INFO: HTTP Status: '404' -> incorrect JSON status mapping for 'no such alert' (400 expected)
Apr 21, 2020 5:17:32 PM org.openqa.selenium.remote.ErrorCodes toStatus
INFO: HTTP Status: '404' -> incorrect JSON status mapping for 'no such alert' (400 expected)
Apr 21, 2020 5:17:32 PM org.openqa.selenium.remote.ErrorCodes toStatus
INFO: HTTP Status: '404' -> incorrect JSON status mapping for 'no such alert' (400 expected)
Apr 21, 2020 5:17:33 PM org.openqa.selenium.remote.ErrorCodes toStatus
INFO: HTTP Status: '404' -> incorrect JSON status mapping for 'no such alert' (400 expected)
Apr 21, 2020 5:17:33 PM org.openqa.selenium.remote.ErrorCodes toStatus
INFO: HTTP Status: '404' -> incorrect JSON status mapping for 'no such alert' (400 expected)
Apr 21, 2020 5:17:34 PM org.openqa.selenium.remote.ErrorCodes toStatus
INFO: HTTP Status: '404' -> incorrect JSON status mapping for 'no such alert' (400 expected)
Apr 21, 2020 5:17:34 PM org.openqa.selenium.remote.ErrorCodes toStatus
INFO: HTTP Status: '404' -> incorrect JSON status mapping for 'no such alert' (400 expected)
Apr 21, 2020 5:17:34 PM org.openqa.selenium.remote.ErrorCodes toStatus
INFO: HTTP Status: '404' -> incorrect JSON status mapping for 'no such alert' (400 expected)
Apr 21, 2020 5:17:35 PM org.openqa.selenium.remote.ErrorCodes toStatus
INFO: HTTP Status: '404' -> incorrect JSON status mapping for 'no such alert' (400 expected)
Apr 21, 2020 5:17:35 PM org.openqa.selenium.remote.ErrorCodes toStatus
INFO: HTTP Status: '404' -> incorrect JSON status mapping for 'no such alert' (400 expected)
Apr 21, 2020 5:17:35 PM org.openqa.selenium.remote.ErrorCodes toStatus
INFO: HTTP Status: '404' -> incorrect JSON status mapping for 'no such alert' (400 expected)
Apr 21, 2020 5:17:36 PM org.openqa.selenium.remote.ErrorCodes toStatus
INFO: HTTP Status: '404' -> incorrect JSON status mapping for 'no such alert' (400 expected)
Apr 21, 2020 5:17:36 PM org.openqa.selenium.remote.ErrorCodes toStatus
INFO: HTTP Status: '404' -> incorrect JSON status mapping for 'no such alert' (400 expected)
Apr 21, 2020 5:17:37 PM org.openqa.selenium.remote.ErrorCodes toStatus
INFO: HTTP Status: '404' -> incorrect JSON status mapping for 'no such alert' (400 expected)
Apr 21, 2020 5:17:37 PM org.openqa.selenium.remote.ErrorCodes toStatus
INFO: HTTP Status: '404' -> incorrect JSON status mapping for 'no such alert' (400 expected)
Apr 21, 2020 5:17:37 PM org.openqa.selenium.remote.ErrorCodes toStatus
INFO: HTTP Status: '404' -> incorrect JSON status mapping for 'no such alert' (400 expected)
Apr 21, 2020 5:17:38 PM org.openqa.selenium.remote.ErrorCodes toStatus
INFO: HTTP Status: '404' -> incorrect JSON status mapping for 'no such alert' (400 expected)
Apr 21, 2020 5:17:38 PM org.openqa.selenium.remote.ErrorCodes toStatus
INFO: HTTP Status: '404' -> incorrect JSON status mapping for 'no such alert' (400 expected)
Apr 21, 2020 5:17:38 PM org.openqa.selenium.remote.ErrorCodes toStatus
INFO: HTTP Status: '404' -> incorrect JSON status mapping for 'no such alert' (400 expected)
Apr 21, 2020 5:17:39 PM org.openqa.selenium.remote.ErrorCodes toStatus
INFO: HTTP Status: '404' -> incorrect JSON status mapping for 'no such alert' (400 expected)
Apr 21, 2020 5:17:39 PM org.openqa.selenium.remote.ErrorCodes toStatus
INFO: HTTP Status: '404' -> incorrect JSON status mapping for 'no such alert' (400 expected)
Apr 21, 2020 5:17:39 PM org.openqa.selenium.remote.ErrorCodes toStatus
INFO: HTTP Status: '404' -> incorrect JSON status mapping for 'no such alert' (400 expected)
Apr 21, 2020 5:17:40 PM org.openqa.selenium.remote.ErrorCodes toStatus
INFO: HTTP Status: '404' -> incorrect JSON status mapping for 'no such alert' (400 expected)
Apr 21, 2020 5:17:40 PM org.openqa.selenium.remote.ErrorCodes toStatus
INFO: HTTP Status: '404' -> incorrect JSON status mapping for 'no such alert' (400 expected)
Apr 21, 2020 5:17:40 PM org.openqa.selenium.remote.ErrorCodes toStatus
INFO: HTTP Status: '404' -> incorrect JSON status mapping for 'no such alert' (400 expected)
Apr 21, 2020 5:17:41 PM org.openqa.selenium.remote.ErrorCodes toStatus
INFO: HTTP Status: '404' -> incorrect JSON status mapping for 'no such alert' (400 expected)
Apr 21, 2020 5:17:41 PM org.openqa.selenium.remote.ErrorCodes toStatus
INFO: HTTP Status: '404' -> incorrect JSON status mapping for 'no such alert' (400 expected)
Apr 21, 2020 5:17:42 PM org.openqa.selenium.remote.ErrorCodes toStatus
INFO: HTTP Status: '404' -> incorrect JSON status mapping for 'no such alert' (400 expected)
Apr 21, 2020 5:17:42 PM org.openqa.selenium.remote.ErrorCodes toStatus
INFO: HTTP Status: '404' -> incorrect JSON status mapping for 'no such alert' (400 expected)
Apr 21, 2020 5:17:43 PM org.openqa.selenium.remote.ErrorCodes toStatus
INFO: HTTP Status: '404' -> incorrect JSON status mapping for 'no such alert' (400 expected)
Apr 21, 2020 5:17:43 PM org.openqa.selenium.remote.ErrorCodes toStatus
INFO: HTTP Status: '404' -> incorrect JSON status mapping for 'no such alert' (400 expected)
Apr 21, 2020 5:17:43 PM org.openqa.selenium.remote.ErrorCodes toStatus
INFO: HTTP Status: '404' -> incorrect JSON status mapping for 'no such alert' (400 expected)
Apr 21, 2020 5:17:43 PM org.openqa.selenium.remote.ErrorCodes toStatus
INFO: HTTP Status: '404' -> incorrect JSON status mapping for 'no such alert' (400 expected)
Apr 21, 2020 5:17:44 PM org.openqa.selenium.remote.ErrorCodes toStatus
INFO: HTTP Status: '404' -> incorrect JSON status mapping for 'no such alert' (400 expected)
Apr 21, 2020 5:17:44 PM org.openqa.selenium.remote.ErrorCodes toStatus
INFO: HTTP Status: '404' -> incorrect JSON status mapping for 'no such alert' (400 expected)
Apr 21, 2020 5:17:45 PM org.openqa.selenium.remote.ErrorCodes toStatus
INFO: HTTP Status: '404' -> incorrect JSON status mapping for 'no such alert' (400 expected)
Apr 21, 2020 5:17:45 PM org.openqa.selenium.remote.ErrorCodes toStatus
INFO: HTTP Status: '404' -> incorrect JSON status mapping for 'no such alert' (400 expected)
Apr 21, 2020 5:17:45 PM org.openqa.selenium.remote.ErrorCodes toStatus
INFO: HTTP Status: '404' -> incorrect JSON status mapping for 'no such alert' (400 expected)
Apr 21, 2020 5:17:46 PM org.openqa.selenium.remote.ErrorCodes toStatus
INFO: HTTP Status: '404' -> incorrect JSON status mapping for 'no such alert' (400 expected)
Apr 21, 2020 5:17:46 PM org.openqa.selenium.remote.ErrorCodes toStatus
INFO: HTTP Status: '404' -> incorrect JSON status mapping for 'no such alert' (400 expected)
Apr 21, 2020 5:17:46 PM org.openqa.selenium.remote.ErrorCodes toStatus
INFO: HTTP Status: '404' -> incorrect JSON status mapping for 'no such alert' (400 expected)
Apr 21, 2020 5:17:47 PM org.openqa.selenium.remote.ErrorCodes toStatus
INFO: HTTP Status: '404' -> incorrect JSON status mapping for 'no such alert' (400 expected)
Apr 21, 2020 5:17:47 PM org.openqa.selenium.remote.ErrorCodes toStatus
INFO: HTTP Status: '404' -> incorrect JSON status mapping for 'no such alert' (400 expected)
Apr 21, 2020 5:17:47 PM org.openqa.selenium.remote.ErrorCodes toStatus
INFO: HTTP Status: '404' -> incorrect JSON status mapping for 'no such alert' (400 expected)
Apr 21, 2020 5:17:48 PM org.openqa.selenium.remote.ErrorCodes toStatus
INFO: HTTP Status: '404' -> incorrect JSON status mapping for 'no such alert' (400 expected)
Apr 21, 2020 5:17:48 PM org.openqa.selenium.remote.ErrorCodes toStatus
INFO: HTTP Status: '404' -> incorrect JSON status mapping for 'no such alert' (400 expected)
Apr 21, 2020 5:17:48 PM org.openqa.selenium.remote.ErrorCodes toStatus
INFO: HTTP Status: '404' -> incorrect JSON status mapping for 'no such alert' (400 expected)
Apr 21, 2020 5:17:49 PM org.openqa.selenium.remote.ErrorCodes toStatus
INFO: HTTP Status: '404' -> incorrect JSON status mapping for 'no such alert' (400 expected)
Apr 21, 2020 5:17:49 PM org.openqa.selenium.remote.ErrorCodes toStatus
INFO: HTTP Status: '404' -> incorrect JSON status mapping for 'no such alert' (400 expected)
Apr 21, 2020 5:17:50 PM org.openqa.selenium.remote.ErrorCodes toStatus
INFO: HTTP Status: '404' -> incorrect JSON status mapping for 'no such alert' (400 expected)
Apr 21, 2020 5:17:50 PM org.openqa.selenium.remote.ErrorCodes toStatus
INFO: HTTP Status: '404' -> incorrect JSON status mapping for 'no such alert' (400 expected)
Apr 21, 2020 5:17:50 PM org.openqa.selenium.remote.ErrorCodes toStatus
INFO: HTTP Status: '404' -> incorrect JSON status mapping for 'no such alert' (400 expected)
Apr 21, 2020 5:17:50 PM org.openqa.selenium.remote.ErrorCodes toStatus
INFO: HTTP Status: '404' -> incorrect JSON status mapping for 'no such alert' (400 expected)
Apr 21, 2020 5:17:51 PM org.openqa.selenium.remote.ErrorCodes toStatus
INFO: HTTP Status: '404' -> incorrect JSON status mapping for 'no such alert' (400 expected)
Apr 21, 2020 5:17:51 PM org.openqa.selenium.remote.ErrorCodes toStatus
INFO: HTTP Status: '404' -> incorrect JSON status mapping for 'no such alert' (400 expected)
Apr 21, 2020 5:17:52 PM org.openqa.selenium.remote.ErrorCodes toStatus
INFO: HTTP Status: '404' -> incorrect JSON status mapping for 'no such alert' (400 expected)
Apr 21, 2020 5:17:52 PM org.openqa.selenium.remote.ErrorCodes toStatus
INFO: HTTP Status: '404' -> incorrect JSON status mapping for 'no such alert' (400 expected)
Apr 21, 2020 5:17:53 PM org.openqa.selenium.remote.ErrorCodes toStatus
INFO: HTTP Status: '404' -> incorrect JSON status mapping for 'no such alert' (400 expected)
Apr 21, 2020 5:17:53 PM org.openqa.selenium.remote.ErrorCodes toStatus
INFO: HTTP Status: '404' -> incorrect JSON status mapping for 'no such alert' (400 expected)
Apr 21, 2020 5:17:53 PM org.openqa.selenium.remote.ErrorCodes toStatus
INFO: HTTP Status: '404' -> incorrect JSON status mapping for 'no such alert' (400 expected)
Apr 21, 2020 5:17:54 PM org.openqa.selenium.remote.ErrorCodes toStatus
INFO: HTTP Status: '404' -> incorrect JSON status mapping for 'no such alert' (400 expected)
Apr 21, 2020 5:17:54 PM org.openqa.selenium.remote.ErrorCodes toStatus
INFO: HTTP Status: '404' -> incorrect JSON status mapping for 'no such alert' (400 expected)
Apr 21, 2020 5:17:54 PM org.openqa.selenium.remote.ErrorCodes toStatus
INFO: HTTP Status: '404' -> incorrect JSON status mapping for 'no such alert' (400 expected)
Apr 21, 2020 5:17:55 PM org.openqa.selenium.remote.ErrorCodes toStatus
INFO: HTTP Status: '404' -> incorrect JSON status mapping for 'no such alert' (400 expected)
Apr 21, 2020 5:17:55 PM org.openqa.selenium.remote.ErrorCodes toStatus
INFO: HTTP Status: '404' -> incorrect JSON status mapping for 'no such alert' (400 expected)
Apr 21, 2020 5:17:55 PM org.openqa.selenium.remote.ErrorCodes toStatus
INFO: HTTP Status: '404' -> incorrect JSON status mapping for 'no such alert' (400 expected)
Apr 21, 2020 5:17:56 PM org.openqa.selenium.remote.ErrorCodes toStatus
INFO: HTTP Status: '404' -> incorrect JSON status mapping for 'no such alert' (400 expected)
Apr 21, 2020 5:17:56 PM org.openqa.selenium.remote.ErrorCodes toStatus
INFO: HTTP Status: '404' -> incorrect JSON status mapping for 'no such alert' (400 expected)
Apr 21, 2020 5:17:56 PM org.openqa.selenium.remote.ErrorCodes toStatus
INFO: HTTP Status: '404' -> incorrect JSON status mapping for 'no such alert' (400 expected)
Apr 21, 2020 5:17:57 PM org.openqa.selenium.remote.ErrorCodes toStatus
INFO: HTTP Status: '404' -> incorrect JSON status mapping for 'no such alert' (400 expected)
Apr 21, 2020 5:17:57 PM org.openqa.selenium.remote.ErrorCodes toStatus
INFO: HTTP Status: '404' -> incorrect JSON status mapping for 'no such alert' (400 expected)
Apr 21, 2020 5:17:58 PM org.openqa.selenium.remote.ErrorCodes toStatus
INFO: HTTP Status: '404' -> incorrect JSON status mapping for 'no such alert' (400 expected)
Apr 21, 2020 5:17:58 PM org.openqa.selenium.remote.ErrorCodes toStatus
INFO: HTTP Status: '404' -> incorrect JSON status mapping for 'no such alert' (400 expected)
Apr 21, 2020 5:17:58 PM org.openqa.selenium.remote.ErrorCodes toStatus
INFO: HTTP Status: '404' -> incorrect JSON status mapping for 'no such alert' (400 expected)
Apr 21, 2020 5:17:59 PM org.openqa.selenium.remote.ErrorCodes toStatus
INFO: HTTP Status: '404' -> incorrect JSON status mapping for 'no such alert' (400 expected)
Apr 21, 2020 5:17:59 PM org.openqa.selenium.remote.ErrorCodes toStatus
INFO: HTTP Status: '404' -> incorrect JSON status mapping for 'no such alert' (400 expected)
Apr 21, 2020 5:17:59 PM org.openqa.selenium.remote.ErrorCodes toStatus
INFO: HTTP Status: '404' -> incorrect JSON status mapping for 'no such alert' (400 expected)
Apr 21, 2020 5:18:00 PM org.openqa.selenium.remote.ErrorCodes toStatus
INFO: HTTP Status: '404' -> incorrect JSON status mapping for 'no such alert' (400 expected)
Apr 21, 2020 5:18:00 PM org.openqa.selenium.remote.ErrorCodes toStatus
INFO: HTTP Status: '404' -> incorrect JSON status mapping for 'no such alert' (400 expected)
Apr 21, 2020 5:18:00 PM org.openqa.selenium.remote.ErrorCodes toStatus
INFO: HTTP Status: '404' -> incorrect JSON status mapping for 'no such alert' (400 expected)
Apr 21, 2020 5:18:01 PM org.openqa.selenium.remote.ErrorCodes toStatus
INFO: HTTP Status: '404' -> incorrect JSON status mapping for 'no such alert' (400 expected)
Apr 21, 2020 5:18:01 PM org.openqa.selenium.remote.ErrorCodes toStatus
INFO: HTTP Status: '404' -> incorrect JSON status mapping for 'no such alert' (400 expected)
Apr 21, 2020 5:18:01 PM org.openqa.selenium.remote.ErrorCodes toStatus
INFO: HTTP Status: '404' -> incorrect JSON status mapping for 'no such alert' (400 expected)
Apr 21, 2020 5:18:02 PM org.openqa.selenium.remote.ErrorCodes toStatus
INFO: HTTP Status: '404' -> incorrect JSON status mapping for 'no such alert' (400 expected)
Apr 21, 2020 5:18:02 PM org.openqa.selenium.remote.ErrorCodes toStatus
INFO: HTTP Status: '404' -> incorrect JSON status mapping for 'no such alert' (400 expected)
Apr 21, 2020 5:18:03 PM org.openqa.selenium.remote.ErrorCodes toStatus
INFO: HTTP Status: '404' -> incorrect JSON status mapping for 'no such alert' (400 expected)
Apr 21, 2020 5:18:03 PM org.openqa.selenium.remote.ErrorCodes toStatus
INFO: HTTP Status: '404' -> incorrect JSON status mapping for 'no such alert' (400 expected)
Apr 21, 2020 5:18:03 PM org.openqa.selenium.remote.ErrorCodes toStatus
INFO: HTTP Status: '404' -> incorrect JSON status mapping for 'no such alert' (400 expected)
Apr 21, 2020 5:18:04 PM org.openqa.selenium.remote.ErrorCodes toStatus
INFO: HTTP Status: '404' -> incorrect JSON status mapping for 'no such alert' (400 expected)
Apr 21, 2020 5:18:04 PM org.openqa.selenium.remote.ErrorCodes toStatus
INFO: HTTP Status: '404' -> incorrect JSON status mapping for 'no such alert' (400 expected)
Apr 21, 2020 5:18:04 PM org.openqa.selenium.remote.ErrorCodes toStatus
INFO: HTTP Status: '404' -> incorrect JSON status mapping for 'no such alert' (400 expected)
Apr 21, 2020 5:18:05 PM org.openqa.selenium.remote.ErrorCodes toStatus
INFO: HTTP Status: '404' -> incorrect JSON status mapping for 'no such alert' (400 expected)
Apr 21, 2020 5:18:05 PM org.openqa.selenium.remote.ErrorCodes toStatus
INFO: HTTP Status: '404' -> incorrect JSON status mapping for 'no such alert' (400 expected)
Apr 21, 2020 5:18:06 PM org.openqa.selenium.remote.ErrorCodes toStatus
INFO: HTTP Status: '404' -> incorrect JSON status mapping for 'no such alert' (400 expected)
Apr 21, 2020 5:18:06 PM org.openqa.selenium.remote.ErrorCodes toStatus
INFO: HTTP Status: '404' -> incorrect JSON status mapping for 'no such alert' (400 expected)
Apr 21, 2020 5:18:06 PM org.openqa.selenium.remote.ErrorCodes toStatus
INFO: HTTP Status: '404' -> incorrect JSON status mapping for 'no such alert' (400 expected)
Apr 21, 2020 5:18:06 PM org.openqa.selenium.remote.ErrorCodes toStatus
INFO: HTTP Status: '404' -> incorrect JSON status mapping for 'no such alert' (400 expected)
Apr 21, 2020 5:18:07 PM org.openqa.selenium.remote.ErrorCodes toStatus
INFO: HTTP Status: '404' -> incorrect JSON status mapping for 'no such alert' (400 expected)
Apr 21, 2020 5:18:07 PM org.openqa.selenium.remote.ErrorCodes toStatus
INFO: HTTP Status: '404' -> incorrect JSON status mapping for 'no such alert' (400 expected)
Apr 21, 2020 5:18:08 PM org.openqa.selenium.remote.ErrorCodes toStatus
INFO: HTTP Status: '404' -> incorrect JSON status mapping for 'no such alert' (400 expected)
Apr 21, 2020 5:18:08 PM org.openqa.selenium.remote.ErrorCodes toStatus
INFO: HTTP Status: '404' -> incorrect JSON status mapping for 'no such alert' (400 expected)
Apr 21, 2020 5:18:09 PM org.openqa.selenium.remote.ErrorCodes toStatus
INFO: HTTP Status: '404' -> incorrect JSON status mapping for 'no such alert' (400 expected)
Apr 21, 2020 5:18:09 PM org.openqa.selenium.remote.ErrorCodes toStatus
INFO: HTTP Status: '404' -> incorrect JSON status mapping for 'no such alert' (400 expected)
Apr 21, 2020 5:18:09 PM org.openqa.selenium.remote.ErrorCodes toStatus
INFO: HTTP Status: '404' -> incorrect JSON status mapping for 'no such alert' (400 expected)
Apr 21, 2020 5:18:09 PM org.openqa.selenium.remote.ErrorCodes toStatus
INFO: HTTP Status: '404' -> incorrect JSON status mapping for 'no such alert' (400 expected)
Apr 21, 2020 5:18:10 PM org.openqa.selenium.remote.ErrorCodes toStatus
INFO: HTTP Status: '404' -> incorrect JSON status mapping for 'no such alert' (400 expected)
Apr 21, 2020 5:18:10 PM org.openqa.selenium.remote.ErrorCodes toStatus
INFO: HTTP Status: '404' -> incorrect JSON status mapping for 'no such alert' (400 expected)
Apr 21, 2020 5:18:11 PM org.openqa.selenium.remote.ErrorCodes toStatus
INFO: HTTP Status: '404' -> incorrect JSON status mapping for 'no such alert' (400 expected)
Apr 21, 2020 5:18:11 PM org.openqa.selenium.remote.ErrorCodes toStatus
INFO: HTTP Status: '404' -> incorrect JSON status mapping for 'no such alert' (400 expected)
Apr 21, 2020 5:18:11 PM org.openqa.selenium.remote.ErrorCodes toStatus
INFO: HTTP Status: '404' -> incorrect JSON status mapping for 'no such alert' (400 expected)
Apr 21, 2020 5:18:12 PM org.openqa.selenium.remote.ErrorCodes toStatus
INFO: HTTP Status: '404' -> incorrect JSON status mapping for 'no such alert' (400 expected)
Apr 21, 2020 5:18:12 PM org.openqa.selenium.remote.ErrorCodes toStatus
INFO: HTTP Status: '404' -> incorrect JSON status mapping for 'no such alert' (400 expected)
Apr 21, 2020 5:18:12 PM org.openqa.selenium.remote.ErrorCodes toStatus
INFO: HTTP Status: '404' -> incorrect JSON status mapping for 'no such alert' (400 expected)
Apr 21, 2020 5:18:13 PM org.openqa.selenium.remote.ErrorCodes toStatus
INFO: HTTP Status: '404' -> incorrect JSON status mapping for 'no such alert' (400 expected)
Apr 21, 2020 5:18:13 PM org.openqa.selenium.remote.ErrorCodes toStatus
INFO: HTTP Status: '404' -> incorrect JSON status mapping for 'no such alert' (400 expected)
Apr 21, 2020 5:18:14 PM org.openqa.selenium.remote.ErrorCodes toStatus
INFO: HTTP Status: '404' -> incorrect JSON status mapping for 'no such alert' (400 expected)
Apr 21, 2020 5:18:14 PM org.openqa.selenium.remote.ErrorCodes toStatus
INFO: HTTP Status: '404' -> incorrect JSON status mapping for 'no such alert' (400 expected)
Apr 21, 2020 5:18:14 PM org.openqa.selenium.remote.ErrorCodes toStatus
INFO: HTTP Status: '404' -> incorrect JSON status mapping for 'no such alert' (400 expected)
Apr 21, 2020 5:18:14 PM org.openqa.selenium.remote.ErrorCodes toStatus
INFO: HTTP Status: '404' -> incorrect JSON status mapping for 'no such alert' (400 expected)
Apr 21, 2020 5:18:15 PM org.openqa.selenium.remote.ErrorCodes toStatus
INFO: HTTP Status: '404' -> incorrect JSON status mapping for 'no such alert' (400 expected)
Apr 21, 2020 5:18:15 PM org.openqa.selenium.remote.ErrorCodes toStatus
INFO: HTTP Status: '404' -> incorrect JSON status mapping for 'no such alert' (400 expected)
Apr 21, 2020 5:18:16 PM org.openqa.selenium.remote.ErrorCodes toStatus
INFO: HTTP Status: '404' -> incorrect JSON status mapping for 'no such alert' (400 expected)
Apr 21, 2020 5:18:16 PM org.openqa.selenium.remote.ErrorCodes toStatus
INFO: HTTP Status: '404' -> incorrect JSON status mapping for 'no such alert' (400 expected)
Apr 21, 2020 5:18:16 PM org.openqa.selenium.remote.ErrorCodes toStatus
INFO: HTTP Status: '404' -> incorrect JSON status mapping for 'no such alert' (400 expected)
Apr 21, 2020 5:18:17 PM org.openqa.selenium.remote.ErrorCodes toStatus
INFO: HTTP Status: '404' -> incorrect JSON status mapping for 'no such alert' (400 expected)
Apr 21, 2020 5:18:17 PM org.openqa.selenium.remote.ErrorCodes toStatus
INFO: HTTP Status: '404' -> incorrect JSON status mapping for 'no such alert' (400 expected)
Apr 21, 2020 5:18:17 PM org.openqa.selenium.remote.ErrorCodes toStatus
INFO: HTTP Status: '404' -> incorrect JSON status mapping for 'no such alert' (400 expected)
Apr 21, 2020 5:18:18 PM org.openqa.selenium.remote.ErrorCodes toStatus
INFO: HTTP Status: '404' -> incorrect JSON status mapping for 'no such alert' (400 expected)
Apr 21, 2020 5:18:18 PM org.openqa.selenium.remote.ErrorCodes toStatus
INFO: HTTP Status: '404' -> incorrect JSON status mapping for 'no such alert' (400 expected)
Apr 21, 2020 5:18:19 PM org.openqa.selenium.remote.ErrorCodes toStatus
INFO: HTTP Status: '404' -> incorrect JSON status mapping for 'no such alert' (400 expected)
Apr 21, 2020 5:18:19 PM org.openqa.selenium.remote.ErrorCodes toStatus
INFO: HTTP Status: '404' -> incorrect JSON status mapping for 'no such alert' (400 expected)
Apr 21, 2020 5:18:19 PM org.openqa.selenium.remote.ErrorCodes toStatus
INFO: HTTP Status: '404' -> incorrect JSON status mapping for 'no such alert' (400 expected)
Apr 21, 2020 5:18:19 PM org.openqa.selenium.remote.ErrorCodes toStatus
INFO: HTTP Status: '404' -> incorrect JSON status mapping for 'no such alert' (400 expected)
Apr 21, 2020 5:18:20 PM org.openqa.selenium.remote.ErrorCodes toStatus
INFO: HTTP Status: '404' -> incorrect JSON status mapping for 'no such alert' (400 expected)
Apr 21, 2020 5:18:20 PM org.openqa.selenium.remote.ErrorCodes toStatus
INFO: HTTP Status: '404' -> incorrect JSON status mapping for 'no such alert' (400 expected)
Apr 21, 2020 5:18:21 PM org.openqa.selenium.remote.ErrorCodes toStatus
INFO: HTTP Status: '404' -> incorrect JSON status mapping for 'no such alert' (400 expected)
Apr 21, 2020 5:18:21 PM org.openqa.selenium.remote.ErrorCodes toStatus
INFO: HTTP Status: '404' -> incorrect JSON status mapping for 'no such alert' (400 expected)
Apr 21, 2020 5:18:21 PM org.openqa.selenium.remote.ErrorCodes toStatus
INFO: HTTP Status: '404' -> incorrect JSON status mapping for 'no such alert' (400 expected)
Apr 21, 2020 5:18:22 PM org.openqa.selenium.remote.ErrorCodes toStatus
INFO: HTTP Status: '404' -> incorrect JSON status mapping for 'no such alert' (400 expected)
Apr 21, 2020 5:18:22 PM org.openqa.selenium.remote.ErrorCodes toStatus
INFO: HTTP Status: '404' -> incorrect JSON status mapping for 'no such alert' (400 expected)
Apr 21, 2020 5:18:22 PM org.openqa.selenium.remote.ErrorCodes toStatus
INFO: HTTP Status: '404' -> incorrect JSON status mapping for 'no such alert' (400 expected)
Apr 21, 2020 5:18:23 PM org.openqa.selenium.remote.ErrorCodes toStatus
INFO: HTTP Status: '404' -> incorrect JSON status mapping for 'no such alert' (400 expected)
Apr 21, 2020 5:18:23 PM org.openqa.selenium.remote.ErrorCodes toStatus
INFO: HTTP Status: '404' -> incorrect JSON status mapping for 'no such alert' (400 expected)
Apr 21, 2020 5:18:24 PM org.openqa.selenium.remote.ErrorCodes toStatus
INFO: HTTP Status: '404' -> incorrect JSON status mapping for 'no such alert' (400 expected)
Apr 21, 2020 5:18:24 PM org.openqa.selenium.remote.ErrorCodes toStatus
INFO: HTTP Status: '404' -> incorrect JSON status mapping for 'no such alert' (400 expected)
Apr 21, 2020 5:18:24 PM org.openqa.selenium.remote.ErrorCodes toStatus
INFO: HTTP Status: '404' -> incorrect JSON status mapping for 'no such alert' (400 expected)
Apr 21, 2020 5:18:25 PM org.openqa.selenium.remote.ErrorCodes toStatus
INFO: HTTP Status: '404' -> incorrect JSON status mapping for 'no such alert' (400 expected)
Apr 21, 2020 5:18:25 PM org.openqa.selenium.remote.ErrorCodes toStatus
INFO: HTTP Status: '404' -> incorrect JSON status mapping for 'no such alert' (400 expected)
Apr 21, 2020 5:18:25 PM org.openqa.selenium.remote.ErrorCodes toStatus
INFO: HTTP Status: '404' -> incorrect JSON status mapping for 'no such alert' (400 expected)
Apr 21, 2020 5:18:26 PM org.openqa.selenium.remote.ErrorCodes toStatus
INFO: HTTP Status: '404' -> incorrect JSON status mapping for 'no such alert' (400 expected)
Apr 21, 2020 5:18:26 PM org.openqa.selenium.remote.ErrorCodes toStatus
INFO: HTTP Status: '404' -> incorrect JSON status mapping for 'no such alert' (400 expected)
Apr 21, 2020 5:18:26 PM org.openqa.selenium.remote.ErrorCodes toStatus
INFO: HTTP Status: '404' -> incorrect JSON status mapping for 'no such alert' (400 expected)
Apr 21, 2020 5:18:27 PM org.openqa.selenium.remote.ErrorCodes toStatus
INFO: HTTP Status: '404' -> incorrect JSON status mapping for 'no such alert' (400 expected)
Apr 21, 2020 5:18:27 PM org.openqa.selenium.remote.ErrorCodes toStatus
INFO: HTTP Status: '404' -> incorrect JSON status mapping for 'no such alert' (400 expected)
Apr 21, 2020 5:18:27 PM org.openqa.selenium.remote.ErrorCodes toStatus
INFO: HTTP Status: '404' -> incorrect JSON status mapping for 'no such alert' (400 expected)
Apr 21, 2020 5:18:28 PM org.openqa.selenium.remote.ErrorCodes toStatus
INFO: HTTP Status: '404' -> incorrect JSON status mapping for 'no such alert' (400 expected)
Apr 21, 2020 5:18:28 PM org.openqa.selenium.remote.ErrorCodes toStatus
INFO: HTTP Status: '404' -> incorrect JSON status mapping for 'no such alert' (400 expected)
Apr 21, 2020 5:18:29 PM org.openqa.selenium.remote.ErrorCodes toStatus
INFO: HTTP Status: '404' -> incorrect JSON status mapping for 'no such alert' (400 expected)
Apr 21, 2020 5:18:29 PM org.openqa.selenium.remote.ErrorCodes toStatus
INFO: HTTP Status: '404' -> incorrect JSON status mapping for 'no such alert' (400 expected)
Apr 21, 2020 5:18:29 PM org.openqa.selenium.remote.ErrorCodes toStatus
INFO: HTTP Status: '404' -> incorrect JSON status mapping for 'no such alert' (400 expected)
Apr 21, 2020 5:18:29 PM org.openqa.selenium.remote.ErrorCodes toStatus
INFO: HTTP Status: '404' -> incorrect JSON status mapping for 'no such alert' (400 expected)
Apr 21, 2020 5:18:30 PM org.openqa.selenium.remote.ErrorCodes toStatus
INFO: HTTP Status: '404' -> incorrect JSON status mapping for 'no such alert' (400 expected)
Apr 21, 2020 5:18:30 PM org.openqa.selenium.remote.ErrorCodes toStatus
INFO: HTTP Status: '404' -> incorrect JSON status mapping for 'no such alert' (400 expected)
Apr 21, 2020 5:18:31 PM org.openqa.selenium.remote.ErrorCodes toStatus
INFO: HTTP Status: '404' -> incorrect JSON status mapping for 'no such alert' (400 expected)
Apr 21, 2020 5:18:31 PM org.openqa.selenium.remote.ErrorCodes toStatus
INFO: HTTP Status: '404' -> incorrect JSON status mapping for 'no such alert' (400 expected)
Apr 21, 2020 5:18:32 PM org.openqa.selenium.remote.ErrorCodes toStatus
INFO: HTTP Status: '404' -> incorrect JSON status mapping for 'no such alert' (400 expected)
Apr 21, 2020 5:18:32 PM org.openqa.selenium.remote.ErrorCodes toStatus
INFO: HTTP Status: '404' -> incorrect JSON status mapping for 'no such alert' (400 expected)
Apr 21, 2020 5:18:32 PM org.openqa.selenium.remote.ErrorCodes toStatus
INFO: HTTP Status: '404' -> incorrect JSON status mapping for 'no such alert' (400 expected)
Apr 21, 2020 5:18:33 PM org.openqa.selenium.remote.ErrorCodes toStatus
INFO: HTTP Status: '404' -> incorrect JSON status mapping for 'no such alert' (400 expected)
Apr 21, 2020 5:18:33 PM org.openqa.selenium.remote.ErrorCodes toStatus
INFO: HTTP Status: '404' -> incorrect JSON status mapping for 'no such alert' (400 expected)
Apr 21, 2020 5:18:33 PM org.openqa.selenium.remote.ErrorCodes toStatus
INFO: HTTP Status: '404' -> incorrect JSON status mapping for 'no such alert' (400 expected)
Apr 21, 2020 5:18:34 PM org.openqa.selenium.remote.ErrorCodes toStatus
INFO: HTTP Status: '404' -> incorrect JSON status mapping for 'no such alert' (400 expected)
Apr 21, 2020 5:18:34 PM org.openqa.selenium.remote.ErrorCodes toStatus
INFO: HTTP Status: '404' -> incorrect JSON status mapping for 'no such alert' (400 expected)
Apr 21, 2020 5:18:35 PM org.openqa.selenium.remote.ErrorCodes toStatus
INFO: HTTP Status: '404' -> incorrect JSON status mapping for 'no such alert' (400 expected)
Apr 21, 2020 5:18:35 PM org.openqa.selenium.remote.ErrorCodes toStatus
INFO: HTTP Status: '404' -> incorrect JSON status mapping for 'no such alert' (400 expected)
Apr 21, 2020 5:18:35 PM org.openqa.selenium.remote.ErrorCodes toStatus
INFO: HTTP Status: '404' -> incorrect JSON status mapping for 'no such alert' (400 expected)
Apr 21, 2020 5:18:36 PM org.openqa.selenium.remote.ErrorCodes toStatus
INFO: HTTP Status: '404' -> incorrect JSON status mapping for 'no such alert' (400 expected)
Apr 21, 2020 5:18:36 PM org.openqa.selenium.remote.ErrorCodes toStatus
INFO: HTTP Status: '404' -> incorrect JSON status mapping for 'no such alert' (400 expected)
Apr 21, 2020 5:18:36 PM org.openqa.selenium.remote.ErrorCodes toStatus
INFO: HTTP Status: '404' -> incorrect JSON status mapping for 'no such alert' (400 expected)
Apr 21, 2020 5:18:37 PM org.openqa.selenium.remote.ErrorCodes toStatus
INFO: HTTP Status: '404' -> incorrect JSON status mapping for 'no such alert' (400 expected)
Apr 21, 2020 5:18:37 PM org.openqa.selenium.remote.ErrorCodes toStatus
INFO: HTTP Status: '404' -> incorrect JSON status mapping for 'no such alert' (400 expected)
Apr 21, 2020 5:18:38 PM org.openqa.selenium.remote.ErrorCodes toStatus
INFO: HTTP Status: '404' -> incorrect JSON status mapping for 'no such alert' (400 expected)
Apr 21, 2020 5:18:38 PM org.openqa.selenium.remote.ErrorCodes toStatus
INFO: HTTP Status: '404' -> incorrect JSON status mapping for 'no such alert' (400 expected)
Apr 21, 2020 5:18:39 PM org.openqa.selenium.remote.ErrorCodes toStatus
INFO: HTTP Status: '404' -> incorrect JSON status mapping for 'no such alert' (400 expected)
Apr 21, 2020 5:18:39 PM org.openqa.selenium.remote.ErrorCodes toStatus
INFO: HTTP Status: '404' -> incorrect JSON status mapping for 'no such alert' (400 expected)
Apr 21, 2020 5:18:39 PM org.openqa.selenium.remote.ErrorCodes toStatus
INFO: HTTP Status: '404' -> incorrect JSON status mapping for 'no such alert' (400 expected)
Apr 21, 2020 5:18:40 PM org.openqa.selenium.remote.ErrorCodes toStatus
INFO: HTTP Status: '404' -> incorrect JSON status mapping for 'no such alert' (400 expected)
Apr 21, 2020 5:18:40 PM org.openqa.selenium.remote.ErrorCodes toStatus
INFO: HTTP Status: '404' -> incorrect JSON status mapping for 'no such alert' (400 expected)
Apr 21, 2020 5:18:40 PM org.openqa.selenium.remote.ErrorCodes toStatus
INFO: HTTP Status: '404' -> incorrect JSON status mapping for 'no such alert' (400 expected)
Apr 21, 2020 5:18:41 PM org.openqa.selenium.remote.ErrorCodes toStatus
INFO: HTTP Status: '404' -> incorrect JSON status mapping for 'no such alert' (400 expected)
Apr 21, 2020 5:18:41 PM org.openqa.selenium.remote.ErrorCodes toStatus
INFO: HTTP Status: '404' -> incorrect JSON status mapping for 'no such alert' (400 expected)
Apr 21, 2020 5:18:42 PM org.openqa.selenium.remote.ErrorCodes toStatus
INFO: HTTP Status: '404' -> incorrect JSON status mapping for 'no such alert' (400 expected)
Apr 21, 2020 5:18:42 PM org.openqa.selenium.remote.ErrorCodes toStatus
INFO: HTTP Status: '404' -> incorrect JSON status mapping for 'no such alert' (400 expected)
Apr 21, 2020 5:18:43 PM org.openqa.selenium.remote.ErrorCodes toStatus
INFO: HTTP Status: '404' -> incorrect JSON status mapping for 'no such alert' (400 expected)
Apr 21, 2020 5:18:43 PM org.openqa.selenium.remote.ErrorCodes toStatus
INFO: HTTP Status: '404' -> incorrect JSON status mapping for 'no such alert' (400 expected)
Apr 21, 2020 5:18:43 PM org.openqa.selenium.remote.ErrorCodes toStatus
INFO: HTTP Status: '404' -> incorrect JSON status mapping for 'no such alert' (400 expected)
Apr 21, 2020 5:18:43 PM org.openqa.selenium.remote.ErrorCodes toStatus
INFO: HTTP Status: '404' -> incorrect JSON status mapping for 'no such alert' (400 expected)
Apr 21, 2020 5:18:44 PM org.openqa.selenium.remote.ErrorCodes toStatus
INFO: HTTP Status: '404' -> incorrect JSON status mapping for 'no such alert' (400 expected)
Apr 21, 2020 5:18:44 PM org.openqa.selenium.remote.ErrorCodes toStatus
INFO: HTTP Status: '404' -> incorrect JSON status mapping for 'no such alert' (400 expected)
Apr 21, 2020 5:18:44 PM org.openqa.selenium.remote.ErrorCodes toStatus
INFO: HTTP Status: '404' -> incorrect JSON status mapping for 'no such alert' (400 expected)
Apr 21, 2020 5:18:45 PM org.openqa.selenium.remote.ErrorCodes toStatus
INFO: HTTP Status: '404' -> incorrect JSON status mapping for 'no such alert' (400 expected)
Apr 21, 2020 5:18:45 PM org.openqa.selenium.remote.ErrorCodes toStatus
INFO: HTTP Status: '404' -> incorrect JSON status mapping for 'no such alert' (400 expected)
Apr 21, 2020 5:18:45 PM org.openqa.selenium.remote.ErrorCodes toStatus
INFO: HTTP Status: '404' -> incorrect JSON status mapping for 'no such alert' (400 expected)
Apr 21, 2020 5:18:46 PM org.openqa.selenium.remote.ErrorCodes toStatus
INFO: HTTP Status: '404' -> incorrect JSON status mapping for 'no such alert' (400 expected)
Apr 21, 2020 5:18:46 PM org.openqa.selenium.remote.ErrorCodes toStatus
INFO: HTTP Status: '404' -> incorrect JSON status mapping for 'no such alert' (400 expected)
Apr 21, 2020 5:18:47 PM org.openqa.selenium.remote.ErrorCodes toStatus
INFO: HTTP Status: '404' -> incorrect JSON status mapping for 'no such alert' (400 expected)
Apr 21, 2020 5:18:47 PM org.openqa.selenium.remote.ErrorCodes toStatus
INFO: HTTP Status: '404' -> incorrect JSON status mapping for 'no such alert' (400 expected)
Apr 21, 2020 5:18:47 PM org.openqa.selenium.remote.ErrorCodes toStatus
INFO: HTTP Status: '404' -> incorrect JSON status mapping for 'no such alert' (400 expected)
Apr 21, 2020 5:18:48 PM org.openqa.selenium.remote.ErrorCodes toStatus
INFO: HTTP Status: '404' -> incorrect JSON status mapping for 'no such alert' (400 expected)
Apr 21, 2020 5:18:48 PM org.openqa.selenium.remote.ErrorCodes toStatus
INFO: HTTP Status: '404' -> incorrect JSON status mapping for 'no such alert' (400 expected)
Apr 21, 2020 5:18:48 PM org.openqa.selenium.remote.ErrorCodes toStatus
INFO: HTTP Status: '404' -> incorrect JSON status mapping for 'no such alert' (400 expected)
Apr 21, 2020 5:18:49 PM org.openqa.selenium.remote.ErrorCodes toStatus
INFO: HTTP Status: '404' -> incorrect JSON status mapping for 'no such alert' (400 expected)
Apr 21, 2020 5:18:49 PM org.openqa.selenium.remote.ErrorCodes toStatus
INFO: HTTP Status: '404' -> incorrect JSON status mapping for 'no such alert' (400 expected)
Apr 21, 2020 5:18:49 PM org.openqa.selenium.remote.ErrorCodes toStatus
INFO: HTTP Status: '404' -> incorrect JSON status mapping for 'no such alert' (400 expected)
Apr 21, 2020 5:18:50 PM org.openqa.selenium.remote.ErrorCodes toStatus
INFO: HTTP Status: '404' -> incorrect JSON status mapping for 'no such alert' (400 expected)
Apr 21, 2020 5:18:50 PM org.openqa.selenium.remote.ErrorCodes toStatus
INFO: HTTP Status: '404' -> incorrect JSON status mapping for 'no such alert' (400 expected)
Apr 21, 2020 5:18:50 PM org.openqa.selenium.remote.ErrorCodes toStatus
INFO: HTTP Status: '404' -> incorrect JSON status mapping for 'no such alert' (400 expected)
Apr 21, 2020 5:18:51 PM org.openqa.selenium.remote.ErrorCodes toStatus
INFO: HTTP Status: '404' -> incorrect JSON status mapping for 'no such alert' (400 expected)
Apr 21, 2020 5:18:51 PM org.openqa.selenium.remote.ErrorCodes toStatus
INFO: HTTP Status: '404' -> incorrect JSON status mapping for 'no such alert' (400 expected)
Apr 21, 2020 5:18:51 PM org.openqa.selenium.remote.ErrorCodes toStatus
INFO: HTTP Status: '404' -> incorrect JSON status mapping for 'no such alert' (400 expected)
Apr 21, 2020 5:18:52 PM org.openqa.selenium.remote.ErrorCodes toStatus
INFO: HTTP Status: '404' -> incorrect JSON status mapping for 'no such alert' (400 expected)
Apr 21, 2020 5:18:52 PM org.openqa.selenium.remote.ErrorCodes toStatus
INFO: HTTP Status: '404' -> incorrect JSON status mapping for 'no such alert' (400 expected)
Apr 21, 2020 5:18:52 PM org.openqa.selenium.remote.ErrorCodes toStatus
INFO: HTTP Status: '404' -> incorrect JSON status mapping for 'no such alert' (400 expected)
Apr 21, 2020 5:18:53 PM org.openqa.selenium.remote.ErrorCodes toStatus
INFO: HTTP Status: '404' -> incorrect JSON status mapping for 'no such alert' (400 expected)
Apr 21, 2020 5:18:53 PM org.openqa.selenium.remote.ErrorCodes toStatus
INFO: HTTP Status: '404' -> incorrect JSON status mapping for 'no such alert' (400 expected)
Apr 21, 2020 5:18:53 PM org.openqa.selenium.remote.ErrorCodes toStatus
INFO: HTTP Status: '404' -> incorrect JSON status mapping for 'no such alert' (400 expected)
Apr 21, 2020 5:18:54 PM org.openqa.selenium.remote.ErrorCodes toStatus
INFO: HTTP Status: '404' -> incorrect JSON status mapping for 'no such alert' (400 expected)
Apr 21, 2020 5:18:54 PM org.openqa.selenium.remote.ErrorCodes toStatus
INFO: HTTP Status: '404' -> incorrect JSON status mapping for 'no such alert' (400 expected)
Apr 21, 2020 5:18:54 PM org.openqa.selenium.remote.ErrorCodes toStatus
INFO: HTTP Status: '404' -> incorrect JSON status mapping for 'no such alert' (400 expected)
Apr 21, 2020 5:18:55 PM org.openqa.selenium.remote.ErrorCodes toStatus
INFO: HTTP Status: '404' -> incorrect JSON status mapping for 'no such alert' (400 expected)
Apr 21, 2020 5:18:55 PM org.openqa.selenium.remote.ErrorCodes toStatus
INFO: HTTP Status: '404' -> incorrect JSON status mapping for 'no such alert' (400 expected)
Apr 21, 2020 5:18:55 PM org.openqa.selenium.remote.ErrorCodes toStatus
INFO: HTTP Status: '404' -> incorrect JSON status mapping for 'no such alert' (400 expected)
Apr 21, 2020 5:18:55 PM org.openqa.selenium.remote.ErrorCodes toStatus
INFO: HTTP Status: '404' -> incorrect JSON status mapping for 'no such alert' (400 expected)
Apr 21, 2020 5:18:56 PM org.openqa.selenium.remote.ErrorCodes toStatus
INFO: HTTP Status: '404' -> incorrect JSON status mapping for 'no such alert' (400 expected)
Apr 21, 2020 5:18:56 PM org.openqa.selenium.remote.ErrorCodes toStatus
INFO: HTTP Status: '404' -> incorrect JSON status mapping for 'no such alert' (400 expected)
Apr 21, 2020 5:18:57 PM org.openqa.selenium.remote.ErrorCodes toStatus
INFO: HTTP Status: '404' -> incorrect JSON status mapping for 'no such alert' (400 expected)
Apr 21, 2020 5:18:57 PM org.openqa.selenium.remote.ErrorCodes toStatus
INFO: HTTP Status: '404' -> incorrect JSON status mapping for 'no such alert' (400 expected)
Apr 21, 2020 5:18:57 PM org.openqa.selenium.remote.ErrorCodes toStatus
INFO: HTTP Status: '404' -> incorrect JSON status mapping for 'no such alert' (400 expected)
Apr 21, 2020 5:18:58 PM org.openqa.selenium.remote.ErrorCodes toStatus
INFO: HTTP Status: '404' -> incorrect JSON status mapping for 'no such alert' (400 expected)
Apr 21, 2020 5:18:58 PM org.openqa.selenium.remote.ErrorCodes toStatus
INFO: HTTP Status: '404' -> incorrect JSON status mapping for 'no such alert' (400 expected)
Apr 21, 2020 5:18:58 PM org.openqa.selenium.remote.ErrorCodes toStatus
INFO: HTTP Status: '404' -> incorrect JSON status mapping for 'no such alert' (400 expected)
Apr 21, 2020 5:18:59 PM org.openqa.selenium.remote.ErrorCodes toStatus
INFO: HTTP Status: '404' -> incorrect JSON status mapping for 'no such alert' (400 expected)
Apr 21, 2020 5:18:59 PM org.openqa.selenium.remote.ErrorCodes toStatus
INFO: HTTP Status: '404' -> incorrect JSON status mapping for 'no such alert' (400 expected)
Apr 21, 2020 5:18:59 PM org.openqa.selenium.remote.ErrorCodes toStatus
INFO: HTTP Status: '404' -> incorrect JSON status mapping for 'no such alert' (400 expected)
Apr 21, 2020 5:19:00 PM org.openqa.selenium.remote.ErrorCodes toStatus
INFO: HTTP Status: '404' -> incorrect JSON status mapping for 'no such alert' (400 expected)
Apr 21, 2020 5:19:00 PM org.openqa.selenium.remote.ErrorCodes toStatus
INFO: HTTP Status: '404' -> incorrect JSON status mapping for 'no such alert' (400 expected)
Apr 21, 2020 5:19:00 PM org.openqa.selenium.remote.ErrorCodes toStatus
INFO: HTTP Status: '404' -> incorrect JSON status mapping for 'no such alert' (400 expected)
Apr 21, 2020 5:19:01 PM org.openqa.selenium.remote.ErrorCodes toStatus
INFO: HTTP Status: '404' -> incorrect JSON status mapping for 'no such alert' (400 expected)
Apr 21, 2020 5:19:01 PM org.openqa.selenium.remote.ErrorCodes toStatus
INFO: HTTP Status: '404' -> incorrect JSON status mapping for 'no such alert' (400 expected)
Apr 21, 2020 5:19:01 PM org.openqa.selenium.remote.ErrorCodes toStatus
INFO: HTTP Status: '404' -> incorrect JSON status mapping for 'no such alert' (400 expected)
Apr 21, 2020 5:19:02 PM org.openqa.selenium.remote.ErrorCodes toStatus
INFO: HTTP Status: '404' -> incorrect JSON status mapping for 'no such alert' (400 expected)
Apr 21, 2020 5:19:02 PM org.openqa.selenium.remote.ErrorCodes toStatus
INFO: HTTP Status: '404' -> incorrect JSON status mapping for 'no such alert' (400 expected)
Apr 21, 2020 5:19:02 PM org.openqa.selenium.remote.ErrorCodes toStatus
INFO: HTTP Status: '404' -> incorrect JSON status mapping for 'no such alert' (400 expected)
Apr 21, 2020 5:19:03 PM org.openqa.selenium.remote.ErrorCodes toStatus
INFO: HTTP Status: '404' -> incorrect JSON status mapping for 'no such alert' (400 expected)
Apr 21, 2020 5:19:03 PM org.openqa.selenium.remote.ErrorCodes toStatus
INFO: HTTP Status: '404' -> incorrect JSON status mapping for 'no such alert' (400 expected)
Apr 21, 2020 5:19:04 PM org.openqa.selenium.remote.ErrorCodes toStatus
INFO: HTTP Status: '404' -> incorrect JSON status mapping for 'no such alert' (400 expected)
Apr 21, 2020 5:19:04 PM org.openqa.selenium.remote.ErrorCodes toStatus
INFO: HTTP Status: '404' -> incorrect JSON status mapping for 'no such alert' (400 expected)
Apr 21, 2020 5:19:04 PM org.openqa.selenium.remote.ErrorCodes toStatus
INFO: HTTP Status: '404' -> incorrect JSON status mapping for 'no such alert' (400 expected)
Apr 21, 2020 5:19:04 PM org.openqa.selenium.remote.ErrorCodes toStatus
INFO: HTTP Status: '404' -> incorrect JSON status mapping for 'no such alert' (400 expected)
Apr 21, 2020 5:19:05 PM org.openqa.selenium.remote.ErrorCodes toStatus
INFO: HTTP Status: '404' -> incorrect JSON status mapping for 'no such alert' (400 expected)
Apr 21, 2020 5:19:05 PM org.openqa.selenium.remote.ErrorCodes toStatus
INFO: HTTP Status: '404' -> incorrect JSON status mapping for 'no such alert' (400 expected)
Apr 21, 2020 5:19:06 PM org.openqa.selenium.remote.ErrorCodes toStatus
INFO: HTTP Status: '404' -> incorrect JSON status mapping for 'no such alert' (400 expected)
Apr 21, 2020 5:19:06 PM org.openqa.selenium.remote.ErrorCodes toStatus
INFO: HTTP Status: '404' -> incorrect JSON status mapping for 'no such alert' (400 expected)
Apr 21, 2020 5:19:06 PM org.openqa.selenium.remote.ErrorCodes toStatus
INFO: HTTP Status: '404' -> incorrect JSON status mapping for 'no such alert' (400 expected)
Apr 21, 2020 5:19:06 PM org.openqa.selenium.remote.ErrorCodes toStatus
INFO: HTTP Status: '404' -> incorrect JSON status mapping for 'no such alert' (400 expected)
Apr 21, 2020 5:19:07 PM org.openqa.selenium.remote.ErrorCodes toStatus
INFO: HTTP Status: '404' -> incorrect JSON status mapping for 'no such alert' (400 expected)
Apr 21, 2020 5:19:07 PM org.openqa.selenium.remote.ErrorCodes toStatus
INFO: HTTP Status: '404' -> incorrect JSON status mapping for 'no such alert' (400 expected)
Apr 21, 2020 5:19:08 PM org.openqa.selenium.remote.ErrorCodes toStatus
INFO: HTTP Status: '404' -> incorrect JSON status mapping for 'no such alert' (400 expected)
Apr 21, 2020 5:19:08 PM org.openqa.selenium.remote.ErrorCodes toStatus
INFO: HTTP Status: '404' -> incorrect JSON status mapping for 'no such alert' (400 expected)
Apr 21, 2020 5:19:08 PM org.openqa.selenium.remote.ErrorCodes toStatus
INFO: HTTP Status: '404' -> incorrect JSON status mapping for 'no such alert' (400 expected)
Apr 21, 2020 5:19:08 PM org.openqa.selenium.remote.ErrorCodes toStatus
INFO: HTTP Status: '404' -> incorrect JSON status mapping for 'no such alert' (400 expected)
Apr 21, 2020 5:19:09 PM org.openqa.selenium.remote.ErrorCodes toStatus
INFO: HTTP Status: '404' -> incorrect JSON status mapping for 'no such alert' (400 expected)
Apr 21, 2020 5:19:09 PM org.openqa.selenium.remote.ErrorCodes toStatus
INFO: HTTP Status: '404' -> incorrect JSON status mapping for 'no such alert' (400 expected)
Apr 21, 2020 5:19:10 PM org.openqa.selenium.remote.ErrorCodes toStatus
INFO: HTTP Status: '404' -> incorrect JSON status mapping for 'no such alert' (400 expected)
Apr 21, 2020 5:19:10 PM org.openqa.selenium.remote.ErrorCodes toStatus
INFO: HTTP Status: '404' -> incorrect JSON status mapping for 'no such alert' (400 expected)
Apr 21, 2020 5:19:10 PM org.openqa.selenium.remote.ErrorCodes toStatus
INFO: HTTP Status: '404' -> incorrect JSON status mapping for 'no such alert' (400 expected)
Apr 21, 2020 5:19:10 PM org.openqa.selenium.remote.ErrorCodes toStatus
INFO: HTTP Status: '404' -> incorrect JSON status mapping for 'no such alert' (400 expected)
Apr 21, 2020 5:19:11 PM org.openqa.selenium.remote.ErrorCodes toStatus
INFO: HTTP Status: '404' -> incorrect JSON status mapping for 'no such alert' (400 expected)
Apr 21, 2020 5:19:11 PM org.openqa.selenium.remote.ErrorCodes toStatus
INFO: HTTP Status: '404' -> incorrect JSON status mapping for 'no such alert' (400 expected)
Apr 21, 2020 5:19:11 PM org.openqa.selenium.remote.ErrorCodes toStatus
INFO: HTTP Status: '404' -> incorrect JSON status mapping for 'no such alert' (400 expected)
Apr 21, 2020 5:19:12 PM org.openqa.selenium.remote.ErrorCodes toStatus
INFO: HTTP Status: '404' -> incorrect JSON status mapping for 'no such alert' (400 expected)
Apr 21, 2020 5:19:12 PM org.openqa.selenium.remote.ErrorCodes toStatus
INFO: HTTP Status: '404' -> incorrect JSON status mapping for 'no such alert' (400 expected)
Apr 21, 2020 5:19:12 PM org.openqa.selenium.remote.ErrorCodes toStatus
INFO: HTTP Status: '404' -> incorrect JSON status mapping for 'no such alert' (400 expected)
Apr 21, 2020 5:19:13 PM org.openqa.selenium.remote.ErrorCodes toStatus
INFO: HTTP Status: '404' -> incorrect JSON status mapping for 'no such alert' (400 expected)
Apr 21, 2020 5:19:13 PM org.openqa.selenium.remote.ErrorCodes toStatus
INFO: HTTP Status: '404' -> incorrect JSON status mapping for 'no such alert' (400 expected)
Apr 21, 2020 5:19:13 PM org.openqa.selenium.remote.ErrorCodes toStatus
INFO: HTTP Status: '404' -> incorrect JSON status mapping for 'no such alert' (400 expected)
Apr 21, 2020 5:19:14 PM org.openqa.selenium.remote.ErrorCodes toStatus
INFO: HTTP Status: '404' -> incorrect JSON status mapping for 'no such alert' (400 expected)
Apr 21, 2020 5:19:14 PM org.openqa.selenium.remote.ErrorCodes toStatus
INFO: HTTP Status: '404' -> incorrect JSON status mapping for 'no such alert' (400 expected)
Apr 21, 2020 5:19:14 PM org.openqa.selenium.remote.ErrorCodes toStatus
INFO: HTTP Status: '404' -> incorrect JSON status mapping for 'no such alert' (400 expected)
Apr 21, 2020 5:19:15 PM org.openqa.selenium.remote.ErrorCodes toStatus
INFO: HTTP Status: '404' -> incorrect JSON status mapping for 'no such alert' (400 expected)
Apr 21, 2020 5:19:15 PM org.openqa.selenium.remote.ErrorCodes toStatus
INFO: HTTP Status: '404' -> incorrect JSON status mapping for 'no such alert' (400 expected)
Apr 21, 2020 5:19:15 PM org.openqa.selenium.remote.ErrorCodes toStatus
INFO: HTTP Status: '404' -> incorrect JSON status mapping for 'no such alert' (400 expected)
Apr 21, 2020 5:19:16 PM org.openqa.selenium.remote.ErrorCodes toStatus
INFO: HTTP Status: '404' -> incorrect JSON status mapping for 'no such alert' (400 expected)
Apr 21, 2020 5:19:16 PM org.openqa.selenium.remote.ErrorCodes toStatus
INFO: HTTP Status: '404' -> incorrect JSON status mapping for 'no such alert' (400 expected)
Apr 21, 2020 5:19:16 PM org.openqa.selenium.remote.ErrorCodes toStatus
INFO: HTTP Status: '404' -> incorrect JSON status mapping for 'no such alert' (400 expected)
Apr 21, 2020 5:19:17 PM org.openqa.selenium.remote.ErrorCodes toStatus
INFO: HTTP Status: '404' -> incorrect JSON status mapping for 'no such alert' (400 expected)
Apr 21, 2020 5:19:17 PM org.openqa.selenium.remote.ErrorCodes toStatus
INFO: HTTP Status: '404' -> incorrect JSON status mapping for 'no such alert' (400 expected)
Apr 21, 2020 5:19:17 PM org.openqa.selenium.remote.ErrorCodes toStatus
INFO: HTTP Status: '404' -> incorrect JSON status mapping for 'no such alert' (400 expected)
Apr 21, 2020 5:19:18 PM org.openqa.selenium.remote.ErrorCodes toStatus
INFO: HTTP Status: '404' -> incorrect JSON status mapping for 'no such alert' (400 expected)
Apr 21, 2020 5:19:18 PM org.openqa.selenium.remote.ErrorCodes toStatus
INFO: HTTP Status: '404' -> incorrect JSON status mapping for 'no such alert' (400 expected)
Apr 21, 2020 5:19:18 PM org.openqa.selenium.remote.ErrorCodes toStatus
INFO: HTTP Status: '404' -> incorrect JSON status mapping for 'no such alert' (400 expected)
Apr 21, 2020 5:19:19 PM org.openqa.selenium.remote.ErrorCodes toStatus
INFO: HTTP Status: '404' -> incorrect JSON status mapping for 'no such alert' (400 expected)
Apr 21, 2020 5:19:19 PM org.openqa.selenium.remote.ErrorCodes toStatus
INFO: HTTP Status: '404' -> incorrect JSON status mapping for 'no such alert' (400 expected)
Apr 21, 2020 5:19:19 PM org.openqa.selenium.remote.ErrorCodes toStatus
INFO: HTTP Status: '404' -> incorrect JSON status mapping for 'no such alert' (400 expected)
Apr 21, 2020 5:19:19 PM org.openqa.selenium.remote.ErrorCodes toStatus
INFO: HTTP Status: '404' -> incorrect JSON status mapping for 'no such alert' (400 expected)
Apr 21, 2020 5:19:20 PM org.openqa.selenium.remote.ErrorCodes toStatus
INFO: HTTP Status: '404' -> incorrect JSON status mapping for 'no such alert' (400 expected)
Apr 21, 2020 5:19:20 PM org.openqa.selenium.remote.ErrorCodes toStatus
INFO: HTTP Status: '404' -> incorrect JSON status mapping for 'no such alert' (400 expected)
Apr 21, 2020 5:19:21 PM org.openqa.selenium.remote.ErrorCodes toStatus
INFO: HTTP Status: '404' -> incorrect JSON status mapping for 'no such alert' (400 expected)
Apr 21, 2020 5:19:21 PM org.openqa.selenium.remote.ErrorCodes toStatus
INFO: HTTP Status: '404' -> incorrect JSON status mapping for 'no such alert' (400 expected)
Apr 21, 2020 5:19:21 PM org.openqa.selenium.remote.ErrorCodes toStatus
INFO: HTTP Status: '404' -> incorrect JSON status mapping for 'no such alert' (400 expected)
Apr 21, 2020 5:19:22 PM org.openqa.selenium.remote.ErrorCodes toStatus
INFO: HTTP Status: '404' -> incorrect JSON status mapping for 'no such alert' (400 expected)
Apr 21, 2020 5:19:22 PM org.openqa.selenium.remote.ErrorCodes toStatus
INFO: HTTP Status: '404' -> incorrect JSON status mapping for 'no such alert' (400 expected)
Apr 21, 2020 5:19:22 PM org.openqa.selenium.remote.ErrorCodes toStatus
INFO: HTTP Status: '404' -> incorrect JSON status mapping for 'no such alert' (400 expected)
Apr 21, 2020 5:19:23 PM org.openqa.selenium.remote.ErrorCodes toStatus
INFO: HTTP Status: '404' -> incorrect JSON status mapping for 'no such alert' (400 expected)
Apr 21, 2020 5:19:23 PM org.openqa.selenium.remote.ErrorCodes toStatus
INFO: HTTP Status: '404' -> incorrect JSON status mapping for 'no such alert' (400 expected)
Apr 21, 2020 5:19:23 PM org.openqa.selenium.remote.ErrorCodes toStatus
INFO: HTTP Status: '404' -> incorrect JSON status mapping for 'no such alert' (400 expected)
Apr 21, 2020 5:19:23 PM org.openqa.selenium.remote.ErrorCodes toStatus
INFO: HTTP Status: '404' -> incorrect JSON status mapping for 'no such alert' (400 expected)
Apr 21, 2020 5:19:24 PM org.openqa.selenium.remote.ErrorCodes toStatus
INFO: HTTP Status: '404' -> incorrect JSON status mapping for 'no such alert' (400 expected)
Apr 21, 2020 5:19:24 PM org.openqa.selenium.remote.ErrorCodes toStatus
INFO: HTTP Status: '404' -> incorrect JSON status mapping for 'no such alert' (400 expected)
Apr 21, 2020 5:19:24 PM org.openqa.selenium.remote.ErrorCodes toStatus
INFO: HTTP Status: '404' -> incorrect JSON status mapping for 'no such alert' (400 expected)
Apr 21, 2020 5:19:25 PM org.openqa.selenium.remote.ErrorCodes toStatus
INFO: HTTP Status: '404' -> incorrect JSON status mapping for 'no such alert' (400 expected)
Apr 21, 2020 5:19:25 PM org.openqa.selenium.remote.ErrorCodes toStatus
INFO: HTTP Status: '404' -> incorrect JSON status mapping for 'no such alert' (400 expected)
Apr 21, 2020 5:19:25 PM org.openqa.selenium.remote.ErrorCodes toStatus
INFO: HTTP Status: '404' -> incorrect JSON status mapping for 'no such alert' (400 expected)
Apr 21, 2020 5:19:26 PM org.openqa.selenium.remote.ErrorCodes toStatus
INFO: HTTP Status: '404' -> incorrect JSON status mapping for 'no such alert' (400 expected)
Apr 21, 2020 5:19:26 PM org.openqa.selenium.remote.ErrorCodes toStatus
INFO: HTTP Status: '404' -> incorrect JSON status mapping for 'no such alert' (400 expected)
Apr 21, 2020 5:19:26 PM org.openqa.selenium.remote.ErrorCodes toStatus
INFO: HTTP Status: '404' -> incorrect JSON status mapping for 'no such alert' (400 expected)
Apr 21, 2020 5:19:27 PM org.openqa.selenium.remote.ErrorCodes toStatus
INFO: HTTP Status: '404' -> incorrect JSON status mapping for 'no such alert' (400 expected)
Apr 21, 2020 5:19:27 PM org.openqa.selenium.remote.ErrorCodes toStatus
INFO: HTTP Status: '404' -> incorrect JSON status mapping for 'no such alert' (400 expected)
Apr 21, 2020 5:19:27 PM org.openqa.selenium.remote.ErrorCodes toStatus
INFO: HTTP Status: '404' -> incorrect JSON status mapping for 'no such alert' (400 expected)
Apr 21, 2020 5:19:28 PM org.openqa.selenium.remote.ErrorCodes toStatus
INFO: HTTP Status: '404' -> incorrect JSON status mapping for 'no such alert' (400 expected)
Apr 21, 2020 5:19:28 PM org.openqa.selenium.remote.ErrorCodes toStatus
INFO: HTTP Status: '404' -> incorrect JSON status mapping for 'no such alert' (400 expected)
Apr 21, 2020 5:19:28 PM org.openqa.selenium.remote.ErrorCodes toStatus
INFO: HTTP Status: '404' -> incorrect JSON status mapping for 'no such alert' (400 expected)
Apr 21, 2020 5:19:29 PM org.openqa.selenium.remote.ErrorCodes toStatus
INFO: HTTP Status: '404' -> incorrect JSON status mapping for 'no such alert' (400 expected)
Apr 21, 2020 5:19:29 PM org.openqa.selenium.remote.ErrorCodes toStatus
INFO: HTTP Status: '404' -> incorrect JSON status mapping for 'no such alert' (400 expected)
Apr 21, 2020 5:19:29 PM org.openqa.selenium.remote.ErrorCodes toStatus
INFO: HTTP Status: '404' -> incorrect JSON status mapping for 'no such alert' (400 expected)
Apr 21, 2020 5:19:30 PM org.openqa.selenium.remote.ErrorCodes toStatus
INFO: HTTP Status: '404' -> incorrect JSON status mapping for 'no such alert' (400 expected)
Apr 21, 2020 5:19:30 PM org.openqa.selenium.remote.ErrorCodes toStatus
INFO: HTTP Status: '404' -> incorrect JSON status mapping for 'no such alert' (400 expected)
Apr 21, 2020 5:19:30 PM org.openqa.selenium.remote.ErrorCodes toStatus
INFO: HTTP Status: '404' -> incorrect JSON status mapping for 'no such alert' (400 expected)
Apr 21, 2020 5:19:31 PM org.openqa.selenium.remote.ErrorCodes toStatus
INFO: HTTP Status: '404' -> incorrect JSON status mapping for 'no such alert' (400 expected)
Apr 21, 2020 5:19:31 PM org.openqa.selenium.remote.ErrorCodes toStatus
INFO: HTTP Status: '404' -> incorrect JSON status mapping for 'no such alert' (400 expected)
Apr 21, 2020 5:19:31 PM org.openqa.selenium.remote.ErrorCodes toStatus
INFO: HTTP Status: '404' -> incorrect JSON status mapping for 'no such alert' (400 expected)
Apr 21, 2020 5:19:32 PM org.openqa.selenium.remote.ErrorCodes toStatus
INFO: HTTP Status: '404' -> incorrect JSON status mapping for 'no such alert' (400 expected)
Apr 21, 2020 5:19:32 PM org.openqa.selenium.remote.ErrorCodes toStatus
INFO: HTTP Status: '404' -> incorrect JSON status mapping for 'no such alert' (400 expected)
Apr 21, 2020 5:19:32 PM org.openqa.selenium.remote.ErrorCodes toStatus
INFO: HTTP Status: '404' -> incorrect JSON status mapping for 'no such alert' (400 expected)
Apr 21, 2020 5:19:32 PM org.openqa.selenium.remote.ErrorCodes toStatus
INFO: HTTP Status: '404' -> incorrect JSON status mapping for 'no such alert' (400 expected)
Apr 21, 2020 5:19:33 PM org.openqa.selenium.remote.ErrorCodes toStatus
INFO: HTTP Status: '404' -> incorrect JSON status mapping for 'no such alert' (400 expected)
Apr 21, 2020 5:19:33 PM org.openqa.selenium.remote.ErrorCodes toStatus
INFO: HTTP Status: '404' -> incorrect JSON status mapping for 'no such alert' (400 expected)
Apr 21, 2020 5:19:34 PM org.openqa.selenium.remote.ErrorCodes toStatus
INFO: HTTP Status: '404' -> incorrect JSON status mapping for 'no such alert' (400 expected)
Apr 21, 2020 5:19:34 PM org.openqa.selenium.remote.ErrorCodes toStatus
INFO: HTTP Status: '404' -> incorrect JSON status mapping for 'no such alert' (400 expected)
Apr 21, 2020 5:19:34 PM org.openqa.selenium.remote.ErrorCodes toStatus
INFO: HTTP Status: '404' -> incorrect JSON status mapping for 'no such alert' (400 expected)
Apr 21, 2020 5:19:34 PM org.openqa.selenium.remote.ErrorCodes toStatus
INFO: HTTP Status: '404' -> incorrect JSON status mapping for 'no such alert' (400 expected)
Apr 21, 2020 5:19:35 PM org.openqa.selenium.remote.ErrorCodes toStatus
INFO: HTTP Status: '404' -> incorrect JSON status mapping for 'no such alert' (400 expected)
Apr 21, 2020 5:19:35 PM org.openqa.selenium.remote.ErrorCodes toStatus
INFO: HTTP Status: '404' -> incorrect JSON status mapping for 'no such alert' (400 expected)
Apr 21, 2020 5:19:35 PM org.openqa.selenium.remote.ErrorCodes toStatus
INFO: HTTP Status: '404' -> incorrect JSON status mapping for 'no such alert' (400 expected)
Apr 21, 2020 5:19:36 PM org.openqa.selenium.remote.ErrorCodes toStatus
INFO: HTTP Status: '404' -> incorrect JSON status mapping for 'no such alert' (400 expected)
Apr 21, 2020 5:19:36 PM org.openqa.selenium.remote.ErrorCodes toStatus
INFO: HTTP Status: '404' -> incorrect JSON status mapping for 'no such alert' (400 expected)
Apr 21, 2020 5:19:36 PM org.openqa.selenium.remote.ErrorCodes toStatus
INFO: HTTP Status: '404' -> incorrect JSON status mapping for 'no such alert' (400 expected)
Apr 21, 2020 5:19:37 PM org.openqa.selenium.remote.ErrorCodes toStatus
INFO: HTTP Status: '404' -> incorrect JSON status mapping for 'no such alert' (400 expected)
Apr 21, 2020 5:19:37 PM org.openqa.selenium.remote.ErrorCodes toStatus
INFO: HTTP Status: '404' -> incorrect JSON status mapping for 'no such alert' (400 expected)
Apr 21, 2020 5:19:37 PM org.openqa.selenium.remote.ErrorCodes toStatus
INFO: HTTP Status: '404' -> incorrect JSON status mapping for 'no such alert' (400 expected)
Apr 21, 2020 5:19:38 PM org.openqa.selenium.remote.ErrorCodes toStatus
INFO: HTTP Status: '404' -> incorrect JSON status mapping for 'no such alert' (400 expected)
Apr 21, 2020 5:19:38 PM org.openqa.selenium.remote.ErrorCodes toStatus
INFO: HTTP Status: '404' -> incorrect JSON status mapping for 'no such alert' (400 expected)
Apr 21, 2020 5:19:38 PM org.openqa.selenium.remote.ErrorCodes toStatus
INFO: HTTP Status: '404' -> incorrect JSON status mapping for 'no such alert' (400 expected)
Apr 21, 2020 5:19:39 PM org.openqa.selenium.remote.ErrorCodes toStatus
INFO: HTTP Status: '404' -> incorrect JSON status mapping for 'no such alert' (400 expected)
Apr 21, 2020 5:19:39 PM org.openqa.selenium.remote.ErrorCodes toStatus
INFO: HTTP Status: '404' -> incorrect JSON status mapping for 'no such alert' (400 expected)
Apr 21, 2020 5:19:39 PM org.openqa.selenium.remote.ErrorCodes toStatus
INFO: HTTP Status: '404' -> incorrect JSON status mapping for 'no such alert' (400 expected)
Apr 21, 2020 5:19:40 PM org.openqa.selenium.remote.ErrorCodes toStatus
INFO: HTTP Status: '404' -> incorrect JSON status mapping for 'no such alert' (400 expected)
Apr 21, 2020 5:19:40 PM org.openqa.selenium.remote.ErrorCodes toStatus
INFO: HTTP Status: '404' -> incorrect JSON status mapping for 'no such alert' (400 expected)
Apr 21, 2020 5:19:40 PM org.openqa.selenium.remote.ErrorCodes toStatus
INFO: HTTP Status: '404' -> incorrect JSON status mapping for 'no such alert' (400 expected)
Apr 21, 2020 5:19:41 PM org.openqa.selenium.remote.ErrorCodes toStatus
INFO: HTTP Status: '404' -> incorrect JSON status mapping for 'no such alert' (400 expected)
Apr 21, 2020 5:19:41 PM org.openqa.selenium.remote.ErrorCodes toStatus
INFO: HTTP Status: '404' -> incorrect JSON status mapping for 'no such alert' (400 expected)
Apr 21, 2020 5:19:41 PM org.openqa.selenium.remote.ErrorCodes toStatus
INFO: HTTP Status: '404' -> incorrect JSON status mapping for 'no such alert' (400 expected)
Apr 21, 2020 5:19:41 PM org.openqa.selenium.remote.ErrorCodes toStatus
INFO: HTTP Status: '404' -> incorrect JSON status mapping for 'no such alert' (400 expected)
Apr 21, 2020 5:19:42 PM org.openqa.selenium.remote.ErrorCodes toStatus
INFO: HTTP Status: '404' -> incorrect JSON status mapping for 'no such alert' (400 expected)
Apr 21, 2020 5:19:42 PM org.openqa.selenium.remote.ErrorCodes toStatus
INFO: HTTP Status: '404' -> incorrect JSON status mapping for 'no such alert' (400 expected)
Apr 21, 2020 5:19:43 PM org.openqa.selenium.remote.ErrorCodes toStatus
INFO: HTTP Status: '404' -> incorrect JSON status mapping for 'no such alert' (400 expected)
Apr 21, 2020 5:19:43 PM org.openqa.selenium.remote.ErrorCodes toStatus
INFO: HTTP Status: '404' -> incorrect JSON status mapping for 'no such alert' (400 expected)
Apr 21, 2020 5:19:43 PM org.openqa.selenium.remote.ErrorCodes toStatus
INFO: HTTP Status: '404' -> incorrect JSON status mapping for 'no such window' (400 expected)
[Parent 146710, Gecko_IOThread] WARNING: pipe error (69): Connection reset by peer: file /build/firefox-esr-SNKf5O/firefox-esr-68.7.0esr/ipc/chromium/src/chrome/common/ipc_channel_posix.cc, line 358
[Parent 146710, Gecko_IOThread] WARNING: pipe error (90): Connection reset by peer: file /build/firefox-esr-SNKf5O/firefox-esr-68.7.0esr/ipc/chromium/src/chrome/common/ipc_channel_posix.cc, line 358
1587503983888	Marionette	INFO	Stopped listening on port 35865
]]></system-err>
  </testcase>
</testsuite>