<?xml version="1.0" encoding="UTF-8"?>
<testsuite xmlns:xsi="http://www.w3.org/2001/XMLSchema-instance" xsi:noNamespaceSchemaLocation="https://maven.apache.org/surefire/maven-surefire-plugin/xsd/surefire-test-report.xsd" name="org.owasp.webgoat.xxe.BlindSendFileAssignmentTest" time="15.795" tests="4" errors="0" skipped="0" failures="0">
  <properties/>
  <testcase name="solveOnlyParamReferenceEntityInExternalDTD" classname="org.owasp.webgoat.xxe.BlindSendFileAssignmentTest" time="1.661"/>
  <testcase name="wrongXmlShouldGiveErrorBack" classname="org.owasp.webgoat.xxe.BlindSendFileAssignmentTest" time="0.055"/>
  <testcase name="solve" classname="org.owasp.webgoat.xxe.BlindSendFileAssignmentTest" time="0.154"/>
  <testcase name="validCommentMustBeAdded" classname="org.owasp.webgoat.xxe.BlindSendFileAssignmentTest" time="0.04"/>
</testsuite>