<?xml version="1.0" encoding="UTF-8"?>
<testsuite xmlns:xsi="http://www.w3.org/2001/XMLSchema-instance" xsi:noNamespaceSchemaLocation="https://maven.apache.org/surefire/maven-surefire-plugin/xsd/surefire-test-report.xsd" name="org.owasp.webgoat.xxe.SimpleXXETest" time="0.204" tests="4" errors="0" skipped="0" failures="0">
  <properties/>
  <testcase name="postingXmlCommentWithoutXXEShouldNotSolveAssignment" classname="org.owasp.webgoat.xxe.SimpleXXETest" time="0.071"/>
  <testcase name="postingJsonCommentShouldNotSolveAssignment" classname="org.owasp.webgoat.xxe.SimpleXXETest" time="0.052"/>
  <testcase name="workingAttack" classname="org.owasp.webgoat.xxe.SimpleXXETest" time="0.036"/>
  <testcase name="postingPlainTextShouldShwoException" classname="org.owasp.webgoat.xxe.SimpleXXETest" time="0.034"/>
</testsuite>