<?xml version="1.0" encoding="UTF-8"?>
<testsuite xmlns:xsi="http://www.w3.org/2001/XMLSchema-instance" xsi:noNamespaceSchemaLocation="https://maven.apache.org/surefire/maven-surefire-plugin/xsd/surefire-test-report.xsd" name="org.owasp.webgoat.challenges.Assignment1Test" time="1.543" tests="2" errors="0" skipped="0" failures="0">
  <properties/>
  <testcase name="success" classname="org.owasp.webgoat.challenges.Assignment1Test" time="1.447"/>
  <testcase name="wrongPassword" classname="org.owasp.webgoat.challenges.Assignment1Test" time="0.021"/>
</testsuite>